[0.292s] DEBUG:colcon:Command line arguments: ['/usr/bin/colcon', 'build']
[0.293s] DEBUG:colcon:Parsed command line arguments: Namespace(log_base=None, log_level=None, verb_name='build', build_base='build', install_base='install', merge_install=False, symlink_install=False, test_result_base=None, continue_on_error=False, executor='parallel', parallel_workers=4, event_handlers=None, ignore_user_meta=False, metas=['./colcon.meta'], base_paths=['.'], packages_ignore=None, packages_ignore_regex=None, paths=None, packages_up_to=None, packages_up_to_regex=None, packages_above=None, packages_above_and_dependencies=None, packages_above_depth=None, packages_select_by_dep=None, packages_skip_by_dep=None, packages_skip_up_to=None, packages_select_build_failed=False, packages_skip_build_finished=False, packages_select_test_failures=False, packages_skip_test_passed=False, packages_select=None, packages_skip=None, packages_select_regex=None, packages_skip_regex=None, packages_start=None, packages_end=None, allow_overriding=[], cmake_args=None, cmake_target=None, cmake_target_skip_unavailable=False, cmake_clean_cache=False, cmake_clean_first=False, cmake_force_configure=False, ament_cmake_args=None, catkin_cmake_args=None, catkin_skip_building_tests=False, mixin_files=None, mixin=None, verb_parser=<colcon_mixin.mixin.mixin_argument.MixinArgumentDecorator object at 0xffffb6024fe0>, verb_extension=<colcon_core.verb.build.BuildVerb object at 0xffffb61f1550>, main=<bound method BuildVerb.main of <colcon_core.verb.build.BuildVerb object at 0xffffb61f1550>>, mixin_verb=('build',))
[0.374s] Level 1:colcon.colcon_core.package_discovery:discover_packages(colcon_meta) check parameters
[0.374s] Level 1:colcon.colcon_core.package_discovery:discover_packages(recursive) check parameters
[0.374s] Level 1:colcon.colcon_core.package_discovery:discover_packages(ignore) check parameters
[0.374s] Level 1:colcon.colcon_core.package_discovery:discover_packages(path) check parameters
[0.374s] Level 1:colcon.colcon_core.package_discovery:discover_packages(colcon_meta) discover
[0.374s] Level 1:colcon.colcon_core.package_discovery:discover_packages(recursive) discover
[0.374s] INFO:colcon.colcon_core.package_discovery:Crawling recursively for packages in '/home/groep8/rs2_ws'
[0.374s] Level 1:colcon.colcon_core.package_identification:_identify(.) by extensions ['ignore', 'ignore_ament_install']
[0.375s] Level 1:colcon.colcon_core.package_identification:_identify(.) by extension 'ignore'
[0.375s] Level 1:colcon.colcon_core.package_identification:_identify(.) by extension 'ignore_ament_install'
[0.375s] Level 1:colcon.colcon_core.package_identification:_identify(.) by extensions ['colcon_pkg']
[0.375s] Level 1:colcon.colcon_core.package_identification:_identify(.) by extension 'colcon_pkg'
[0.375s] Level 1:colcon.colcon_core.package_identification:_identify(.) by extensions ['colcon_meta']
[0.375s] Level 1:colcon.colcon_core.package_identification:_identify(.) by extension 'colcon_meta'
[0.375s] Level 1:colcon.colcon_core.package_identification:_identify(.) by extensions ['ros']
[0.375s] Level 1:colcon.colcon_core.package_identification:_identify(.) by extension 'ros'
[0.432s] Level 1:colcon.colcon_core.package_identification:_identify(.) by extensions ['cmake', 'python']
[0.432s] Level 1:colcon.colcon_core.package_identification:_identify(.) by extension 'cmake'
[0.432s] Level 1:colcon.colcon_core.package_identification:_identify(.) by extension 'python'
[0.432s] Level 1:colcon.colcon_core.package_identification:_identify(.) by extensions ['python_setup_py']
[0.433s] Level 1:colcon.colcon_core.package_identification:_identify(.) by extension 'python_setup_py'
[0.433s] Level 1:colcon.colcon_core.package_identification:_identify(build) by extensions ['ignore', 'ignore_ament_install']
[0.433s] Level 1:colcon.colcon_core.package_identification:_identify(build) by extension 'ignore'
[0.433s] Level 1:colcon.colcon_core.package_identification:_identify(build) ignored
[0.434s] Level 1:colcon.colcon_core.package_identification:_identify(install) by extensions ['ignore', 'ignore_ament_install']
[0.434s] Level 1:colcon.colcon_core.package_identification:_identify(install) by extension 'ignore'
[0.434s] Level 1:colcon.colcon_core.package_identification:_identify(install) ignored
[0.435s] Level 1:colcon.colcon_core.package_identification:_identify(log) by extensions ['ignore', 'ignore_ament_install']
[0.435s] Level 1:colcon.colcon_core.package_identification:_identify(log) by extension 'ignore'
[0.435s] Level 1:colcon.colcon_core.package_identification:_identify(log) ignored
[0.435s] Level 1:colcon.colcon_core.package_identification:_identify(src) by extensions ['ignore', 'ignore_ament_install']
[0.435s] Level 1:colcon.colcon_core.package_identification:_identify(src) by extension 'ignore'
[0.436s] Level 1:colcon.colcon_core.package_identification:_identify(src) by extension 'ignore_ament_install'
[0.436s] Level 1:colcon.colcon_core.package_identification:_identify(src) by extensions ['colcon_pkg']
[0.436s] Level 1:colcon.colcon_core.package_identification:_identify(src) by extension 'colcon_pkg'
[0.436s] Level 1:colcon.colcon_core.package_identification:_identify(src) by extensions ['colcon_meta']
[0.436s] Level 1:colcon.colcon_core.package_identification:_identify(src) by extension 'colcon_meta'
[0.436s] Level 1:colcon.colcon_core.package_identification:_identify(src) by extensions ['ros']
[0.436s] Level 1:colcon.colcon_core.package_identification:_identify(src) by extension 'ros'
[0.436s] Level 1:colcon.colcon_core.package_identification:_identify(src) by extensions ['cmake', 'python']
[0.437s] Level 1:colcon.colcon_core.package_identification:_identify(src) by extension 'cmake'
[0.437s] Level 1:colcon.colcon_core.package_identification:_identify(src) by extension 'python'
[0.437s] Level 1:colcon.colcon_core.package_identification:_identify(src) by extensions ['python_setup_py']
[0.437s] Level 1:colcon.colcon_core.package_identification:_identify(src) by extension 'python_setup_py'
[0.437s] Level 1:colcon.colcon_core.package_identification:_identify(src/aardbeien_detectie) by extensions ['ignore', 'ignore_ament_install']
[0.437s] Level 1:colcon.colcon_core.package_identification:_identify(src/aardbeien_detectie) by extension 'ignore'
[0.437s] Level 1:colcon.colcon_core.package_identification:_identify(src/aardbeien_detectie) by extension 'ignore_ament_install'
[0.438s] Level 1:colcon.colcon_core.package_identification:_identify(src/aardbeien_detectie) by extensions ['colcon_pkg']
[0.438s] Level 1:colcon.colcon_core.package_identification:_identify(src/aardbeien_detectie) by extension 'colcon_pkg'
[0.438s] Level 1:colcon.colcon_core.package_identification:_identify(src/aardbeien_detectie) by extensions ['colcon_meta']
[0.438s] Level 1:colcon.colcon_core.package_identification:_identify(src/aardbeien_detectie) by extension 'colcon_meta'
[0.438s] Level 1:colcon.colcon_core.package_identification:_identify(src/aardbeien_detectie) by extensions ['ros']
[0.438s] Level 1:colcon.colcon_core.package_identification:_identify(src/aardbeien_detectie) by extension 'ros'
[0.445s] DEBUG:colcon.colcon_core.package_identification:Package 'src/aardbeien_detectie' with type 'ros.ament_python' and name 'aardbeien_detectie'
[0.446s] Level 1:colcon.colcon_core.package_identification:_identify(src/build) by extensions ['ignore', 'ignore_ament_install']
[0.446s] Level 1:colcon.colcon_core.package_identification:_identify(src/build) by extension 'ignore'
[0.446s] Level 1:colcon.colcon_core.package_identification:_identify(src/build) ignored
[0.447s] Level 1:colcon.colcon_core.package_identification:_identify(src/hogpie_arm_description) by extensions ['ignore', 'ignore_ament_install']
[0.447s] Level 1:colcon.colcon_core.package_identification:_identify(src/hogpie_arm_description) by extension 'ignore'
[0.447s] Level 1:colcon.colcon_core.package_identification:_identify(src/hogpie_arm_description) by extension 'ignore_ament_install'
[0.447s] Level 1:colcon.colcon_core.package_identification:_identify(src/hogpie_arm_description) by extensions ['colcon_pkg']
[0.448s] Level 1:colcon.colcon_core.package_identification:_identify(src/hogpie_arm_description) by extension 'colcon_pkg'
[0.448s] Level 1:colcon.colcon_core.package_identification:_identify(src/hogpie_arm_description) by extensions ['colcon_meta']
[0.448s] Level 1:colcon.colcon_core.package_identification:_identify(src/hogpie_arm_description) by extension 'colcon_meta'
[0.448s] Level 1:colcon.colcon_core.package_identification:_identify(src/hogpie_arm_description) by extensions ['ros']
[0.448s] Level 1:colcon.colcon_core.package_identification:_identify(src/hogpie_arm_description) by extension 'ros'
[0.451s] DEBUG:colcon.colcon_core.package_identification:Package 'src/hogpie_arm_description' with type 'ros.ament_python' and name 'hogpie_arm_description'
[0.451s] Level 1:colcon.colcon_core.package_identification:_identify(src/hogpie_arm_driver) by extensions ['ignore', 'ignore_ament_install']
[0.451s] Level 1:colcon.colcon_core.package_identification:_identify(src/hogpie_arm_driver) by extension 'ignore'
[0.451s] Level 1:colcon.colcon_core.package_identification:_identify(src/hogpie_arm_driver) by extension 'ignore_ament_install'
[0.452s] Level 1:colcon.colcon_core.package_identification:_identify(src/hogpie_arm_driver) by extensions ['colcon_pkg']
[0.452s] Level 1:colcon.colcon_core.package_identification:_identify(src/hogpie_arm_driver) by extension 'colcon_pkg'
[0.452s] Level 1:colcon.colcon_core.package_identification:_identify(src/hogpie_arm_driver) by extensions ['colcon_meta']
[0.452s] Level 1:colcon.colcon_core.package_identification:_identify(src/hogpie_arm_driver) by extension 'colcon_meta'
[0.452s] Level 1:colcon.colcon_core.package_identification:_identify(src/hogpie_arm_driver) by extensions ['ros']
[0.452s] Level 1:colcon.colcon_core.package_identification:_identify(src/hogpie_arm_driver) by extension 'ros'
[0.455s] DEBUG:colcon.colcon_core.package_identification:Package 'src/hogpie_arm_driver' with type 'ros.ament_python' and name 'hogpie_arm_driver'
[0.455s] Level 1:colcon.colcon_core.package_identification:_identify(src/hogpie_arm_moveit_config) by extensions ['ignore', 'ignore_ament_install']
[0.455s] Level 1:colcon.colcon_core.package_identification:_identify(src/hogpie_arm_moveit_config) by extension 'ignore'
[0.455s] Level 1:colcon.colcon_core.package_identification:_identify(src/hogpie_arm_moveit_config) by extension 'ignore_ament_install'
[0.455s] Level 1:colcon.colcon_core.package_identification:_identify(src/hogpie_arm_moveit_config) by extensions ['colcon_pkg']
[0.455s] Level 1:colcon.colcon_core.package_identification:_identify(src/hogpie_arm_moveit_config) by extension 'colcon_pkg'
[0.456s] Level 1:colcon.colcon_core.package_identification:_identify(src/hogpie_arm_moveit_config) by extensions ['colcon_meta']
[0.456s] Level 1:colcon.colcon_core.package_identification:_identify(src/hogpie_arm_moveit_config) by extension 'colcon_meta'
[0.456s] Level 1:colcon.colcon_core.package_identification:_identify(src/hogpie_arm_moveit_config) by extensions ['ros']
[0.456s] Level 1:colcon.colcon_core.package_identification:_identify(src/hogpie_arm_moveit_config) by extension 'ros'
[0.458s] DEBUG:colcon.colcon_core.package_identification:Package 'src/hogpie_arm_moveit_config' with type 'ros.ament_cmake' and name 'hogpie_arm_moveit_config'
[0.459s] Level 1:colcon.colcon_core.package_identification:_identify(src/hogpie_controller_sensors) by extensions ['ignore', 'ignore_ament_install']
[0.459s] Level 1:colcon.colcon_core.package_identification:_identify(src/hogpie_controller_sensors) by extension 'ignore'
[0.459s] Level 1:colcon.colcon_core.package_identification:_identify(src/hogpie_controller_sensors) by extension 'ignore_ament_install'
[0.459s] Level 1:colcon.colcon_core.package_identification:_identify(src/hogpie_controller_sensors) by extensions ['colcon_pkg']
[0.459s] Level 1:colcon.colcon_core.package_identification:_identify(src/hogpie_controller_sensors) by extension 'colcon_pkg'
[0.459s] Level 1:colcon.colcon_core.package_identification:_identify(src/hogpie_controller_sensors) by extensions ['colcon_meta']
[0.460s] Level 1:colcon.colcon_core.package_identification:_identify(src/hogpie_controller_sensors) by extension 'colcon_meta'
[0.460s] Level 1:colcon.colcon_core.package_identification:_identify(src/hogpie_controller_sensors) by extensions ['ros']
[0.460s] Level 1:colcon.colcon_core.package_identification:_identify(src/hogpie_controller_sensors) by extension 'ros'
[0.461s] DEBUG:colcon.colcon_core.package_identification:Package 'src/hogpie_controller_sensors' with type 'ros.ament_python' and name 'hogpie_controller_sensors'
[0.462s] Level 1:colcon.colcon_core.package_identification:_identify(src/hogpie_servo_control) by extensions ['ignore', 'ignore_ament_install']
[0.462s] Level 1:colcon.colcon_core.package_identification:_identify(src/hogpie_servo_control) by extension 'ignore'
[0.462s] Level 1:colcon.colcon_core.package_identification:_identify(src/hogpie_servo_control) by extension 'ignore_ament_install'
[0.462s] Level 1:colcon.colcon_core.package_identification:_identify(src/hogpie_servo_control) by extensions ['colcon_pkg']
[0.462s] Level 1:colcon.colcon_core.package_identification:_identify(src/hogpie_servo_control) by extension 'colcon_pkg'
[0.463s] Level 1:colcon.colcon_core.package_identification:_identify(src/hogpie_servo_control) by extensions ['colcon_meta']
[0.463s] Level 1:colcon.colcon_core.package_identification:_identify(src/hogpie_servo_control) by extension 'colcon_meta'
[0.463s] Level 1:colcon.colcon_core.package_identification:_identify(src/hogpie_servo_control) by extensions ['ros']
[0.463s] Level 1:colcon.colcon_core.package_identification:_identify(src/hogpie_servo_control) by extension 'ros'
[0.464s] DEBUG:colcon.colcon_core.package_identification:Package 'src/hogpie_servo_control' with type 'ros.ament_python' and name 'hogpie_servo_control'
[0.464s] Level 1:colcon.colcon_core.package_identification:_identify(src/install) by extensions ['ignore', 'ignore_ament_install']
[0.465s] Level 1:colcon.colcon_core.package_identification:_identify(src/install) by extension 'ignore'
[0.465s] Level 1:colcon.colcon_core.package_identification:_identify(src/install) ignored
[0.465s] Level 1:colcon.colcon_core.package_identification:_identify(src/log) by extensions ['ignore', 'ignore_ament_install']
[0.465s] Level 1:colcon.colcon_core.package_identification:_identify(src/log) by extension 'ignore'
[0.465s] Level 1:colcon.colcon_core.package_identification:_identify(src/log) ignored
[0.465s] Level 1:colcon.colcon_core.package_identification:_identify(src/my_robot_description) by extensions ['ignore', 'ignore_ament_install']
[0.466s] Level 1:colcon.colcon_core.package_identification:_identify(src/my_robot_description) by extension 'ignore'
[0.466s] Level 1:colcon.colcon_core.package_identification:_identify(src/my_robot_description) by extension 'ignore_ament_install'
[0.466s] Level 1:colcon.colcon_core.package_identification:_identify(src/my_robot_description) by extensions ['colcon_pkg']
[0.466s] Level 1:colcon.colcon_core.package_identification:_identify(src/my_robot_description) by extension 'colcon_pkg'
[0.466s] Level 1:colcon.colcon_core.package_identification:_identify(src/my_robot_description) by extensions ['colcon_meta']
[0.466s] Level 1:colcon.colcon_core.package_identification:_identify(src/my_robot_description) by extension 'colcon_meta'
[0.466s] Level 1:colcon.colcon_core.package_identification:_identify(src/my_robot_description) by extensions ['ros']
[0.466s] Level 1:colcon.colcon_core.package_identification:_identify(src/my_robot_description) by extension 'ros'
[0.468s] DEBUG:colcon.colcon_core.package_identification:Package 'src/my_robot_description' with type 'ros.ament_cmake' and name 'my_robot_description'
[0.468s] Level 1:colcon.colcon_core.package_identification:_identify(src/planar_arm_moveit_config) by extensions ['ignore', 'ignore_ament_install']
[0.468s] Level 1:colcon.colcon_core.package_identification:_identify(src/planar_arm_moveit_config) by extension 'ignore'
[0.468s] Level 1:colcon.colcon_core.package_identification:_identify(src/planar_arm_moveit_config) by extension 'ignore_ament_install'
[0.468s] Level 1:colcon.colcon_core.package_identification:_identify(src/planar_arm_moveit_config) by extensions ['colcon_pkg']
[0.468s] Level 1:colcon.colcon_core.package_identification:_identify(src/planar_arm_moveit_config) by extension 'colcon_pkg'
[0.469s] Level 1:colcon.colcon_core.package_identification:_identify(src/planar_arm_moveit_config) by extensions ['colcon_meta']
[0.469s] Level 1:colcon.colcon_core.package_identification:_identify(src/planar_arm_moveit_config) by extension 'colcon_meta'
[0.469s] Level 1:colcon.colcon_core.package_identification:_identify(src/planar_arm_moveit_config) by extensions ['ros']
[0.469s] Level 1:colcon.colcon_core.package_identification:_identify(src/planar_arm_moveit_config) by extension 'ros'
[0.471s] DEBUG:colcon.colcon_core.package_identification:Package 'src/planar_arm_moveit_config' with type 'ros.ament_cmake' and name 'planar_arm_moveit_config'
[0.471s] Level 1:colcon.colcon_core.package_discovery:discover_packages(recursive) using defaults
[0.472s] Level 1:colcon.colcon_core.package_discovery:discover_packages(ignore) discover
[0.472s] Level 1:colcon.colcon_core.package_discovery:discover_packages(ignore) using defaults
[0.472s] Level 1:colcon.colcon_core.package_discovery:discover_packages(path) discover
[0.472s] Level 1:colcon.colcon_core.package_discovery:discover_packages(path) using defaults
[0.528s] Level 1:colcon.colcon_core.package_discovery:discover_packages(prefix_path) check parameters
[0.528s] Level 1:colcon.colcon_core.package_discovery:discover_packages(prefix_path) discover
[0.531s] DEBUG:colcon.colcon_installed_package_information.package_discovery:Found 9 installed packages in /home/groep8/rs2_ws/install
[0.532s] DEBUG:colcon.colcon_installed_package_information.package_discovery:Found 3 installed packages in /home/groep8/dxl_ws/install
[0.534s] DEBUG:colcon.colcon_installed_package_information.package_discovery:Found 388 installed packages in /opt/ros/jazzy
[0.537s] Level 1:colcon.colcon_core.package_discovery:discover_packages(prefix_path) using defaults
[0.622s] Level 5:colcon.colcon_core.verb:set package 'aardbeien_detectie' build argument 'cmake_args' from command line to 'None'
[0.622s] Level 5:colcon.colcon_core.verb:set package 'aardbeien_detectie' build argument 'cmake_target' from command line to 'None'
[0.622s] Level 5:colcon.colcon_core.verb:set package 'aardbeien_detectie' build argument 'cmake_target_skip_unavailable' from command line to 'False'
[0.622s] Level 5:colcon.colcon_core.verb:set package 'aardbeien_detectie' build argument 'cmake_clean_cache' from command line to 'False'
[0.622s] Level 5:colcon.colcon_core.verb:set package 'aardbeien_detectie' build argument 'cmake_clean_first' from command line to 'False'
[0.622s] Level 5:colcon.colcon_core.verb:set package 'aardbeien_detectie' build argument 'cmake_force_configure' from command line to 'False'
[0.623s] Level 5:colcon.colcon_core.verb:set package 'aardbeien_detectie' build argument 'ament_cmake_args' from command line to 'None'
[0.623s] Level 5:colcon.colcon_core.verb:set package 'aardbeien_detectie' build argument 'catkin_cmake_args' from command line to 'None'
[0.623s] Level 5:colcon.colcon_core.verb:set package 'aardbeien_detectie' build argument 'catkin_skip_building_tests' from command line to 'False'
[0.623s] DEBUG:colcon.colcon_core.verb:Building package 'aardbeien_detectie' with the following arguments: {'ament_cmake_args': None, 'build_base': '/home/groep8/rs2_ws/build/aardbeien_detectie', 'catkin_cmake_args': None, 'catkin_skip_building_tests': False, 'cmake_args': None, 'cmake_clean_cache': False, 'cmake_clean_first': False, 'cmake_force_configure': False, 'cmake_target': None, 'cmake_target_skip_unavailable': False, 'install_base': '/home/groep8/rs2_ws/install/aardbeien_detectie', 'merge_install': False, 'path': '/home/groep8/rs2_ws/src/aardbeien_detectie', 'symlink_install': False, 'test_result_base': None}
[0.624s] Level 5:colcon.colcon_core.verb:set package 'hogpie_arm_description' build argument 'cmake_args' from command line to 'None'
[0.624s] Level 5:colcon.colcon_core.verb:set package 'hogpie_arm_description' build argument 'cmake_target' from command line to 'None'
[0.624s] Level 5:colcon.colcon_core.verb:set package 'hogpie_arm_description' build argument 'cmake_target_skip_unavailable' from command line to 'False'
[0.624s] Level 5:colcon.colcon_core.verb:set package 'hogpie_arm_description' build argument 'cmake_clean_cache' from command line to 'False'
[0.624s] Level 5:colcon.colcon_core.verb:set package 'hogpie_arm_description' build argument 'cmake_clean_first' from command line to 'False'
[0.624s] Level 5:colcon.colcon_core.verb:set package 'hogpie_arm_description' build argument 'cmake_force_configure' from command line to 'False'
[0.624s] Level 5:colcon.colcon_core.verb:set package 'hogpie_arm_description' build argument 'ament_cmake_args' from command line to 'None'
[0.624s] Level 5:colcon.colcon_core.verb:set package 'hogpie_arm_description' build argument 'catkin_cmake_args' from command line to 'None'
[0.624s] Level 5:colcon.colcon_core.verb:set package 'hogpie_arm_description' build argument 'catkin_skip_building_tests' from command line to 'False'
[0.624s] DEBUG:colcon.colcon_core.verb:Building package 'hogpie_arm_description' with the following arguments: {'ament_cmake_args': None, 'build_base': '/home/groep8/rs2_ws/build/hogpie_arm_description', 'catkin_cmake_args': None, 'catkin_skip_building_tests': False, 'cmake_args': None, 'cmake_clean_cache': False, 'cmake_clean_first': False, 'cmake_force_configure': False, 'cmake_target': None, 'cmake_target_skip_unavailable': False, 'install_base': '/home/groep8/rs2_ws/install/hogpie_arm_description', 'merge_install': False, 'path': '/home/groep8/rs2_ws/src/hogpie_arm_description', 'symlink_install': False, 'test_result_base': None}
[0.625s] Level 5:colcon.colcon_core.verb:set package 'hogpie_arm_driver' build argument 'cmake_args' from command line to 'None'
[0.625s] Level 5:colcon.colcon_core.verb:set package 'hogpie_arm_driver' build argument 'cmake_target' from command line to 'None'
[0.625s] Level 5:colcon.colcon_core.verb:set package 'hogpie_arm_driver' build argument 'cmake_target_skip_unavailable' from command line to 'False'
[0.625s] Level 5:colcon.colcon_core.verb:set package 'hogpie_arm_driver' build argument 'cmake_clean_cache' from command line to 'False'
[0.625s] Level 5:colcon.colcon_core.verb:set package 'hogpie_arm_driver' build argument 'cmake_clean_first' from command line to 'False'
[0.625s] Level 5:colcon.colcon_core.verb:set package 'hogpie_arm_driver' build argument 'cmake_force_configure' from command line to 'False'
[0.626s] Level 5:colcon.colcon_core.verb:set package 'hogpie_arm_driver' build argument 'ament_cmake_args' from command line to 'None'
[0.626s] Level 5:colcon.colcon_core.verb:set package 'hogpie_arm_driver' build argument 'catkin_cmake_args' from command line to 'None'
[0.626s] Level 5:colcon.colcon_core.verb:set package 'hogpie_arm_driver' build argument 'catkin_skip_building_tests' from command line to 'False'
[0.626s] DEBUG:colcon.colcon_core.verb:Building package 'hogpie_arm_driver' with the following arguments: {'ament_cmake_args': None, 'build_base': '/home/groep8/rs2_ws/build/hogpie_arm_driver', 'catkin_cmake_args': None, 'catkin_skip_building_tests': False, 'cmake_args': None, 'cmake_clean_cache': False, 'cmake_clean_first': False, 'cmake_force_configure': False, 'cmake_target': None, 'cmake_target_skip_unavailable': False, 'install_base': '/home/groep8/rs2_ws/install/hogpie_arm_driver', 'merge_install': False, 'path': '/home/groep8/rs2_ws/src/hogpie_arm_driver', 'symlink_install': False, 'test_result_base': None}
[0.626s] Level 5:colcon.colcon_core.verb:set package 'hogpie_controller_sensors' build argument 'cmake_args' from command line to 'None'
[0.627s] Level 5:colcon.colcon_core.verb:set package 'hogpie_controller_sensors' build argument 'cmake_target' from command line to 'None'
[0.627s] Level 5:colcon.colcon_core.verb:set package 'hogpie_controller_sensors' build argument 'cmake_target_skip_unavailable' from command line to 'False'
[0.627s] Level 5:colcon.colcon_core.verb:set package 'hogpie_controller_sensors' build argument 'cmake_clean_cache' from command line to 'False'
[0.627s] Level 5:colcon.colcon_core.verb:set package 'hogpie_controller_sensors' build argument 'cmake_clean_first' from command line to 'False'
[0.627s] Level 5:colcon.colcon_core.verb:set package 'hogpie_controller_sensors' build argument 'cmake_force_configure' from command line to 'False'
[0.627s] Level 5:colcon.colcon_core.verb:set package 'hogpie_controller_sensors' build argument 'ament_cmake_args' from command line to 'None'
[0.627s] Level 5:colcon.colcon_core.verb:set package 'hogpie_controller_sensors' build argument 'catkin_cmake_args' from command line to 'None'
[0.627s] Level 5:colcon.colcon_core.verb:set package 'hogpie_controller_sensors' build argument 'catkin_skip_building_tests' from command line to 'False'
[0.627s] DEBUG:colcon.colcon_core.verb:Building package 'hogpie_controller_sensors' with the following arguments: {'ament_cmake_args': None, 'build_base': '/home/groep8/rs2_ws/build/hogpie_controller_sensors', 'catkin_cmake_args': None, 'catkin_skip_building_tests': False, 'cmake_args': None, 'cmake_clean_cache': False, 'cmake_clean_first': False, 'cmake_force_configure': False, 'cmake_target': None, 'cmake_target_skip_unavailable': False, 'install_base': '/home/groep8/rs2_ws/install/hogpie_controller_sensors', 'merge_install': False, 'path': '/home/groep8/rs2_ws/src/hogpie_controller_sensors', 'symlink_install': False, 'test_result_base': None}
[0.628s] Level 5:colcon.colcon_core.verb:set package 'hogpie_servo_control' build argument 'cmake_args' from command line to 'None'
[0.628s] Level 5:colcon.colcon_core.verb:set package 'hogpie_servo_control' build argument 'cmake_target' from command line to 'None'
[0.628s] Level 5:colcon.colcon_core.verb:set package 'hogpie_servo_control' build argument 'cmake_target_skip_unavailable' from command line to 'False'
[0.628s] Level 5:colcon.colcon_core.verb:set package 'hogpie_servo_control' build argument 'cmake_clean_cache' from command line to 'False'
[0.628s] Level 5:colcon.colcon_core.verb:set package 'hogpie_servo_control' build argument 'cmake_clean_first' from command line to 'False'
[0.628s] Level 5:colcon.colcon_core.verb:set package 'hogpie_servo_control' build argument 'cmake_force_configure' from command line to 'False'
[0.628s] Level 5:colcon.colcon_core.verb:set package 'hogpie_servo_control' build argument 'ament_cmake_args' from command line to 'None'
[0.628s] Level 5:colcon.colcon_core.verb:set package 'hogpie_servo_control' build argument 'catkin_cmake_args' from command line to 'None'
[0.628s] Level 5:colcon.colcon_core.verb:set package 'hogpie_servo_control' build argument 'catkin_skip_building_tests' from command line to 'False'
[0.628s] DEBUG:colcon.colcon_core.verb:Building package 'hogpie_servo_control' with the following arguments: {'ament_cmake_args': None, 'build_base': '/home/groep8/rs2_ws/build/hogpie_servo_control', 'catkin_cmake_args': None, 'catkin_skip_building_tests': False, 'cmake_args': None, 'cmake_clean_cache': False, 'cmake_clean_first': False, 'cmake_force_configure': False, 'cmake_target': None, 'cmake_target_skip_unavailable': False, 'install_base': '/home/groep8/rs2_ws/install/hogpie_servo_control', 'merge_install': False, 'path': '/home/groep8/rs2_ws/src/hogpie_servo_control', 'symlink_install': False, 'test_result_base': None}
[0.629s] Level 5:colcon.colcon_core.verb:set package 'my_robot_description' build argument 'cmake_args' from command line to 'None'
[0.629s] Level 5:colcon.colcon_core.verb:set package 'my_robot_description' build argument 'cmake_target' from command line to 'None'
[0.629s] Level 5:colcon.colcon_core.verb:set package 'my_robot_description' build argument 'cmake_target_skip_unavailable' from command line to 'False'
[0.629s] Level 5:colcon.colcon_core.verb:set package 'my_robot_description' build argument 'cmake_clean_cache' from command line to 'False'
[0.629s] Level 5:colcon.colcon_core.verb:set package 'my_robot_description' build argument 'cmake_clean_first' from command line to 'False'
[0.629s] Level 5:colcon.colcon_core.verb:set package 'my_robot_description' build argument 'cmake_force_configure' from command line to 'False'
[0.629s] Level 5:colcon.colcon_core.verb:set package 'my_robot_description' build argument 'ament_cmake_args' from command line to 'None'
[0.630s] Level 5:colcon.colcon_core.verb:set package 'my_robot_description' build argument 'catkin_cmake_args' from command line to 'None'
[0.630s] Level 5:colcon.colcon_core.verb:set package 'my_robot_description' build argument 'catkin_skip_building_tests' from command line to 'False'
[0.630s] DEBUG:colcon.colcon_core.verb:Building package 'my_robot_description' with the following arguments: {'ament_cmake_args': None, 'build_base': '/home/groep8/rs2_ws/build/my_robot_description', 'catkin_cmake_args': None, 'catkin_skip_building_tests': False, 'cmake_args': None, 'cmake_clean_cache': False, 'cmake_clean_first': False, 'cmake_force_configure': False, 'cmake_target': None, 'cmake_target_skip_unavailable': False, 'install_base': '/home/groep8/rs2_ws/install/my_robot_description', 'merge_install': False, 'path': '/home/groep8/rs2_ws/src/my_robot_description', 'symlink_install': False, 'test_result_base': None}
[0.630s] Level 5:colcon.colcon_core.verb:set package 'hogpie_arm_moveit_config' build argument 'cmake_args' from command line to 'None'
[0.630s] Level 5:colcon.colcon_core.verb:set package 'hogpie_arm_moveit_config' build argument 'cmake_target' from command line to 'None'
[0.631s] Level 5:colcon.colcon_core.verb:set package 'hogpie_arm_moveit_config' build argument 'cmake_target_skip_unavailable' from command line to 'False'
[0.631s] Level 5:colcon.colcon_core.verb:set package 'hogpie_arm_moveit_config' build argument 'cmake_clean_cache' from command line to 'False'
[0.631s] Level 5:colcon.colcon_core.verb:set package 'hogpie_arm_moveit_config' build argument 'cmake_clean_first' from command line to 'False'
[0.631s] Level 5:colcon.colcon_core.verb:set package 'hogpie_arm_moveit_config' build argument 'cmake_force_configure' from command line to 'False'
[0.631s] Level 5:colcon.colcon_core.verb:set package 'hogpie_arm_moveit_config' build argument 'ament_cmake_args' from command line to 'None'
[0.631s] Level 5:colcon.colcon_core.verb:set package 'hogpie_arm_moveit_config' build argument 'catkin_cmake_args' from command line to 'None'
[0.631s] Level 5:colcon.colcon_core.verb:set package 'hogpie_arm_moveit_config' build argument 'catkin_skip_building_tests' from command line to 'False'
[0.631s] DEBUG:colcon.colcon_core.verb:Building package 'hogpie_arm_moveit_config' with the following arguments: {'ament_cmake_args': None, 'build_base': '/home/groep8/rs2_ws/build/hogpie_arm_moveit_config', 'catkin_cmake_args': None, 'catkin_skip_building_tests': False, 'cmake_args': None, 'cmake_clean_cache': False, 'cmake_clean_first': False, 'cmake_force_configure': False, 'cmake_target': None, 'cmake_target_skip_unavailable': False, 'install_base': '/home/groep8/rs2_ws/install/hogpie_arm_moveit_config', 'merge_install': False, 'path': '/home/groep8/rs2_ws/src/hogpie_arm_moveit_config', 'symlink_install': False, 'test_result_base': None}
[0.632s] Level 5:colcon.colcon_core.verb:set package 'planar_arm_moveit_config' build argument 'cmake_args' from command line to 'None'
[0.632s] Level 5:colcon.colcon_core.verb:set package 'planar_arm_moveit_config' build argument 'cmake_target' from command line to 'None'
[0.632s] Level 5:colcon.colcon_core.verb:set package 'planar_arm_moveit_config' build argument 'cmake_target_skip_unavailable' from command line to 'False'
[0.632s] Level 5:colcon.colcon_core.verb:set package 'planar_arm_moveit_config' build argument 'cmake_clean_cache' from command line to 'False'
[0.632s] Level 5:colcon.colcon_core.verb:set package 'planar_arm_moveit_config' build argument 'cmake_clean_first' from command line to 'False'
[0.632s] Level 5:colcon.colcon_core.verb:set package 'planar_arm_moveit_config' build argument 'cmake_force_configure' from command line to 'False'
[0.632s] Level 5:colcon.colcon_core.verb:set package 'planar_arm_moveit_config' build argument 'ament_cmake_args' from command line to 'None'
[0.632s] Level 5:colcon.colcon_core.verb:set package 'planar_arm_moveit_config' build argument 'catkin_cmake_args' from command line to 'None'
[0.632s] Level 5:colcon.colcon_core.verb:set package 'planar_arm_moveit_config' build argument 'catkin_skip_building_tests' from command line to 'False'
[0.632s] DEBUG:colcon.colcon_core.verb:Building package 'planar_arm_moveit_config' with the following arguments: {'ament_cmake_args': None, 'build_base': '/home/groep8/rs2_ws/build/planar_arm_moveit_config', 'catkin_cmake_args': None, 'catkin_skip_building_tests': False, 'cmake_args': None, 'cmake_clean_cache': False, 'cmake_clean_first': False, 'cmake_force_configure': False, 'cmake_target': None, 'cmake_target_skip_unavailable': False, 'install_base': '/home/groep8/rs2_ws/install/planar_arm_moveit_config', 'merge_install': False, 'path': '/home/groep8/rs2_ws/src/planar_arm_moveit_config', 'symlink_install': False, 'test_result_base': None}
[0.633s] INFO:colcon.colcon_core.executor:Executing jobs using 'parallel' executor
[0.635s] DEBUG:colcon.colcon_parallel_executor.executor.parallel:run_until_complete
[0.636s] INFO:colcon.colcon_ros.task.ament_python.build:Building ROS package in '/home/groep8/rs2_ws/src/hogpie_arm_description' with build type 'ament_python'
[0.636s] Level 1:colcon.colcon_core.shell:create_environment_hook('hogpie_arm_description', 'ament_prefix_path')
[0.645s] INFO:colcon.colcon_core.plugin_system:Skipping extension 'colcon_core.shell.bat': Not used on non-Windows systems
[0.645s] INFO:colcon.colcon_core.shell:Creating environment hook '/home/groep8/rs2_ws/install/hogpie_arm_description/share/hogpie_arm_description/hook/ament_prefix_path.ps1'
[0.647s] INFO:colcon.colcon_core.shell:Creating environment descriptor '/home/groep8/rs2_ws/install/hogpie_arm_description/share/hogpie_arm_description/hook/ament_prefix_path.dsv'
[0.650s] INFO:colcon.colcon_core.shell:Creating environment hook '/home/groep8/rs2_ws/install/hogpie_arm_description/share/hogpie_arm_description/hook/ament_prefix_path.sh'
[0.654s] INFO:colcon.colcon_core.shell:Skip shell extension 'powershell' for command environment: Not usable outside of PowerShell
[0.654s] DEBUG:colcon.colcon_core.shell:Skip shell extension 'dsv' for command environment
[0.664s] INFO:colcon.colcon_ros.task.ament_cmake.build:Building ROS package in '/home/groep8/rs2_ws/src/my_robot_description' with build type 'ament_cmake'
[0.664s] INFO:colcon.colcon_cmake.task.cmake.build:Building CMake package in '/home/groep8/rs2_ws/src/my_robot_description'
[0.665s] INFO:colcon.colcon_core.shell:Skip shell extension 'powershell' for command environment: Not usable outside of PowerShell
[0.665s] DEBUG:colcon.colcon_core.shell:Skip shell extension 'dsv' for command environment
[0.677s] INFO:colcon.colcon_ros.task.ament_python.build:Building ROS package in '/home/groep8/rs2_ws/src/aardbeien_detectie' with build type 'ament_python'
[0.677s] Level 1:colcon.colcon_core.shell:create_environment_hook('aardbeien_detectie', 'ament_prefix_path')
[0.679s] INFO:colcon.colcon_core.shell:Creating environment hook '/home/groep8/rs2_ws/install/aardbeien_detectie/share/aardbeien_detectie/hook/ament_prefix_path.ps1'
[0.681s] INFO:colcon.colcon_core.shell:Creating environment descriptor '/home/groep8/rs2_ws/install/aardbeien_detectie/share/aardbeien_detectie/hook/ament_prefix_path.dsv'
[0.682s] INFO:colcon.colcon_core.shell:Creating environment hook '/home/groep8/rs2_ws/install/aardbeien_detectie/share/aardbeien_detectie/hook/ament_prefix_path.sh'
[0.685s] INFO:colcon.colcon_core.shell:Skip shell extension 'powershell' for command environment: Not usable outside of PowerShell
[0.685s] DEBUG:colcon.colcon_core.shell:Skip shell extension 'dsv' for command environment
[0.701s] INFO:colcon.colcon_ros.task.ament_python.build:Building ROS package in '/home/groep8/rs2_ws/src/hogpie_arm_driver' with build type 'ament_python'
[0.702s] Level 1:colcon.colcon_core.shell:create_environment_hook('hogpie_arm_driver', 'ament_prefix_path')
[0.703s] INFO:colcon.colcon_core.shell:Creating environment hook '/home/groep8/rs2_ws/install/hogpie_arm_driver/share/hogpie_arm_driver/hook/ament_prefix_path.ps1'
[0.705s] INFO:colcon.colcon_core.shell:Creating environment descriptor '/home/groep8/rs2_ws/install/hogpie_arm_driver/share/hogpie_arm_driver/hook/ament_prefix_path.dsv'
[0.707s] INFO:colcon.colcon_core.shell:Creating environment hook '/home/groep8/rs2_ws/install/hogpie_arm_driver/share/hogpie_arm_driver/hook/ament_prefix_path.sh'
[0.709s] INFO:colcon.colcon_core.shell:Skip shell extension 'powershell' for command environment: Not usable outside of PowerShell
[0.709s] DEBUG:colcon.colcon_core.shell:Skip shell extension 'dsv' for command environment
[1.434s] INFO:colcon.colcon_core.task.python.build:Building Python package in '/home/groep8/rs2_ws/src/hogpie_arm_description'
[1.434s] INFO:colcon.colcon_core.shell:Skip shell extension 'powershell' for command environment: Not usable outside of PowerShell
[1.434s] DEBUG:colcon.colcon_core.shell:Skip shell extension 'dsv' for command environment
[1.456s] DEBUG:colcon.colcon_core.event_handler.log_command:Invoking command in '/home/groep8/rs2_ws/build/my_robot_description': CMAKE_PREFIX_PATH=${CMAKE_PREFIX_PATH}:/home/groep8/rs2_ws/install/test_pkg:/home/groep8/rs2_ws/install/hogpie_servo_control:/home/groep8/rs2_ws/install/hogpie_controller_sensors:/home/groep8/rs2_ws/install/hogpie_arm_driver:/home/groep8/rs2_ws/install/hogpie_arm_description:/home/groep8/rs2_ws/install/aardbeien_detectie:/opt/ros/jazzy DEBUGINFOD_URLS=https://debuginfod.ubuntu.com /usr/bin/cmake --build /home/groep8/rs2_ws/build/my_robot_description -- -j4 -l4
[2.011s] INFO:colcon.colcon_core.task.python.build:Building Python package in '/home/groep8/rs2_ws/src/aardbeien_detectie'
[2.012s] INFO:colcon.colcon_core.shell:Skip shell extension 'powershell' for command environment: Not usable outside of PowerShell
[2.012s] DEBUG:colcon.colcon_core.shell:Skip shell extension 'dsv' for command environment
[2.029s] DEBUG:colcon.colcon_core.event_handler.log_command:Invoked command in '/home/groep8/rs2_ws/build/my_robot_description' returned '0': CMAKE_PREFIX_PATH=${CMAKE_PREFIX_PATH}:/home/groep8/rs2_ws/install/test_pkg:/home/groep8/rs2_ws/install/hogpie_servo_control:/home/groep8/rs2_ws/install/hogpie_controller_sensors:/home/groep8/rs2_ws/install/hogpie_arm_driver:/home/groep8/rs2_ws/install/hogpie_arm_description:/home/groep8/rs2_ws/install/aardbeien_detectie:/opt/ros/jazzy DEBUGINFOD_URLS=https://debuginfod.ubuntu.com /usr/bin/cmake --build /home/groep8/rs2_ws/build/my_robot_description -- -j4 -l4
[2.063s] DEBUG:colcon.colcon_core.event_handler.log_command:Invoking command in '/home/groep8/rs2_ws/build/my_robot_description': CMAKE_PREFIX_PATH=${CMAKE_PREFIX_PATH}:/home/groep8/rs2_ws/install/test_pkg:/home/groep8/rs2_ws/install/hogpie_servo_control:/home/groep8/rs2_ws/install/hogpie_controller_sensors:/home/groep8/rs2_ws/install/hogpie_arm_driver:/home/groep8/rs2_ws/install/hogpie_arm_description:/home/groep8/rs2_ws/install/aardbeien_detectie:/opt/ros/jazzy DEBUGINFOD_URLS=https://debuginfod.ubuntu.com /usr/bin/cmake --install /home/groep8/rs2_ws/build/my_robot_description
[2.631s] INFO:colcon.colcon_core.task.python.build:Building Python package in '/home/groep8/rs2_ws/src/hogpie_arm_driver'
[2.632s] INFO:colcon.colcon_core.shell:Skip shell extension 'powershell' for command environment: Not usable outside of PowerShell
[2.632s] DEBUG:colcon.colcon_core.shell:Skip shell extension 'dsv' for command environment
[2.666s] Level 1:colcon.colcon_core.environment:create_environment_scripts_only(my_robot_description)
[2.668s] DEBUG:colcon.colcon_core.event_handler.log_command:Invoked command in '/home/groep8/rs2_ws/build/my_robot_description' returned '0': CMAKE_PREFIX_PATH=${CMAKE_PREFIX_PATH}:/home/groep8/rs2_ws/install/test_pkg:/home/groep8/rs2_ws/install/hogpie_servo_control:/home/groep8/rs2_ws/install/hogpie_controller_sensors:/home/groep8/rs2_ws/install/hogpie_arm_driver:/home/groep8/rs2_ws/install/hogpie_arm_description:/home/groep8/rs2_ws/install/aardbeien_detectie:/opt/ros/jazzy DEBUGINFOD_URLS=https://debuginfod.ubuntu.com /usr/bin/cmake --install /home/groep8/rs2_ws/build/my_robot_description
[2.679s] Level 1:colcon.colcon_core.environment:checking '/home/groep8/rs2_ws/install/my_robot_description' for CMake module files
[2.681s] Level 1:colcon.colcon_core.environment:checking '/home/groep8/rs2_ws/install/my_robot_description' for CMake config files
[2.682s] Level 1:colcon.colcon_core.shell:create_environment_hook('my_robot_description', 'cmake_prefix_path')
[2.682s] INFO:colcon.colcon_core.shell:Creating environment hook '/home/groep8/rs2_ws/install/my_robot_description/share/my_robot_description/hook/cmake_prefix_path.ps1'
[2.684s] INFO:colcon.colcon_core.shell:Creating environment descriptor '/home/groep8/rs2_ws/install/my_robot_description/share/my_robot_description/hook/cmake_prefix_path.dsv'
[2.685s] INFO:colcon.colcon_core.shell:Creating environment hook '/home/groep8/rs2_ws/install/my_robot_description/share/my_robot_description/hook/cmake_prefix_path.sh'
[2.686s] Level 1:colcon.colcon_core.environment:checking '/home/groep8/rs2_ws/install/my_robot_description/bin'
[2.687s] Level 1:colcon.colcon_core.environment:checking '/home/groep8/rs2_ws/install/my_robot_description/lib/pkgconfig/my_robot_description.pc'
[2.687s] Level 1:colcon.colcon_core.environment:checking '/home/groep8/rs2_ws/install/my_robot_description/lib/python3.12/site-packages'
[2.690s] Level 1:colcon.colcon_core.environment:checking '/home/groep8/rs2_ws/install/my_robot_description/bin'
[2.693s] INFO:colcon.colcon_core.shell:Creating package script '/home/groep8/rs2_ws/install/my_robot_description/share/my_robot_description/package.ps1'
[2.697s] INFO:colcon.colcon_core.shell:Creating package descriptor '/home/groep8/rs2_ws/install/my_robot_description/share/my_robot_description/package.dsv'
[2.700s] INFO:colcon.colcon_core.shell:Creating package script '/home/groep8/rs2_ws/install/my_robot_description/share/my_robot_description/package.sh'
[2.702s] INFO:colcon.colcon_core.shell:Creating package script '/home/groep8/rs2_ws/install/my_robot_description/share/my_robot_description/package.bash'
[2.704s] INFO:colcon.colcon_core.shell:Creating package script '/home/groep8/rs2_ws/install/my_robot_description/share/my_robot_description/package.zsh'
[2.705s] Level 1:colcon.colcon_core.environment:create_file_with_runtime_dependencies(/home/groep8/rs2_ws/install/my_robot_description/share/colcon-core/packages/my_robot_description)
[2.707s] Level 1:colcon.colcon_core.environment:create_environment_scripts_only(my_robot_description)
[2.707s] Level 1:colcon.colcon_core.environment:checking '/home/groep8/rs2_ws/install/my_robot_description' for CMake module files
[2.708s] Level 1:colcon.colcon_core.environment:checking '/home/groep8/rs2_ws/install/my_robot_description' for CMake config files
[2.709s] Level 1:colcon.colcon_core.shell:create_environment_hook('my_robot_description', 'cmake_prefix_path')
[2.709s] INFO:colcon.colcon_core.shell:Creating environment hook '/home/groep8/rs2_ws/install/my_robot_description/share/my_robot_description/hook/cmake_prefix_path.ps1'
[2.710s] INFO:colcon.colcon_core.shell:Creating environment descriptor '/home/groep8/rs2_ws/install/my_robot_description/share/my_robot_description/hook/cmake_prefix_path.dsv'
[2.711s] INFO:colcon.colcon_core.shell:Creating environment hook '/home/groep8/rs2_ws/install/my_robot_description/share/my_robot_description/hook/cmake_prefix_path.sh'
[2.716s] Level 1:colcon.colcon_core.environment:checking '/home/groep8/rs2_ws/install/my_robot_description/bin'
[2.717s] Level 1:colcon.colcon_core.environment:checking '/home/groep8/rs2_ws/install/my_robot_description/lib/pkgconfig/my_robot_description.pc'
[2.717s] Level 1:colcon.colcon_core.environment:checking '/home/groep8/rs2_ws/install/my_robot_description/lib/python3.12/site-packages'
[2.718s] Level 1:colcon.colcon_core.environment:checking '/home/groep8/rs2_ws/install/my_robot_description/bin'
[2.720s] INFO:colcon.colcon_core.shell:Creating package script '/home/groep8/rs2_ws/install/my_robot_description/share/my_robot_description/package.ps1'
[2.724s] INFO:colcon.colcon_core.shell:Creating package descriptor '/home/groep8/rs2_ws/install/my_robot_description/share/my_robot_description/package.dsv'
[2.726s] INFO:colcon.colcon_core.shell:Creating package script '/home/groep8/rs2_ws/install/my_robot_description/share/my_robot_description/package.sh'
[2.728s] INFO:colcon.colcon_core.shell:Creating package script '/home/groep8/rs2_ws/install/my_robot_description/share/my_robot_description/package.bash'
[2.730s] INFO:colcon.colcon_core.shell:Creating package script '/home/groep8/rs2_ws/install/my_robot_description/share/my_robot_description/package.zsh'
[2.731s] Level 1:colcon.colcon_core.environment:create_file_with_runtime_dependencies(/home/groep8/rs2_ws/install/my_robot_description/share/colcon-core/packages/my_robot_description)
[2.732s] INFO:colcon.colcon_ros.task.ament_python.build:Building ROS package in '/home/groep8/rs2_ws/src/hogpie_controller_sensors' with build type 'ament_python'
[2.733s] Level 1:colcon.colcon_core.shell:create_environment_hook('hogpie_controller_sensors', 'ament_prefix_path')
[2.733s] INFO:colcon.colcon_core.shell:Creating environment hook '/home/groep8/rs2_ws/install/hogpie_controller_sensors/share/hogpie_controller_sensors/hook/ament_prefix_path.ps1'
[2.735s] INFO:colcon.colcon_core.shell:Creating environment descriptor '/home/groep8/rs2_ws/install/hogpie_controller_sensors/share/hogpie_controller_sensors/hook/ament_prefix_path.dsv'
[2.738s] INFO:colcon.colcon_core.shell:Creating environment hook '/home/groep8/rs2_ws/install/hogpie_controller_sensors/share/hogpie_controller_sensors/hook/ament_prefix_path.sh'
[2.740s] INFO:colcon.colcon_core.shell:Skip shell extension 'powershell' for command environment: Not usable outside of PowerShell
[2.741s] DEBUG:colcon.colcon_core.shell:Skip shell extension 'dsv' for command environment
[3.689s] INFO:colcon.colcon_core.task.python.build:Building Python package in '/home/groep8/rs2_ws/src/hogpie_controller_sensors'
[3.691s] INFO:colcon.colcon_core.shell:Skip shell extension 'powershell' for command environment: Not usable outside of PowerShell
[3.692s] DEBUG:colcon.colcon_core.shell:Skip shell extension 'dsv' for command environment
[4.861s] DEBUG:colcon.colcon_core.event_handler.log_command:Invoking command in '/home/groep8/rs2_ws/src/hogpie_arm_description': DEBUGINFOD_URLS=https://debuginfod.ubuntu.com PYTHONPATH=/home/groep8/rs2_ws/build/hogpie_arm_description/prefix_override:/usr/lib/python3/dist-packages/colcon_core/task/python/colcon_distutils_commands:/home/groep8/rs2_ws/install/hogpie_arm_description/lib/python3.12/site-packages:${PYTHONPATH} /usr/bin/python3 -W ignore:setup.py install is deprecated -W ignore:easy_install command is deprecated setup.py egg_info --egg-base ../../build/hogpie_arm_description build --build-base /home/groep8/rs2_ws/build/hogpie_arm_description/build install --record /home/groep8/rs2_ws/build/hogpie_arm_description/install.log --single-version-externally-managed install_data
[4.897s] DEBUG:colcon.colcon_core.event_handler.log_command:Invoking command in '/home/groep8/rs2_ws/src/aardbeien_detectie': DEBUGINFOD_URLS=https://debuginfod.ubuntu.com PYTHONPATH=/home/groep8/rs2_ws/build/aardbeien_detectie/prefix_override:/usr/lib/python3/dist-packages/colcon_core/task/python/colcon_distutils_commands:/home/groep8/rs2_ws/install/aardbeien_detectie/lib/python3.12/site-packages:${PYTHONPATH} /usr/bin/python3 -W ignore:setup.py install is deprecated -W ignore:easy_install command is deprecated setup.py egg_info --egg-base ../../build/aardbeien_detectie build --build-base /home/groep8/rs2_ws/build/aardbeien_detectie/build install --record /home/groep8/rs2_ws/build/aardbeien_detectie/install.log --single-version-externally-managed install_data
[5.050s] DEBUG:colcon.colcon_core.event_handler.log_command:Invoking command in '/home/groep8/rs2_ws/src/hogpie_arm_driver': DEBUGINFOD_URLS=https://debuginfod.ubuntu.com PYTHONPATH=/home/groep8/rs2_ws/build/hogpie_arm_driver/prefix_override:/usr/lib/python3/dist-packages/colcon_core/task/python/colcon_distutils_commands:/home/groep8/rs2_ws/install/hogpie_arm_driver/lib/python3.12/site-packages:${PYTHONPATH} /usr/bin/python3 -W ignore:setup.py install is deprecated -W ignore:easy_install command is deprecated setup.py egg_info --egg-base ../../build/hogpie_arm_driver build --build-base /home/groep8/rs2_ws/build/hogpie_arm_driver/build install --record /home/groep8/rs2_ws/build/hogpie_arm_driver/install.log --single-version-externally-managed install_data
[6.099s] DEBUG:colcon.colcon_core.event_handler.log_command:Invoking command in '/home/groep8/rs2_ws/src/hogpie_controller_sensors': DEBUGINFOD_URLS=https://debuginfod.ubuntu.com PYTHONPATH=/home/groep8/rs2_ws/build/hogpie_controller_sensors/prefix_override:/usr/lib/python3/dist-packages/colcon_core/task/python/colcon_distutils_commands:/home/groep8/rs2_ws/install/hogpie_controller_sensors/lib/python3.12/site-packages:${PYTHONPATH} /usr/bin/python3 -W ignore:setup.py install is deprecated -W ignore:easy_install command is deprecated setup.py egg_info --egg-base ../../build/hogpie_controller_sensors build --build-base /home/groep8/rs2_ws/build/hogpie_controller_sensors/build install --record /home/groep8/rs2_ws/build/hogpie_controller_sensors/install.log --single-version-externally-managed install_data
[6.832s] Level 1:colcon.colcon_core.environment:checking '/home/groep8/rs2_ws/install/hogpie_arm_description' for CMake module files
[6.833s] DEBUG:colcon.colcon_core.event_handler.log_command:Invoked command in '/home/groep8/rs2_ws/src/hogpie_arm_description' returned '0': DEBUGINFOD_URLS=https://debuginfod.ubuntu.com PYTHONPATH=/home/groep8/rs2_ws/build/hogpie_arm_description/prefix_override:/usr/lib/python3/dist-packages/colcon_core/task/python/colcon_distutils_commands:/home/groep8/rs2_ws/install/hogpie_arm_description/lib/python3.12/site-packages:${PYTHONPATH} /usr/bin/python3 -W ignore:setup.py install is deprecated -W ignore:easy_install command is deprecated setup.py egg_info --egg-base ../../build/hogpie_arm_description build --build-base /home/groep8/rs2_ws/build/hogpie_arm_description/build install --record /home/groep8/rs2_ws/build/hogpie_arm_description/install.log --single-version-externally-managed install_data
[6.835s] Level 1:colcon.colcon_core.environment:checking '/home/groep8/rs2_ws/install/hogpie_arm_description' for CMake config files
[6.839s] Level 1:colcon.colcon_core.environment:checking '/home/groep8/rs2_ws/install/hogpie_arm_description/lib'
[6.839s] Level 1:colcon.colcon_core.environment:checking '/home/groep8/rs2_ws/install/hogpie_arm_description/bin'
[6.840s] Level 1:colcon.colcon_core.environment:checking '/home/groep8/rs2_ws/install/hogpie_arm_description/lib/pkgconfig/hogpie_arm_description.pc'
[6.840s] Level 1:colcon.colcon_core.environment:checking '/home/groep8/rs2_ws/install/hogpie_arm_description/lib/python3.12/site-packages'
[6.841s] Level 1:colcon.colcon_core.shell:create_environment_hook('hogpie_arm_description', 'pythonpath')
[6.842s] INFO:colcon.colcon_core.shell:Creating environment hook '/home/groep8/rs2_ws/install/hogpie_arm_description/share/hogpie_arm_description/hook/pythonpath.ps1'
[6.845s] INFO:colcon.colcon_core.shell:Creating environment descriptor '/home/groep8/rs2_ws/install/hogpie_arm_description/share/hogpie_arm_description/hook/pythonpath.dsv'
[6.851s] INFO:colcon.colcon_core.shell:Creating environment hook '/home/groep8/rs2_ws/install/hogpie_arm_description/share/hogpie_arm_description/hook/pythonpath.sh'
[6.856s] Level 1:colcon.colcon_core.environment:checking '/home/groep8/rs2_ws/install/hogpie_arm_description/bin'
[6.857s] Level 1:colcon.colcon_core.environment:create_environment_scripts_only(hogpie_arm_description)
[6.862s] INFO:colcon.colcon_core.shell:Creating package script '/home/groep8/rs2_ws/install/hogpie_arm_description/share/hogpie_arm_description/package.ps1'
[6.864s] INFO:colcon.colcon_core.shell:Creating package descriptor '/home/groep8/rs2_ws/install/hogpie_arm_description/share/hogpie_arm_description/package.dsv'
[6.870s] INFO:colcon.colcon_core.shell:Creating package script '/home/groep8/rs2_ws/install/hogpie_arm_description/share/hogpie_arm_description/package.sh'
[6.878s] INFO:colcon.colcon_core.shell:Creating package script '/home/groep8/rs2_ws/install/hogpie_arm_description/share/hogpie_arm_description/package.bash'
[6.884s] INFO:colcon.colcon_core.shell:Creating package script '/home/groep8/rs2_ws/install/hogpie_arm_description/share/hogpie_arm_description/package.zsh'
[6.887s] Level 1:colcon.colcon_core.environment:create_file_with_runtime_dependencies(/home/groep8/rs2_ws/install/hogpie_arm_description/share/colcon-core/packages/hogpie_arm_description)
[6.890s] INFO:colcon.colcon_ros.task.ament_python.build:Building ROS package in '/home/groep8/rs2_ws/src/hogpie_servo_control' with build type 'ament_python'
[6.894s] Level 1:colcon.colcon_core.shell:create_environment_hook('hogpie_servo_control', 'ament_prefix_path')
[6.896s] INFO:colcon.colcon_core.shell:Creating environment hook '/home/groep8/rs2_ws/install/hogpie_servo_control/share/hogpie_servo_control/hook/ament_prefix_path.ps1'
[6.903s] INFO:colcon.colcon_core.shell:Creating environment descriptor '/home/groep8/rs2_ws/install/hogpie_servo_control/share/hogpie_servo_control/hook/ament_prefix_path.dsv'
[6.905s] INFO:colcon.colcon_core.shell:Creating environment hook '/home/groep8/rs2_ws/install/hogpie_servo_control/share/hogpie_servo_control/hook/ament_prefix_path.sh'
[6.915s] INFO:colcon.colcon_core.shell:Skip shell extension 'powershell' for command environment: Not usable outside of PowerShell
[6.915s] DEBUG:colcon.colcon_core.shell:Skip shell extension 'dsv' for command environment
[7.699s] INFO:colcon.colcon_core.task.python.build:Building Python package in '/home/groep8/rs2_ws/src/hogpie_servo_control'
[7.700s] INFO:colcon.colcon_core.shell:Skip shell extension 'powershell' for command environment: Not usable outside of PowerShell
[7.700s] DEBUG:colcon.colcon_core.shell:Skip shell extension 'dsv' for command environment
[7.719s] Level 1:colcon.colcon_core.environment:checking '/home/groep8/rs2_ws/install/aardbeien_detectie' for CMake module files
[7.721s] DEBUG:colcon.colcon_core.event_handler.log_command:Invoked command in '/home/groep8/rs2_ws/src/aardbeien_detectie' returned '0': DEBUGINFOD_URLS=https://debuginfod.ubuntu.com PYTHONPATH=/home/groep8/rs2_ws/build/aardbeien_detectie/prefix_override:/usr/lib/python3/dist-packages/colcon_core/task/python/colcon_distutils_commands:/home/groep8/rs2_ws/install/aardbeien_detectie/lib/python3.12/site-packages:${PYTHONPATH} /usr/bin/python3 -W ignore:setup.py install is deprecated -W ignore:easy_install command is deprecated setup.py egg_info --egg-base ../../build/aardbeien_detectie build --build-base /home/groep8/rs2_ws/build/aardbeien_detectie/build install --record /home/groep8/rs2_ws/build/aardbeien_detectie/install.log --single-version-externally-managed install_data
[7.723s] Level 1:colcon.colcon_core.environment:checking '/home/groep8/rs2_ws/install/aardbeien_detectie' for CMake config files
[7.726s] Level 1:colcon.colcon_core.environment:checking '/home/groep8/rs2_ws/install/aardbeien_detectie/lib'
[7.726s] Level 1:colcon.colcon_core.environment:checking '/home/groep8/rs2_ws/install/aardbeien_detectie/bin'
[7.727s] Level 1:colcon.colcon_core.environment:checking '/home/groep8/rs2_ws/install/aardbeien_detectie/lib/pkgconfig/aardbeien_detectie.pc'
[7.728s] Level 1:colcon.colcon_core.environment:checking '/home/groep8/rs2_ws/install/aardbeien_detectie/lib/python3.12/site-packages'
[7.728s] Level 1:colcon.colcon_core.shell:create_environment_hook('aardbeien_detectie', 'pythonpath')
[7.729s] INFO:colcon.colcon_core.shell:Creating environment hook '/home/groep8/rs2_ws/install/aardbeien_detectie/share/aardbeien_detectie/hook/pythonpath.ps1'
[7.730s] INFO:colcon.colcon_core.shell:Creating environment descriptor '/home/groep8/rs2_ws/install/aardbeien_detectie/share/aardbeien_detectie/hook/pythonpath.dsv'
[7.732s] INFO:colcon.colcon_core.shell:Creating environment hook '/home/groep8/rs2_ws/install/aardbeien_detectie/share/aardbeien_detectie/hook/pythonpath.sh'
[7.734s] Level 1:colcon.colcon_core.environment:checking '/home/groep8/rs2_ws/install/aardbeien_detectie/bin'
[7.734s] Level 1:colcon.colcon_core.environment:create_environment_scripts_only(aardbeien_detectie)
[7.735s] INFO:colcon.colcon_core.shell:Creating package script '/home/groep8/rs2_ws/install/aardbeien_detectie/share/aardbeien_detectie/package.ps1'
[7.738s] INFO:colcon.colcon_core.shell:Creating package descriptor '/home/groep8/rs2_ws/install/aardbeien_detectie/share/aardbeien_detectie/package.dsv'
[7.740s] INFO:colcon.colcon_core.shell:Creating package script '/home/groep8/rs2_ws/install/aardbeien_detectie/share/aardbeien_detectie/package.sh'
[7.742s] INFO:colcon.colcon_core.shell:Creating package script '/home/groep8/rs2_ws/install/aardbeien_detectie/share/aardbeien_detectie/package.bash'
[7.744s] INFO:colcon.colcon_core.shell:Creating package script '/home/groep8/rs2_ws/install/aardbeien_detectie/share/aardbeien_detectie/package.zsh'
[7.747s] Level 1:colcon.colcon_core.environment:create_file_with_runtime_dependencies(/home/groep8/rs2_ws/install/aardbeien_detectie/share/colcon-core/packages/aardbeien_detectie)
[7.749s] Level 1:colcon.colcon_core.environment:checking '/home/groep8/rs2_ws/install/hogpie_arm_driver' for CMake module files
[7.750s] Level 1:colcon.colcon_core.environment:checking '/home/groep8/rs2_ws/install/hogpie_arm_driver' for CMake config files
[7.753s] DEBUG:colcon.colcon_core.event_handler.log_command:Invoked command in '/home/groep8/rs2_ws/src/hogpie_arm_driver' returned '0': DEBUGINFOD_URLS=https://debuginfod.ubuntu.com PYTHONPATH=/home/groep8/rs2_ws/build/hogpie_arm_driver/prefix_override:/usr/lib/python3/dist-packages/colcon_core/task/python/colcon_distutils_commands:/home/groep8/rs2_ws/install/hogpie_arm_driver/lib/python3.12/site-packages:${PYTHONPATH} /usr/bin/python3 -W ignore:setup.py install is deprecated -W ignore:easy_install command is deprecated setup.py egg_info --egg-base ../../build/hogpie_arm_driver build --build-base /home/groep8/rs2_ws/build/hogpie_arm_driver/build install --record /home/groep8/rs2_ws/build/hogpie_arm_driver/install.log --single-version-externally-managed install_data
[7.756s] Level 1:colcon.colcon_core.environment:checking '/home/groep8/rs2_ws/install/hogpie_arm_driver/lib'
[7.757s] Level 1:colcon.colcon_core.environment:checking '/home/groep8/rs2_ws/install/hogpie_arm_driver/bin'
[7.757s] Level 1:colcon.colcon_core.environment:checking '/home/groep8/rs2_ws/install/hogpie_arm_driver/lib/pkgconfig/hogpie_arm_driver.pc'
[7.758s] Level 1:colcon.colcon_core.environment:checking '/home/groep8/rs2_ws/install/hogpie_arm_driver/lib/python3.12/site-packages'
[7.758s] Level 1:colcon.colcon_core.shell:create_environment_hook('hogpie_arm_driver', 'pythonpath')
[7.759s] INFO:colcon.colcon_core.shell:Creating environment hook '/home/groep8/rs2_ws/install/hogpie_arm_driver/share/hogpie_arm_driver/hook/pythonpath.ps1'
[7.762s] INFO:colcon.colcon_core.shell:Creating environment descriptor '/home/groep8/rs2_ws/install/hogpie_arm_driver/share/hogpie_arm_driver/hook/pythonpath.dsv'
[7.763s] INFO:colcon.colcon_core.shell:Creating environment hook '/home/groep8/rs2_ws/install/hogpie_arm_driver/share/hogpie_arm_driver/hook/pythonpath.sh'
[7.768s] Level 1:colcon.colcon_core.environment:checking '/home/groep8/rs2_ws/install/hogpie_arm_driver/bin'
[7.768s] Level 1:colcon.colcon_core.environment:create_environment_scripts_only(hogpie_arm_driver)
[7.769s] INFO:colcon.colcon_core.shell:Creating package script '/home/groep8/rs2_ws/install/hogpie_arm_driver/share/hogpie_arm_driver/package.ps1'
[7.770s] INFO:colcon.colcon_core.shell:Creating package descriptor '/home/groep8/rs2_ws/install/hogpie_arm_driver/share/hogpie_arm_driver/package.dsv'
[7.771s] INFO:colcon.colcon_core.shell:Creating package script '/home/groep8/rs2_ws/install/hogpie_arm_driver/share/hogpie_arm_driver/package.sh'
[7.772s] INFO:colcon.colcon_core.shell:Creating package script '/home/groep8/rs2_ws/install/hogpie_arm_driver/share/hogpie_arm_driver/package.bash'
[7.773s] INFO:colcon.colcon_core.shell:Creating package script '/home/groep8/rs2_ws/install/hogpie_arm_driver/share/hogpie_arm_driver/package.zsh'
[7.773s] Level 1:colcon.colcon_core.environment:create_file_with_runtime_dependencies(/home/groep8/rs2_ws/install/hogpie_arm_driver/share/colcon-core/packages/hogpie_arm_driver)
[7.775s] INFO:colcon.colcon_ros.task.ament_cmake.build:Building ROS package in '/home/groep8/rs2_ws/src/hogpie_arm_moveit_config' with build type 'ament_cmake'
[7.775s] INFO:colcon.colcon_cmake.task.cmake.build:Building CMake package in '/home/groep8/rs2_ws/src/hogpie_arm_moveit_config'
[7.776s] INFO:colcon.colcon_core.shell:Skip shell extension 'powershell' for command environment: Not usable outside of PowerShell
[7.776s] DEBUG:colcon.colcon_core.shell:Skip shell extension 'dsv' for command environment
[7.787s] INFO:colcon.colcon_ros.task.ament_cmake.build:Building ROS package in '/home/groep8/rs2_ws/src/planar_arm_moveit_config' with build type 'ament_cmake'
[7.788s] INFO:colcon.colcon_cmake.task.cmake.build:Building CMake package in '/home/groep8/rs2_ws/src/planar_arm_moveit_config'
[7.788s] INFO:colcon.colcon_core.shell:Skip shell extension 'powershell' for command environment: Not usable outside of PowerShell
[7.789s] DEBUG:colcon.colcon_core.shell:Skip shell extension 'dsv' for command environment
[7.831s] DEBUG:colcon.colcon_core.event_handler.log_command:Invoking command in '/home/groep8/rs2_ws/build/hogpie_arm_moveit_config': AMENT_PREFIX_PATH=/home/groep8/rs2_ws/install/hogpie_arm_description:/home/groep8/rs2_ws/install/test_pkg:/home/groep8/rs2_ws/install/planar_arm_moveit_config:/home/groep8/rs2_ws/install/my_robot_description:/home/groep8/rs2_ws/install/hogpie_servo_control:/home/groep8/rs2_ws/install/hogpie_controller_sensors:/home/groep8/rs2_ws/install/hogpie_arm_moveit_config:/home/groep8/rs2_ws/install/hogpie_arm_driver:/home/groep8/rs2_ws/install/aardbeien_detectie:/home/groep8/dxl_ws/install/dynamixel_sdk_examples:/home/groep8/dxl_ws/install/dynamixel_sdk_custom_interfaces:/home/groep8/dxl_ws/install/dynamixel_sdk:/opt/ros/jazzy CMAKE_PREFIX_PATH=${CMAKE_PREFIX_PATH}:/home/groep8/rs2_ws/install/test_pkg:/home/groep8/rs2_ws/install/hogpie_servo_control:/home/groep8/rs2_ws/install/hogpie_controller_sensors:/home/groep8/rs2_ws/install/hogpie_arm_driver:/home/groep8/rs2_ws/install/hogpie_arm_description:/home/groep8/rs2_ws/install/aardbeien_detectie:/opt/ros/jazzy DEBUGINFOD_URLS=https://debuginfod.ubuntu.com PYTHONPATH=/home/groep8/rs2_ws/install/hogpie_arm_description/lib/python3.12/site-packages:/home/groep8/rs2_ws/install/test_pkg/lib/python3.12/site-packages:/home/groep8/rs2_ws/install/hogpie_servo_control/lib/python3.12/site-packages:/home/groep8/rs2_ws/install/hogpie_controller_sensors/lib/python3.12/site-packages:/home/groep8/rs2_ws/install/hogpie_arm_driver/lib/python3.12/site-packages:/home/groep8/rs2_ws/install/aardbeien_detectie/lib/python3.12/site-packages:/home/groep8/dxl_ws/install/dynamixel_sdk_custom_interfaces/lib/python3.12/site-packages:/home/groep8/dxl_ws/install/dynamixel_sdk/lib/python3.12/site-packages:/opt/ros/jazzy/lib/python3.12/site-packages /usr/bin/cmake --build /home/groep8/rs2_ws/build/hogpie_arm_moveit_config -- -j4 -l4
[7.848s] DEBUG:colcon.colcon_core.event_handler.log_command:Invoking command in '/home/groep8/rs2_ws/build/planar_arm_moveit_config': CMAKE_PREFIX_PATH=/home/groep8/rs2_ws/install/my_robot_description:/home/groep8/rs2_ws/install/planar_arm_moveit_config:/home/groep8/rs2_ws/install/hogpie_arm_moveit_config:/home/groep8/dxl_ws/install/dynamixel_sdk_examples:/home/groep8/dxl_ws/install/dynamixel_sdk_custom_interfaces:/home/groep8/dxl_ws/install/dynamixel_sdk:/opt/ros/jazzy/opt/sdformat_vendor:/opt/ros/jazzy/opt/gz_math_vendor:/opt/ros/jazzy/opt/gz_utils_vendor:/opt/ros/jazzy/opt/gz_tools_vendor:/opt/ros/jazzy/opt/gz_cmake_vendor:/home/groep8/rs2_ws/install/test_pkg:/home/groep8/rs2_ws/install/hogpie_servo_control:/home/groep8/rs2_ws/install/hogpie_controller_sensors:/home/groep8/rs2_ws/install/hogpie_arm_driver:/home/groep8/rs2_ws/install/hogpie_arm_description:/home/groep8/rs2_ws/install/aardbeien_detectie:/opt/ros/jazzy DEBUGINFOD_URLS=https://debuginfod.ubuntu.com /usr/bin/cmake --build /home/groep8/rs2_ws/build/planar_arm_moveit_config -- -j4 -l4
[8.030s] DEBUG:colcon.colcon_core.event_handler.log_command:Invoked command in '/home/groep8/rs2_ws/build/hogpie_arm_moveit_config' returned '0': AMENT_PREFIX_PATH=/home/groep8/rs2_ws/install/hogpie_arm_description:/home/groep8/rs2_ws/install/test_pkg:/home/groep8/rs2_ws/install/planar_arm_moveit_config:/home/groep8/rs2_ws/install/my_robot_description:/home/groep8/rs2_ws/install/hogpie_servo_control:/home/groep8/rs2_ws/install/hogpie_controller_sensors:/home/groep8/rs2_ws/install/hogpie_arm_moveit_config:/home/groep8/rs2_ws/install/hogpie_arm_driver:/home/groep8/rs2_ws/install/aardbeien_detectie:/home/groep8/dxl_ws/install/dynamixel_sdk_examples:/home/groep8/dxl_ws/install/dynamixel_sdk_custom_interfaces:/home/groep8/dxl_ws/install/dynamixel_sdk:/opt/ros/jazzy CMAKE_PREFIX_PATH=${CMAKE_PREFIX_PATH}:/home/groep8/rs2_ws/install/test_pkg:/home/groep8/rs2_ws/install/hogpie_servo_control:/home/groep8/rs2_ws/install/hogpie_controller_sensors:/home/groep8/rs2_ws/install/hogpie_arm_driver:/home/groep8/rs2_ws/install/hogpie_arm_description:/home/groep8/rs2_ws/install/aardbeien_detectie:/opt/ros/jazzy DEBUGINFOD_URLS=https://debuginfod.ubuntu.com PYTHONPATH=/home/groep8/rs2_ws/install/hogpie_arm_description/lib/python3.12/site-packages:/home/groep8/rs2_ws/install/test_pkg/lib/python3.12/site-packages:/home/groep8/rs2_ws/install/hogpie_servo_control/lib/python3.12/site-packages:/home/groep8/rs2_ws/install/hogpie_controller_sensors/lib/python3.12/site-packages:/home/groep8/rs2_ws/install/hogpie_arm_driver/lib/python3.12/site-packages:/home/groep8/rs2_ws/install/aardbeien_detectie/lib/python3.12/site-packages:/home/groep8/dxl_ws/install/dynamixel_sdk_custom_interfaces/lib/python3.12/site-packages:/home/groep8/dxl_ws/install/dynamixel_sdk/lib/python3.12/site-packages:/opt/ros/jazzy/lib/python3.12/site-packages /usr/bin/cmake --build /home/groep8/rs2_ws/build/hogpie_arm_moveit_config -- -j4 -l4
[8.035s] DEBUG:colcon.colcon_core.event_handler.log_command:Invoking command in '/home/groep8/rs2_ws/build/hogpie_arm_moveit_config': AMENT_PREFIX_PATH=/home/groep8/rs2_ws/install/hogpie_arm_description:/home/groep8/rs2_ws/install/test_pkg:/home/groep8/rs2_ws/install/planar_arm_moveit_config:/home/groep8/rs2_ws/install/my_robot_description:/home/groep8/rs2_ws/install/hogpie_servo_control:/home/groep8/rs2_ws/install/hogpie_controller_sensors:/home/groep8/rs2_ws/install/hogpie_arm_moveit_config:/home/groep8/rs2_ws/install/hogpie_arm_driver:/home/groep8/rs2_ws/install/aardbeien_detectie:/home/groep8/dxl_ws/install/dynamixel_sdk_examples:/home/groep8/dxl_ws/install/dynamixel_sdk_custom_interfaces:/home/groep8/dxl_ws/install/dynamixel_sdk:/opt/ros/jazzy CMAKE_PREFIX_PATH=${CMAKE_PREFIX_PATH}:/home/groep8/rs2_ws/install/test_pkg:/home/groep8/rs2_ws/install/hogpie_servo_control:/home/groep8/rs2_ws/install/hogpie_controller_sensors:/home/groep8/rs2_ws/install/hogpie_arm_driver:/home/groep8/rs2_ws/install/hogpie_arm_description:/home/groep8/rs2_ws/install/aardbeien_detectie:/opt/ros/jazzy DEBUGINFOD_URLS=https://debuginfod.ubuntu.com PYTHONPATH=/home/groep8/rs2_ws/install/hogpie_arm_description/lib/python3.12/site-packages:/home/groep8/rs2_ws/install/test_pkg/lib/python3.12/site-packages:/home/groep8/rs2_ws/install/hogpie_servo_control/lib/python3.12/site-packages:/home/groep8/rs2_ws/install/hogpie_controller_sensors/lib/python3.12/site-packages:/home/groep8/rs2_ws/install/hogpie_arm_driver/lib/python3.12/site-packages:/home/groep8/rs2_ws/install/aardbeien_detectie/lib/python3.12/site-packages:/home/groep8/dxl_ws/install/dynamixel_sdk_custom_interfaces/lib/python3.12/site-packages:/home/groep8/dxl_ws/install/dynamixel_sdk/lib/python3.12/site-packages:/opt/ros/jazzy/lib/python3.12/site-packages /usr/bin/cmake --install /home/groep8/rs2_ws/build/hogpie_arm_moveit_config
[8.056s] DEBUG:colcon.colcon_core.event_handler.log_command:Invoked command in '/home/groep8/rs2_ws/build/planar_arm_moveit_config' returned '0': CMAKE_PREFIX_PATH=/home/groep8/rs2_ws/install/my_robot_description:/home/groep8/rs2_ws/install/planar_arm_moveit_config:/home/groep8/rs2_ws/install/hogpie_arm_moveit_config:/home/groep8/dxl_ws/install/dynamixel_sdk_examples:/home/groep8/dxl_ws/install/dynamixel_sdk_custom_interfaces:/home/groep8/dxl_ws/install/dynamixel_sdk:/opt/ros/jazzy/opt/sdformat_vendor:/opt/ros/jazzy/opt/gz_math_vendor:/opt/ros/jazzy/opt/gz_utils_vendor:/opt/ros/jazzy/opt/gz_tools_vendor:/opt/ros/jazzy/opt/gz_cmake_vendor:/home/groep8/rs2_ws/install/test_pkg:/home/groep8/rs2_ws/install/hogpie_servo_control:/home/groep8/rs2_ws/install/hogpie_controller_sensors:/home/groep8/rs2_ws/install/hogpie_arm_driver:/home/groep8/rs2_ws/install/hogpie_arm_description:/home/groep8/rs2_ws/install/aardbeien_detectie:/opt/ros/jazzy DEBUGINFOD_URLS=https://debuginfod.ubuntu.com /usr/bin/cmake --build /home/groep8/rs2_ws/build/planar_arm_moveit_config -- -j4 -l4
[8.057s] DEBUG:colcon.colcon_core.event_handler.log_command:Invoking command in '/home/groep8/rs2_ws/build/planar_arm_moveit_config': CMAKE_PREFIX_PATH=/home/groep8/rs2_ws/install/my_robot_description:/home/groep8/rs2_ws/install/planar_arm_moveit_config:/home/groep8/rs2_ws/install/hogpie_arm_moveit_config:/home/groep8/dxl_ws/install/dynamixel_sdk_examples:/home/groep8/dxl_ws/install/dynamixel_sdk_custom_interfaces:/home/groep8/dxl_ws/install/dynamixel_sdk:/opt/ros/jazzy/opt/sdformat_vendor:/opt/ros/jazzy/opt/gz_math_vendor:/opt/ros/jazzy/opt/gz_utils_vendor:/opt/ros/jazzy/opt/gz_tools_vendor:/opt/ros/jazzy/opt/gz_cmake_vendor:/home/groep8/rs2_ws/install/test_pkg:/home/groep8/rs2_ws/install/hogpie_servo_control:/home/groep8/rs2_ws/install/hogpie_controller_sensors:/home/groep8/rs2_ws/install/hogpie_arm_driver:/home/groep8/rs2_ws/install/hogpie_arm_description:/home/groep8/rs2_ws/install/aardbeien_detectie:/opt/ros/jazzy DEBUGINFOD_URLS=https://debuginfod.ubuntu.com /usr/bin/cmake --install /home/groep8/rs2_ws/build/planar_arm_moveit_config
[8.175s] Level 1:colcon.colcon_core.environment:create_environment_scripts_only(hogpie_arm_moveit_config)
[8.176s] Level 1:colcon.colcon_core.environment:checking '/home/groep8/rs2_ws/install/hogpie_arm_moveit_config' for CMake module files
[8.185s] Level 1:colcon.colcon_core.environment:checking '/home/groep8/rs2_ws/install/hogpie_arm_moveit_config' for CMake config files
[8.187s] Level 1:colcon.colcon_core.shell:create_environment_hook('hogpie_arm_moveit_config', 'cmake_prefix_path')
[8.189s] INFO:colcon.colcon_core.shell:Creating environment hook '/home/groep8/rs2_ws/install/hogpie_arm_moveit_config/share/hogpie_arm_moveit_config/hook/cmake_prefix_path.ps1'
[8.194s] DEBUG:colcon.colcon_core.event_handler.log_command:Invoked command in '/home/groep8/rs2_ws/build/hogpie_arm_moveit_config' returned '0': AMENT_PREFIX_PATH=/home/groep8/rs2_ws/install/hogpie_arm_description:/home/groep8/rs2_ws/install/test_pkg:/home/groep8/rs2_ws/install/planar_arm_moveit_config:/home/groep8/rs2_ws/install/my_robot_description:/home/groep8/rs2_ws/install/hogpie_servo_control:/home/groep8/rs2_ws/install/hogpie_controller_sensors:/home/groep8/rs2_ws/install/hogpie_arm_moveit_config:/home/groep8/rs2_ws/install/hogpie_arm_driver:/home/groep8/rs2_ws/install/aardbeien_detectie:/home/groep8/dxl_ws/install/dynamixel_sdk_examples:/home/groep8/dxl_ws/install/dynamixel_sdk_custom_interfaces:/home/groep8/dxl_ws/install/dynamixel_sdk:/opt/ros/jazzy CMAKE_PREFIX_PATH=${CMAKE_PREFIX_PATH}:/home/groep8/rs2_ws/install/test_pkg:/home/groep8/rs2_ws/install/hogpie_servo_control:/home/groep8/rs2_ws/install/hogpie_controller_sensors:/home/groep8/rs2_ws/install/hogpie_arm_driver:/home/groep8/rs2_ws/install/hogpie_arm_description:/home/groep8/rs2_ws/install/aardbeien_detectie:/opt/ros/jazzy DEBUGINFOD_URLS=https://debuginfod.ubuntu.com PYTHONPATH=/home/groep8/rs2_ws/install/hogpie_arm_description/lib/python3.12/site-packages:/home/groep8/rs2_ws/install/test_pkg/lib/python3.12/site-packages:/home/groep8/rs2_ws/install/hogpie_servo_control/lib/python3.12/site-packages:/home/groep8/rs2_ws/install/hogpie_controller_sensors/lib/python3.12/site-packages:/home/groep8/rs2_ws/install/hogpie_arm_driver/lib/python3.12/site-packages:/home/groep8/rs2_ws/install/aardbeien_detectie/lib/python3.12/site-packages:/home/groep8/dxl_ws/install/dynamixel_sdk_custom_interfaces/lib/python3.12/site-packages:/home/groep8/dxl_ws/install/dynamixel_sdk/lib/python3.12/site-packages:/opt/ros/jazzy/lib/python3.12/site-packages /usr/bin/cmake --install /home/groep8/rs2_ws/build/hogpie_arm_moveit_config
[8.194s] INFO:colcon.colcon_core.shell:Creating environment descriptor '/home/groep8/rs2_ws/install/hogpie_arm_moveit_config/share/hogpie_arm_moveit_config/hook/cmake_prefix_path.dsv'
[8.202s] INFO:colcon.colcon_core.shell:Creating environment hook '/home/groep8/rs2_ws/install/hogpie_arm_moveit_config/share/hogpie_arm_moveit_config/hook/cmake_prefix_path.sh'
[8.208s] Level 1:colcon.colcon_core.environment:checking '/home/groep8/rs2_ws/install/hogpie_arm_moveit_config/bin'
[8.208s] Level 1:colcon.colcon_core.environment:checking '/home/groep8/rs2_ws/install/hogpie_arm_moveit_config/lib/pkgconfig/hogpie_arm_moveit_config.pc'
[8.209s] Level 1:colcon.colcon_core.environment:checking '/home/groep8/rs2_ws/install/hogpie_arm_moveit_config/lib/python3.12/site-packages'
[8.209s] Level 1:colcon.colcon_core.environment:checking '/home/groep8/rs2_ws/install/hogpie_arm_moveit_config/bin'
[8.210s] INFO:colcon.colcon_core.shell:Creating package script '/home/groep8/rs2_ws/install/hogpie_arm_moveit_config/share/hogpie_arm_moveit_config/package.ps1'
[8.215s] INFO:colcon.colcon_core.shell:Creating package descriptor '/home/groep8/rs2_ws/install/hogpie_arm_moveit_config/share/hogpie_arm_moveit_config/package.dsv'
[8.219s] INFO:colcon.colcon_core.shell:Creating package script '/home/groep8/rs2_ws/install/hogpie_arm_moveit_config/share/hogpie_arm_moveit_config/package.sh'
[8.224s] INFO:colcon.colcon_core.shell:Creating package script '/home/groep8/rs2_ws/install/hogpie_arm_moveit_config/share/hogpie_arm_moveit_config/package.bash'
[8.227s] INFO:colcon.colcon_core.shell:Creating package script '/home/groep8/rs2_ws/install/hogpie_arm_moveit_config/share/hogpie_arm_moveit_config/package.zsh'
[8.228s] Level 1:colcon.colcon_core.environment:create_file_with_runtime_dependencies(/home/groep8/rs2_ws/install/hogpie_arm_moveit_config/share/colcon-core/packages/hogpie_arm_moveit_config)
[8.233s] Level 1:colcon.colcon_core.environment:create_environment_scripts_only(hogpie_arm_moveit_config)
[8.234s] Level 1:colcon.colcon_core.environment:checking '/home/groep8/rs2_ws/install/hogpie_arm_moveit_config' for CMake module files
[8.235s] Level 1:colcon.colcon_core.environment:checking '/home/groep8/rs2_ws/install/hogpie_arm_moveit_config' for CMake config files
[8.240s] Level 1:colcon.colcon_core.shell:create_environment_hook('hogpie_arm_moveit_config', 'cmake_prefix_path')
[8.241s] INFO:colcon.colcon_core.shell:Creating environment hook '/home/groep8/rs2_ws/install/hogpie_arm_moveit_config/share/hogpie_arm_moveit_config/hook/cmake_prefix_path.ps1'
[8.243s] INFO:colcon.colcon_core.shell:Creating environment descriptor '/home/groep8/rs2_ws/install/hogpie_arm_moveit_config/share/hogpie_arm_moveit_config/hook/cmake_prefix_path.dsv'
[8.246s] INFO:colcon.colcon_core.shell:Creating environment hook '/home/groep8/rs2_ws/install/hogpie_arm_moveit_config/share/hogpie_arm_moveit_config/hook/cmake_prefix_path.sh'
[8.251s] Level 1:colcon.colcon_core.environment:checking '/home/groep8/rs2_ws/install/hogpie_arm_moveit_config/bin'
[8.251s] Level 1:colcon.colcon_core.environment:checking '/home/groep8/rs2_ws/install/hogpie_arm_moveit_config/lib/pkgconfig/hogpie_arm_moveit_config.pc'
[8.252s] Level 1:colcon.colcon_core.environment:checking '/home/groep8/rs2_ws/install/hogpie_arm_moveit_config/lib/python3.12/site-packages'
[8.254s] Level 1:colcon.colcon_core.environment:checking '/home/groep8/rs2_ws/install/hogpie_arm_moveit_config/bin'
[8.256s] INFO:colcon.colcon_core.shell:Creating package script '/home/groep8/rs2_ws/install/hogpie_arm_moveit_config/share/hogpie_arm_moveit_config/package.ps1'
[8.259s] INFO:colcon.colcon_core.shell:Creating package descriptor '/home/groep8/rs2_ws/install/hogpie_arm_moveit_config/share/hogpie_arm_moveit_config/package.dsv'
[8.261s] INFO:colcon.colcon_core.shell:Creating package script '/home/groep8/rs2_ws/install/hogpie_arm_moveit_config/share/hogpie_arm_moveit_config/package.sh'
[8.263s] INFO:colcon.colcon_core.shell:Creating package script '/home/groep8/rs2_ws/install/hogpie_arm_moveit_config/share/hogpie_arm_moveit_config/package.bash'
[8.266s] INFO:colcon.colcon_core.shell:Creating package script '/home/groep8/rs2_ws/install/hogpie_arm_moveit_config/share/hogpie_arm_moveit_config/package.zsh'
[8.268s] Level 1:colcon.colcon_core.environment:create_file_with_runtime_dependencies(/home/groep8/rs2_ws/install/hogpie_arm_moveit_config/share/colcon-core/packages/hogpie_arm_moveit_config)
[8.272s] Level 1:colcon.colcon_core.environment:create_environment_scripts_only(planar_arm_moveit_config)
[8.274s] Level 1:colcon.colcon_core.environment:checking '/home/groep8/rs2_ws/install/planar_arm_moveit_config' for CMake module files
[8.274s] DEBUG:colcon.colcon_core.event_handler.log_command:Invoked command in '/home/groep8/rs2_ws/build/planar_arm_moveit_config' returned '0': CMAKE_PREFIX_PATH=/home/groep8/rs2_ws/install/my_robot_description:/home/groep8/rs2_ws/install/planar_arm_moveit_config:/home/groep8/rs2_ws/install/hogpie_arm_moveit_config:/home/groep8/dxl_ws/install/dynamixel_sdk_examples:/home/groep8/dxl_ws/install/dynamixel_sdk_custom_interfaces:/home/groep8/dxl_ws/install/dynamixel_sdk:/opt/ros/jazzy/opt/sdformat_vendor:/opt/ros/jazzy/opt/gz_math_vendor:/opt/ros/jazzy/opt/gz_utils_vendor:/opt/ros/jazzy/opt/gz_tools_vendor:/opt/ros/jazzy/opt/gz_cmake_vendor:/home/groep8/rs2_ws/install/test_pkg:/home/groep8/rs2_ws/install/hogpie_servo_control:/home/groep8/rs2_ws/install/hogpie_controller_sensors:/home/groep8/rs2_ws/install/hogpie_arm_driver:/home/groep8/rs2_ws/install/hogpie_arm_description:/home/groep8/rs2_ws/install/aardbeien_detectie:/opt/ros/jazzy DEBUGINFOD_URLS=https://debuginfod.ubuntu.com /usr/bin/cmake --install /home/groep8/rs2_ws/build/planar_arm_moveit_config
[8.276s] Level 1:colcon.colcon_core.environment:checking '/home/groep8/rs2_ws/install/planar_arm_moveit_config' for CMake config files
[8.277s] Level 1:colcon.colcon_core.shell:create_environment_hook('planar_arm_moveit_config', 'cmake_prefix_path')
[8.278s] INFO:colcon.colcon_core.shell:Creating environment hook '/home/groep8/rs2_ws/install/planar_arm_moveit_config/share/planar_arm_moveit_config/hook/cmake_prefix_path.ps1'
[8.282s] INFO:colcon.colcon_core.shell:Creating environment descriptor '/home/groep8/rs2_ws/install/planar_arm_moveit_config/share/planar_arm_moveit_config/hook/cmake_prefix_path.dsv'
[8.284s] INFO:colcon.colcon_core.shell:Creating environment hook '/home/groep8/rs2_ws/install/planar_arm_moveit_config/share/planar_arm_moveit_config/hook/cmake_prefix_path.sh'
[8.289s] Level 1:colcon.colcon_core.environment:checking '/home/groep8/rs2_ws/install/planar_arm_moveit_config/bin'
[8.290s] Level 1:colcon.colcon_core.environment:checking '/home/groep8/rs2_ws/install/planar_arm_moveit_config/lib/pkgconfig/planar_arm_moveit_config.pc'
[8.291s] Level 1:colcon.colcon_core.environment:checking '/home/groep8/rs2_ws/install/planar_arm_moveit_config/lib/python3.12/site-packages'
[8.293s] Level 1:colcon.colcon_core.environment:checking '/home/groep8/rs2_ws/install/planar_arm_moveit_config/bin'
[8.295s] INFO:colcon.colcon_core.shell:Creating package script '/home/groep8/rs2_ws/install/planar_arm_moveit_config/share/planar_arm_moveit_config/package.ps1'
[8.299s] INFO:colcon.colcon_core.shell:Creating package descriptor '/home/groep8/rs2_ws/install/planar_arm_moveit_config/share/planar_arm_moveit_config/package.dsv'
[8.301s] INFO:colcon.colcon_core.shell:Creating package script '/home/groep8/rs2_ws/install/planar_arm_moveit_config/share/planar_arm_moveit_config/package.sh'
[8.304s] INFO:colcon.colcon_core.shell:Creating package script '/home/groep8/rs2_ws/install/planar_arm_moveit_config/share/planar_arm_moveit_config/package.bash'
[8.307s] INFO:colcon.colcon_core.shell:Creating package script '/home/groep8/rs2_ws/install/planar_arm_moveit_config/share/planar_arm_moveit_config/package.zsh'
[8.310s] Level 1:colcon.colcon_core.environment:create_file_with_runtime_dependencies(/home/groep8/rs2_ws/install/planar_arm_moveit_config/share/colcon-core/packages/planar_arm_moveit_config)
[8.314s] Level 1:colcon.colcon_core.environment:create_environment_scripts_only(planar_arm_moveit_config)
[8.315s] Level 1:colcon.colcon_core.environment:checking '/home/groep8/rs2_ws/install/planar_arm_moveit_config' for CMake module files
[8.317s] Level 1:colcon.colcon_core.environment:checking '/home/groep8/rs2_ws/install/planar_arm_moveit_config' for CMake config files
[8.319s] Level 1:colcon.colcon_core.shell:create_environment_hook('planar_arm_moveit_config', 'cmake_prefix_path')
[8.321s] INFO:colcon.colcon_core.shell:Creating environment hook '/home/groep8/rs2_ws/install/planar_arm_moveit_config/share/planar_arm_moveit_config/hook/cmake_prefix_path.ps1'
[8.324s] INFO:colcon.colcon_core.shell:Creating environment descriptor '/home/groep8/rs2_ws/install/planar_arm_moveit_config/share/planar_arm_moveit_config/hook/cmake_prefix_path.dsv'
[8.328s] INFO:colcon.colcon_core.shell:Creating environment hook '/home/groep8/rs2_ws/install/planar_arm_moveit_config/share/planar_arm_moveit_config/hook/cmake_prefix_path.sh'
[8.331s] Level 1:colcon.colcon_core.environment:checking '/home/groep8/rs2_ws/install/planar_arm_moveit_config/bin'
[8.332s] Level 1:colcon.colcon_core.environment:checking '/home/groep8/rs2_ws/install/planar_arm_moveit_config/lib/pkgconfig/planar_arm_moveit_config.pc'
[8.333s] Level 1:colcon.colcon_core.environment:checking '/home/groep8/rs2_ws/install/planar_arm_moveit_config/lib/python3.12/site-packages'
[8.335s] Level 1:colcon.colcon_core.environment:checking '/home/groep8/rs2_ws/install/planar_arm_moveit_config/bin'
[8.337s] INFO:colcon.colcon_core.shell:Creating package script '/home/groep8/rs2_ws/install/planar_arm_moveit_config/share/planar_arm_moveit_config/package.ps1'
[8.341s] INFO:colcon.colcon_core.shell:Creating package descriptor '/home/groep8/rs2_ws/install/planar_arm_moveit_config/share/planar_arm_moveit_config/package.dsv'
[8.345s] INFO:colcon.colcon_core.shell:Creating package script '/home/groep8/rs2_ws/install/planar_arm_moveit_config/share/planar_arm_moveit_config/package.sh'
[8.348s] INFO:colcon.colcon_core.shell:Creating package script '/home/groep8/rs2_ws/install/planar_arm_moveit_config/share/planar_arm_moveit_config/package.bash'
[8.352s] INFO:colcon.colcon_core.shell:Creating package script '/home/groep8/rs2_ws/install/planar_arm_moveit_config/share/planar_arm_moveit_config/package.zsh'
[8.354s] Level 1:colcon.colcon_core.environment:create_file_with_runtime_dependencies(/home/groep8/rs2_ws/install/planar_arm_moveit_config/share/colcon-core/packages/planar_arm_moveit_config)
[8.424s] Level 1:colcon.colcon_core.environment:checking '/home/groep8/rs2_ws/install/hogpie_controller_sensors' for CMake module files
[8.426s] DEBUG:colcon.colcon_core.event_handler.log_command:Invoked command in '/home/groep8/rs2_ws/src/hogpie_controller_sensors' returned '0': DEBUGINFOD_URLS=https://debuginfod.ubuntu.com PYTHONPATH=/home/groep8/rs2_ws/build/hogpie_controller_sensors/prefix_override:/usr/lib/python3/dist-packages/colcon_core/task/python/colcon_distutils_commands:/home/groep8/rs2_ws/install/hogpie_controller_sensors/lib/python3.12/site-packages:${PYTHONPATH} /usr/bin/python3 -W ignore:setup.py install is deprecated -W ignore:easy_install command is deprecated setup.py egg_info --egg-base ../../build/hogpie_controller_sensors build --build-base /home/groep8/rs2_ws/build/hogpie_controller_sensors/build install --record /home/groep8/rs2_ws/build/hogpie_controller_sensors/install.log --single-version-externally-managed install_data
[8.427s] Level 1:colcon.colcon_core.environment:checking '/home/groep8/rs2_ws/install/hogpie_controller_sensors' for CMake config files
[8.429s] Level 1:colcon.colcon_core.environment:checking '/home/groep8/rs2_ws/install/hogpie_controller_sensors/lib'
[8.429s] Level 1:colcon.colcon_core.environment:checking '/home/groep8/rs2_ws/install/hogpie_controller_sensors/bin'
[8.430s] Level 1:colcon.colcon_core.environment:checking '/home/groep8/rs2_ws/install/hogpie_controller_sensors/lib/pkgconfig/hogpie_controller_sensors.pc'
[8.430s] Level 1:colcon.colcon_core.environment:checking '/home/groep8/rs2_ws/install/hogpie_controller_sensors/lib/python3.12/site-packages'
[8.431s] Level 1:colcon.colcon_core.shell:create_environment_hook('hogpie_controller_sensors', 'pythonpath')
[8.432s] INFO:colcon.colcon_core.shell:Creating environment hook '/home/groep8/rs2_ws/install/hogpie_controller_sensors/share/hogpie_controller_sensors/hook/pythonpath.ps1'
[8.437s] INFO:colcon.colcon_core.shell:Creating environment descriptor '/home/groep8/rs2_ws/install/hogpie_controller_sensors/share/hogpie_controller_sensors/hook/pythonpath.dsv'
[8.440s] INFO:colcon.colcon_core.shell:Creating environment hook '/home/groep8/rs2_ws/install/hogpie_controller_sensors/share/hogpie_controller_sensors/hook/pythonpath.sh'
[8.448s] Level 1:colcon.colcon_core.environment:checking '/home/groep8/rs2_ws/install/hogpie_controller_sensors/bin'
[8.449s] Level 1:colcon.colcon_core.environment:create_environment_scripts_only(hogpie_controller_sensors)
[8.451s] INFO:colcon.colcon_core.shell:Creating package script '/home/groep8/rs2_ws/install/hogpie_controller_sensors/share/hogpie_controller_sensors/package.ps1'
[8.455s] INFO:colcon.colcon_core.shell:Creating package descriptor '/home/groep8/rs2_ws/install/hogpie_controller_sensors/share/hogpie_controller_sensors/package.dsv'
[8.457s] INFO:colcon.colcon_core.shell:Creating package script '/home/groep8/rs2_ws/install/hogpie_controller_sensors/share/hogpie_controller_sensors/package.sh'
[8.460s] INFO:colcon.colcon_core.shell:Creating package script '/home/groep8/rs2_ws/install/hogpie_controller_sensors/share/hogpie_controller_sensors/package.bash'
[8.462s] INFO:colcon.colcon_core.shell:Creating package script '/home/groep8/rs2_ws/install/hogpie_controller_sensors/share/hogpie_controller_sensors/package.zsh'
[8.464s] Level 1:colcon.colcon_core.environment:create_file_with_runtime_dependencies(/home/groep8/rs2_ws/install/hogpie_controller_sensors/share/colcon-core/packages/hogpie_controller_sensors)
[9.603s] DEBUG:colcon.colcon_core.event_handler.log_command:Invoking command in '/home/groep8/rs2_ws/src/hogpie_servo_control': DEBUGINFOD_URLS=https://debuginfod.ubuntu.com PYTHONPATH=/home/groep8/rs2_ws/build/hogpie_servo_control/prefix_override:/usr/lib/python3/dist-packages/colcon_core/task/python/colcon_distutils_commands:/home/groep8/rs2_ws/install/hogpie_servo_control/lib/python3.12/site-packages:${PYTHONPATH} /usr/bin/python3 -W ignore:setup.py install is deprecated -W ignore:easy_install command is deprecated setup.py egg_info --egg-base ../../build/hogpie_servo_control build --build-base /home/groep8/rs2_ws/build/hogpie_servo_control/build install --record /home/groep8/rs2_ws/build/hogpie_servo_control/install.log --single-version-externally-managed install_data
[11.034s] Level 1:colcon.colcon_core.environment:checking '/home/groep8/rs2_ws/install/hogpie_servo_control' for CMake module files
[11.036s] DEBUG:colcon.colcon_core.event_handler.log_command:Invoked command in '/home/groep8/rs2_ws/src/hogpie_servo_control' returned '0': DEBUGINFOD_URLS=https://debuginfod.ubuntu.com PYTHONPATH=/home/groep8/rs2_ws/build/hogpie_servo_control/prefix_override:/usr/lib/python3/dist-packages/colcon_core/task/python/colcon_distutils_commands:/home/groep8/rs2_ws/install/hogpie_servo_control/lib/python3.12/site-packages:${PYTHONPATH} /usr/bin/python3 -W ignore:setup.py install is deprecated -W ignore:easy_install command is deprecated setup.py egg_info --egg-base ../../build/hogpie_servo_control build --build-base /home/groep8/rs2_ws/build/hogpie_servo_control/build install --record /home/groep8/rs2_ws/build/hogpie_servo_control/install.log --single-version-externally-managed install_data
[11.037s] Level 1:colcon.colcon_core.environment:checking '/home/groep8/rs2_ws/install/hogpie_servo_control' for CMake config files
[11.039s] Level 1:colcon.colcon_core.environment:checking '/home/groep8/rs2_ws/install/hogpie_servo_control/lib'
[11.039s] Level 1:colcon.colcon_core.environment:checking '/home/groep8/rs2_ws/install/hogpie_servo_control/bin'
[11.039s] Level 1:colcon.colcon_core.environment:checking '/home/groep8/rs2_ws/install/hogpie_servo_control/lib/pkgconfig/hogpie_servo_control.pc'
[11.040s] Level 1:colcon.colcon_core.environment:checking '/home/groep8/rs2_ws/install/hogpie_servo_control/lib/python3.12/site-packages'
[11.040s] Level 1:colcon.colcon_core.shell:create_environment_hook('hogpie_servo_control', 'pythonpath')
[11.041s] INFO:colcon.colcon_core.shell:Creating environment hook '/home/groep8/rs2_ws/install/hogpie_servo_control/share/hogpie_servo_control/hook/pythonpath.ps1'
[11.043s] INFO:colcon.colcon_core.shell:Creating environment descriptor '/home/groep8/rs2_ws/install/hogpie_servo_control/share/hogpie_servo_control/hook/pythonpath.dsv'
[11.046s] INFO:colcon.colcon_core.shell:Creating environment hook '/home/groep8/rs2_ws/install/hogpie_servo_control/share/hogpie_servo_control/hook/pythonpath.sh'
[11.050s] Level 1:colcon.colcon_core.environment:checking '/home/groep8/rs2_ws/install/hogpie_servo_control/bin'
[11.050s] Level 1:colcon.colcon_core.environment:create_environment_scripts_only(hogpie_servo_control)
[11.052s] INFO:colcon.colcon_core.shell:Creating package script '/home/groep8/rs2_ws/install/hogpie_servo_control/share/hogpie_servo_control/package.ps1'
[11.055s] INFO:colcon.colcon_core.shell:Creating package descriptor '/home/groep8/rs2_ws/install/hogpie_servo_control/share/hogpie_servo_control/package.dsv'
[11.057s] INFO:colcon.colcon_core.shell:Creating package script '/home/groep8/rs2_ws/install/hogpie_servo_control/share/hogpie_servo_control/package.sh'
[11.058s] INFO:colcon.colcon_core.shell:Creating package script '/home/groep8/rs2_ws/install/hogpie_servo_control/share/hogpie_servo_control/package.bash'
[11.061s] INFO:colcon.colcon_core.shell:Creating package script '/home/groep8/rs2_ws/install/hogpie_servo_control/share/hogpie_servo_control/package.zsh'
[11.063s] Level 1:colcon.colcon_core.environment:create_file_with_runtime_dependencies(/home/groep8/rs2_ws/install/hogpie_servo_control/share/colcon-core/packages/hogpie_servo_control)
[11.064s] DEBUG:colcon.colcon_parallel_executor.executor.parallel:closing loop
[11.066s] DEBUG:colcon.colcon_parallel_executor.executor.parallel:loop closed
[11.068s] DEBUG:colcon.colcon_parallel_executor.executor.parallel:run_until_complete finished with '0'
[11.068s] DEBUG:colcon.colcon_core.event_reactor:joining thread
[11.160s] INFO:colcon.colcon_core.plugin_system:Skipping extension 'colcon_notification.desktop_notification.terminal_notifier': Not used on non-Darwin systems
[11.160s] INFO:colcon.colcon_core.plugin_system:Skipping extension 'colcon_notification.desktop_notification.win32': Not used on non-Windows systems
[11.160s] INFO:colcon.colcon_notification.desktop_notification:Sending desktop notification using 'notify2'
[11.224s] DEBUG:colcon.colcon_core.event_reactor:joined thread
[11.225s] INFO:colcon.colcon_core.shell:Creating prefix script '/home/groep8/rs2_ws/install/local_setup.ps1'
[11.228s] INFO:colcon.colcon_core.shell:Creating prefix util module '/home/groep8/rs2_ws/install/_local_setup_util_ps1.py'
[11.234s] INFO:colcon.colcon_core.shell:Creating prefix chain script '/home/groep8/rs2_ws/install/setup.ps1'
[11.241s] INFO:colcon.colcon_core.shell:Creating prefix script '/home/groep8/rs2_ws/install/local_setup.sh'
[11.243s] INFO:colcon.colcon_core.shell:Creating prefix util module '/home/groep8/rs2_ws/install/_local_setup_util_sh.py'
[11.245s] INFO:colcon.colcon_core.shell:Creating prefix chain script '/home/groep8/rs2_ws/install/setup.sh'
[11.247s] INFO:colcon.colcon_core.shell:Creating prefix script '/home/groep8/rs2_ws/install/local_setup.bash'
[11.248s] INFO:colcon.colcon_core.shell:Creating prefix chain script '/home/groep8/rs2_ws/install/setup.bash'
[11.252s] INFO:colcon.colcon_core.shell:Creating prefix script '/home/groep8/rs2_ws/install/local_setup.zsh'
[11.255s] INFO:colcon.colcon_core.shell:Creating prefix chain script '/home/groep8/rs2_ws/install/setup.zsh'
