[8.341s] Invoking command in '/home/groep8/rs2_ws/src/hogpie_servo_control': DEBUGINFOD_URLS=https://debuginfod.ubuntu.com PYTHONPATH=/home/groep8/rs2_ws/src/build/hogpie_servo_control/prefix_override:/usr/lib/python3/dist-packages/colcon_core/task/python/colcon_distutils_commands:/home/groep8/rs2_ws/src/install/hogpie_servo_control/lib/python3.12/site-packages:${PYTHONPATH} /usr/bin/python3 -W ignore:setup.py install is deprecated -W ignore:easy_install command is deprecated setup.py egg_info --egg-base ../build/hogpie_servo_control build --build-base /home/groep8/rs2_ws/src/build/hogpie_servo_control/build install --record /home/groep8/rs2_ws/src/build/hogpie_servo_control/install.log --single-version-externally-managed install_data
[10.775s] running egg_info
[10.775s] creating ../build/hogpie_servo_control/hogpie_servo_control.egg-info
[10.986s] writing ../build/hogpie_servo_control/hogpie_servo_control.egg-info/PKG-INFO
[10.986s] writing dependency_links to ../build/hogpie_servo_control/hogpie_servo_control.egg-info/dependency_links.txt
[10.987s] writing entry points to ../build/hogpie_servo_control/hogpie_servo_control.egg-info/entry_points.txt
[10.990s] writing requirements to ../build/hogpie_servo_control/hogpie_servo_control.egg-info/requires.txt
[10.990s] writing top-level names to ../build/hogpie_servo_control/hogpie_servo_control.egg-info/top_level.txt
[10.990s] writing manifest file '../build/hogpie_servo_control/hogpie_servo_control.egg-info/SOURCES.txt'
[11.250s] reading manifest file '../build/hogpie_servo_control/hogpie_servo_control.egg-info/SOURCES.txt'
[11.254s] writing manifest file '../build/hogpie_servo_control/hogpie_servo_control.egg-info/SOURCES.txt'
[11.257s] running build
[11.257s] running build_py
[11.257s] creating /home/groep8/rs2_ws/src/build/hogpie_servo_control/build
[11.260s] creating /home/groep8/rs2_ws/src/build/hogpie_servo_control/build/lib
[11.260s] creating /home/groep8/rs2_ws/src/build/hogpie_servo_control/build/lib/hogpie_servo_control
[11.260s] copying hogpie_servo_control/__init__.py -> /home/groep8/rs2_ws/src/build/hogpie_servo_control/build/lib/hogpie_servo_control
[11.262s] copying hogpie_servo_control/ax12_driver.py -> /home/groep8/rs2_ws/src/build/hogpie_servo_control/build/lib/hogpie_servo_control
[11.264s] running install
[11.287s] running install_lib
[11.398s] creating /home/groep8/rs2_ws/src/install/hogpie_servo_control/lib/python3.12/site-packages/hogpie_servo_control
[11.399s] copying /home/groep8/rs2_ws/src/build/hogpie_servo_control/build/lib/hogpie_servo_control/__init__.py -> /home/groep8/rs2_ws/src/install/hogpie_servo_control/lib/python3.12/site-packages/hogpie_servo_control
[11.403s] copying /home/groep8/rs2_ws/src/build/hogpie_servo_control/build/lib/hogpie_servo_control/ax12_driver.py -> /home/groep8/rs2_ws/src/install/hogpie_servo_control/lib/python3.12/site-packages/hogpie_servo_control
[11.407s] byte-compiling /home/groep8/rs2_ws/src/install/hogpie_servo_control/lib/python3.12/site-packages/hogpie_servo_control/__init__.py to __init__.cpython-312.pyc
[11.407s] byte-compiling /home/groep8/rs2_ws/src/install/hogpie_servo_control/lib/python3.12/site-packages/hogpie_servo_control/ax12_driver.py to ax12_driver.cpython-312.pyc
[11.407s] running install_data
[11.408s] creating /home/groep8/rs2_ws/src/install/hogpie_servo_control/share/ament_index
[11.408s] creating /home/groep8/rs2_ws/src/install/hogpie_servo_control/share/ament_index/resource_index
[11.408s] creating /home/groep8/rs2_ws/src/install/hogpie_servo_control/share/ament_index/resource_index/packages
[11.408s] copying resource/hogpie_servo_control -> /home/groep8/rs2_ws/src/install/hogpie_servo_control/share/ament_index/resource_index/packages
[11.408s] copying package.xml -> /home/groep8/rs2_ws/src/install/hogpie_servo_control/share/hogpie_servo_control
[11.408s] running install_egg_info
[11.560s] Copying ../build/hogpie_servo_control/hogpie_servo_control.egg-info to /home/groep8/rs2_ws/src/install/hogpie_servo_control/lib/python3.12/site-packages/hogpie_servo_control-0.0.0-py3.12.egg-info
[11.568s] running install_scripts
[12.935s] Installing ax12_driver script to /home/groep8/rs2_ws/src/install/hogpie_servo_control/lib/hogpie_servo_control
[12.942s] writing list of installed files to '/home/groep8/rs2_ws/src/build/hogpie_servo_control/install.log'
[13.254s] Invoked command in '/home/groep8/rs2_ws/src/hogpie_servo_control' returned '0': DEBUGINFOD_URLS=https://debuginfod.ubuntu.com PYTHONPATH=/home/groep8/rs2_ws/src/build/hogpie_servo_control/prefix_override:/usr/lib/python3/dist-packages/colcon_core/task/python/colcon_distutils_commands:/home/groep8/rs2_ws/src/install/hogpie_servo_control/lib/python3.12/site-packages:${PYTHONPATH} /usr/bin/python3 -W ignore:setup.py install is deprecated -W ignore:easy_install command is deprecated setup.py egg_info --egg-base ../build/hogpie_servo_control build --build-base /home/groep8/rs2_ws/src/build/hogpie_servo_control/build install --record /home/groep8/rs2_ws/src/build/hogpie_servo_control/install.log --single-version-externally-managed install_data
