/home/groep8/rs2_ws/install/hogpie_controller_sensors/lib/python3.12/site-packages/hogpie_controller_sensors/ik_test.py
/home/groep8/rs2_ws/install/hogpie_controller_sensors/lib/python3.12/site-packages/hogpie_controller_sensors/test.py
/home/groep8/rs2_ws/install/hogpie_controller_sensors/lib/python3.12/site-packages/hogpie_controller_sensors/hogpie_pose_test.py
/home/groep8/rs2_ws/install/hogpie_controller_sensors/lib/python3.12/site-packages/hogpie_controller_sensors/controller_sensors_input.py
/home/groep8/rs2_ws/install/hogpie_controller_sensors/lib/python3.12/site-packages/hogpie_controller_sensors/IkOnly.py
/home/groep8/rs2_ws/install/hogpie_controller_sensors/lib/python3.12/site-packages/hogpie_controller_sensors/__init__.py
/home/groep8/rs2_ws/install/hogpie_controller_sensors/lib/python3.12/site-packages/hogpie_controller_sensors/workspace_scan.py
/home/groep8/rs2_ws/install/hogpie_controller_sensors/lib/python3.12/site-packages/hogpie_controller_sensors/controller_data_qual.py
/home/groep8/rs2_ws/install/hogpie_controller_sensors/lib/python3.12/site-packages/hogpie_controller_sensors/controller_data_reform.py
/home/groep8/rs2_ws/install/hogpie_controller_sensors/lib/python3.12/site-packages/hogpie_controller_sensors/tcp_arm_controller.py
/home/groep8/rs2_ws/install/hogpie_controller_sensors/lib/python3.12/site-packages/hogpie_controller_sensors/pose_commander_backpy.py
/home/groep8/rs2_ws/install/hogpie_controller_sensors/lib/python3.12/site-packages/hogpie_controller_sensors/moveit_pose_commander.py
/home/groep8/rs2_ws/install/hogpie_controller_sensors/lib/python3.12/site-packages/hogpie_controller_sensors/__pycache__/ik_test.cpython-312.pyc
/home/groep8/rs2_ws/install/hogpie_controller_sensors/lib/python3.12/site-packages/hogpie_controller_sensors/__pycache__/test.cpython-312.pyc
/home/groep8/rs2_ws/install/hogpie_controller_sensors/lib/python3.12/site-packages/hogpie_controller_sensors/__pycache__/hogpie_pose_test.cpython-312.pyc
/home/groep8/rs2_ws/install/hogpie_controller_sensors/lib/python3.12/site-packages/hogpie_controller_sensors/__pycache__/controller_sensors_input.cpython-312.pyc
/home/groep8/rs2_ws/install/hogpie_controller_sensors/lib/python3.12/site-packages/hogpie_controller_sensors/__pycache__/IkOnly.cpython-312.pyc
/home/groep8/rs2_ws/install/hogpie_controller_sensors/lib/python3.12/site-packages/hogpie_controller_sensors/__pycache__/__init__.cpython-312.pyc
/home/groep8/rs2_ws/install/hogpie_controller_sensors/lib/python3.12/site-packages/hogpie_controller_sensors/__pycache__/workspace_scan.cpython-312.pyc
/home/groep8/rs2_ws/install/hogpie_controller_sensors/lib/python3.12/site-packages/hogpie_controller_sensors/__pycache__/controller_data_qual.cpython-312.pyc
/home/groep8/rs2_ws/install/hogpie_controller_sensors/lib/python3.12/site-packages/hogpie_controller_sensors/__pycache__/controller_data_reform.cpython-312.pyc
/home/groep8/rs2_ws/install/hogpie_controller_sensors/lib/python3.12/site-packages/hogpie_controller_sensors/__pycache__/tcp_arm_controller.cpython-312.pyc
/home/groep8/rs2_ws/install/hogpie_controller_sensors/lib/python3.12/site-packages/hogpie_controller_sensors/__pycache__/pose_commander_backpy.cpython-312.pyc
/home/groep8/rs2_ws/install/hogpie_controller_sensors/lib/python3.12/site-packages/hogpie_controller_sensors/__pycache__/moveit_pose_commander.cpython-312.pyc
/home/groep8/rs2_ws/install/hogpie_controller_sensors/share/ament_index/resource_index/packages/hogpie_controller_sensors
/home/groep8/rs2_ws/install/hogpie_controller_sensors/share/hogpie_controller_sensors/package.xml
/home/groep8/rs2_ws/install/hogpie_controller_sensors/share/hogpie_controller_sensors/launch/moveit_pose_commander.launch.py
/home/groep8/rs2_ws/install/hogpie_controller_sensors/lib/python3.12/site-packages/hogpie_controller_sensors-0.0.0-py3.12.egg-info/requires.txt
/home/groep8/rs2_ws/install/hogpie_controller_sensors/lib/python3.12/site-packages/hogpie_controller_sensors-0.0.0-py3.12.egg-info/top_level.txt
/home/groep8/rs2_ws/install/hogpie_controller_sensors/lib/python3.12/site-packages/hogpie_controller_sensors-0.0.0-py3.12.egg-info/zip-safe
/home/groep8/rs2_ws/install/hogpie_controller_sensors/lib/python3.12/site-packages/hogpie_controller_sensors-0.0.0-py3.12.egg-info/PKG-INFO
/home/groep8/rs2_ws/install/hogpie_controller_sensors/lib/python3.12/site-packages/hogpie_controller_sensors-0.0.0-py3.12.egg-info/SOURCES.txt
/home/groep8/rs2_ws/install/hogpie_controller_sensors/lib/python3.12/site-packages/hogpie_controller_sensors-0.0.0-py3.12.egg-info/dependency_links.txt
/home/groep8/rs2_ws/install/hogpie_controller_sensors/lib/python3.12/site-packages/hogpie_controller_sensors-0.0.0-py3.12.egg-info/entry_points.txt
/home/groep8/rs2_ws/install/hogpie_controller_sensors/lib/hogpie_controller_sensors/IkOnly
/home/groep8/rs2_ws/install/hogpie_controller_sensors/lib/hogpie_controller_sensors/data_converter
/home/groep8/rs2_ws/install/hogpie_controller_sensors/lib/hogpie_controller_sensors/ik_test
/home/groep8/rs2_ws/install/hogpie_controller_sensors/lib/hogpie_controller_sensors/moveit_commander
/home/groep8/rs2_ws/install/hogpie_controller_sensors/lib/hogpie_controller_sensors/pose_backup
/home/groep8/rs2_ws/install/hogpie_controller_sensors/lib/hogpie_controller_sensors/pose_test
/home/groep8/rs2_ws/install/hogpie_controller_sensors/lib/hogpie_controller_sensors/tcp_arm_controller
/home/groep8/rs2_ws/install/hogpie_controller_sensors/lib/hogpie_controller_sensors/tcp_listener
/home/groep8/rs2_ws/install/hogpie_controller_sensors/lib/hogpie_controller_sensors/workspace_scan
