[2.001s] Invoking command in '/home/groep8/rs2_ws/src/hogpie_controller_sensors': DEBUGINFOD_URLS=https://debuginfod.ubuntu.com PYTHONPATH=/home/groep8/rs2_ws/src/build/hogpie_controller_sensors/prefix_override:/usr/lib/python3/dist-packages/colcon_core/task/python/colcon_distutils_commands:/home/groep8/rs2_ws/src/install/hogpie_controller_sensors/lib/python3.12/site-packages:${PYTHONPATH} /usr/bin/python3 -W ignore:setup.py install is deprecated -W ignore:easy_install command is deprecated setup.py egg_info --egg-base ../build/hogpie_controller_sensors build --build-base /home/groep8/rs2_ws/src/build/hogpie_controller_sensors/build install --record /home/groep8/rs2_ws/src/build/hogpie_controller_sensors/install.log --single-version-externally-managed install_data
[2.688s] running egg_info
[2.727s] writing ../build/hogpie_controller_sensors/hogpie_controller_sensors.egg-info/PKG-INFO
[2.727s] writing dependency_links to ../build/hogpie_controller_sensors/hogpie_controller_sensors.egg-info/dependency_links.txt
[2.731s] writing entry points to ../build/hogpie_controller_sensors/hogpie_controller_sensors.egg-info/entry_points.txt
[2.732s] writing requirements to ../build/hogpie_controller_sensors/hogpie_controller_sensors.egg-info/requires.txt
[2.733s] writing top-level names to ../build/hogpie_controller_sensors/hogpie_controller_sensors.egg-info/top_level.txt
[2.849s] reading manifest file '../build/hogpie_controller_sensors/hogpie_controller_sensors.egg-info/SOURCES.txt'
[2.852s] writing manifest file '../build/hogpie_controller_sensors/hogpie_controller_sensors.egg-info/SOURCES.txt'
[2.852s] running build
[2.852s] running build_py
[2.853s] running install
[2.874s] running install_lib
[2.926s] running install_data
[2.927s] running install_egg_info
[2.962s] removing '/home/groep8/rs2_ws/src/install/hogpie_controller_sensors/lib/python3.12/site-packages/hogpie_controller_sensors-0.0.0-py3.12.egg-info' (and everything under it)
[2.966s] Copying ../build/hogpie_controller_sensors/hogpie_controller_sensors.egg-info to /home/groep8/rs2_ws/src/install/hogpie_controller_sensors/lib/python3.12/site-packages/hogpie_controller_sensors-0.0.0-py3.12.egg-info
[2.966s] running install_scripts
[3.253s] Installing data_converter script to /home/groep8/rs2_ws/src/install/hogpie_controller_sensors/lib/hogpie_controller_sensors
[3.253s] Installing ik_test script to /home/groep8/rs2_ws/src/install/hogpie_controller_sensors/lib/hogpie_controller_sensors
[3.258s] Installing moveit_commander script to /home/groep8/rs2_ws/src/install/hogpie_controller_sensors/lib/hogpie_controller_sensors
[3.259s] Installing pose_test script to /home/groep8/rs2_ws/src/install/hogpie_controller_sensors/lib/hogpie_controller_sensors
[3.267s] Installing tcp_arm_controller script to /home/groep8/rs2_ws/src/install/hogpie_controller_sensors/lib/hogpie_controller_sensors
[3.269s] Installing tcp_listener script to /home/groep8/rs2_ws/src/install/hogpie_controller_sensors/lib/hogpie_controller_sensors
[3.269s] Installing workspace_scan script to /home/groep8/rs2_ws/src/install/hogpie_controller_sensors/lib/hogpie_controller_sensors
[3.273s] writing list of installed files to '/home/groep8/rs2_ws/src/build/hogpie_controller_sensors/install.log'
