[5.402s] Invoking command in '/home/groep8/rs2_ws/src/hogpie_controller_sensors': DEBUGINFOD_URLS=https://debuginfod.ubuntu.com PYTHONPATH=/home/groep8/rs2_ws/build/hogpie_controller_sensors/prefix_override:/usr/lib/python3/dist-packages/colcon_core/task/python/colcon_distutils_commands:/home/groep8/rs2_ws/install/hogpie_controller_sensors/lib/python3.12/site-packages:${PYTHONPATH} /usr/bin/python3 -W ignore:setup.py install is deprecated -W ignore:easy_install command is deprecated setup.py egg_info --egg-base ../../build/hogpie_controller_sensors build --build-base /home/groep8/rs2_ws/build/hogpie_controller_sensors/build install --record /home/groep8/rs2_ws/build/hogpie_controller_sensors/install.log --single-version-externally-managed install_data
[7.496s] running egg_info
[7.619s] writing ../../build/hogpie_controller_sensors/hogpie_controller_sensors.egg-info/PKG-INFO
[7.625s] writing dependency_links to ../../build/hogpie_controller_sensors/hogpie_controller_sensors.egg-info/dependency_links.txt
[7.625s] writing entry points to ../../build/hogpie_controller_sensors/hogpie_controller_sensors.egg-info/entry_points.txt
[7.629s] writing requirements to ../../build/hogpie_controller_sensors/hogpie_controller_sensors.egg-info/requires.txt
[7.629s] writing top-level names to ../../build/hogpie_controller_sensors/hogpie_controller_sensors.egg-info/top_level.txt
[7.862s] reading manifest file '../../build/hogpie_controller_sensors/hogpie_controller_sensors.egg-info/SOURCES.txt'
[7.869s] writing manifest file '../../build/hogpie_controller_sensors/hogpie_controller_sensors.egg-info/SOURCES.txt'
[7.869s] running build
[7.870s] running build_py
[7.872s] running install
[7.905s] running install_lib
[8.023s] running install_data
[8.024s] running install_egg_info
[8.195s] removing '/home/groep8/rs2_ws/install/hogpie_controller_sensors/lib/python3.12/site-packages/hogpie_controller_sensors-0.0.0-py3.12.egg-info' (and everything under it)
[8.195s] Copying ../../build/hogpie_controller_sensors/hogpie_controller_sensors.egg-info to /home/groep8/rs2_ws/install/hogpie_controller_sensors/lib/python3.12/site-packages/hogpie_controller_sensors-0.0.0-py3.12.egg-info
[8.212s] running install_scripts
[8.955s] Installing data_converter script to /home/groep8/rs2_ws/install/hogpie_controller_sensors/lib/hogpie_controller_sensors
[8.960s] Installing ik_test script to /home/groep8/rs2_ws/install/hogpie_controller_sensors/lib/hogpie_controller_sensors
[8.962s] Installing moveit_commander script to /home/groep8/rs2_ws/install/hogpie_controller_sensors/lib/hogpie_controller_sensors
[8.962s] Installing pose_test script to /home/groep8/rs2_ws/install/hogpie_controller_sensors/lib/hogpie_controller_sensors
[8.964s] Installing tcp_listener script to /home/groep8/rs2_ws/install/hogpie_controller_sensors/lib/hogpie_controller_sensors
[8.966s] Installing workspace_scan script to /home/groep8/rs2_ws/install/hogpie_controller_sensors/lib/hogpie_controller_sensors
[8.974s] writing list of installed files to '/home/groep8/rs2_ws/build/hogpie_controller_sensors/install.log'
[9.337s] Invoked command in '/home/groep8/rs2_ws/src/hogpie_controller_sensors' returned '0': DEBUGINFOD_URLS=https://debuginfod.ubuntu.com PYTHONPATH=/home/groep8/rs2_ws/build/hogpie_controller_sensors/prefix_override:/usr/lib/python3/dist-packages/colcon_core/task/python/colcon_distutils_commands:/home/groep8/rs2_ws/install/hogpie_controller_sensors/lib/python3.12/site-packages:${PYTHONPATH} /usr/bin/python3 -W ignore:setup.py install is deprecated -W ignore:easy_install command is deprecated setup.py egg_info --egg-base ../../build/hogpie_controller_sensors build --build-base /home/groep8/rs2_ws/build/hogpie_controller_sensors/build install --record /home/groep8/rs2_ws/build/hogpie_controller_sensors/install.log --single-version-externally-managed install_data
