running egg_info
creating ../build/hogpie_controller_sensors/hogpie_controller_sensors.egg-info
writing ../build/hogpie_controller_sensors/hogpie_controller_sensors.egg-info/PKG-INFO
writing dependency_links to ../build/hogpie_controller_sensors/hogpie_controller_sensors.egg-info/dependency_links.txt
writing requirements to ../build/hogpie_controller_sensors/hogpie_controller_sensors.egg-info/requires.txt
writing top-level names to ../build/hogpie_controller_sensors/hogpie_controller_sensors.egg-info/top_level.txt
writing manifest file '../build/hogpie_controller_sensors/hogpie_controller_sensors.egg-info/SOURCES.txt'
reading manifest file '../build/hogpie_controller_sensors/hogpie_controller_sensors.egg-info/SOURCES.txt'
writing manifest file '../build/hogpie_controller_sensors/hogpie_controller_sensors.egg-info/SOURCES.txt'
running build
running build_py
creating /home/groep8/rs2_ws/src/build/hogpie_controller_sensors/build
creating /home/groep8/rs2_ws/src/build/hogpie_controller_sensors/build/lib
creating /home/groep8/rs2_ws/src/build/hogpie_controller_sensors/build/lib/hogpie_controller_sensors
copying hogpie_controller_sensors/controller_sensors_input.py -> /home/groep8/rs2_ws/src/build/hogpie_controller_sensors/build/lib/hogpie_controller_sensors
copying hogpie_controller_sensors/__init__.py -> /home/groep8/rs2_ws/src/build/hogpie_controller_sensors/build/lib/hogpie_controller_sensors
copying hogpie_controller_sensors/controller_data_reform.py -> /home/groep8/rs2_ws/src/build/hogpie_controller_sensors/build/lib/hogpie_controller_sensors
running install
running install_lib
creating /home/groep8/rs2_ws/src/install/hogpie_controller_sensors/lib/python3.12/site-packages/hogpie_controller_sensors
copying /home/groep8/rs2_ws/src/build/hogpie_controller_sensors/build/lib/hogpie_controller_sensors/controller_sensors_input.py -> /home/groep8/rs2_ws/src/install/hogpie_controller_sensors/lib/python3.12/site-packages/hogpie_controller_sensors
copying /home/groep8/rs2_ws/src/build/hogpie_controller_sensors/build/lib/hogpie_controller_sensors/__init__.py -> /home/groep8/rs2_ws/src/install/hogpie_controller_sensors/lib/python3.12/site-packages/hogpie_controller_sensors
copying /home/groep8/rs2_ws/src/build/hogpie_controller_sensors/build/lib/hogpie_controller_sensors/controller_data_reform.py -> /home/groep8/rs2_ws/src/install/hogpie_controller_sensors/lib/python3.12/site-packages/hogpie_controller_sensors
byte-compiling /home/groep8/rs2_ws/src/install/hogpie_controller_sensors/lib/python3.12/site-packages/hogpie_controller_sensors/controller_sensors_input.py to controller_sensors_input.cpython-312.pyc
byte-compiling /home/groep8/rs2_ws/src/install/hogpie_controller_sensors/lib/python3.12/site-packages/hogpie_controller_sensors/__init__.py to __init__.cpython-312.pyc
byte-compiling /home/groep8/rs2_ws/src/install/hogpie_controller_sensors/lib/python3.12/site-packages/hogpie_controller_sensors/controller_data_reform.py to controller_data_reform.cpython-312.pyc
running install_data
creating /home/groep8/rs2_ws/src/install/hogpie_controller_sensors/share/ament_index
creating /home/groep8/rs2_ws/src/install/hogpie_controller_sensors/share/ament_index/resource_index
creating /home/groep8/rs2_ws/src/install/hogpie_controller_sensors/share/ament_index/resource_index/packages
copying resource/hogpie_controller_sensors -> /home/groep8/rs2_ws/src/install/hogpie_controller_sensors/share/ament_index/resource_index/packages
copying package.xml -> /home/groep8/rs2_ws/src/install/hogpie_controller_sensors/share/hogpie_controller_sensors
running install_egg_info
Copying ../build/hogpie_controller_sensors/hogpie_controller_sensors.egg-info to /home/groep8/rs2_ws/src/install/hogpie_controller_sensors/lib/python3.12/site-packages/hogpie_controller_sensors-0.0.0-py3.12.egg-info
running install_scripts
writing list of installed files to '/home/groep8/rs2_ws/src/build/hogpie_controller_sensors/install.log'
