[1.356s] Invoking command in '/home/groep8/rs2_ws/build/hogpie_arm_driver': DEBUGINFOD_URLS=https://debuginfod.ubuntu.com PYTHONPATH=/home/groep8/rs2_ws/build/hogpie_arm_driver/prefix_override:/usr/lib/python3/dist-packages/colcon_core/task/python/colcon_distutils_commands:/home/groep8/rs2_ws/install/hogpie_arm_driver/lib/python3.12/site-packages:${PYTHONPATH} /usr/bin/python3 -W ignore:setup.py install is deprecated -W ignore:easy_install command is deprecated setup.py develop --editable --build-directory /home/groep8/rs2_ws/build/hogpie_arm_driver/build --no-deps symlink_data
[1.828s] running develop
[2.116s] running egg_info
[2.116s] creating hogpie_arm_driver.egg-info
[2.143s] writing hogpie_arm_driver.egg-info/PKG-INFO
[2.143s] writing dependency_links to hogpie_arm_driver.egg-info/dependency_links.txt
[2.143s] writing entry points to hogpie_arm_driver.egg-info/entry_points.txt
[2.143s] writing requirements to hogpie_arm_driver.egg-info/requires.txt
[2.144s] writing top-level names to hogpie_arm_driver.egg-info/top_level.txt
[2.144s] writing manifest file 'hogpie_arm_driver.egg-info/SOURCES.txt'
[2.197s] reading manifest file 'hogpie_arm_driver.egg-info/SOURCES.txt'
[2.198s] writing manifest file 'hogpie_arm_driver.egg-info/SOURCES.txt'
[2.240s] running build_ext
[2.240s] Creating /home/groep8/rs2_ws/install/hogpie_arm_driver/lib/python3.12/site-packages/hogpie-arm-driver.egg-link (link to .)
[2.242s] Installing fake_joint_state_publisher script to /home/groep8/rs2_ws/install/hogpie_arm_driver/lib/hogpie_arm_driver
[2.243s] 
[2.244s] Installed /home/groep8/rs2_ws/build/hogpie_arm_driver
[2.244s] running symlink_data
[2.244s] creating /home/groep8/rs2_ws/install/hogpie_arm_driver/share/ament_index
[2.245s] creating /home/groep8/rs2_ws/install/hogpie_arm_driver/share/ament_index/resource_index
[2.245s] creating /home/groep8/rs2_ws/install/hogpie_arm_driver/share/ament_index/resource_index/packages
[2.245s] symbolically linking /home/groep8/rs2_ws/build/hogpie_arm_driver/resource/hogpie_arm_driver -> /home/groep8/rs2_ws/install/hogpie_arm_driver/share/ament_index/resource_index/packages
[2.245s] symbolically linking /home/groep8/rs2_ws/build/hogpie_arm_driver/package.xml -> /home/groep8/rs2_ws/install/hogpie_arm_driver/share/hogpie_arm_driver
[2.424s] Invoked command in '/home/groep8/rs2_ws/build/hogpie_arm_driver' returned '0': DEBUGINFOD_URLS=https://debuginfod.ubuntu.com PYTHONPATH=/home/groep8/rs2_ws/build/hogpie_arm_driver/prefix_override:/usr/lib/python3/dist-packages/colcon_core/task/python/colcon_distutils_commands:/home/groep8/rs2_ws/install/hogpie_arm_driver/lib/python3.12/site-packages:${PYTHONPATH} /usr/bin/python3 -W ignore:setup.py install is deprecated -W ignore:easy_install command is deprecated setup.py develop --editable --build-directory /home/groep8/rs2_ws/build/hogpie_arm_driver/build --no-deps symlink_data
