[0.076s] Invoking command in '/home/groep8/rs2_ws/build/my_robot_description': CMAKE_PREFIX_PATH=${CMAKE_PREFIX_PATH}:/home/groep8/rs2_ws/install/test_pkg:/opt/ros/jazzy DEBUGINFOD_URLS=https://debuginfod.ubuntu.com /usr/bin/cmake /home/groep8/rs2_ws/src/my_robot_description -DCMAKE_INSTALL_PREFIX=/home/groep8/rs2_ws/install/my_robot_description
[0.136s] -- Found ament_cmake: 2.5.6 (/opt/ros/jazzy/share/ament_cmake/cmake)
[1.698s] -- Override CMake install command with custom implementation using symlinks instead of copying resources
[1.724s] -- Found ament_lint_auto: 0.17.5 (/opt/ros/jazzy/share/ament_lint_auto/cmake)
[2.192s] -- Added test 'flake8' to check Python code syntax and style conventions
[2.194s] -- Configured 'flake8' exclude dirs and/or files: 
[2.195s] -- Added test 'lint_cmake' to check CMake code style
[2.198s] -- Added test 'pep257' to check Python code against some of the docstring style conventions in PEP 257
[2.204s] -- Added test 'xmllint' to check XML markup files
[2.209s] -- Configuring done (2.1s)
[2.224s] -- Generating done (0.0s)
[2.247s] -- Build files have been written to: /home/groep8/rs2_ws/build/my_robot_description
[2.262s] Invoked command in '/home/groep8/rs2_ws/build/my_robot_description' returned '0': CMAKE_PREFIX_PATH=${CMAKE_PREFIX_PATH}:/home/groep8/rs2_ws/install/test_pkg:/opt/ros/jazzy DEBUGINFOD_URLS=https://debuginfod.ubuntu.com /usr/bin/cmake /home/groep8/rs2_ws/src/my_robot_description -DCMAKE_INSTALL_PREFIX=/home/groep8/rs2_ws/install/my_robot_description
[2.270s] Invoking command in '/home/groep8/rs2_ws/build/my_robot_description': CMAKE_PREFIX_PATH=${CMAKE_PREFIX_PATH}:/home/groep8/rs2_ws/install/test_pkg:/opt/ros/jazzy DEBUGINFOD_URLS=https://debuginfod.ubuntu.com /usr/bin/cmake --build /home/groep8/rs2_ws/build/my_robot_description -- -j4 -l4
[2.453s] Invoked command in '/home/groep8/rs2_ws/build/my_robot_description' returned '0': CMAKE_PREFIX_PATH=${CMAKE_PREFIX_PATH}:/home/groep8/rs2_ws/install/test_pkg:/opt/ros/jazzy DEBUGINFOD_URLS=https://debuginfod.ubuntu.com /usr/bin/cmake --build /home/groep8/rs2_ws/build/my_robot_description -- -j4 -l4
[2.493s] Invoking command in '/home/groep8/rs2_ws/build/my_robot_description': CMAKE_PREFIX_PATH=${CMAKE_PREFIX_PATH}:/home/groep8/rs2_ws/install/test_pkg:/opt/ros/jazzy DEBUGINFOD_URLS=https://debuginfod.ubuntu.com /usr/bin/cmake --install /home/groep8/rs2_ws/build/my_robot_description
[2.538s] -- Install configuration: ""
[2.541s] -- Execute custom install script
[2.541s] -- Up-to-date symlink: /home/groep8/rs2_ws/install/my_robot_description/share/my_robot_description/launch/display.launch.py
[2.542s] -- Up-to-date symlink: /home/groep8/rs2_ws/install/my_robot_description/share/my_robot_description/urdf/robot.urdf
[2.543s] -- Up-to-date symlink: /home/groep8/rs2_ws/install/my_robot_description/share/my_robot_description/urdf/robot.urdf.xacro
[2.545s] -- Up-to-date symlink: /home/groep8/rs2_ws/install/my_robot_description/share/ament_index/resource_index/package_run_dependencies/my_robot_description
[2.546s] -- Up-to-date symlink: /home/groep8/rs2_ws/install/my_robot_description/share/ament_index/resource_index/parent_prefix_path/my_robot_description
[2.546s] -- Up-to-date symlink: /home/groep8/rs2_ws/install/my_robot_description/share/my_robot_description/environment/ament_prefix_path.sh
[2.546s] -- Up-to-date symlink: /home/groep8/rs2_ws/install/my_robot_description/share/my_robot_description/environment/ament_prefix_path.dsv
[2.546s] -- Up-to-date symlink: /home/groep8/rs2_ws/install/my_robot_description/share/my_robot_description/environment/path.sh
[2.548s] -- Up-to-date symlink: /home/groep8/rs2_ws/install/my_robot_description/share/my_robot_description/environment/path.dsv
[2.548s] -- Up-to-date symlink: /home/groep8/rs2_ws/install/my_robot_description/share/my_robot_description/local_setup.bash
[2.548s] -- Up-to-date symlink: /home/groep8/rs2_ws/install/my_robot_description/share/my_robot_description/local_setup.sh
[2.549s] -- Up-to-date symlink: /home/groep8/rs2_ws/install/my_robot_description/share/my_robot_description/local_setup.zsh
[2.549s] -- Up-to-date symlink: /home/groep8/rs2_ws/install/my_robot_description/share/my_robot_description/local_setup.dsv
[2.549s] -- Symlinking: /home/groep8/rs2_ws/install/my_robot_description/share/my_robot_description/package.dsv
[2.593s] -- Up-to-date symlink: /home/groep8/rs2_ws/install/my_robot_description/share/ament_index/resource_index/packages/my_robot_description
[2.599s] -- Up-to-date symlink: /home/groep8/rs2_ws/install/my_robot_description/share/my_robot_description/cmake/my_robot_descriptionConfig.cmake
[2.600s] -- Up-to-date symlink: /home/groep8/rs2_ws/install/my_robot_description/share/my_robot_description/cmake/my_robot_descriptionConfig-version.cmake
[2.600s] -- Up-to-date symlink: /home/groep8/rs2_ws/install/my_robot_description/share/my_robot_description/package.xml
[2.603s] Invoked command in '/home/groep8/rs2_ws/build/my_robot_description' returned '0': CMAKE_PREFIX_PATH=${CMAKE_PREFIX_PATH}:/home/groep8/rs2_ws/install/test_pkg:/opt/ros/jazzy DEBUGINFOD_URLS=https://debuginfod.ubuntu.com /usr/bin/cmake --install /home/groep8/rs2_ws/build/my_robot_description
