[0.170s] DEBUG:colcon:Command line arguments: ['/usr/bin/colcon', 'build']
[0.170s] DEBUG:colcon:Parsed command line arguments: Namespace(log_base=None, log_level=None, verb_name='build', build_base='build', install_base='install', merge_install=False, symlink_install=False, test_result_base=None, continue_on_error=False, executor='parallel', parallel_workers=4, event_handlers=None, ignore_user_meta=False, metas=['./colcon.meta'], base_paths=['.'], packages_ignore=None, packages_ignore_regex=None, paths=None, packages_up_to=None, packages_up_to_regex=None, packages_above=None, packages_above_and_dependencies=None, packages_above_depth=None, packages_select_by_dep=None, packages_skip_by_dep=None, packages_skip_up_to=None, packages_select_build_failed=False, packages_skip_build_finished=False, packages_select_test_failures=False, packages_skip_test_passed=False, packages_select=None, packages_skip=None, packages_select_regex=None, packages_skip_regex=None, packages_start=None, packages_end=None, allow_overriding=[], cmake_args=None, cmake_target=None, cmake_target_skip_unavailable=False, cmake_clean_cache=False, cmake_clean_first=False, cmake_force_configure=False, ament_cmake_args=None, catkin_cmake_args=None, catkin_skip_building_tests=False, mixin_files=None, mixin=None, verb_parser=<colcon_mixin.mixin.mixin_argument.MixinArgumentDecorator object at 0xffff95908440>, verb_extension=<colcon_core.verb.build.BuildVerb object at 0xffff95ac4b30>, main=<bound method BuildVerb.main of <colcon_core.verb.build.BuildVerb object at 0xffff95ac4b30>>, mixin_verb=('build',))
[0.229s] Level 1:colcon.colcon_core.package_discovery:discover_packages(colcon_meta) check parameters
[0.229s] Level 1:colcon.colcon_core.package_discovery:discover_packages(recursive) check parameters
[0.229s] Level 1:colcon.colcon_core.package_discovery:discover_packages(ignore) check parameters
[0.229s] Level 1:colcon.colcon_core.package_discovery:discover_packages(path) check parameters
[0.229s] Level 1:colcon.colcon_core.package_discovery:discover_packages(colcon_meta) discover
[0.229s] Level 1:colcon.colcon_core.package_discovery:discover_packages(recursive) discover
[0.229s] INFO:colcon.colcon_core.package_discovery:Crawling recursively for packages in '/home/groep8/rs2_ws/src'
[0.230s] Level 1:colcon.colcon_core.package_identification:_identify(.) by extensions ['ignore', 'ignore_ament_install']
[0.230s] Level 1:colcon.colcon_core.package_identification:_identify(.) by extension 'ignore'
[0.230s] Level 1:colcon.colcon_core.package_identification:_identify(.) by extension 'ignore_ament_install'
[0.230s] Level 1:colcon.colcon_core.package_identification:_identify(.) by extensions ['colcon_pkg']
[0.230s] Level 1:colcon.colcon_core.package_identification:_identify(.) by extension 'colcon_pkg'
[0.230s] Level 1:colcon.colcon_core.package_identification:_identify(.) by extensions ['colcon_meta']
[0.230s] Level 1:colcon.colcon_core.package_identification:_identify(.) by extension 'colcon_meta'
[0.230s] Level 1:colcon.colcon_core.package_identification:_identify(.) by extensions ['ros']
[0.230s] Level 1:colcon.colcon_core.package_identification:_identify(.) by extension 'ros'
[0.271s] Level 1:colcon.colcon_core.package_identification:_identify(.) by extensions ['cmake', 'python']
[0.271s] Level 1:colcon.colcon_core.package_identification:_identify(.) by extension 'cmake'
[0.271s] Level 1:colcon.colcon_core.package_identification:_identify(.) by extension 'python'
[0.272s] Level 1:colcon.colcon_core.package_identification:_identify(.) by extensions ['python_setup_py']
[0.272s] Level 1:colcon.colcon_core.package_identification:_identify(.) by extension 'python_setup_py'
[0.272s] Level 1:colcon.colcon_core.package_identification:_identify(build) by extensions ['ignore', 'ignore_ament_install']
[0.272s] Level 1:colcon.colcon_core.package_identification:_identify(build) by extension 'ignore'
[0.272s] Level 1:colcon.colcon_core.package_identification:_identify(build) ignored
[0.272s] Level 1:colcon.colcon_core.package_identification:_identify(hogpie_controller_sensors) by extensions ['ignore', 'ignore_ament_install']
[0.272s] Level 1:colcon.colcon_core.package_identification:_identify(hogpie_controller_sensors) by extension 'ignore'
[0.272s] Level 1:colcon.colcon_core.package_identification:_identify(hogpie_controller_sensors) by extension 'ignore_ament_install'
[0.272s] Level 1:colcon.colcon_core.package_identification:_identify(hogpie_controller_sensors) by extensions ['colcon_pkg']
[0.273s] Level 1:colcon.colcon_core.package_identification:_identify(hogpie_controller_sensors) by extension 'colcon_pkg'
[0.273s] Level 1:colcon.colcon_core.package_identification:_identify(hogpie_controller_sensors) by extensions ['colcon_meta']
[0.273s] Level 1:colcon.colcon_core.package_identification:_identify(hogpie_controller_sensors) by extension 'colcon_meta'
[0.273s] Level 1:colcon.colcon_core.package_identification:_identify(hogpie_controller_sensors) by extensions ['ros']
[0.273s] Level 1:colcon.colcon_core.package_identification:_identify(hogpie_controller_sensors) by extension 'ros'
[0.276s] DEBUG:colcon.colcon_core.package_identification:Package 'hogpie_controller_sensors' with type 'ros.ament_python' and name 'hogpie_controller_sensors'
[0.276s] Level 1:colcon.colcon_core.package_identification:_identify(install) by extensions ['ignore', 'ignore_ament_install']
[0.277s] Level 1:colcon.colcon_core.package_identification:_identify(install) by extension 'ignore'
[0.277s] Level 1:colcon.colcon_core.package_identification:_identify(install) ignored
[0.277s] Level 1:colcon.colcon_core.package_identification:_identify(log) by extensions ['ignore', 'ignore_ament_install']
[0.277s] Level 1:colcon.colcon_core.package_identification:_identify(log) by extension 'ignore'
[0.277s] Level 1:colcon.colcon_core.package_identification:_identify(log) ignored
[0.277s] Level 1:colcon.colcon_core.package_identification:_identify(my_robot_description) by extensions ['ignore', 'ignore_ament_install']
[0.277s] Level 1:colcon.colcon_core.package_identification:_identify(my_robot_description) by extension 'ignore'
[0.277s] Level 1:colcon.colcon_core.package_identification:_identify(my_robot_description) by extension 'ignore_ament_install'
[0.277s] Level 1:colcon.colcon_core.package_identification:_identify(my_robot_description) by extensions ['colcon_pkg']
[0.277s] Level 1:colcon.colcon_core.package_identification:_identify(my_robot_description) by extension 'colcon_pkg'
[0.277s] Level 1:colcon.colcon_core.package_identification:_identify(my_robot_description) by extensions ['colcon_meta']
[0.277s] Level 1:colcon.colcon_core.package_identification:_identify(my_robot_description) by extension 'colcon_meta'
[0.277s] Level 1:colcon.colcon_core.package_identification:_identify(my_robot_description) by extensions ['ros']
[0.277s] Level 1:colcon.colcon_core.package_identification:_identify(my_robot_description) by extension 'ros'
[0.278s] DEBUG:colcon.colcon_core.package_identification:Package 'my_robot_description' with type 'ros.ament_cmake' and name 'my_robot_description'
[0.278s] Level 1:colcon.colcon_core.package_identification:_identify(planar_arm_moveit_config) by extensions ['ignore', 'ignore_ament_install']
[0.278s] Level 1:colcon.colcon_core.package_identification:_identify(planar_arm_moveit_config) by extension 'ignore'
[0.278s] Level 1:colcon.colcon_core.package_identification:_identify(planar_arm_moveit_config) by extension 'ignore_ament_install'
[0.278s] Level 1:colcon.colcon_core.package_identification:_identify(planar_arm_moveit_config) by extensions ['colcon_pkg']
[0.278s] Level 1:colcon.colcon_core.package_identification:_identify(planar_arm_moveit_config) by extension 'colcon_pkg'
[0.278s] Level 1:colcon.colcon_core.package_identification:_identify(planar_arm_moveit_config) by extensions ['colcon_meta']
[0.278s] Level 1:colcon.colcon_core.package_identification:_identify(planar_arm_moveit_config) by extension 'colcon_meta'
[0.279s] Level 1:colcon.colcon_core.package_identification:_identify(planar_arm_moveit_config) by extensions ['ros']
[0.279s] Level 1:colcon.colcon_core.package_identification:_identify(planar_arm_moveit_config) by extension 'ros'
[0.279s] DEBUG:colcon.colcon_core.package_identification:Package 'planar_arm_moveit_config' with type 'ros.ament_cmake' and name 'planar_arm_moveit_config'
[0.280s] Level 1:colcon.colcon_core.package_identification:_identify(test_pkg) by extensions ['ignore', 'ignore_ament_install']
[0.280s] Level 1:colcon.colcon_core.package_identification:_identify(test_pkg) by extension 'ignore'
[0.280s] Level 1:colcon.colcon_core.package_identification:_identify(test_pkg) by extension 'ignore_ament_install'
[0.280s] Level 1:colcon.colcon_core.package_identification:_identify(test_pkg) by extensions ['colcon_pkg']
[0.280s] Level 1:colcon.colcon_core.package_identification:_identify(test_pkg) by extension 'colcon_pkg'
[0.280s] Level 1:colcon.colcon_core.package_identification:_identify(test_pkg) by extensions ['colcon_meta']
[0.280s] Level 1:colcon.colcon_core.package_identification:_identify(test_pkg) by extension 'colcon_meta'
[0.280s] Level 1:colcon.colcon_core.package_identification:_identify(test_pkg) by extensions ['ros']
[0.280s] Level 1:colcon.colcon_core.package_identification:_identify(test_pkg) by extension 'ros'
[0.281s] DEBUG:colcon.colcon_core.package_identification:Package 'test_pkg' with type 'ros.ament_python' and name 'test_pkg'
[0.281s] Level 1:colcon.colcon_core.package_discovery:discover_packages(recursive) using defaults
[0.281s] Level 1:colcon.colcon_core.package_discovery:discover_packages(ignore) discover
[0.281s] Level 1:colcon.colcon_core.package_discovery:discover_packages(ignore) using defaults
[0.281s] Level 1:colcon.colcon_core.package_discovery:discover_packages(path) discover
[0.281s] Level 1:colcon.colcon_core.package_discovery:discover_packages(path) using defaults
[0.307s] Level 1:colcon.colcon_core.package_discovery:discover_packages(prefix_path) check parameters
[0.307s] Level 1:colcon.colcon_core.package_discovery:discover_packages(prefix_path) discover
[0.309s] DEBUG:colcon.colcon_installed_package_information.package_discovery:Found 3 installed packages in /home/groep8/dxl_ws/install
[0.310s] DEBUG:colcon.colcon_installed_package_information.package_discovery:Found 3 installed packages in /home/groep8/rs2_ws/install
[0.313s] DEBUG:colcon.colcon_installed_package_information.package_discovery:Found 384 installed packages in /opt/ros/jazzy
[0.316s] Level 1:colcon.colcon_core.package_discovery:discover_packages(prefix_path) using defaults
[0.393s] Level 5:colcon.colcon_core.verb:set package 'hogpie_controller_sensors' build argument 'cmake_args' from command line to 'None'
[0.393s] Level 5:colcon.colcon_core.verb:set package 'hogpie_controller_sensors' build argument 'cmake_target' from command line to 'None'
[0.393s] Level 5:colcon.colcon_core.verb:set package 'hogpie_controller_sensors' build argument 'cmake_target_skip_unavailable' from command line to 'False'
[0.393s] Level 5:colcon.colcon_core.verb:set package 'hogpie_controller_sensors' build argument 'cmake_clean_cache' from command line to 'False'
[0.393s] Level 5:colcon.colcon_core.verb:set package 'hogpie_controller_sensors' build argument 'cmake_clean_first' from command line to 'False'
[0.394s] Level 5:colcon.colcon_core.verb:set package 'hogpie_controller_sensors' build argument 'cmake_force_configure' from command line to 'False'
[0.394s] Level 5:colcon.colcon_core.verb:set package 'hogpie_controller_sensors' build argument 'ament_cmake_args' from command line to 'None'
[0.394s] Level 5:colcon.colcon_core.verb:set package 'hogpie_controller_sensors' build argument 'catkin_cmake_args' from command line to 'None'
[0.394s] Level 5:colcon.colcon_core.verb:set package 'hogpie_controller_sensors' build argument 'catkin_skip_building_tests' from command line to 'False'
[0.394s] DEBUG:colcon.colcon_core.verb:Building package 'hogpie_controller_sensors' with the following arguments: {'ament_cmake_args': None, 'build_base': '/home/groep8/rs2_ws/src/build/hogpie_controller_sensors', 'catkin_cmake_args': None, 'catkin_skip_building_tests': False, 'cmake_args': None, 'cmake_clean_cache': False, 'cmake_clean_first': False, 'cmake_force_configure': False, 'cmake_target': None, 'cmake_target_skip_unavailable': False, 'install_base': '/home/groep8/rs2_ws/src/install/hogpie_controller_sensors', 'merge_install': False, 'path': '/home/groep8/rs2_ws/src/hogpie_controller_sensors', 'symlink_install': False, 'test_result_base': None}
[0.394s] Level 5:colcon.colcon_core.verb:set package 'my_robot_description' build argument 'cmake_args' from command line to 'None'
[0.394s] Level 5:colcon.colcon_core.verb:set package 'my_robot_description' build argument 'cmake_target' from command line to 'None'
[0.394s] Level 5:colcon.colcon_core.verb:set package 'my_robot_description' build argument 'cmake_target_skip_unavailable' from command line to 'False'
[0.394s] Level 5:colcon.colcon_core.verb:set package 'my_robot_description' build argument 'cmake_clean_cache' from command line to 'False'
[0.394s] Level 5:colcon.colcon_core.verb:set package 'my_robot_description' build argument 'cmake_clean_first' from command line to 'False'
[0.394s] Level 5:colcon.colcon_core.verb:set package 'my_robot_description' build argument 'cmake_force_configure' from command line to 'False'
[0.394s] Level 5:colcon.colcon_core.verb:set package 'my_robot_description' build argument 'ament_cmake_args' from command line to 'None'
[0.394s] Level 5:colcon.colcon_core.verb:set package 'my_robot_description' build argument 'catkin_cmake_args' from command line to 'None'
[0.394s] Level 5:colcon.colcon_core.verb:set package 'my_robot_description' build argument 'catkin_skip_building_tests' from command line to 'False'
[0.394s] DEBUG:colcon.colcon_core.verb:Building package 'my_robot_description' with the following arguments: {'ament_cmake_args': None, 'build_base': '/home/groep8/rs2_ws/src/build/my_robot_description', 'catkin_cmake_args': None, 'catkin_skip_building_tests': False, 'cmake_args': None, 'cmake_clean_cache': False, 'cmake_clean_first': False, 'cmake_force_configure': False, 'cmake_target': None, 'cmake_target_skip_unavailable': False, 'install_base': '/home/groep8/rs2_ws/src/install/my_robot_description', 'merge_install': False, 'path': '/home/groep8/rs2_ws/src/my_robot_description', 'symlink_install': False, 'test_result_base': None}
[0.395s] Level 5:colcon.colcon_core.verb:set package 'test_pkg' build argument 'cmake_args' from command line to 'None'
[0.395s] Level 5:colcon.colcon_core.verb:set package 'test_pkg' build argument 'cmake_target' from command line to 'None'
[0.395s] Level 5:colcon.colcon_core.verb:set package 'test_pkg' build argument 'cmake_target_skip_unavailable' from command line to 'False'
[0.395s] Level 5:colcon.colcon_core.verb:set package 'test_pkg' build argument 'cmake_clean_cache' from command line to 'False'
[0.395s] Level 5:colcon.colcon_core.verb:set package 'test_pkg' build argument 'cmake_clean_first' from command line to 'False'
[0.395s] Level 5:colcon.colcon_core.verb:set package 'test_pkg' build argument 'cmake_force_configure' from command line to 'False'
[0.395s] Level 5:colcon.colcon_core.verb:set package 'test_pkg' build argument 'ament_cmake_args' from command line to 'None'
[0.395s] Level 5:colcon.colcon_core.verb:set package 'test_pkg' build argument 'catkin_cmake_args' from command line to 'None'
[0.395s] Level 5:colcon.colcon_core.verb:set package 'test_pkg' build argument 'catkin_skip_building_tests' from command line to 'False'
[0.395s] DEBUG:colcon.colcon_core.verb:Building package 'test_pkg' with the following arguments: {'ament_cmake_args': None, 'build_base': '/home/groep8/rs2_ws/src/build/test_pkg', 'catkin_cmake_args': None, 'catkin_skip_building_tests': False, 'cmake_args': None, 'cmake_clean_cache': False, 'cmake_clean_first': False, 'cmake_force_configure': False, 'cmake_target': None, 'cmake_target_skip_unavailable': False, 'install_base': '/home/groep8/rs2_ws/src/install/test_pkg', 'merge_install': False, 'path': '/home/groep8/rs2_ws/src/test_pkg', 'symlink_install': False, 'test_result_base': None}
[0.395s] Level 5:colcon.colcon_core.verb:set package 'planar_arm_moveit_config' build argument 'cmake_args' from command line to 'None'
[0.395s] Level 5:colcon.colcon_core.verb:set package 'planar_arm_moveit_config' build argument 'cmake_target' from command line to 'None'
[0.395s] Level 5:colcon.colcon_core.verb:set package 'planar_arm_moveit_config' build argument 'cmake_target_skip_unavailable' from command line to 'False'
[0.395s] Level 5:colcon.colcon_core.verb:set package 'planar_arm_moveit_config' build argument 'cmake_clean_cache' from command line to 'False'
[0.395s] Level 5:colcon.colcon_core.verb:set package 'planar_arm_moveit_config' build argument 'cmake_clean_first' from command line to 'False'
[0.395s] Level 5:colcon.colcon_core.verb:set package 'planar_arm_moveit_config' build argument 'cmake_force_configure' from command line to 'False'
[0.395s] Level 5:colcon.colcon_core.verb:set package 'planar_arm_moveit_config' build argument 'ament_cmake_args' from command line to 'None'
[0.395s] Level 5:colcon.colcon_core.verb:set package 'planar_arm_moveit_config' build argument 'catkin_cmake_args' from command line to 'None'
[0.396s] Level 5:colcon.colcon_core.verb:set package 'planar_arm_moveit_config' build argument 'catkin_skip_building_tests' from command line to 'False'
[0.396s] DEBUG:colcon.colcon_core.verb:Building package 'planar_arm_moveit_config' with the following arguments: {'ament_cmake_args': None, 'build_base': '/home/groep8/rs2_ws/src/build/planar_arm_moveit_config', 'catkin_cmake_args': None, 'catkin_skip_building_tests': False, 'cmake_args': None, 'cmake_clean_cache': False, 'cmake_clean_first': False, 'cmake_force_configure': False, 'cmake_target': None, 'cmake_target_skip_unavailable': False, 'install_base': '/home/groep8/rs2_ws/src/install/planar_arm_moveit_config', 'merge_install': False, 'path': '/home/groep8/rs2_ws/src/planar_arm_moveit_config', 'symlink_install': False, 'test_result_base': None}
[0.396s] INFO:colcon.colcon_core.executor:Executing jobs using 'parallel' executor
[0.397s] DEBUG:colcon.colcon_parallel_executor.executor.parallel:run_until_complete
[0.397s] INFO:colcon.colcon_ros.task.ament_cmake.build:Building ROS package in '/home/groep8/rs2_ws/src/my_robot_description' with build type 'ament_cmake'
[0.398s] INFO:colcon.colcon_cmake.task.cmake.build:Building CMake package in '/home/groep8/rs2_ws/src/my_robot_description'
[0.404s] INFO:colcon.colcon_core.plugin_system:Skipping extension 'colcon_core.shell.bat': Not used on non-Windows systems
[0.404s] INFO:colcon.colcon_core.shell:Skip shell extension 'powershell' for command environment: Not usable outside of PowerShell
[0.404s] DEBUG:colcon.colcon_core.shell:Skip shell extension 'dsv' for command environment
[0.411s] INFO:colcon.colcon_ros.task.ament_python.build:Building ROS package in '/home/groep8/rs2_ws/src/hogpie_controller_sensors' with build type 'ament_python'
[0.411s] Level 1:colcon.colcon_core.shell:create_environment_hook('hogpie_controller_sensors', 'ament_prefix_path')
[0.411s] INFO:colcon.colcon_core.shell:Creating environment hook '/home/groep8/rs2_ws/src/install/hogpie_controller_sensors/share/hogpie_controller_sensors/hook/ament_prefix_path.ps1'
[0.413s] INFO:colcon.colcon_core.shell:Creating environment descriptor '/home/groep8/rs2_ws/src/install/hogpie_controller_sensors/share/hogpie_controller_sensors/hook/ament_prefix_path.dsv'
[0.416s] INFO:colcon.colcon_core.shell:Creating environment hook '/home/groep8/rs2_ws/src/install/hogpie_controller_sensors/share/hogpie_controller_sensors/hook/ament_prefix_path.sh'
[0.419s] INFO:colcon.colcon_core.shell:Skip shell extension 'powershell' for command environment: Not usable outside of PowerShell
[0.419s] DEBUG:colcon.colcon_core.shell:Skip shell extension 'dsv' for command environment
[0.428s] INFO:colcon.colcon_ros.task.ament_python.build:Building ROS package in '/home/groep8/rs2_ws/src/test_pkg' with build type 'ament_python'
[0.428s] Level 1:colcon.colcon_core.shell:create_environment_hook('test_pkg', 'ament_prefix_path')
[0.429s] INFO:colcon.colcon_core.shell:Creating environment hook '/home/groep8/rs2_ws/src/install/test_pkg/share/test_pkg/hook/ament_prefix_path.ps1'
[0.430s] INFO:colcon.colcon_core.shell:Creating environment descriptor '/home/groep8/rs2_ws/src/install/test_pkg/share/test_pkg/hook/ament_prefix_path.dsv'
[0.431s] INFO:colcon.colcon_core.shell:Creating environment hook '/home/groep8/rs2_ws/src/install/test_pkg/share/test_pkg/hook/ament_prefix_path.sh'
[0.432s] INFO:colcon.colcon_core.shell:Skip shell extension 'powershell' for command environment: Not usable outside of PowerShell
[0.432s] DEBUG:colcon.colcon_core.shell:Skip shell extension 'dsv' for command environment
[0.453s] DEBUG:colcon.colcon_core.event_handler.log_command:Invoking command in '/home/groep8/rs2_ws/src/build/my_robot_description': CMAKE_PREFIX_PATH=${CMAKE_PREFIX_PATH}:/home/groep8/rs2_ws/install/test_pkg:/opt/ros/jazzy DEBUGINFOD_URLS=https://debuginfod.ubuntu.com /usr/bin/cmake --build /home/groep8/rs2_ws/src/build/my_robot_description -- -j4 -l4
[0.869s] INFO:colcon.colcon_core.task.python.build:Building Python package in '/home/groep8/rs2_ws/src/hogpie_controller_sensors'
[0.870s] INFO:colcon.colcon_core.shell:Skip shell extension 'powershell' for command environment: Not usable outside of PowerShell
[0.870s] DEBUG:colcon.colcon_core.shell:Skip shell extension 'dsv' for command environment
[1.256s] INFO:colcon.colcon_core.task.python.build:Building Python package in '/home/groep8/rs2_ws/src/test_pkg'
[1.257s] INFO:colcon.colcon_core.shell:Skip shell extension 'powershell' for command environment: Not usable outside of PowerShell
[1.257s] DEBUG:colcon.colcon_core.shell:Skip shell extension 'dsv' for command environment
[1.266s] DEBUG:colcon.colcon_core.event_handler.log_command:Invoked command in '/home/groep8/rs2_ws/src/build/my_robot_description' returned '0': CMAKE_PREFIX_PATH=${CMAKE_PREFIX_PATH}:/home/groep8/rs2_ws/install/test_pkg:/opt/ros/jazzy DEBUGINFOD_URLS=https://debuginfod.ubuntu.com /usr/bin/cmake --build /home/groep8/rs2_ws/src/build/my_robot_description -- -j4 -l4
[1.287s] DEBUG:colcon.colcon_core.event_handler.log_command:Invoking command in '/home/groep8/rs2_ws/src/build/my_robot_description': CMAKE_PREFIX_PATH=${CMAKE_PREFIX_PATH}:/home/groep8/rs2_ws/install/test_pkg:/opt/ros/jazzy DEBUGINFOD_URLS=https://debuginfod.ubuntu.com /usr/bin/cmake --install /home/groep8/rs2_ws/src/build/my_robot_description
[1.326s] Level 1:colcon.colcon_core.environment:create_environment_scripts_only(my_robot_description)
[1.327s] DEBUG:colcon.colcon_core.event_handler.log_command:Invoked command in '/home/groep8/rs2_ws/src/build/my_robot_description' returned '0': CMAKE_PREFIX_PATH=${CMAKE_PREFIX_PATH}:/home/groep8/rs2_ws/install/test_pkg:/opt/ros/jazzy DEBUGINFOD_URLS=https://debuginfod.ubuntu.com /usr/bin/cmake --install /home/groep8/rs2_ws/src/build/my_robot_description
[1.335s] Level 1:colcon.colcon_core.environment:checking '/home/groep8/rs2_ws/src/install/my_robot_description' for CMake module files
[1.338s] Level 1:colcon.colcon_core.environment:checking '/home/groep8/rs2_ws/src/install/my_robot_description' for CMake config files
[1.339s] Level 1:colcon.colcon_core.shell:create_environment_hook('my_robot_description', 'cmake_prefix_path')
[1.339s] INFO:colcon.colcon_core.shell:Creating environment hook '/home/groep8/rs2_ws/src/install/my_robot_description/share/my_robot_description/hook/cmake_prefix_path.ps1'
[1.341s] INFO:colcon.colcon_core.shell:Creating environment descriptor '/home/groep8/rs2_ws/src/install/my_robot_description/share/my_robot_description/hook/cmake_prefix_path.dsv'
[1.342s] INFO:colcon.colcon_core.shell:Creating environment hook '/home/groep8/rs2_ws/src/install/my_robot_description/share/my_robot_description/hook/cmake_prefix_path.sh'
[1.345s] Level 1:colcon.colcon_core.environment:checking '/home/groep8/rs2_ws/src/install/my_robot_description/bin'
[1.345s] Level 1:colcon.colcon_core.environment:checking '/home/groep8/rs2_ws/src/install/my_robot_description/lib/pkgconfig/my_robot_description.pc'
[1.346s] Level 1:colcon.colcon_core.environment:checking '/home/groep8/rs2_ws/src/install/my_robot_description/lib/python3.12/site-packages'
[1.347s] Level 1:colcon.colcon_core.environment:checking '/home/groep8/rs2_ws/src/install/my_robot_description/bin'
[1.348s] INFO:colcon.colcon_core.shell:Creating package script '/home/groep8/rs2_ws/src/install/my_robot_description/share/my_robot_description/package.ps1'
[1.351s] INFO:colcon.colcon_core.shell:Creating package descriptor '/home/groep8/rs2_ws/src/install/my_robot_description/share/my_robot_description/package.dsv'
[1.353s] INFO:colcon.colcon_core.shell:Creating package script '/home/groep8/rs2_ws/src/install/my_robot_description/share/my_robot_description/package.sh'
[1.354s] INFO:colcon.colcon_core.shell:Creating package script '/home/groep8/rs2_ws/src/install/my_robot_description/share/my_robot_description/package.bash'
[1.389s] INFO:colcon.colcon_core.shell:Creating package script '/home/groep8/rs2_ws/src/install/my_robot_description/share/my_robot_description/package.zsh'
[1.439s] Level 1:colcon.colcon_core.environment:create_file_with_runtime_dependencies(/home/groep8/rs2_ws/src/install/my_robot_description/share/colcon-core/packages/my_robot_description)
[1.441s] Level 1:colcon.colcon_core.environment:create_environment_scripts_only(my_robot_description)
[1.441s] Level 1:colcon.colcon_core.environment:checking '/home/groep8/rs2_ws/src/install/my_robot_description' for CMake module files
[1.442s] Level 1:colcon.colcon_core.environment:checking '/home/groep8/rs2_ws/src/install/my_robot_description' for CMake config files
[1.443s] Level 1:colcon.colcon_core.shell:create_environment_hook('my_robot_description', 'cmake_prefix_path')
[1.444s] INFO:colcon.colcon_core.shell:Creating environment hook '/home/groep8/rs2_ws/src/install/my_robot_description/share/my_robot_description/hook/cmake_prefix_path.ps1'
[1.450s] INFO:colcon.colcon_core.shell:Creating environment descriptor '/home/groep8/rs2_ws/src/install/my_robot_description/share/my_robot_description/hook/cmake_prefix_path.dsv'
[1.461s] INFO:colcon.colcon_core.shell:Creating environment hook '/home/groep8/rs2_ws/src/install/my_robot_description/share/my_robot_description/hook/cmake_prefix_path.sh'
[1.472s] Level 1:colcon.colcon_core.environment:checking '/home/groep8/rs2_ws/src/install/my_robot_description/bin'
[1.473s] Level 1:colcon.colcon_core.environment:checking '/home/groep8/rs2_ws/src/install/my_robot_description/lib/pkgconfig/my_robot_description.pc'
[1.473s] Level 1:colcon.colcon_core.environment:checking '/home/groep8/rs2_ws/src/install/my_robot_description/lib/python3.12/site-packages'
[1.474s] Level 1:colcon.colcon_core.environment:checking '/home/groep8/rs2_ws/src/install/my_robot_description/bin'
[1.474s] INFO:colcon.colcon_core.shell:Creating package script '/home/groep8/rs2_ws/src/install/my_robot_description/share/my_robot_description/package.ps1'
[1.483s] INFO:colcon.colcon_core.shell:Creating package descriptor '/home/groep8/rs2_ws/src/install/my_robot_description/share/my_robot_description/package.dsv'
[1.493s] INFO:colcon.colcon_core.shell:Creating package script '/home/groep8/rs2_ws/src/install/my_robot_description/share/my_robot_description/package.sh'
[1.505s] INFO:colcon.colcon_core.shell:Creating package script '/home/groep8/rs2_ws/src/install/my_robot_description/share/my_robot_description/package.bash'
[1.515s] INFO:colcon.colcon_core.shell:Creating package script '/home/groep8/rs2_ws/src/install/my_robot_description/share/my_robot_description/package.zsh'
[1.526s] Level 1:colcon.colcon_core.environment:create_file_with_runtime_dependencies(/home/groep8/rs2_ws/src/install/my_robot_description/share/colcon-core/packages/my_robot_description)
[1.530s] INFO:colcon.colcon_ros.task.ament_cmake.build:Building ROS package in '/home/groep8/rs2_ws/src/planar_arm_moveit_config' with build type 'ament_cmake'
[1.531s] INFO:colcon.colcon_cmake.task.cmake.build:Building CMake package in '/home/groep8/rs2_ws/src/planar_arm_moveit_config'
[1.531s] INFO:colcon.colcon_core.shell:Skip shell extension 'powershell' for command environment: Not usable outside of PowerShell
[1.531s] DEBUG:colcon.colcon_core.shell:Skip shell extension 'dsv' for command environment
[1.581s] DEBUG:colcon.colcon_core.event_handler.log_command:Invoking command in '/home/groep8/rs2_ws/src/build/planar_arm_moveit_config': AMENT_PREFIX_PATH=/home/groep8/rs2_ws/src/install/my_robot_description:${AMENT_PREFIX_PATH} CMAKE_PREFIX_PATH=/home/groep8/rs2_ws/src/install/my_robot_description:/home/groep8/rs2_ws/install/planar_arm_moveit_config:/home/groep8/rs2_ws/install/my_robot_description:/home/groep8/dxl_ws/install/dynamixel_sdk_examples:/home/groep8/dxl_ws/install/dynamixel_sdk_custom_interfaces:/home/groep8/dxl_ws/install/dynamixel_sdk:/opt/ros/jazzy/opt/sdformat_vendor:/opt/ros/jazzy/opt/gz_math_vendor:/opt/ros/jazzy/opt/gz_utils_vendor:/opt/ros/jazzy/opt/gz_tools_vendor:/opt/ros/jazzy/opt/gz_cmake_vendor:/home/groep8/rs2_ws/install/test_pkg:/opt/ros/jazzy DEBUGINFOD_URLS=https://debuginfod.ubuntu.com /usr/bin/cmake --build /home/groep8/rs2_ws/src/build/planar_arm_moveit_config -- -j4 -l4
[1.682s] DEBUG:colcon.colcon_core.event_handler.log_command:Invoked command in '/home/groep8/rs2_ws/src/build/planar_arm_moveit_config' returned '0': AMENT_PREFIX_PATH=/home/groep8/rs2_ws/src/install/my_robot_description:${AMENT_PREFIX_PATH} CMAKE_PREFIX_PATH=/home/groep8/rs2_ws/src/install/my_robot_description:/home/groep8/rs2_ws/install/planar_arm_moveit_config:/home/groep8/rs2_ws/install/my_robot_description:/home/groep8/dxl_ws/install/dynamixel_sdk_examples:/home/groep8/dxl_ws/install/dynamixel_sdk_custom_interfaces:/home/groep8/dxl_ws/install/dynamixel_sdk:/opt/ros/jazzy/opt/sdformat_vendor:/opt/ros/jazzy/opt/gz_math_vendor:/opt/ros/jazzy/opt/gz_utils_vendor:/opt/ros/jazzy/opt/gz_tools_vendor:/opt/ros/jazzy/opt/gz_cmake_vendor:/home/groep8/rs2_ws/install/test_pkg:/opt/ros/jazzy DEBUGINFOD_URLS=https://debuginfod.ubuntu.com /usr/bin/cmake --build /home/groep8/rs2_ws/src/build/planar_arm_moveit_config -- -j4 -l4
[1.683s] DEBUG:colcon.colcon_core.event_handler.log_command:Invoking command in '/home/groep8/rs2_ws/src/build/planar_arm_moveit_config': AMENT_PREFIX_PATH=/home/groep8/rs2_ws/src/install/my_robot_description:${AMENT_PREFIX_PATH} CMAKE_PREFIX_PATH=/home/groep8/rs2_ws/src/install/my_robot_description:/home/groep8/rs2_ws/install/planar_arm_moveit_config:/home/groep8/rs2_ws/install/my_robot_description:/home/groep8/dxl_ws/install/dynamixel_sdk_examples:/home/groep8/dxl_ws/install/dynamixel_sdk_custom_interfaces:/home/groep8/dxl_ws/install/dynamixel_sdk:/opt/ros/jazzy/opt/sdformat_vendor:/opt/ros/jazzy/opt/gz_math_vendor:/opt/ros/jazzy/opt/gz_utils_vendor:/opt/ros/jazzy/opt/gz_tools_vendor:/opt/ros/jazzy/opt/gz_cmake_vendor:/home/groep8/rs2_ws/install/test_pkg:/opt/ros/jazzy DEBUGINFOD_URLS=https://debuginfod.ubuntu.com /usr/bin/cmake --install /home/groep8/rs2_ws/src/build/planar_arm_moveit_config
[1.712s] Level 1:colcon.colcon_core.environment:create_environment_scripts_only(planar_arm_moveit_config)
[1.715s] Level 1:colcon.colcon_core.environment:checking '/home/groep8/rs2_ws/src/install/planar_arm_moveit_config' for CMake module files
[1.719s] DEBUG:colcon.colcon_core.event_handler.log_command:Invoked command in '/home/groep8/rs2_ws/src/build/planar_arm_moveit_config' returned '0': AMENT_PREFIX_PATH=/home/groep8/rs2_ws/src/install/my_robot_description:${AMENT_PREFIX_PATH} CMAKE_PREFIX_PATH=/home/groep8/rs2_ws/src/install/my_robot_description:/home/groep8/rs2_ws/install/planar_arm_moveit_config:/home/groep8/rs2_ws/install/my_robot_description:/home/groep8/dxl_ws/install/dynamixel_sdk_examples:/home/groep8/dxl_ws/install/dynamixel_sdk_custom_interfaces:/home/groep8/dxl_ws/install/dynamixel_sdk:/opt/ros/jazzy/opt/sdformat_vendor:/opt/ros/jazzy/opt/gz_math_vendor:/opt/ros/jazzy/opt/gz_utils_vendor:/opt/ros/jazzy/opt/gz_tools_vendor:/opt/ros/jazzy/opt/gz_cmake_vendor:/home/groep8/rs2_ws/install/test_pkg:/opt/ros/jazzy DEBUGINFOD_URLS=https://debuginfod.ubuntu.com /usr/bin/cmake --install /home/groep8/rs2_ws/src/build/planar_arm_moveit_config
[1.720s] Level 1:colcon.colcon_core.environment:checking '/home/groep8/rs2_ws/src/install/planar_arm_moveit_config' for CMake config files
[1.720s] Level 1:colcon.colcon_core.shell:create_environment_hook('planar_arm_moveit_config', 'cmake_prefix_path')
[1.721s] INFO:colcon.colcon_core.shell:Creating environment hook '/home/groep8/rs2_ws/src/install/planar_arm_moveit_config/share/planar_arm_moveit_config/hook/cmake_prefix_path.ps1'
[1.721s] INFO:colcon.colcon_core.shell:Creating environment descriptor '/home/groep8/rs2_ws/src/install/planar_arm_moveit_config/share/planar_arm_moveit_config/hook/cmake_prefix_path.dsv'
[1.732s] INFO:colcon.colcon_core.shell:Creating environment hook '/home/groep8/rs2_ws/src/install/planar_arm_moveit_config/share/planar_arm_moveit_config/hook/cmake_prefix_path.sh'
[1.744s] Level 1:colcon.colcon_core.environment:checking '/home/groep8/rs2_ws/src/install/planar_arm_moveit_config/bin'
[1.744s] Level 1:colcon.colcon_core.environment:checking '/home/groep8/rs2_ws/src/install/planar_arm_moveit_config/lib/pkgconfig/planar_arm_moveit_config.pc'
[1.744s] Level 1:colcon.colcon_core.environment:checking '/home/groep8/rs2_ws/src/install/planar_arm_moveit_config/lib/python3.12/site-packages'
[1.745s] Level 1:colcon.colcon_core.environment:checking '/home/groep8/rs2_ws/src/install/planar_arm_moveit_config/bin'
[1.745s] INFO:colcon.colcon_core.shell:Creating package script '/home/groep8/rs2_ws/src/install/planar_arm_moveit_config/share/planar_arm_moveit_config/package.ps1'
[1.754s] INFO:colcon.colcon_core.shell:Creating package descriptor '/home/groep8/rs2_ws/src/install/planar_arm_moveit_config/share/planar_arm_moveit_config/package.dsv'
[1.765s] INFO:colcon.colcon_core.shell:Creating package script '/home/groep8/rs2_ws/src/install/planar_arm_moveit_config/share/planar_arm_moveit_config/package.sh'
[1.776s] INFO:colcon.colcon_core.shell:Creating package script '/home/groep8/rs2_ws/src/install/planar_arm_moveit_config/share/planar_arm_moveit_config/package.bash'
[1.786s] INFO:colcon.colcon_core.shell:Creating package script '/home/groep8/rs2_ws/src/install/planar_arm_moveit_config/share/planar_arm_moveit_config/package.zsh'
[1.797s] Level 1:colcon.colcon_core.environment:create_file_with_runtime_dependencies(/home/groep8/rs2_ws/src/install/planar_arm_moveit_config/share/colcon-core/packages/planar_arm_moveit_config)
[1.811s] Level 1:colcon.colcon_core.environment:create_environment_scripts_only(planar_arm_moveit_config)
[1.811s] Level 1:colcon.colcon_core.environment:checking '/home/groep8/rs2_ws/src/install/planar_arm_moveit_config' for CMake module files
[1.812s] Level 1:colcon.colcon_core.environment:checking '/home/groep8/rs2_ws/src/install/planar_arm_moveit_config' for CMake config files
[1.812s] Level 1:colcon.colcon_core.shell:create_environment_hook('planar_arm_moveit_config', 'cmake_prefix_path')
[1.812s] INFO:colcon.colcon_core.shell:Creating environment hook '/home/groep8/rs2_ws/src/install/planar_arm_moveit_config/share/planar_arm_moveit_config/hook/cmake_prefix_path.ps1'
[1.815s] INFO:colcon.colcon_core.shell:Creating environment descriptor '/home/groep8/rs2_ws/src/install/planar_arm_moveit_config/share/planar_arm_moveit_config/hook/cmake_prefix_path.dsv'
[1.816s] INFO:colcon.colcon_core.shell:Creating environment hook '/home/groep8/rs2_ws/src/install/planar_arm_moveit_config/share/planar_arm_moveit_config/hook/cmake_prefix_path.sh'
[1.817s] Level 1:colcon.colcon_core.environment:checking '/home/groep8/rs2_ws/src/install/planar_arm_moveit_config/bin'
[1.818s] Level 1:colcon.colcon_core.environment:checking '/home/groep8/rs2_ws/src/install/planar_arm_moveit_config/lib/pkgconfig/planar_arm_moveit_config.pc'
[1.818s] Level 1:colcon.colcon_core.environment:checking '/home/groep8/rs2_ws/src/install/planar_arm_moveit_config/lib/python3.12/site-packages'
[1.819s] Level 1:colcon.colcon_core.environment:checking '/home/groep8/rs2_ws/src/install/planar_arm_moveit_config/bin'
[1.820s] INFO:colcon.colcon_core.shell:Creating package script '/home/groep8/rs2_ws/src/install/planar_arm_moveit_config/share/planar_arm_moveit_config/package.ps1'
[1.821s] INFO:colcon.colcon_core.shell:Creating package descriptor '/home/groep8/rs2_ws/src/install/planar_arm_moveit_config/share/planar_arm_moveit_config/package.dsv'
[1.822s] INFO:colcon.colcon_core.shell:Creating package script '/home/groep8/rs2_ws/src/install/planar_arm_moveit_config/share/planar_arm_moveit_config/package.sh'
[1.822s] INFO:colcon.colcon_core.shell:Creating package script '/home/groep8/rs2_ws/src/install/planar_arm_moveit_config/share/planar_arm_moveit_config/package.bash'
[1.823s] INFO:colcon.colcon_core.shell:Creating package script '/home/groep8/rs2_ws/src/install/planar_arm_moveit_config/share/planar_arm_moveit_config/package.zsh'
[1.824s] Level 1:colcon.colcon_core.environment:create_file_with_runtime_dependencies(/home/groep8/rs2_ws/src/install/planar_arm_moveit_config/share/colcon-core/packages/planar_arm_moveit_config)
[2.387s] DEBUG:colcon.colcon_core.event_handler.log_command:Invoking command in '/home/groep8/rs2_ws/src/test_pkg': DEBUGINFOD_URLS=https://debuginfod.ubuntu.com PYTHONPATH=/home/groep8/rs2_ws/src/build/test_pkg/prefix_override:/usr/lib/python3/dist-packages/colcon_core/task/python/colcon_distutils_commands:/home/groep8/rs2_ws/src/install/test_pkg/lib/python3.12/site-packages:${PYTHONPATH} /usr/bin/python3 -W ignore:setup.py install is deprecated -W ignore:easy_install command is deprecated setup.py egg_info --egg-base ../build/test_pkg build --build-base /home/groep8/rs2_ws/src/build/test_pkg/build install --record /home/groep8/rs2_ws/src/build/test_pkg/install.log --single-version-externally-managed install_data
[2.401s] DEBUG:colcon.colcon_core.event_handler.log_command:Invoking command in '/home/groep8/rs2_ws/src/hogpie_controller_sensors': DEBUGINFOD_URLS=https://debuginfod.ubuntu.com PYTHONPATH=/home/groep8/rs2_ws/src/build/hogpie_controller_sensors/prefix_override:/usr/lib/python3/dist-packages/colcon_core/task/python/colcon_distutils_commands:/home/groep8/rs2_ws/src/install/hogpie_controller_sensors/lib/python3.12/site-packages:${PYTHONPATH} /usr/bin/python3 -W ignore:setup.py install is deprecated -W ignore:easy_install command is deprecated setup.py egg_info --egg-base ../build/hogpie_controller_sensors build --build-base /home/groep8/rs2_ws/src/build/hogpie_controller_sensors/build install --record /home/groep8/rs2_ws/src/build/hogpie_controller_sensors/install.log --single-version-externally-managed install_data
[3.355s] Level 1:colcon.colcon_core.environment:checking '/home/groep8/rs2_ws/src/install/test_pkg' for CMake module files
[3.356s] Level 1:colcon.colcon_core.environment:checking '/home/groep8/rs2_ws/src/install/test_pkg' for CMake config files
[3.357s] Level 1:colcon.colcon_core.environment:checking '/home/groep8/rs2_ws/src/install/test_pkg/lib'
[3.358s] DEBUG:colcon.colcon_core.event_handler.log_command:Invoked command in '/home/groep8/rs2_ws/src/test_pkg' returned '0': DEBUGINFOD_URLS=https://debuginfod.ubuntu.com PYTHONPATH=/home/groep8/rs2_ws/src/build/test_pkg/prefix_override:/usr/lib/python3/dist-packages/colcon_core/task/python/colcon_distutils_commands:/home/groep8/rs2_ws/src/install/test_pkg/lib/python3.12/site-packages:${PYTHONPATH} /usr/bin/python3 -W ignore:setup.py install is deprecated -W ignore:easy_install command is deprecated setup.py egg_info --egg-base ../build/test_pkg build --build-base /home/groep8/rs2_ws/src/build/test_pkg/build install --record /home/groep8/rs2_ws/src/build/test_pkg/install.log --single-version-externally-managed install_data
[3.358s] Level 1:colcon.colcon_core.environment:checking '/home/groep8/rs2_ws/src/install/test_pkg/bin'
[3.358s] Level 1:colcon.colcon_core.environment:checking '/home/groep8/rs2_ws/src/install/test_pkg/lib/pkgconfig/test_pkg.pc'
[3.359s] Level 1:colcon.colcon_core.environment:checking '/home/groep8/rs2_ws/src/install/test_pkg/lib/python3.12/site-packages'
[3.359s] Level 1:colcon.colcon_core.shell:create_environment_hook('test_pkg', 'pythonpath')
[3.359s] INFO:colcon.colcon_core.shell:Creating environment hook '/home/groep8/rs2_ws/src/install/test_pkg/share/test_pkg/hook/pythonpath.ps1'
[3.360s] INFO:colcon.colcon_core.shell:Creating environment descriptor '/home/groep8/rs2_ws/src/install/test_pkg/share/test_pkg/hook/pythonpath.dsv'
[3.360s] INFO:colcon.colcon_core.shell:Creating environment hook '/home/groep8/rs2_ws/src/install/test_pkg/share/test_pkg/hook/pythonpath.sh'
[3.362s] Level 1:colcon.colcon_core.environment:checking '/home/groep8/rs2_ws/src/install/test_pkg/bin'
[3.362s] Level 1:colcon.colcon_core.environment:create_environment_scripts_only(test_pkg)
[3.363s] INFO:colcon.colcon_core.shell:Creating package script '/home/groep8/rs2_ws/src/install/test_pkg/share/test_pkg/package.ps1'
[3.364s] INFO:colcon.colcon_core.shell:Creating package descriptor '/home/groep8/rs2_ws/src/install/test_pkg/share/test_pkg/package.dsv'
[3.366s] INFO:colcon.colcon_core.shell:Creating package script '/home/groep8/rs2_ws/src/install/test_pkg/share/test_pkg/package.sh'
[3.366s] INFO:colcon.colcon_core.shell:Creating package script '/home/groep8/rs2_ws/src/install/test_pkg/share/test_pkg/package.bash'
[3.367s] INFO:colcon.colcon_core.shell:Creating package script '/home/groep8/rs2_ws/src/install/test_pkg/share/test_pkg/package.zsh'
[3.367s] Level 1:colcon.colcon_core.environment:create_file_with_runtime_dependencies(/home/groep8/rs2_ws/src/install/test_pkg/share/colcon-core/packages/test_pkg)
[3.385s] Level 1:colcon.colcon_core.environment:checking '/home/groep8/rs2_ws/src/install/hogpie_controller_sensors' for CMake module files
[3.386s] DEBUG:colcon.colcon_core.event_handler.log_command:Invoked command in '/home/groep8/rs2_ws/src/hogpie_controller_sensors' returned '0': DEBUGINFOD_URLS=https://debuginfod.ubuntu.com PYTHONPATH=/home/groep8/rs2_ws/src/build/hogpie_controller_sensors/prefix_override:/usr/lib/python3/dist-packages/colcon_core/task/python/colcon_distutils_commands:/home/groep8/rs2_ws/src/install/hogpie_controller_sensors/lib/python3.12/site-packages:${PYTHONPATH} /usr/bin/python3 -W ignore:setup.py install is deprecated -W ignore:easy_install command is deprecated setup.py egg_info --egg-base ../build/hogpie_controller_sensors build --build-base /home/groep8/rs2_ws/src/build/hogpie_controller_sensors/build install --record /home/groep8/rs2_ws/src/build/hogpie_controller_sensors/install.log --single-version-externally-managed install_data
[3.386s] Level 1:colcon.colcon_core.environment:checking '/home/groep8/rs2_ws/src/install/hogpie_controller_sensors' for CMake config files
[3.387s] Level 1:colcon.colcon_core.environment:checking '/home/groep8/rs2_ws/src/install/hogpie_controller_sensors/lib'
[3.387s] Level 1:colcon.colcon_core.environment:checking '/home/groep8/rs2_ws/src/install/hogpie_controller_sensors/bin'
[3.387s] Level 1:colcon.colcon_core.environment:checking '/home/groep8/rs2_ws/src/install/hogpie_controller_sensors/lib/pkgconfig/hogpie_controller_sensors.pc'
[3.387s] Level 1:colcon.colcon_core.environment:checking '/home/groep8/rs2_ws/src/install/hogpie_controller_sensors/lib/python3.12/site-packages'
[3.388s] Level 1:colcon.colcon_core.shell:create_environment_hook('hogpie_controller_sensors', 'pythonpath')
[3.388s] INFO:colcon.colcon_core.shell:Creating environment hook '/home/groep8/rs2_ws/src/install/hogpie_controller_sensors/share/hogpie_controller_sensors/hook/pythonpath.ps1'
[3.389s] INFO:colcon.colcon_core.shell:Creating environment descriptor '/home/groep8/rs2_ws/src/install/hogpie_controller_sensors/share/hogpie_controller_sensors/hook/pythonpath.dsv'
[3.389s] INFO:colcon.colcon_core.shell:Creating environment hook '/home/groep8/rs2_ws/src/install/hogpie_controller_sensors/share/hogpie_controller_sensors/hook/pythonpath.sh'
[3.390s] Level 1:colcon.colcon_core.environment:checking '/home/groep8/rs2_ws/src/install/hogpie_controller_sensors/bin'
[3.390s] Level 1:colcon.colcon_core.environment:create_environment_scripts_only(hogpie_controller_sensors)
[3.391s] INFO:colcon.colcon_core.shell:Creating package script '/home/groep8/rs2_ws/src/install/hogpie_controller_sensors/share/hogpie_controller_sensors/package.ps1'
[3.392s] INFO:colcon.colcon_core.shell:Creating package descriptor '/home/groep8/rs2_ws/src/install/hogpie_controller_sensors/share/hogpie_controller_sensors/package.dsv'
[3.393s] INFO:colcon.colcon_core.shell:Creating package script '/home/groep8/rs2_ws/src/install/hogpie_controller_sensors/share/hogpie_controller_sensors/package.sh'
[3.394s] INFO:colcon.colcon_core.shell:Creating package script '/home/groep8/rs2_ws/src/install/hogpie_controller_sensors/share/hogpie_controller_sensors/package.bash'
[3.394s] INFO:colcon.colcon_core.shell:Creating package script '/home/groep8/rs2_ws/src/install/hogpie_controller_sensors/share/hogpie_controller_sensors/package.zsh'
[3.395s] Level 1:colcon.colcon_core.environment:create_file_with_runtime_dependencies(/home/groep8/rs2_ws/src/install/hogpie_controller_sensors/share/colcon-core/packages/hogpie_controller_sensors)
[3.395s] DEBUG:colcon.colcon_parallel_executor.executor.parallel:closing loop
[3.396s] DEBUG:colcon.colcon_parallel_executor.executor.parallel:loop closed
[3.396s] DEBUG:colcon.colcon_parallel_executor.executor.parallel:run_until_complete finished with '0'
[3.396s] DEBUG:colcon.colcon_core.event_reactor:joining thread
[3.407s] INFO:colcon.colcon_core.plugin_system:Skipping extension 'colcon_notification.desktop_notification.terminal_notifier': Not used on non-Darwin systems
[3.408s] INFO:colcon.colcon_core.plugin_system:Skipping extension 'colcon_notification.desktop_notification.win32': Not used on non-Windows systems
[3.408s] INFO:colcon.colcon_notification.desktop_notification:Sending desktop notification using 'notify2'
[3.437s] DEBUG:colcon.colcon_core.event_reactor:joined thread
[3.437s] INFO:colcon.colcon_core.shell:Creating prefix script '/home/groep8/rs2_ws/src/install/local_setup.ps1'
[3.438s] INFO:colcon.colcon_core.shell:Creating prefix util module '/home/groep8/rs2_ws/src/install/_local_setup_util_ps1.py'
[3.442s] INFO:colcon.colcon_core.shell:Creating prefix chain script '/home/groep8/rs2_ws/src/install/setup.ps1'
[3.445s] INFO:colcon.colcon_core.shell:Creating prefix script '/home/groep8/rs2_ws/src/install/local_setup.sh'
[3.446s] INFO:colcon.colcon_core.shell:Creating prefix util module '/home/groep8/rs2_ws/src/install/_local_setup_util_sh.py'
[3.447s] INFO:colcon.colcon_core.shell:Creating prefix chain script '/home/groep8/rs2_ws/src/install/setup.sh'
[3.449s] INFO:colcon.colcon_core.shell:Creating prefix script '/home/groep8/rs2_ws/src/install/local_setup.bash'
[3.450s] INFO:colcon.colcon_core.shell:Creating prefix chain script '/home/groep8/rs2_ws/src/install/setup.bash'
[3.452s] INFO:colcon.colcon_core.shell:Creating prefix script '/home/groep8/rs2_ws/src/install/local_setup.zsh'
[3.456s] INFO:colcon.colcon_core.shell:Creating prefix chain script '/home/groep8/rs2_ws/src/install/setup.zsh'
