[0.309s] DEBUG:colcon:Command line arguments: ['/usr/bin/colcon', 'build']
[0.309s] DEBUG:colcon:Parsed command line arguments: Namespace(log_base=None, log_level=None, verb_name='build', build_base='build', install_base='install', merge_install=False, symlink_install=False, test_result_base=None, continue_on_error=False, executor='parallel', parallel_workers=4, event_handlers=None, ignore_user_meta=False, metas=['./colcon.meta'], base_paths=['.'], packages_ignore=None, packages_ignore_regex=None, paths=None, packages_up_to=None, packages_up_to_regex=None, packages_above=None, packages_above_and_dependencies=None, packages_above_depth=None, packages_select_by_dep=None, packages_skip_by_dep=None, packages_skip_up_to=None, packages_select_build_failed=False, packages_skip_build_finished=False, packages_select_test_failures=False, packages_skip_test_passed=False, packages_select=None, packages_skip=None, packages_select_regex=None, packages_skip_regex=None, packages_start=None, packages_end=None, allow_overriding=[], cmake_args=None, cmake_target=None, cmake_target_skip_unavailable=False, cmake_clean_cache=False, cmake_clean_first=False, cmake_force_configure=False, ament_cmake_args=None, catkin_cmake_args=None, catkin_skip_building_tests=False, mixin_files=None, mixin=None, verb_parser=<colcon_mixin.mixin.mixin_argument.MixinArgumentDecorator object at 0xffff9363cfb0>, verb_extension=<colcon_core.verb.build.BuildVerb object at 0xffff938092e0>, main=<bound method BuildVerb.main of <colcon_core.verb.build.BuildVerb object at 0xffff938092e0>>, mixin_verb=('build',))
[0.403s] Level 1:colcon.colcon_core.package_discovery:discover_packages(colcon_meta) check parameters
[0.403s] Level 1:colcon.colcon_core.package_discovery:discover_packages(recursive) check parameters
[0.403s] Level 1:colcon.colcon_core.package_discovery:discover_packages(ignore) check parameters
[0.403s] Level 1:colcon.colcon_core.package_discovery:discover_packages(path) check parameters
[0.403s] Level 1:colcon.colcon_core.package_discovery:discover_packages(colcon_meta) discover
[0.403s] Level 1:colcon.colcon_core.package_discovery:discover_packages(recursive) discover
[0.403s] INFO:colcon.colcon_core.package_discovery:Crawling recursively for packages in '/home/groep8/rs2_ws'
[0.403s] Level 1:colcon.colcon_core.package_identification:_identify(.) by extensions ['ignore', 'ignore_ament_install']
[0.404s] Level 1:colcon.colcon_core.package_identification:_identify(.) by extension 'ignore'
[0.404s] Level 1:colcon.colcon_core.package_identification:_identify(.) by extension 'ignore_ament_install'
[0.404s] Level 1:colcon.colcon_core.package_identification:_identify(.) by extensions ['colcon_pkg']
[0.404s] Level 1:colcon.colcon_core.package_identification:_identify(.) by extension 'colcon_pkg'
[0.404s] Level 1:colcon.colcon_core.package_identification:_identify(.) by extensions ['colcon_meta']
[0.404s] Level 1:colcon.colcon_core.package_identification:_identify(.) by extension 'colcon_meta'
[0.404s] Level 1:colcon.colcon_core.package_identification:_identify(.) by extensions ['ros']
[0.404s] Level 1:colcon.colcon_core.package_identification:_identify(.) by extension 'ros'
[0.449s] Level 1:colcon.colcon_core.package_identification:_identify(.) by extensions ['cmake', 'python']
[0.449s] Level 1:colcon.colcon_core.package_identification:_identify(.) by extension 'cmake'
[0.449s] Level 1:colcon.colcon_core.package_identification:_identify(.) by extension 'python'
[0.449s] Level 1:colcon.colcon_core.package_identification:_identify(.) by extensions ['python_setup_py']
[0.449s] Level 1:colcon.colcon_core.package_identification:_identify(.) by extension 'python_setup_py'
[0.450s] Level 1:colcon.colcon_core.package_identification:_identify(build) by extensions ['ignore', 'ignore_ament_install']
[0.450s] Level 1:colcon.colcon_core.package_identification:_identify(build) by extension 'ignore'
[0.450s] Level 1:colcon.colcon_core.package_identification:_identify(build) ignored
[0.450s] Level 1:colcon.colcon_core.package_identification:_identify(install) by extensions ['ignore', 'ignore_ament_install']
[0.450s] Level 1:colcon.colcon_core.package_identification:_identify(install) by extension 'ignore'
[0.450s] Level 1:colcon.colcon_core.package_identification:_identify(install) ignored
[0.451s] Level 1:colcon.colcon_core.package_identification:_identify(log) by extensions ['ignore', 'ignore_ament_install']
[0.451s] Level 1:colcon.colcon_core.package_identification:_identify(log) by extension 'ignore'
[0.451s] Level 1:colcon.colcon_core.package_identification:_identify(log) ignored
[0.452s] Level 1:colcon.colcon_core.package_identification:_identify(src) by extensions ['ignore', 'ignore_ament_install']
[0.452s] Level 1:colcon.colcon_core.package_identification:_identify(src) by extension 'ignore'
[0.452s] Level 1:colcon.colcon_core.package_identification:_identify(src) by extension 'ignore_ament_install'
[0.452s] Level 1:colcon.colcon_core.package_identification:_identify(src) by extensions ['colcon_pkg']
[0.452s] Level 1:colcon.colcon_core.package_identification:_identify(src) by extension 'colcon_pkg'
[0.452s] Level 1:colcon.colcon_core.package_identification:_identify(src) by extensions ['colcon_meta']
[0.453s] Level 1:colcon.colcon_core.package_identification:_identify(src) by extension 'colcon_meta'
[0.453s] Level 1:colcon.colcon_core.package_identification:_identify(src) by extensions ['ros']
[0.453s] Level 1:colcon.colcon_core.package_identification:_identify(src) by extension 'ros'
[0.453s] Level 1:colcon.colcon_core.package_identification:_identify(src) by extensions ['cmake', 'python']
[0.453s] Level 1:colcon.colcon_core.package_identification:_identify(src) by extension 'cmake'
[0.453s] Level 1:colcon.colcon_core.package_identification:_identify(src) by extension 'python'
[0.454s] Level 1:colcon.colcon_core.package_identification:_identify(src) by extensions ['python_setup_py']
[0.454s] Level 1:colcon.colcon_core.package_identification:_identify(src) by extension 'python_setup_py'
[0.454s] Level 1:colcon.colcon_core.package_identification:_identify(src/aardbeien_detectie) by extensions ['ignore', 'ignore_ament_install']
[0.454s] Level 1:colcon.colcon_core.package_identification:_identify(src/aardbeien_detectie) by extension 'ignore'
[0.455s] Level 1:colcon.colcon_core.package_identification:_identify(src/aardbeien_detectie) by extension 'ignore_ament_install'
[0.455s] Level 1:colcon.colcon_core.package_identification:_identify(src/aardbeien_detectie) by extensions ['colcon_pkg']
[0.455s] Level 1:colcon.colcon_core.package_identification:_identify(src/aardbeien_detectie) by extension 'colcon_pkg'
[0.455s] Level 1:colcon.colcon_core.package_identification:_identify(src/aardbeien_detectie) by extensions ['colcon_meta']
[0.455s] Level 1:colcon.colcon_core.package_identification:_identify(src/aardbeien_detectie) by extension 'colcon_meta'
[0.455s] Level 1:colcon.colcon_core.package_identification:_identify(src/aardbeien_detectie) by extensions ['ros']
[0.455s] Level 1:colcon.colcon_core.package_identification:_identify(src/aardbeien_detectie) by extension 'ros'
[0.465s] DEBUG:colcon.colcon_core.package_identification:Package 'src/aardbeien_detectie' with type 'ros.ament_python' and name 'aardbeien_detectie'
[0.465s] Level 1:colcon.colcon_core.package_identification:_identify(src/build) by extensions ['ignore', 'ignore_ament_install']
[0.466s] Level 1:colcon.colcon_core.package_identification:_identify(src/build) by extension 'ignore'
[0.466s] Level 1:colcon.colcon_core.package_identification:_identify(src/build) ignored
[0.466s] Level 1:colcon.colcon_core.package_identification:_identify(src/hogpie_arm_description) by extensions ['ignore', 'ignore_ament_install']
[0.466s] Level 1:colcon.colcon_core.package_identification:_identify(src/hogpie_arm_description) by extension 'ignore'
[0.467s] Level 1:colcon.colcon_core.package_identification:_identify(src/hogpie_arm_description) by extension 'ignore_ament_install'
[0.467s] Level 1:colcon.colcon_core.package_identification:_identify(src/hogpie_arm_description) by extensions ['colcon_pkg']
[0.467s] Level 1:colcon.colcon_core.package_identification:_identify(src/hogpie_arm_description) by extension 'colcon_pkg'
[0.467s] Level 1:colcon.colcon_core.package_identification:_identify(src/hogpie_arm_description) by extensions ['colcon_meta']
[0.467s] Level 1:colcon.colcon_core.package_identification:_identify(src/hogpie_arm_description) by extension 'colcon_meta'
[0.467s] Level 1:colcon.colcon_core.package_identification:_identify(src/hogpie_arm_description) by extensions ['ros']
[0.468s] Level 1:colcon.colcon_core.package_identification:_identify(src/hogpie_arm_description) by extension 'ros'
[0.469s] DEBUG:colcon.colcon_core.package_identification:Package 'src/hogpie_arm_description' with type 'ros.ament_python' and name 'hogpie_arm_description'
[0.470s] Level 1:colcon.colcon_core.package_identification:_identify(src/hogpie_arm_driver) by extensions ['ignore', 'ignore_ament_install']
[0.470s] Level 1:colcon.colcon_core.package_identification:_identify(src/hogpie_arm_driver) by extension 'ignore'
[0.471s] Level 1:colcon.colcon_core.package_identification:_identify(src/hogpie_arm_driver) by extension 'ignore_ament_install'
[0.471s] Level 1:colcon.colcon_core.package_identification:_identify(src/hogpie_arm_driver) by extensions ['colcon_pkg']
[0.471s] Level 1:colcon.colcon_core.package_identification:_identify(src/hogpie_arm_driver) by extension 'colcon_pkg'
[0.471s] Level 1:colcon.colcon_core.package_identification:_identify(src/hogpie_arm_driver) by extensions ['colcon_meta']
[0.471s] Level 1:colcon.colcon_core.package_identification:_identify(src/hogpie_arm_driver) by extension 'colcon_meta'
[0.471s] Level 1:colcon.colcon_core.package_identification:_identify(src/hogpie_arm_driver) by extensions ['ros']
[0.471s] Level 1:colcon.colcon_core.package_identification:_identify(src/hogpie_arm_driver) by extension 'ros'
[0.474s] DEBUG:colcon.colcon_core.package_identification:Package 'src/hogpie_arm_driver' with type 'ros.ament_python' and name 'hogpie_arm_driver'
[0.474s] Level 1:colcon.colcon_core.package_identification:_identify(src/hogpie_arm_moveit_config) by extensions ['ignore', 'ignore_ament_install']
[0.474s] Level 1:colcon.colcon_core.package_identification:_identify(src/hogpie_arm_moveit_config) by extension 'ignore'
[0.475s] Level 1:colcon.colcon_core.package_identification:_identify(src/hogpie_arm_moveit_config) by extension 'ignore_ament_install'
[0.475s] Level 1:colcon.colcon_core.package_identification:_identify(src/hogpie_arm_moveit_config) by extensions ['colcon_pkg']
[0.475s] Level 1:colcon.colcon_core.package_identification:_identify(src/hogpie_arm_moveit_config) by extension 'colcon_pkg'
[0.475s] Level 1:colcon.colcon_core.package_identification:_identify(src/hogpie_arm_moveit_config) by extensions ['colcon_meta']
[0.475s] Level 1:colcon.colcon_core.package_identification:_identify(src/hogpie_arm_moveit_config) by extension 'colcon_meta'
[0.475s] Level 1:colcon.colcon_core.package_identification:_identify(src/hogpie_arm_moveit_config) by extensions ['ros']
[0.475s] Level 1:colcon.colcon_core.package_identification:_identify(src/hogpie_arm_moveit_config) by extension 'ros'
[0.478s] DEBUG:colcon.colcon_core.package_identification:Package 'src/hogpie_arm_moveit_config' with type 'ros.ament_cmake' and name 'hogpie_arm_moveit_config'
[0.478s] Level 1:colcon.colcon_core.package_identification:_identify(src/hogpie_controller_sensors) by extensions ['ignore', 'ignore_ament_install']
[0.478s] Level 1:colcon.colcon_core.package_identification:_identify(src/hogpie_controller_sensors) by extension 'ignore'
[0.479s] Level 1:colcon.colcon_core.package_identification:_identify(src/hogpie_controller_sensors) by extension 'ignore_ament_install'
[0.479s] Level 1:colcon.colcon_core.package_identification:_identify(src/hogpie_controller_sensors) by extensions ['colcon_pkg']
[0.479s] Level 1:colcon.colcon_core.package_identification:_identify(src/hogpie_controller_sensors) by extension 'colcon_pkg'
[0.479s] Level 1:colcon.colcon_core.package_identification:_identify(src/hogpie_controller_sensors) by extensions ['colcon_meta']
[0.479s] Level 1:colcon.colcon_core.package_identification:_identify(src/hogpie_controller_sensors) by extension 'colcon_meta'
[0.479s] Level 1:colcon.colcon_core.package_identification:_identify(src/hogpie_controller_sensors) by extensions ['ros']
[0.479s] Level 1:colcon.colcon_core.package_identification:_identify(src/hogpie_controller_sensors) by extension 'ros'
[0.481s] DEBUG:colcon.colcon_core.package_identification:Package 'src/hogpie_controller_sensors' with type 'ros.ament_python' and name 'hogpie_controller_sensors'
[0.481s] Level 1:colcon.colcon_core.package_identification:_identify(src/hogpie_servo_control) by extensions ['ignore', 'ignore_ament_install']
[0.481s] Level 1:colcon.colcon_core.package_identification:_identify(src/hogpie_servo_control) by extension 'ignore'
[0.481s] Level 1:colcon.colcon_core.package_identification:_identify(src/hogpie_servo_control) by extension 'ignore_ament_install'
[0.482s] Level 1:colcon.colcon_core.package_identification:_identify(src/hogpie_servo_control) by extensions ['colcon_pkg']
[0.482s] Level 1:colcon.colcon_core.package_identification:_identify(src/hogpie_servo_control) by extension 'colcon_pkg'
[0.482s] Level 1:colcon.colcon_core.package_identification:_identify(src/hogpie_servo_control) by extensions ['colcon_meta']
[0.482s] Level 1:colcon.colcon_core.package_identification:_identify(src/hogpie_servo_control) by extension 'colcon_meta'
[0.482s] Level 1:colcon.colcon_core.package_identification:_identify(src/hogpie_servo_control) by extensions ['ros']
[0.482s] Level 1:colcon.colcon_core.package_identification:_identify(src/hogpie_servo_control) by extension 'ros'
[0.484s] DEBUG:colcon.colcon_core.package_identification:Package 'src/hogpie_servo_control' with type 'ros.ament_python' and name 'hogpie_servo_control'
[0.484s] Level 1:colcon.colcon_core.package_identification:_identify(src/install) by extensions ['ignore', 'ignore_ament_install']
[0.484s] Level 1:colcon.colcon_core.package_identification:_identify(src/install) by extension 'ignore'
[0.484s] Level 1:colcon.colcon_core.package_identification:_identify(src/install) ignored
[0.485s] Level 1:colcon.colcon_core.package_identification:_identify(src/log) by extensions ['ignore', 'ignore_ament_install']
[0.485s] Level 1:colcon.colcon_core.package_identification:_identify(src/log) by extension 'ignore'
[0.485s] Level 1:colcon.colcon_core.package_identification:_identify(src/log) ignored
[0.485s] Level 1:colcon.colcon_core.package_identification:_identify(src/my_robot_description) by extensions ['ignore', 'ignore_ament_install']
[0.485s] Level 1:colcon.colcon_core.package_identification:_identify(src/my_robot_description) by extension 'ignore'
[0.486s] Level 1:colcon.colcon_core.package_identification:_identify(src/my_robot_description) by extension 'ignore_ament_install'
[0.486s] Level 1:colcon.colcon_core.package_identification:_identify(src/my_robot_description) by extensions ['colcon_pkg']
[0.486s] Level 1:colcon.colcon_core.package_identification:_identify(src/my_robot_description) by extension 'colcon_pkg'
[0.486s] Level 1:colcon.colcon_core.package_identification:_identify(src/my_robot_description) by extensions ['colcon_meta']
[0.486s] Level 1:colcon.colcon_core.package_identification:_identify(src/my_robot_description) by extension 'colcon_meta'
[0.487s] Level 1:colcon.colcon_core.package_identification:_identify(src/my_robot_description) by extensions ['ros']
[0.487s] Level 1:colcon.colcon_core.package_identification:_identify(src/my_robot_description) by extension 'ros'
[0.489s] DEBUG:colcon.colcon_core.package_identification:Package 'src/my_robot_description' with type 'ros.ament_cmake' and name 'my_robot_description'
[0.490s] Level 1:colcon.colcon_core.package_identification:_identify(src/planar_arm_moveit_config) by extensions ['ignore', 'ignore_ament_install']
[0.490s] Level 1:colcon.colcon_core.package_identification:_identify(src/planar_arm_moveit_config) by extension 'ignore'
[0.490s] Level 1:colcon.colcon_core.package_identification:_identify(src/planar_arm_moveit_config) by extension 'ignore_ament_install'
[0.491s] Level 1:colcon.colcon_core.package_identification:_identify(src/planar_arm_moveit_config) by extensions ['colcon_pkg']
[0.491s] Level 1:colcon.colcon_core.package_identification:_identify(src/planar_arm_moveit_config) by extension 'colcon_pkg'
[0.491s] Level 1:colcon.colcon_core.package_identification:_identify(src/planar_arm_moveit_config) by extensions ['colcon_meta']
[0.491s] Level 1:colcon.colcon_core.package_identification:_identify(src/planar_arm_moveit_config) by extension 'colcon_meta'
[0.491s] Level 1:colcon.colcon_core.package_identification:_identify(src/planar_arm_moveit_config) by extensions ['ros']
[0.491s] Level 1:colcon.colcon_core.package_identification:_identify(src/planar_arm_moveit_config) by extension 'ros'
[0.495s] DEBUG:colcon.colcon_core.package_identification:Package 'src/planar_arm_moveit_config' with type 'ros.ament_cmake' and name 'planar_arm_moveit_config'
[0.495s] Level 1:colcon.colcon_core.package_discovery:discover_packages(recursive) using defaults
[0.496s] Level 1:colcon.colcon_core.package_discovery:discover_packages(ignore) discover
[0.496s] Level 1:colcon.colcon_core.package_discovery:discover_packages(ignore) using defaults
[0.496s] Level 1:colcon.colcon_core.package_discovery:discover_packages(path) discover
[0.496s] Level 1:colcon.colcon_core.package_discovery:discover_packages(path) using defaults
[0.562s] Level 1:colcon.colcon_core.package_discovery:discover_packages(prefix_path) check parameters
[0.562s] Level 1:colcon.colcon_core.package_discovery:discover_packages(prefix_path) discover
[0.569s] DEBUG:colcon.colcon_installed_package_information.package_discovery:Found 9 installed packages in /home/groep8/rs2_ws/install
[0.570s] DEBUG:colcon.colcon_installed_package_information.package_discovery:Found 3 installed packages in /home/groep8/dxl_ws/install
[0.576s] DEBUG:colcon.colcon_installed_package_information.package_discovery:Found 388 installed packages in /opt/ros/jazzy
[0.583s] Level 1:colcon.colcon_core.package_discovery:discover_packages(prefix_path) using defaults
[0.712s] Level 5:colcon.colcon_core.verb:set package 'aardbeien_detectie' build argument 'cmake_args' from command line to 'None'
[0.712s] Level 5:colcon.colcon_core.verb:set package 'aardbeien_detectie' build argument 'cmake_target' from command line to 'None'
[0.712s] Level 5:colcon.colcon_core.verb:set package 'aardbeien_detectie' build argument 'cmake_target_skip_unavailable' from command line to 'False'
[0.712s] Level 5:colcon.colcon_core.verb:set package 'aardbeien_detectie' build argument 'cmake_clean_cache' from command line to 'False'
[0.712s] Level 5:colcon.colcon_core.verb:set package 'aardbeien_detectie' build argument 'cmake_clean_first' from command line to 'False'
[0.712s] Level 5:colcon.colcon_core.verb:set package 'aardbeien_detectie' build argument 'cmake_force_configure' from command line to 'False'
[0.712s] Level 5:colcon.colcon_core.verb:set package 'aardbeien_detectie' build argument 'ament_cmake_args' from command line to 'None'
[0.712s] Level 5:colcon.colcon_core.verb:set package 'aardbeien_detectie' build argument 'catkin_cmake_args' from command line to 'None'
[0.713s] Level 5:colcon.colcon_core.verb:set package 'aardbeien_detectie' build argument 'catkin_skip_building_tests' from command line to 'False'
[0.713s] DEBUG:colcon.colcon_core.verb:Building package 'aardbeien_detectie' with the following arguments: {'ament_cmake_args': None, 'build_base': '/home/groep8/rs2_ws/build/aardbeien_detectie', 'catkin_cmake_args': None, 'catkin_skip_building_tests': False, 'cmake_args': None, 'cmake_clean_cache': False, 'cmake_clean_first': False, 'cmake_force_configure': False, 'cmake_target': None, 'cmake_target_skip_unavailable': False, 'install_base': '/home/groep8/rs2_ws/install/aardbeien_detectie', 'merge_install': False, 'path': '/home/groep8/rs2_ws/src/aardbeien_detectie', 'symlink_install': False, 'test_result_base': None}
[0.714s] Level 5:colcon.colcon_core.verb:set package 'hogpie_arm_description' build argument 'cmake_args' from command line to 'None'
[0.714s] Level 5:colcon.colcon_core.verb:set package 'hogpie_arm_description' build argument 'cmake_target' from command line to 'None'
[0.714s] Level 5:colcon.colcon_core.verb:set package 'hogpie_arm_description' build argument 'cmake_target_skip_unavailable' from command line to 'False'
[0.714s] Level 5:colcon.colcon_core.verb:set package 'hogpie_arm_description' build argument 'cmake_clean_cache' from command line to 'False'
[0.715s] Level 5:colcon.colcon_core.verb:set package 'hogpie_arm_description' build argument 'cmake_clean_first' from command line to 'False'
[0.715s] Level 5:colcon.colcon_core.verb:set package 'hogpie_arm_description' build argument 'cmake_force_configure' from command line to 'False'
[0.715s] Level 5:colcon.colcon_core.verb:set package 'hogpie_arm_description' build argument 'ament_cmake_args' from command line to 'None'
[0.715s] Level 5:colcon.colcon_core.verb:set package 'hogpie_arm_description' build argument 'catkin_cmake_args' from command line to 'None'
[0.715s] Level 5:colcon.colcon_core.verb:set package 'hogpie_arm_description' build argument 'catkin_skip_building_tests' from command line to 'False'
[0.715s] DEBUG:colcon.colcon_core.verb:Building package 'hogpie_arm_description' with the following arguments: {'ament_cmake_args': None, 'build_base': '/home/groep8/rs2_ws/build/hogpie_arm_description', 'catkin_cmake_args': None, 'catkin_skip_building_tests': False, 'cmake_args': None, 'cmake_clean_cache': False, 'cmake_clean_first': False, 'cmake_force_configure': False, 'cmake_target': None, 'cmake_target_skip_unavailable': False, 'install_base': '/home/groep8/rs2_ws/install/hogpie_arm_description', 'merge_install': False, 'path': '/home/groep8/rs2_ws/src/hogpie_arm_description', 'symlink_install': False, 'test_result_base': None}
[0.716s] Level 5:colcon.colcon_core.verb:set package 'hogpie_arm_driver' build argument 'cmake_args' from command line to 'None'
[0.716s] Level 5:colcon.colcon_core.verb:set package 'hogpie_arm_driver' build argument 'cmake_target' from command line to 'None'
[0.716s] Level 5:colcon.colcon_core.verb:set package 'hogpie_arm_driver' build argument 'cmake_target_skip_unavailable' from command line to 'False'
[0.716s] Level 5:colcon.colcon_core.verb:set package 'hogpie_arm_driver' build argument 'cmake_clean_cache' from command line to 'False'
[0.716s] Level 5:colcon.colcon_core.verb:set package 'hogpie_arm_driver' build argument 'cmake_clean_first' from command line to 'False'
[0.716s] Level 5:colcon.colcon_core.verb:set package 'hogpie_arm_driver' build argument 'cmake_force_configure' from command line to 'False'
[0.716s] Level 5:colcon.colcon_core.verb:set package 'hogpie_arm_driver' build argument 'ament_cmake_args' from command line to 'None'
[0.716s] Level 5:colcon.colcon_core.verb:set package 'hogpie_arm_driver' build argument 'catkin_cmake_args' from command line to 'None'
[0.716s] Level 5:colcon.colcon_core.verb:set package 'hogpie_arm_driver' build argument 'catkin_skip_building_tests' from command line to 'False'
[0.716s] DEBUG:colcon.colcon_core.verb:Building package 'hogpie_arm_driver' with the following arguments: {'ament_cmake_args': None, 'build_base': '/home/groep8/rs2_ws/build/hogpie_arm_driver', 'catkin_cmake_args': None, 'catkin_skip_building_tests': False, 'cmake_args': None, 'cmake_clean_cache': False, 'cmake_clean_first': False, 'cmake_force_configure': False, 'cmake_target': None, 'cmake_target_skip_unavailable': False, 'install_base': '/home/groep8/rs2_ws/install/hogpie_arm_driver', 'merge_install': False, 'path': '/home/groep8/rs2_ws/src/hogpie_arm_driver', 'symlink_install': False, 'test_result_base': None}
[0.717s] Level 5:colcon.colcon_core.verb:set package 'hogpie_controller_sensors' build argument 'cmake_args' from command line to 'None'
[0.717s] Level 5:colcon.colcon_core.verb:set package 'hogpie_controller_sensors' build argument 'cmake_target' from command line to 'None'
[0.717s] Level 5:colcon.colcon_core.verb:set package 'hogpie_controller_sensors' build argument 'cmake_target_skip_unavailable' from command line to 'False'
[0.717s] Level 5:colcon.colcon_core.verb:set package 'hogpie_controller_sensors' build argument 'cmake_clean_cache' from command line to 'False'
[0.717s] Level 5:colcon.colcon_core.verb:set package 'hogpie_controller_sensors' build argument 'cmake_clean_first' from command line to 'False'
[0.717s] Level 5:colcon.colcon_core.verb:set package 'hogpie_controller_sensors' build argument 'cmake_force_configure' from command line to 'False'
[0.717s] Level 5:colcon.colcon_core.verb:set package 'hogpie_controller_sensors' build argument 'ament_cmake_args' from command line to 'None'
[0.717s] Level 5:colcon.colcon_core.verb:set package 'hogpie_controller_sensors' build argument 'catkin_cmake_args' from command line to 'None'
[0.717s] Level 5:colcon.colcon_core.verb:set package 'hogpie_controller_sensors' build argument 'catkin_skip_building_tests' from command line to 'False'
[0.717s] DEBUG:colcon.colcon_core.verb:Building package 'hogpie_controller_sensors' with the following arguments: {'ament_cmake_args': None, 'build_base': '/home/groep8/rs2_ws/build/hogpie_controller_sensors', 'catkin_cmake_args': None, 'catkin_skip_building_tests': False, 'cmake_args': None, 'cmake_clean_cache': False, 'cmake_clean_first': False, 'cmake_force_configure': False, 'cmake_target': None, 'cmake_target_skip_unavailable': False, 'install_base': '/home/groep8/rs2_ws/install/hogpie_controller_sensors', 'merge_install': False, 'path': '/home/groep8/rs2_ws/src/hogpie_controller_sensors', 'symlink_install': False, 'test_result_base': None}
[0.717s] Level 5:colcon.colcon_core.verb:set package 'hogpie_servo_control' build argument 'cmake_args' from command line to 'None'
[0.717s] Level 5:colcon.colcon_core.verb:set package 'hogpie_servo_control' build argument 'cmake_target' from command line to 'None'
[0.717s] Level 5:colcon.colcon_core.verb:set package 'hogpie_servo_control' build argument 'cmake_target_skip_unavailable' from command line to 'False'
[0.717s] Level 5:colcon.colcon_core.verb:set package 'hogpie_servo_control' build argument 'cmake_clean_cache' from command line to 'False'
[0.717s] Level 5:colcon.colcon_core.verb:set package 'hogpie_servo_control' build argument 'cmake_clean_first' from command line to 'False'
[0.718s] Level 5:colcon.colcon_core.verb:set package 'hogpie_servo_control' build argument 'cmake_force_configure' from command line to 'False'
[0.718s] Level 5:colcon.colcon_core.verb:set package 'hogpie_servo_control' build argument 'ament_cmake_args' from command line to 'None'
[0.718s] Level 5:colcon.colcon_core.verb:set package 'hogpie_servo_control' build argument 'catkin_cmake_args' from command line to 'None'
[0.718s] Level 5:colcon.colcon_core.verb:set package 'hogpie_servo_control' build argument 'catkin_skip_building_tests' from command line to 'False'
[0.718s] DEBUG:colcon.colcon_core.verb:Building package 'hogpie_servo_control' with the following arguments: {'ament_cmake_args': None, 'build_base': '/home/groep8/rs2_ws/build/hogpie_servo_control', 'catkin_cmake_args': None, 'catkin_skip_building_tests': False, 'cmake_args': None, 'cmake_clean_cache': False, 'cmake_clean_first': False, 'cmake_force_configure': False, 'cmake_target': None, 'cmake_target_skip_unavailable': False, 'install_base': '/home/groep8/rs2_ws/install/hogpie_servo_control', 'merge_install': False, 'path': '/home/groep8/rs2_ws/src/hogpie_servo_control', 'symlink_install': False, 'test_result_base': None}
[0.718s] Level 5:colcon.colcon_core.verb:set package 'my_robot_description' build argument 'cmake_args' from command line to 'None'
[0.718s] Level 5:colcon.colcon_core.verb:set package 'my_robot_description' build argument 'cmake_target' from command line to 'None'
[0.718s] Level 5:colcon.colcon_core.verb:set package 'my_robot_description' build argument 'cmake_target_skip_unavailable' from command line to 'False'
[0.718s] Level 5:colcon.colcon_core.verb:set package 'my_robot_description' build argument 'cmake_clean_cache' from command line to 'False'
[0.718s] Level 5:colcon.colcon_core.verb:set package 'my_robot_description' build argument 'cmake_clean_first' from command line to 'False'
[0.718s] Level 5:colcon.colcon_core.verb:set package 'my_robot_description' build argument 'cmake_force_configure' from command line to 'False'
[0.718s] Level 5:colcon.colcon_core.verb:set package 'my_robot_description' build argument 'ament_cmake_args' from command line to 'None'
[0.718s] Level 5:colcon.colcon_core.verb:set package 'my_robot_description' build argument 'catkin_cmake_args' from command line to 'None'
[0.718s] Level 5:colcon.colcon_core.verb:set package 'my_robot_description' build argument 'catkin_skip_building_tests' from command line to 'False'
[0.718s] DEBUG:colcon.colcon_core.verb:Building package 'my_robot_description' with the following arguments: {'ament_cmake_args': None, 'build_base': '/home/groep8/rs2_ws/build/my_robot_description', 'catkin_cmake_args': None, 'catkin_skip_building_tests': False, 'cmake_args': None, 'cmake_clean_cache': False, 'cmake_clean_first': False, 'cmake_force_configure': False, 'cmake_target': None, 'cmake_target_skip_unavailable': False, 'install_base': '/home/groep8/rs2_ws/install/my_robot_description', 'merge_install': False, 'path': '/home/groep8/rs2_ws/src/my_robot_description', 'symlink_install': False, 'test_result_base': None}
[0.719s] Level 5:colcon.colcon_core.verb:set package 'hogpie_arm_moveit_config' build argument 'cmake_args' from command line to 'None'
[0.719s] Level 5:colcon.colcon_core.verb:set package 'hogpie_arm_moveit_config' build argument 'cmake_target' from command line to 'None'
[0.719s] Level 5:colcon.colcon_core.verb:set package 'hogpie_arm_moveit_config' build argument 'cmake_target_skip_unavailable' from command line to 'False'
[0.719s] Level 5:colcon.colcon_core.verb:set package 'hogpie_arm_moveit_config' build argument 'cmake_clean_cache' from command line to 'False'
[0.719s] Level 5:colcon.colcon_core.verb:set package 'hogpie_arm_moveit_config' build argument 'cmake_clean_first' from command line to 'False'
[0.719s] Level 5:colcon.colcon_core.verb:set package 'hogpie_arm_moveit_config' build argument 'cmake_force_configure' from command line to 'False'
[0.719s] Level 5:colcon.colcon_core.verb:set package 'hogpie_arm_moveit_config' build argument 'ament_cmake_args' from command line to 'None'
[0.719s] Level 5:colcon.colcon_core.verb:set package 'hogpie_arm_moveit_config' build argument 'catkin_cmake_args' from command line to 'None'
[0.719s] Level 5:colcon.colcon_core.verb:set package 'hogpie_arm_moveit_config' build argument 'catkin_skip_building_tests' from command line to 'False'
[0.719s] DEBUG:colcon.colcon_core.verb:Building package 'hogpie_arm_moveit_config' with the following arguments: {'ament_cmake_args': None, 'build_base': '/home/groep8/rs2_ws/build/hogpie_arm_moveit_config', 'catkin_cmake_args': None, 'catkin_skip_building_tests': False, 'cmake_args': None, 'cmake_clean_cache': False, 'cmake_clean_first': False, 'cmake_force_configure': False, 'cmake_target': None, 'cmake_target_skip_unavailable': False, 'install_base': '/home/groep8/rs2_ws/install/hogpie_arm_moveit_config', 'merge_install': False, 'path': '/home/groep8/rs2_ws/src/hogpie_arm_moveit_config', 'symlink_install': False, 'test_result_base': None}
[0.719s] Level 5:colcon.colcon_core.verb:set package 'planar_arm_moveit_config' build argument 'cmake_args' from command line to 'None'
[0.719s] Level 5:colcon.colcon_core.verb:set package 'planar_arm_moveit_config' build argument 'cmake_target' from command line to 'None'
[0.719s] Level 5:colcon.colcon_core.verb:set package 'planar_arm_moveit_config' build argument 'cmake_target_skip_unavailable' from command line to 'False'
[0.719s] Level 5:colcon.colcon_core.verb:set package 'planar_arm_moveit_config' build argument 'cmake_clean_cache' from command line to 'False'
[0.719s] Level 5:colcon.colcon_core.verb:set package 'planar_arm_moveit_config' build argument 'cmake_clean_first' from command line to 'False'
[0.719s] Level 5:colcon.colcon_core.verb:set package 'planar_arm_moveit_config' build argument 'cmake_force_configure' from command line to 'False'
[0.719s] Level 5:colcon.colcon_core.verb:set package 'planar_arm_moveit_config' build argument 'ament_cmake_args' from command line to 'None'
[0.719s] Level 5:colcon.colcon_core.verb:set package 'planar_arm_moveit_config' build argument 'catkin_cmake_args' from command line to 'None'
[0.719s] Level 5:colcon.colcon_core.verb:set package 'planar_arm_moveit_config' build argument 'catkin_skip_building_tests' from command line to 'False'
[0.719s] DEBUG:colcon.colcon_core.verb:Building package 'planar_arm_moveit_config' with the following arguments: {'ament_cmake_args': None, 'build_base': '/home/groep8/rs2_ws/build/planar_arm_moveit_config', 'catkin_cmake_args': None, 'catkin_skip_building_tests': False, 'cmake_args': None, 'cmake_clean_cache': False, 'cmake_clean_first': False, 'cmake_force_configure': False, 'cmake_target': None, 'cmake_target_skip_unavailable': False, 'install_base': '/home/groep8/rs2_ws/install/planar_arm_moveit_config', 'merge_install': False, 'path': '/home/groep8/rs2_ws/src/planar_arm_moveit_config', 'symlink_install': False, 'test_result_base': None}
[0.720s] INFO:colcon.colcon_core.executor:Executing jobs using 'parallel' executor
[0.722s] DEBUG:colcon.colcon_parallel_executor.executor.parallel:run_until_complete
[0.722s] INFO:colcon.colcon_ros.task.ament_python.build:Building ROS package in '/home/groep8/rs2_ws/src/hogpie_arm_description' with build type 'ament_python'
[0.723s] Level 1:colcon.colcon_core.shell:create_environment_hook('hogpie_arm_description', 'ament_prefix_path')
[0.729s] INFO:colcon.colcon_core.plugin_system:Skipping extension 'colcon_core.shell.bat': Not used on non-Windows systems
[0.730s] INFO:colcon.colcon_core.shell:Creating environment hook '/home/groep8/rs2_ws/install/hogpie_arm_description/share/hogpie_arm_description/hook/ament_prefix_path.ps1'
[0.731s] INFO:colcon.colcon_core.shell:Creating environment descriptor '/home/groep8/rs2_ws/install/hogpie_arm_description/share/hogpie_arm_description/hook/ament_prefix_path.dsv'
[0.735s] INFO:colcon.colcon_core.shell:Creating environment hook '/home/groep8/rs2_ws/install/hogpie_arm_description/share/hogpie_arm_description/hook/ament_prefix_path.sh'
[0.738s] INFO:colcon.colcon_core.shell:Skip shell extension 'powershell' for command environment: Not usable outside of PowerShell
[0.738s] DEBUG:colcon.colcon_core.shell:Skip shell extension 'dsv' for command environment
[0.752s] INFO:colcon.colcon_ros.task.ament_cmake.build:Building ROS package in '/home/groep8/rs2_ws/src/my_robot_description' with build type 'ament_cmake'
[0.752s] INFO:colcon.colcon_cmake.task.cmake.build:Building CMake package in '/home/groep8/rs2_ws/src/my_robot_description'
[0.753s] INFO:colcon.colcon_core.shell:Skip shell extension 'powershell' for command environment: Not usable outside of PowerShell
[0.754s] DEBUG:colcon.colcon_core.shell:Skip shell extension 'dsv' for command environment
[0.767s] INFO:colcon.colcon_ros.task.ament_python.build:Building ROS package in '/home/groep8/rs2_ws/src/aardbeien_detectie' with build type 'ament_python'
[0.768s] Level 1:colcon.colcon_core.shell:create_environment_hook('aardbeien_detectie', 'ament_prefix_path')
[0.770s] INFO:colcon.colcon_core.shell:Creating environment hook '/home/groep8/rs2_ws/install/aardbeien_detectie/share/aardbeien_detectie/hook/ament_prefix_path.ps1'
[0.772s] INFO:colcon.colcon_core.shell:Creating environment descriptor '/home/groep8/rs2_ws/install/aardbeien_detectie/share/aardbeien_detectie/hook/ament_prefix_path.dsv'
[0.774s] INFO:colcon.colcon_core.shell:Creating environment hook '/home/groep8/rs2_ws/install/aardbeien_detectie/share/aardbeien_detectie/hook/ament_prefix_path.sh'
[0.775s] INFO:colcon.colcon_core.shell:Skip shell extension 'powershell' for command environment: Not usable outside of PowerShell
[0.775s] DEBUG:colcon.colcon_core.shell:Skip shell extension 'dsv' for command environment
[0.785s] INFO:colcon.colcon_ros.task.ament_python.build:Building ROS package in '/home/groep8/rs2_ws/src/hogpie_arm_driver' with build type 'ament_python'
[0.785s] Level 1:colcon.colcon_core.shell:create_environment_hook('hogpie_arm_driver', 'ament_prefix_path')
[0.786s] INFO:colcon.colcon_core.shell:Creating environment hook '/home/groep8/rs2_ws/install/hogpie_arm_driver/share/hogpie_arm_driver/hook/ament_prefix_path.ps1'
[0.788s] INFO:colcon.colcon_core.shell:Creating environment descriptor '/home/groep8/rs2_ws/install/hogpie_arm_driver/share/hogpie_arm_driver/hook/ament_prefix_path.dsv'
[0.790s] INFO:colcon.colcon_core.shell:Creating environment hook '/home/groep8/rs2_ws/install/hogpie_arm_driver/share/hogpie_arm_driver/hook/ament_prefix_path.sh'
[0.792s] INFO:colcon.colcon_core.shell:Skip shell extension 'powershell' for command environment: Not usable outside of PowerShell
[0.792s] DEBUG:colcon.colcon_core.shell:Skip shell extension 'dsv' for command environment
[1.506s] INFO:colcon.colcon_core.task.python.build:Building Python package in '/home/groep8/rs2_ws/src/hogpie_arm_description'
[1.506s] INFO:colcon.colcon_core.shell:Skip shell extension 'powershell' for command environment: Not usable outside of PowerShell
[1.506s] DEBUG:colcon.colcon_core.shell:Skip shell extension 'dsv' for command environment
[1.528s] DEBUG:colcon.colcon_core.event_handler.log_command:Invoking command in '/home/groep8/rs2_ws/build/my_robot_description': CMAKE_PREFIX_PATH=${CMAKE_PREFIX_PATH}:/home/groep8/rs2_ws/install/test_pkg:/home/groep8/rs2_ws/install/hogpie_servo_control:/home/groep8/rs2_ws/install/hogpie_controller_sensors:/home/groep8/rs2_ws/install/hogpie_arm_driver:/home/groep8/rs2_ws/install/hogpie_arm_description:/home/groep8/rs2_ws/install/aardbeien_detectie:/opt/ros/jazzy DEBUGINFOD_URLS=https://debuginfod.ubuntu.com /usr/bin/cmake --build /home/groep8/rs2_ws/build/my_robot_description -- -j4 -l4
[2.163s] INFO:colcon.colcon_core.task.python.build:Building Python package in '/home/groep8/rs2_ws/src/aardbeien_detectie'
[2.164s] INFO:colcon.colcon_core.shell:Skip shell extension 'powershell' for command environment: Not usable outside of PowerShell
[2.164s] DEBUG:colcon.colcon_core.shell:Skip shell extension 'dsv' for command environment
[2.175s] DEBUG:colcon.colcon_core.event_handler.log_command:Invoked command in '/home/groep8/rs2_ws/build/my_robot_description' returned '0': CMAKE_PREFIX_PATH=${CMAKE_PREFIX_PATH}:/home/groep8/rs2_ws/install/test_pkg:/home/groep8/rs2_ws/install/hogpie_servo_control:/home/groep8/rs2_ws/install/hogpie_controller_sensors:/home/groep8/rs2_ws/install/hogpie_arm_driver:/home/groep8/rs2_ws/install/hogpie_arm_description:/home/groep8/rs2_ws/install/aardbeien_detectie:/opt/ros/jazzy DEBUGINFOD_URLS=https://debuginfod.ubuntu.com /usr/bin/cmake --build /home/groep8/rs2_ws/build/my_robot_description -- -j4 -l4
[2.200s] DEBUG:colcon.colcon_core.event_handler.log_command:Invoking command in '/home/groep8/rs2_ws/build/my_robot_description': CMAKE_PREFIX_PATH=${CMAKE_PREFIX_PATH}:/home/groep8/rs2_ws/install/test_pkg:/home/groep8/rs2_ws/install/hogpie_servo_control:/home/groep8/rs2_ws/install/hogpie_controller_sensors:/home/groep8/rs2_ws/install/hogpie_arm_driver:/home/groep8/rs2_ws/install/hogpie_arm_description:/home/groep8/rs2_ws/install/aardbeien_detectie:/opt/ros/jazzy DEBUGINFOD_URLS=https://debuginfod.ubuntu.com /usr/bin/cmake --install /home/groep8/rs2_ws/build/my_robot_description
[2.786s] INFO:colcon.colcon_core.task.python.build:Building Python package in '/home/groep8/rs2_ws/src/hogpie_arm_driver'
[2.787s] INFO:colcon.colcon_core.shell:Skip shell extension 'powershell' for command environment: Not usable outside of PowerShell
[2.787s] DEBUG:colcon.colcon_core.shell:Skip shell extension 'dsv' for command environment
[2.822s] Level 1:colcon.colcon_core.environment:create_environment_scripts_only(my_robot_description)
[2.826s] DEBUG:colcon.colcon_core.event_handler.log_command:Invoked command in '/home/groep8/rs2_ws/build/my_robot_description' returned '0': CMAKE_PREFIX_PATH=${CMAKE_PREFIX_PATH}:/home/groep8/rs2_ws/install/test_pkg:/home/groep8/rs2_ws/install/hogpie_servo_control:/home/groep8/rs2_ws/install/hogpie_controller_sensors:/home/groep8/rs2_ws/install/hogpie_arm_driver:/home/groep8/rs2_ws/install/hogpie_arm_description:/home/groep8/rs2_ws/install/aardbeien_detectie:/opt/ros/jazzy DEBUGINFOD_URLS=https://debuginfod.ubuntu.com /usr/bin/cmake --install /home/groep8/rs2_ws/build/my_robot_description
[2.835s] Level 1:colcon.colcon_core.environment:checking '/home/groep8/rs2_ws/install/my_robot_description' for CMake module files
[2.837s] Level 1:colcon.colcon_core.environment:checking '/home/groep8/rs2_ws/install/my_robot_description' for CMake config files
[2.839s] Level 1:colcon.colcon_core.shell:create_environment_hook('my_robot_description', 'cmake_prefix_path')
[2.843s] INFO:colcon.colcon_core.shell:Creating environment hook '/home/groep8/rs2_ws/install/my_robot_description/share/my_robot_description/hook/cmake_prefix_path.ps1'
[2.845s] INFO:colcon.colcon_core.shell:Creating environment descriptor '/home/groep8/rs2_ws/install/my_robot_description/share/my_robot_description/hook/cmake_prefix_path.dsv'
[2.848s] INFO:colcon.colcon_core.shell:Creating environment hook '/home/groep8/rs2_ws/install/my_robot_description/share/my_robot_description/hook/cmake_prefix_path.sh'
[2.851s] Level 1:colcon.colcon_core.environment:checking '/home/groep8/rs2_ws/install/my_robot_description/bin'
[2.851s] Level 1:colcon.colcon_core.environment:checking '/home/groep8/rs2_ws/install/my_robot_description/lib/pkgconfig/my_robot_description.pc'
[2.856s] Level 1:colcon.colcon_core.environment:checking '/home/groep8/rs2_ws/install/my_robot_description/lib/python3.12/site-packages'
[2.858s] Level 1:colcon.colcon_core.environment:checking '/home/groep8/rs2_ws/install/my_robot_description/bin'
[2.859s] INFO:colcon.colcon_core.shell:Creating package script '/home/groep8/rs2_ws/install/my_robot_description/share/my_robot_description/package.ps1'
[2.864s] INFO:colcon.colcon_core.shell:Creating package descriptor '/home/groep8/rs2_ws/install/my_robot_description/share/my_robot_description/package.dsv'
[2.867s] INFO:colcon.colcon_core.shell:Creating package script '/home/groep8/rs2_ws/install/my_robot_description/share/my_robot_description/package.sh'
[2.870s] INFO:colcon.colcon_core.shell:Creating package script '/home/groep8/rs2_ws/install/my_robot_description/share/my_robot_description/package.bash'
[2.874s] INFO:colcon.colcon_core.shell:Creating package script '/home/groep8/rs2_ws/install/my_robot_description/share/my_robot_description/package.zsh'
[2.876s] Level 1:colcon.colcon_core.environment:create_file_with_runtime_dependencies(/home/groep8/rs2_ws/install/my_robot_description/share/colcon-core/packages/my_robot_description)
[2.881s] Level 1:colcon.colcon_core.environment:create_environment_scripts_only(my_robot_description)
[2.883s] Level 1:colcon.colcon_core.environment:checking '/home/groep8/rs2_ws/install/my_robot_description' for CMake module files
[2.885s] Level 1:colcon.colcon_core.environment:checking '/home/groep8/rs2_ws/install/my_robot_description' for CMake config files
[2.887s] Level 1:colcon.colcon_core.shell:create_environment_hook('my_robot_description', 'cmake_prefix_path')
[2.888s] INFO:colcon.colcon_core.shell:Creating environment hook '/home/groep8/rs2_ws/install/my_robot_description/share/my_robot_description/hook/cmake_prefix_path.ps1'
[2.890s] INFO:colcon.colcon_core.shell:Creating environment descriptor '/home/groep8/rs2_ws/install/my_robot_description/share/my_robot_description/hook/cmake_prefix_path.dsv'
[2.892s] INFO:colcon.colcon_core.shell:Creating environment hook '/home/groep8/rs2_ws/install/my_robot_description/share/my_robot_description/hook/cmake_prefix_path.sh'
[2.896s] Level 1:colcon.colcon_core.environment:checking '/home/groep8/rs2_ws/install/my_robot_description/bin'
[2.896s] Level 1:colcon.colcon_core.environment:checking '/home/groep8/rs2_ws/install/my_robot_description/lib/pkgconfig/my_robot_description.pc'
[2.897s] Level 1:colcon.colcon_core.environment:checking '/home/groep8/rs2_ws/install/my_robot_description/lib/python3.12/site-packages'
[2.900s] Level 1:colcon.colcon_core.environment:checking '/home/groep8/rs2_ws/install/my_robot_description/bin'
[2.901s] INFO:colcon.colcon_core.shell:Creating package script '/home/groep8/rs2_ws/install/my_robot_description/share/my_robot_description/package.ps1'
[2.904s] INFO:colcon.colcon_core.shell:Creating package descriptor '/home/groep8/rs2_ws/install/my_robot_description/share/my_robot_description/package.dsv'
[2.906s] INFO:colcon.colcon_core.shell:Creating package script '/home/groep8/rs2_ws/install/my_robot_description/share/my_robot_description/package.sh'
[2.908s] INFO:colcon.colcon_core.shell:Creating package script '/home/groep8/rs2_ws/install/my_robot_description/share/my_robot_description/package.bash'
[2.910s] INFO:colcon.colcon_core.shell:Creating package script '/home/groep8/rs2_ws/install/my_robot_description/share/my_robot_description/package.zsh'
[2.912s] Level 1:colcon.colcon_core.environment:create_file_with_runtime_dependencies(/home/groep8/rs2_ws/install/my_robot_description/share/colcon-core/packages/my_robot_description)
[2.915s] INFO:colcon.colcon_ros.task.ament_python.build:Building ROS package in '/home/groep8/rs2_ws/src/hogpie_controller_sensors' with build type 'ament_python'
[2.915s] Level 1:colcon.colcon_core.shell:create_environment_hook('hogpie_controller_sensors', 'ament_prefix_path')
[2.916s] INFO:colcon.colcon_core.shell:Creating environment hook '/home/groep8/rs2_ws/install/hogpie_controller_sensors/share/hogpie_controller_sensors/hook/ament_prefix_path.ps1'
[2.918s] INFO:colcon.colcon_core.shell:Creating environment descriptor '/home/groep8/rs2_ws/install/hogpie_controller_sensors/share/hogpie_controller_sensors/hook/ament_prefix_path.dsv'
[2.920s] INFO:colcon.colcon_core.shell:Creating environment hook '/home/groep8/rs2_ws/install/hogpie_controller_sensors/share/hogpie_controller_sensors/hook/ament_prefix_path.sh'
[2.926s] INFO:colcon.colcon_core.shell:Skip shell extension 'powershell' for command environment: Not usable outside of PowerShell
[2.927s] DEBUG:colcon.colcon_core.shell:Skip shell extension 'dsv' for command environment
[4.148s] INFO:colcon.colcon_core.task.python.build:Building Python package in '/home/groep8/rs2_ws/src/hogpie_controller_sensors'
[4.153s] INFO:colcon.colcon_core.shell:Skip shell extension 'powershell' for command environment: Not usable outside of PowerShell
[4.153s] DEBUG:colcon.colcon_core.shell:Skip shell extension 'dsv' for command environment
[5.284s] DEBUG:colcon.colcon_core.event_handler.log_command:Invoking command in '/home/groep8/rs2_ws/src/aardbeien_detectie': DEBUGINFOD_URLS=https://debuginfod.ubuntu.com PYTHONPATH=/home/groep8/rs2_ws/build/aardbeien_detectie/prefix_override:/usr/lib/python3/dist-packages/colcon_core/task/python/colcon_distutils_commands:/home/groep8/rs2_ws/install/aardbeien_detectie/lib/python3.12/site-packages:${PYTHONPATH} /usr/bin/python3 -W ignore:setup.py install is deprecated -W ignore:easy_install command is deprecated setup.py egg_info --egg-base ../../build/aardbeien_detectie build --build-base /home/groep8/rs2_ws/build/aardbeien_detectie/build install --record /home/groep8/rs2_ws/build/aardbeien_detectie/install.log --single-version-externally-managed install_data
[5.444s] DEBUG:colcon.colcon_core.event_handler.log_command:Invoking command in '/home/groep8/rs2_ws/src/hogpie_arm_description': DEBUGINFOD_URLS=https://debuginfod.ubuntu.com PYTHONPATH=/home/groep8/rs2_ws/build/hogpie_arm_description/prefix_override:/usr/lib/python3/dist-packages/colcon_core/task/python/colcon_distutils_commands:/home/groep8/rs2_ws/install/hogpie_arm_description/lib/python3.12/site-packages:${PYTHONPATH} /usr/bin/python3 -W ignore:setup.py install is deprecated -W ignore:easy_install command is deprecated setup.py egg_info --egg-base ../../build/hogpie_arm_description build --build-base /home/groep8/rs2_ws/build/hogpie_arm_description/build install --record /home/groep8/rs2_ws/build/hogpie_arm_description/install.log --single-version-externally-managed install_data
[5.637s] DEBUG:colcon.colcon_core.event_handler.log_command:Invoking command in '/home/groep8/rs2_ws/src/hogpie_arm_driver': DEBUGINFOD_URLS=https://debuginfod.ubuntu.com PYTHONPATH=/home/groep8/rs2_ws/build/hogpie_arm_driver/prefix_override:/usr/lib/python3/dist-packages/colcon_core/task/python/colcon_distutils_commands:/home/groep8/rs2_ws/install/hogpie_arm_driver/lib/python3.12/site-packages:${PYTHONPATH} /usr/bin/python3 -W ignore:setup.py install is deprecated -W ignore:easy_install command is deprecated setup.py egg_info --egg-base ../../build/hogpie_arm_driver build --build-base /home/groep8/rs2_ws/build/hogpie_arm_driver/build install --record /home/groep8/rs2_ws/build/hogpie_arm_driver/install.log --single-version-externally-managed install_data
[7.610s] DEBUG:colcon.colcon_core.event_handler.log_command:Invoking command in '/home/groep8/rs2_ws/src/hogpie_controller_sensors': DEBUGINFOD_URLS=https://debuginfod.ubuntu.com PYTHONPATH=/home/groep8/rs2_ws/build/hogpie_controller_sensors/prefix_override:/usr/lib/python3/dist-packages/colcon_core/task/python/colcon_distutils_commands:/home/groep8/rs2_ws/install/hogpie_controller_sensors/lib/python3.12/site-packages:${PYTHONPATH} /usr/bin/python3 -W ignore:setup.py install is deprecated -W ignore:easy_install command is deprecated setup.py egg_info --egg-base ../../build/hogpie_controller_sensors build --build-base /home/groep8/rs2_ws/build/hogpie_controller_sensors/build install --record /home/groep8/rs2_ws/build/hogpie_controller_sensors/install.log --single-version-externally-managed install_data
[8.773s] Level 1:colcon.colcon_core.environment:checking '/home/groep8/rs2_ws/install/aardbeien_detectie' for CMake module files
[8.775s] Level 1:colcon.colcon_core.environment:checking '/home/groep8/rs2_ws/install/aardbeien_detectie' for CMake config files
[8.778s] DEBUG:colcon.colcon_core.event_handler.log_command:Invoked command in '/home/groep8/rs2_ws/src/aardbeien_detectie' returned '0': DEBUGINFOD_URLS=https://debuginfod.ubuntu.com PYTHONPATH=/home/groep8/rs2_ws/build/aardbeien_detectie/prefix_override:/usr/lib/python3/dist-packages/colcon_core/task/python/colcon_distutils_commands:/home/groep8/rs2_ws/install/aardbeien_detectie/lib/python3.12/site-packages:${PYTHONPATH} /usr/bin/python3 -W ignore:setup.py install is deprecated -W ignore:easy_install command is deprecated setup.py egg_info --egg-base ../../build/aardbeien_detectie build --build-base /home/groep8/rs2_ws/build/aardbeien_detectie/build install --record /home/groep8/rs2_ws/build/aardbeien_detectie/install.log --single-version-externally-managed install_data
[8.781s] Level 1:colcon.colcon_core.environment:checking '/home/groep8/rs2_ws/install/aardbeien_detectie/lib'
[8.786s] Level 1:colcon.colcon_core.environment:checking '/home/groep8/rs2_ws/install/aardbeien_detectie/bin'
[8.789s] Level 1:colcon.colcon_core.environment:checking '/home/groep8/rs2_ws/install/aardbeien_detectie/lib/pkgconfig/aardbeien_detectie.pc'
[8.791s] Level 1:colcon.colcon_core.environment:checking '/home/groep8/rs2_ws/install/aardbeien_detectie/lib/python3.12/site-packages'
[8.792s] Level 1:colcon.colcon_core.shell:create_environment_hook('aardbeien_detectie', 'pythonpath')
[8.798s] INFO:colcon.colcon_core.shell:Creating environment hook '/home/groep8/rs2_ws/install/aardbeien_detectie/share/aardbeien_detectie/hook/pythonpath.ps1'
[8.801s] INFO:colcon.colcon_core.shell:Creating environment descriptor '/home/groep8/rs2_ws/install/aardbeien_detectie/share/aardbeien_detectie/hook/pythonpath.dsv'
[8.806s] INFO:colcon.colcon_core.shell:Creating environment hook '/home/groep8/rs2_ws/install/aardbeien_detectie/share/aardbeien_detectie/hook/pythonpath.sh'
[8.812s] Level 1:colcon.colcon_core.environment:checking '/home/groep8/rs2_ws/install/aardbeien_detectie/bin'
[8.813s] Level 1:colcon.colcon_core.environment:create_environment_scripts_only(aardbeien_detectie)
[8.823s] INFO:colcon.colcon_core.shell:Creating package script '/home/groep8/rs2_ws/install/aardbeien_detectie/share/aardbeien_detectie/package.ps1'
[8.827s] INFO:colcon.colcon_core.shell:Creating package descriptor '/home/groep8/rs2_ws/install/aardbeien_detectie/share/aardbeien_detectie/package.dsv'
[8.831s] INFO:colcon.colcon_core.shell:Creating package script '/home/groep8/rs2_ws/install/aardbeien_detectie/share/aardbeien_detectie/package.sh'
[8.833s] INFO:colcon.colcon_core.shell:Creating package script '/home/groep8/rs2_ws/install/aardbeien_detectie/share/aardbeien_detectie/package.bash'
[8.837s] INFO:colcon.colcon_core.shell:Creating package script '/home/groep8/rs2_ws/install/aardbeien_detectie/share/aardbeien_detectie/package.zsh'
[8.839s] Level 1:colcon.colcon_core.environment:create_file_with_runtime_dependencies(/home/groep8/rs2_ws/install/aardbeien_detectie/share/colcon-core/packages/aardbeien_detectie)
[8.847s] INFO:colcon.colcon_ros.task.ament_python.build:Building ROS package in '/home/groep8/rs2_ws/src/hogpie_servo_control' with build type 'ament_python'
[8.848s] Level 1:colcon.colcon_core.shell:create_environment_hook('hogpie_servo_control', 'ament_prefix_path')
[8.850s] INFO:colcon.colcon_core.shell:Creating environment hook '/home/groep8/rs2_ws/install/hogpie_servo_control/share/hogpie_servo_control/hook/ament_prefix_path.ps1'
[8.857s] INFO:colcon.colcon_core.shell:Creating environment descriptor '/home/groep8/rs2_ws/install/hogpie_servo_control/share/hogpie_servo_control/hook/ament_prefix_path.dsv'
[8.858s] INFO:colcon.colcon_core.shell:Creating environment hook '/home/groep8/rs2_ws/install/hogpie_servo_control/share/hogpie_servo_control/hook/ament_prefix_path.sh'
[8.860s] INFO:colcon.colcon_core.shell:Skip shell extension 'powershell' for command environment: Not usable outside of PowerShell
[8.860s] DEBUG:colcon.colcon_core.shell:Skip shell extension 'dsv' for command environment
[8.874s] Level 1:colcon.colcon_core.environment:checking '/home/groep8/rs2_ws/install/hogpie_arm_description' for CMake module files
[8.875s] Level 1:colcon.colcon_core.environment:checking '/home/groep8/rs2_ws/install/hogpie_arm_description' for CMake config files
[8.876s] DEBUG:colcon.colcon_core.event_handler.log_command:Invoked command in '/home/groep8/rs2_ws/src/hogpie_arm_description' returned '0': DEBUGINFOD_URLS=https://debuginfod.ubuntu.com PYTHONPATH=/home/groep8/rs2_ws/build/hogpie_arm_description/prefix_override:/usr/lib/python3/dist-packages/colcon_core/task/python/colcon_distutils_commands:/home/groep8/rs2_ws/install/hogpie_arm_description/lib/python3.12/site-packages:${PYTHONPATH} /usr/bin/python3 -W ignore:setup.py install is deprecated -W ignore:easy_install command is deprecated setup.py egg_info --egg-base ../../build/hogpie_arm_description build --build-base /home/groep8/rs2_ws/build/hogpie_arm_description/build install --record /home/groep8/rs2_ws/build/hogpie_arm_description/install.log --single-version-externally-managed install_data
[8.878s] Level 1:colcon.colcon_core.environment:checking '/home/groep8/rs2_ws/install/hogpie_arm_description/lib'
[8.879s] Level 1:colcon.colcon_core.environment:checking '/home/groep8/rs2_ws/install/hogpie_arm_description/bin'
[8.880s] Level 1:colcon.colcon_core.environment:checking '/home/groep8/rs2_ws/install/hogpie_arm_description/lib/pkgconfig/hogpie_arm_description.pc'
[8.880s] Level 1:colcon.colcon_core.environment:checking '/home/groep8/rs2_ws/install/hogpie_arm_description/lib/python3.12/site-packages'
[8.881s] Level 1:colcon.colcon_core.shell:create_environment_hook('hogpie_arm_description', 'pythonpath')
[8.881s] INFO:colcon.colcon_core.shell:Creating environment hook '/home/groep8/rs2_ws/install/hogpie_arm_description/share/hogpie_arm_description/hook/pythonpath.ps1'
[8.883s] INFO:colcon.colcon_core.shell:Creating environment descriptor '/home/groep8/rs2_ws/install/hogpie_arm_description/share/hogpie_arm_description/hook/pythonpath.dsv'
[8.886s] INFO:colcon.colcon_core.shell:Creating environment hook '/home/groep8/rs2_ws/install/hogpie_arm_description/share/hogpie_arm_description/hook/pythonpath.sh'
[8.888s] Level 1:colcon.colcon_core.environment:checking '/home/groep8/rs2_ws/install/hogpie_arm_description/bin'
[8.889s] Level 1:colcon.colcon_core.environment:create_environment_scripts_only(hogpie_arm_description)
[8.890s] INFO:colcon.colcon_core.shell:Creating package script '/home/groep8/rs2_ws/install/hogpie_arm_description/share/hogpie_arm_description/package.ps1'
[8.893s] INFO:colcon.colcon_core.shell:Creating package descriptor '/home/groep8/rs2_ws/install/hogpie_arm_description/share/hogpie_arm_description/package.dsv'
[8.898s] INFO:colcon.colcon_core.shell:Creating package script '/home/groep8/rs2_ws/install/hogpie_arm_description/share/hogpie_arm_description/package.sh'
[8.903s] INFO:colcon.colcon_core.shell:Creating package script '/home/groep8/rs2_ws/install/hogpie_arm_description/share/hogpie_arm_description/package.bash'
[8.905s] INFO:colcon.colcon_core.shell:Creating package script '/home/groep8/rs2_ws/install/hogpie_arm_description/share/hogpie_arm_description/package.zsh'
[8.906s] Level 1:colcon.colcon_core.environment:create_file_with_runtime_dependencies(/home/groep8/rs2_ws/install/hogpie_arm_description/share/colcon-core/packages/hogpie_arm_description)
[8.909s] INFO:colcon.colcon_ros.task.ament_cmake.build:Building ROS package in '/home/groep8/rs2_ws/src/hogpie_arm_moveit_config' with build type 'ament_cmake'
[8.910s] INFO:colcon.colcon_cmake.task.cmake.build:Building CMake package in '/home/groep8/rs2_ws/src/hogpie_arm_moveit_config'
[8.911s] INFO:colcon.colcon_core.shell:Skip shell extension 'powershell' for command environment: Not usable outside of PowerShell
[8.911s] DEBUG:colcon.colcon_core.shell:Skip shell extension 'dsv' for command environment
[9.739s] INFO:colcon.colcon_core.task.python.build:Building Python package in '/home/groep8/rs2_ws/src/hogpie_servo_control'
[9.740s] INFO:colcon.colcon_core.shell:Skip shell extension 'powershell' for command environment: Not usable outside of PowerShell
[9.741s] DEBUG:colcon.colcon_core.shell:Skip shell extension 'dsv' for command environment
[9.755s] DEBUG:colcon.colcon_core.event_handler.log_command:Invoking command in '/home/groep8/rs2_ws/build/hogpie_arm_moveit_config': AMENT_PREFIX_PATH=/home/groep8/rs2_ws/install/hogpie_arm_description:/home/groep8/rs2_ws/install/test_pkg:/home/groep8/rs2_ws/install/planar_arm_moveit_config:/home/groep8/rs2_ws/install/my_robot_description:/home/groep8/rs2_ws/install/hogpie_servo_control:/home/groep8/rs2_ws/install/hogpie_controller_sensors:/home/groep8/rs2_ws/install/hogpie_arm_moveit_config:/home/groep8/rs2_ws/install/hogpie_arm_driver:/home/groep8/rs2_ws/install/aardbeien_detectie:/home/groep8/dxl_ws/install/dynamixel_sdk_examples:/home/groep8/dxl_ws/install/dynamixel_sdk_custom_interfaces:/home/groep8/dxl_ws/install/dynamixel_sdk:/opt/ros/jazzy CMAKE_PREFIX_PATH=${CMAKE_PREFIX_PATH}:/home/groep8/rs2_ws/install/test_pkg:/home/groep8/rs2_ws/install/hogpie_servo_control:/home/groep8/rs2_ws/install/hogpie_controller_sensors:/home/groep8/rs2_ws/install/hogpie_arm_driver:/home/groep8/rs2_ws/install/hogpie_arm_description:/home/groep8/rs2_ws/install/aardbeien_detectie:/opt/ros/jazzy DEBUGINFOD_URLS=https://debuginfod.ubuntu.com PYTHONPATH=/home/groep8/rs2_ws/install/hogpie_arm_description/lib/python3.12/site-packages:/home/groep8/rs2_ws/install/test_pkg/lib/python3.12/site-packages:/home/groep8/rs2_ws/install/hogpie_servo_control/lib/python3.12/site-packages:/home/groep8/rs2_ws/install/hogpie_controller_sensors/lib/python3.12/site-packages:/home/groep8/rs2_ws/install/hogpie_arm_driver/lib/python3.12/site-packages:/home/groep8/rs2_ws/install/aardbeien_detectie/lib/python3.12/site-packages:/home/groep8/dxl_ws/install/dynamixel_sdk_custom_interfaces/lib/python3.12/site-packages:/home/groep8/dxl_ws/install/dynamixel_sdk/lib/python3.12/site-packages:/opt/ros/jazzy/lib/python3.12/site-packages /usr/bin/cmake --build /home/groep8/rs2_ws/build/hogpie_arm_moveit_config -- -j4 -l4
[9.757s] Level 1:colcon.colcon_core.environment:checking '/home/groep8/rs2_ws/install/hogpie_arm_driver' for CMake module files
[9.759s] Level 1:colcon.colcon_core.environment:checking '/home/groep8/rs2_ws/install/hogpie_arm_driver' for CMake config files
[9.760s] Level 1:colcon.colcon_core.environment:checking '/home/groep8/rs2_ws/install/hogpie_arm_driver/lib'
[9.760s] Level 1:colcon.colcon_core.environment:checking '/home/groep8/rs2_ws/install/hogpie_arm_driver/bin'
[9.760s] Level 1:colcon.colcon_core.environment:checking '/home/groep8/rs2_ws/install/hogpie_arm_driver/lib/pkgconfig/hogpie_arm_driver.pc'
[9.761s] Level 1:colcon.colcon_core.environment:checking '/home/groep8/rs2_ws/install/hogpie_arm_driver/lib/python3.12/site-packages'
[9.761s] DEBUG:colcon.colcon_core.event_handler.log_command:Invoked command in '/home/groep8/rs2_ws/src/hogpie_arm_driver' returned '0': DEBUGINFOD_URLS=https://debuginfod.ubuntu.com PYTHONPATH=/home/groep8/rs2_ws/build/hogpie_arm_driver/prefix_override:/usr/lib/python3/dist-packages/colcon_core/task/python/colcon_distutils_commands:/home/groep8/rs2_ws/install/hogpie_arm_driver/lib/python3.12/site-packages:${PYTHONPATH} /usr/bin/python3 -W ignore:setup.py install is deprecated -W ignore:easy_install command is deprecated setup.py egg_info --egg-base ../../build/hogpie_arm_driver build --build-base /home/groep8/rs2_ws/build/hogpie_arm_driver/build install --record /home/groep8/rs2_ws/build/hogpie_arm_driver/install.log --single-version-externally-managed install_data
[9.762s] Level 1:colcon.colcon_core.shell:create_environment_hook('hogpie_arm_driver', 'pythonpath')
[9.763s] INFO:colcon.colcon_core.shell:Creating environment hook '/home/groep8/rs2_ws/install/hogpie_arm_driver/share/hogpie_arm_driver/hook/pythonpath.ps1'
[9.765s] INFO:colcon.colcon_core.shell:Creating environment descriptor '/home/groep8/rs2_ws/install/hogpie_arm_driver/share/hogpie_arm_driver/hook/pythonpath.dsv'
[9.767s] INFO:colcon.colcon_core.shell:Creating environment hook '/home/groep8/rs2_ws/install/hogpie_arm_driver/share/hogpie_arm_driver/hook/pythonpath.sh'
[9.769s] Level 1:colcon.colcon_core.environment:checking '/home/groep8/rs2_ws/install/hogpie_arm_driver/bin'
[9.770s] Level 1:colcon.colcon_core.environment:create_environment_scripts_only(hogpie_arm_driver)
[9.770s] INFO:colcon.colcon_core.shell:Creating package script '/home/groep8/rs2_ws/install/hogpie_arm_driver/share/hogpie_arm_driver/package.ps1'
[9.772s] INFO:colcon.colcon_core.shell:Creating package descriptor '/home/groep8/rs2_ws/install/hogpie_arm_driver/share/hogpie_arm_driver/package.dsv'
[9.776s] INFO:colcon.colcon_core.shell:Creating package script '/home/groep8/rs2_ws/install/hogpie_arm_driver/share/hogpie_arm_driver/package.sh'
[9.778s] INFO:colcon.colcon_core.shell:Creating package script '/home/groep8/rs2_ws/install/hogpie_arm_driver/share/hogpie_arm_driver/package.bash'
[9.779s] INFO:colcon.colcon_core.shell:Creating package script '/home/groep8/rs2_ws/install/hogpie_arm_driver/share/hogpie_arm_driver/package.zsh'
[9.780s] Level 1:colcon.colcon_core.environment:create_file_with_runtime_dependencies(/home/groep8/rs2_ws/install/hogpie_arm_driver/share/colcon-core/packages/hogpie_arm_driver)
[9.781s] INFO:colcon.colcon_ros.task.ament_cmake.build:Building ROS package in '/home/groep8/rs2_ws/src/planar_arm_moveit_config' with build type 'ament_cmake'
[9.782s] INFO:colcon.colcon_cmake.task.cmake.build:Building CMake package in '/home/groep8/rs2_ws/src/planar_arm_moveit_config'
[9.783s] INFO:colcon.colcon_core.shell:Skip shell extension 'powershell' for command environment: Not usable outside of PowerShell
[9.783s] DEBUG:colcon.colcon_core.shell:Skip shell extension 'dsv' for command environment
[9.846s] DEBUG:colcon.colcon_core.event_handler.log_command:Invoking command in '/home/groep8/rs2_ws/build/planar_arm_moveit_config': CMAKE_PREFIX_PATH=/home/groep8/rs2_ws/install/my_robot_description:/home/groep8/rs2_ws/install/planar_arm_moveit_config:/home/groep8/rs2_ws/install/hogpie_arm_moveit_config:/home/groep8/dxl_ws/install/dynamixel_sdk_examples:/home/groep8/dxl_ws/install/dynamixel_sdk_custom_interfaces:/home/groep8/dxl_ws/install/dynamixel_sdk:/opt/ros/jazzy/opt/sdformat_vendor:/opt/ros/jazzy/opt/gz_math_vendor:/opt/ros/jazzy/opt/gz_utils_vendor:/opt/ros/jazzy/opt/gz_tools_vendor:/opt/ros/jazzy/opt/gz_cmake_vendor:/home/groep8/rs2_ws/install/test_pkg:/home/groep8/rs2_ws/install/hogpie_servo_control:/home/groep8/rs2_ws/install/hogpie_controller_sensors:/home/groep8/rs2_ws/install/hogpie_arm_driver:/home/groep8/rs2_ws/install/hogpie_arm_description:/home/groep8/rs2_ws/install/aardbeien_detectie:/opt/ros/jazzy DEBUGINFOD_URLS=https://debuginfod.ubuntu.com /usr/bin/cmake --build /home/groep8/rs2_ws/build/planar_arm_moveit_config -- -j4 -l4
[9.986s] DEBUG:colcon.colcon_core.event_handler.log_command:Invoked command in '/home/groep8/rs2_ws/build/hogpie_arm_moveit_config' returned '0': AMENT_PREFIX_PATH=/home/groep8/rs2_ws/install/hogpie_arm_description:/home/groep8/rs2_ws/install/test_pkg:/home/groep8/rs2_ws/install/planar_arm_moveit_config:/home/groep8/rs2_ws/install/my_robot_description:/home/groep8/rs2_ws/install/hogpie_servo_control:/home/groep8/rs2_ws/install/hogpie_controller_sensors:/home/groep8/rs2_ws/install/hogpie_arm_moveit_config:/home/groep8/rs2_ws/install/hogpie_arm_driver:/home/groep8/rs2_ws/install/aardbeien_detectie:/home/groep8/dxl_ws/install/dynamixel_sdk_examples:/home/groep8/dxl_ws/install/dynamixel_sdk_custom_interfaces:/home/groep8/dxl_ws/install/dynamixel_sdk:/opt/ros/jazzy CMAKE_PREFIX_PATH=${CMAKE_PREFIX_PATH}:/home/groep8/rs2_ws/install/test_pkg:/home/groep8/rs2_ws/install/hogpie_servo_control:/home/groep8/rs2_ws/install/hogpie_controller_sensors:/home/groep8/rs2_ws/install/hogpie_arm_driver:/home/groep8/rs2_ws/install/hogpie_arm_description:/home/groep8/rs2_ws/install/aardbeien_detectie:/opt/ros/jazzy DEBUGINFOD_URLS=https://debuginfod.ubuntu.com PYTHONPATH=/home/groep8/rs2_ws/install/hogpie_arm_description/lib/python3.12/site-packages:/home/groep8/rs2_ws/install/test_pkg/lib/python3.12/site-packages:/home/groep8/rs2_ws/install/hogpie_servo_control/lib/python3.12/site-packages:/home/groep8/rs2_ws/install/hogpie_controller_sensors/lib/python3.12/site-packages:/home/groep8/rs2_ws/install/hogpie_arm_driver/lib/python3.12/site-packages:/home/groep8/rs2_ws/install/aardbeien_detectie/lib/python3.12/site-packages:/home/groep8/dxl_ws/install/dynamixel_sdk_custom_interfaces/lib/python3.12/site-packages:/home/groep8/dxl_ws/install/dynamixel_sdk/lib/python3.12/site-packages:/opt/ros/jazzy/lib/python3.12/site-packages /usr/bin/cmake --build /home/groep8/rs2_ws/build/hogpie_arm_moveit_config -- -j4 -l4
[9.988s] DEBUG:colcon.colcon_core.event_handler.log_command:Invoking command in '/home/groep8/rs2_ws/build/hogpie_arm_moveit_config': AMENT_PREFIX_PATH=/home/groep8/rs2_ws/install/hogpie_arm_description:/home/groep8/rs2_ws/install/test_pkg:/home/groep8/rs2_ws/install/planar_arm_moveit_config:/home/groep8/rs2_ws/install/my_robot_description:/home/groep8/rs2_ws/install/hogpie_servo_control:/home/groep8/rs2_ws/install/hogpie_controller_sensors:/home/groep8/rs2_ws/install/hogpie_arm_moveit_config:/home/groep8/rs2_ws/install/hogpie_arm_driver:/home/groep8/rs2_ws/install/aardbeien_detectie:/home/groep8/dxl_ws/install/dynamixel_sdk_examples:/home/groep8/dxl_ws/install/dynamixel_sdk_custom_interfaces:/home/groep8/dxl_ws/install/dynamixel_sdk:/opt/ros/jazzy CMAKE_PREFIX_PATH=${CMAKE_PREFIX_PATH}:/home/groep8/rs2_ws/install/test_pkg:/home/groep8/rs2_ws/install/hogpie_servo_control:/home/groep8/rs2_ws/install/hogpie_controller_sensors:/home/groep8/rs2_ws/install/hogpie_arm_driver:/home/groep8/rs2_ws/install/hogpie_arm_description:/home/groep8/rs2_ws/install/aardbeien_detectie:/opt/ros/jazzy DEBUGINFOD_URLS=https://debuginfod.ubuntu.com PYTHONPATH=/home/groep8/rs2_ws/install/hogpie_arm_description/lib/python3.12/site-packages:/home/groep8/rs2_ws/install/test_pkg/lib/python3.12/site-packages:/home/groep8/rs2_ws/install/hogpie_servo_control/lib/python3.12/site-packages:/home/groep8/rs2_ws/install/hogpie_controller_sensors/lib/python3.12/site-packages:/home/groep8/rs2_ws/install/hogpie_arm_driver/lib/python3.12/site-packages:/home/groep8/rs2_ws/install/aardbeien_detectie/lib/python3.12/site-packages:/home/groep8/dxl_ws/install/dynamixel_sdk_custom_interfaces/lib/python3.12/site-packages:/home/groep8/dxl_ws/install/dynamixel_sdk/lib/python3.12/site-packages:/opt/ros/jazzy/lib/python3.12/site-packages /usr/bin/cmake --install /home/groep8/rs2_ws/build/hogpie_arm_moveit_config
[10.101s] DEBUG:colcon.colcon_core.event_handler.log_command:Invoked command in '/home/groep8/rs2_ws/build/planar_arm_moveit_config' returned '0': CMAKE_PREFIX_PATH=/home/groep8/rs2_ws/install/my_robot_description:/home/groep8/rs2_ws/install/planar_arm_moveit_config:/home/groep8/rs2_ws/install/hogpie_arm_moveit_config:/home/groep8/dxl_ws/install/dynamixel_sdk_examples:/home/groep8/dxl_ws/install/dynamixel_sdk_custom_interfaces:/home/groep8/dxl_ws/install/dynamixel_sdk:/opt/ros/jazzy/opt/sdformat_vendor:/opt/ros/jazzy/opt/gz_math_vendor:/opt/ros/jazzy/opt/gz_utils_vendor:/opt/ros/jazzy/opt/gz_tools_vendor:/opt/ros/jazzy/opt/gz_cmake_vendor:/home/groep8/rs2_ws/install/test_pkg:/home/groep8/rs2_ws/install/hogpie_servo_control:/home/groep8/rs2_ws/install/hogpie_controller_sensors:/home/groep8/rs2_ws/install/hogpie_arm_driver:/home/groep8/rs2_ws/install/hogpie_arm_description:/home/groep8/rs2_ws/install/aardbeien_detectie:/opt/ros/jazzy DEBUGINFOD_URLS=https://debuginfod.ubuntu.com /usr/bin/cmake --build /home/groep8/rs2_ws/build/planar_arm_moveit_config -- -j4 -l4
[10.103s] DEBUG:colcon.colcon_core.event_handler.log_command:Invoking command in '/home/groep8/rs2_ws/build/planar_arm_moveit_config': CMAKE_PREFIX_PATH=/home/groep8/rs2_ws/install/my_robot_description:/home/groep8/rs2_ws/install/planar_arm_moveit_config:/home/groep8/rs2_ws/install/hogpie_arm_moveit_config:/home/groep8/dxl_ws/install/dynamixel_sdk_examples:/home/groep8/dxl_ws/install/dynamixel_sdk_custom_interfaces:/home/groep8/dxl_ws/install/dynamixel_sdk:/opt/ros/jazzy/opt/sdformat_vendor:/opt/ros/jazzy/opt/gz_math_vendor:/opt/ros/jazzy/opt/gz_utils_vendor:/opt/ros/jazzy/opt/gz_tools_vendor:/opt/ros/jazzy/opt/gz_cmake_vendor:/home/groep8/rs2_ws/install/test_pkg:/home/groep8/rs2_ws/install/hogpie_servo_control:/home/groep8/rs2_ws/install/hogpie_controller_sensors:/home/groep8/rs2_ws/install/hogpie_arm_driver:/home/groep8/rs2_ws/install/hogpie_arm_description:/home/groep8/rs2_ws/install/aardbeien_detectie:/opt/ros/jazzy DEBUGINFOD_URLS=https://debuginfod.ubuntu.com /usr/bin/cmake --install /home/groep8/rs2_ws/build/planar_arm_moveit_config
[10.214s] Level 1:colcon.colcon_core.environment:create_environment_scripts_only(hogpie_arm_moveit_config)
[10.216s] Level 1:colcon.colcon_core.environment:checking '/home/groep8/rs2_ws/install/hogpie_arm_moveit_config' for CMake module files
[10.225s] DEBUG:colcon.colcon_core.event_handler.log_command:Invoked command in '/home/groep8/rs2_ws/build/hogpie_arm_moveit_config' returned '0': AMENT_PREFIX_PATH=/home/groep8/rs2_ws/install/hogpie_arm_description:/home/groep8/rs2_ws/install/test_pkg:/home/groep8/rs2_ws/install/planar_arm_moveit_config:/home/groep8/rs2_ws/install/my_robot_description:/home/groep8/rs2_ws/install/hogpie_servo_control:/home/groep8/rs2_ws/install/hogpie_controller_sensors:/home/groep8/rs2_ws/install/hogpie_arm_moveit_config:/home/groep8/rs2_ws/install/hogpie_arm_driver:/home/groep8/rs2_ws/install/aardbeien_detectie:/home/groep8/dxl_ws/install/dynamixel_sdk_examples:/home/groep8/dxl_ws/install/dynamixel_sdk_custom_interfaces:/home/groep8/dxl_ws/install/dynamixel_sdk:/opt/ros/jazzy CMAKE_PREFIX_PATH=${CMAKE_PREFIX_PATH}:/home/groep8/rs2_ws/install/test_pkg:/home/groep8/rs2_ws/install/hogpie_servo_control:/home/groep8/rs2_ws/install/hogpie_controller_sensors:/home/groep8/rs2_ws/install/hogpie_arm_driver:/home/groep8/rs2_ws/install/hogpie_arm_description:/home/groep8/rs2_ws/install/aardbeien_detectie:/opt/ros/jazzy DEBUGINFOD_URLS=https://debuginfod.ubuntu.com PYTHONPATH=/home/groep8/rs2_ws/install/hogpie_arm_description/lib/python3.12/site-packages:/home/groep8/rs2_ws/install/test_pkg/lib/python3.12/site-packages:/home/groep8/rs2_ws/install/hogpie_servo_control/lib/python3.12/site-packages:/home/groep8/rs2_ws/install/hogpie_controller_sensors/lib/python3.12/site-packages:/home/groep8/rs2_ws/install/hogpie_arm_driver/lib/python3.12/site-packages:/home/groep8/rs2_ws/install/aardbeien_detectie/lib/python3.12/site-packages:/home/groep8/dxl_ws/install/dynamixel_sdk_custom_interfaces/lib/python3.12/site-packages:/home/groep8/dxl_ws/install/dynamixel_sdk/lib/python3.12/site-packages:/opt/ros/jazzy/lib/python3.12/site-packages /usr/bin/cmake --install /home/groep8/rs2_ws/build/hogpie_arm_moveit_config
[10.229s] Level 1:colcon.colcon_core.environment:checking '/home/groep8/rs2_ws/install/hogpie_arm_moveit_config' for CMake config files
[10.235s] Level 1:colcon.colcon_core.shell:create_environment_hook('hogpie_arm_moveit_config', 'cmake_prefix_path')
[10.236s] INFO:colcon.colcon_core.shell:Creating environment hook '/home/groep8/rs2_ws/install/hogpie_arm_moveit_config/share/hogpie_arm_moveit_config/hook/cmake_prefix_path.ps1'
[10.249s] INFO:colcon.colcon_core.shell:Creating environment descriptor '/home/groep8/rs2_ws/install/hogpie_arm_moveit_config/share/hogpie_arm_moveit_config/hook/cmake_prefix_path.dsv'
[10.255s] INFO:colcon.colcon_core.shell:Creating environment hook '/home/groep8/rs2_ws/install/hogpie_arm_moveit_config/share/hogpie_arm_moveit_config/hook/cmake_prefix_path.sh'
[10.268s] Level 1:colcon.colcon_core.environment:checking '/home/groep8/rs2_ws/install/hogpie_arm_moveit_config/bin'
[10.269s] Level 1:colcon.colcon_core.environment:checking '/home/groep8/rs2_ws/install/hogpie_arm_moveit_config/lib/pkgconfig/hogpie_arm_moveit_config.pc'
[10.270s] Level 1:colcon.colcon_core.environment:checking '/home/groep8/rs2_ws/install/hogpie_arm_moveit_config/lib/python3.12/site-packages'
[10.271s] Level 1:colcon.colcon_core.environment:checking '/home/groep8/rs2_ws/install/hogpie_arm_moveit_config/bin'
[10.272s] INFO:colcon.colcon_core.shell:Creating package script '/home/groep8/rs2_ws/install/hogpie_arm_moveit_config/share/hogpie_arm_moveit_config/package.ps1'
[10.275s] INFO:colcon.colcon_core.shell:Creating package descriptor '/home/groep8/rs2_ws/install/hogpie_arm_moveit_config/share/hogpie_arm_moveit_config/package.dsv'
[10.277s] INFO:colcon.colcon_core.shell:Creating package script '/home/groep8/rs2_ws/install/hogpie_arm_moveit_config/share/hogpie_arm_moveit_config/package.sh'
[10.279s] INFO:colcon.colcon_core.shell:Creating package script '/home/groep8/rs2_ws/install/hogpie_arm_moveit_config/share/hogpie_arm_moveit_config/package.bash'
[10.280s] INFO:colcon.colcon_core.shell:Creating package script '/home/groep8/rs2_ws/install/hogpie_arm_moveit_config/share/hogpie_arm_moveit_config/package.zsh'
[10.281s] Level 1:colcon.colcon_core.environment:create_file_with_runtime_dependencies(/home/groep8/rs2_ws/install/hogpie_arm_moveit_config/share/colcon-core/packages/hogpie_arm_moveit_config)
[10.283s] Level 1:colcon.colcon_core.environment:create_environment_scripts_only(hogpie_arm_moveit_config)
[10.283s] Level 1:colcon.colcon_core.environment:checking '/home/groep8/rs2_ws/install/hogpie_arm_moveit_config' for CMake module files
[10.284s] Level 1:colcon.colcon_core.environment:checking '/home/groep8/rs2_ws/install/hogpie_arm_moveit_config' for CMake config files
[10.286s] Level 1:colcon.colcon_core.shell:create_environment_hook('hogpie_arm_moveit_config', 'cmake_prefix_path')
[10.286s] INFO:colcon.colcon_core.shell:Creating environment hook '/home/groep8/rs2_ws/install/hogpie_arm_moveit_config/share/hogpie_arm_moveit_config/hook/cmake_prefix_path.ps1'
[10.287s] INFO:colcon.colcon_core.shell:Creating environment descriptor '/home/groep8/rs2_ws/install/hogpie_arm_moveit_config/share/hogpie_arm_moveit_config/hook/cmake_prefix_path.dsv'
[10.288s] INFO:colcon.colcon_core.shell:Creating environment hook '/home/groep8/rs2_ws/install/hogpie_arm_moveit_config/share/hogpie_arm_moveit_config/hook/cmake_prefix_path.sh'
[10.293s] Level 1:colcon.colcon_core.environment:checking '/home/groep8/rs2_ws/install/hogpie_arm_moveit_config/bin'
[10.294s] Level 1:colcon.colcon_core.environment:checking '/home/groep8/rs2_ws/install/hogpie_arm_moveit_config/lib/pkgconfig/hogpie_arm_moveit_config.pc'
[10.295s] Level 1:colcon.colcon_core.environment:checking '/home/groep8/rs2_ws/install/hogpie_arm_moveit_config/lib/python3.12/site-packages'
[10.296s] Level 1:colcon.colcon_core.environment:checking '/home/groep8/rs2_ws/install/hogpie_arm_moveit_config/bin'
[10.298s] INFO:colcon.colcon_core.shell:Creating package script '/home/groep8/rs2_ws/install/hogpie_arm_moveit_config/share/hogpie_arm_moveit_config/package.ps1'
[10.300s] INFO:colcon.colcon_core.shell:Creating package descriptor '/home/groep8/rs2_ws/install/hogpie_arm_moveit_config/share/hogpie_arm_moveit_config/package.dsv'
[10.301s] INFO:colcon.colcon_core.shell:Creating package script '/home/groep8/rs2_ws/install/hogpie_arm_moveit_config/share/hogpie_arm_moveit_config/package.sh'
[10.303s] INFO:colcon.colcon_core.shell:Creating package script '/home/groep8/rs2_ws/install/hogpie_arm_moveit_config/share/hogpie_arm_moveit_config/package.bash'
[10.304s] INFO:colcon.colcon_core.shell:Creating package script '/home/groep8/rs2_ws/install/hogpie_arm_moveit_config/share/hogpie_arm_moveit_config/package.zsh'
[10.305s] Level 1:colcon.colcon_core.environment:create_file_with_runtime_dependencies(/home/groep8/rs2_ws/install/hogpie_arm_moveit_config/share/colcon-core/packages/hogpie_arm_moveit_config)
[10.307s] Level 1:colcon.colcon_core.environment:create_environment_scripts_only(planar_arm_moveit_config)
[10.308s] Level 1:colcon.colcon_core.environment:checking '/home/groep8/rs2_ws/install/planar_arm_moveit_config' for CMake module files
[10.310s] DEBUG:colcon.colcon_core.event_handler.log_command:Invoked command in '/home/groep8/rs2_ws/build/planar_arm_moveit_config' returned '0': CMAKE_PREFIX_PATH=/home/groep8/rs2_ws/install/my_robot_description:/home/groep8/rs2_ws/install/planar_arm_moveit_config:/home/groep8/rs2_ws/install/hogpie_arm_moveit_config:/home/groep8/dxl_ws/install/dynamixel_sdk_examples:/home/groep8/dxl_ws/install/dynamixel_sdk_custom_interfaces:/home/groep8/dxl_ws/install/dynamixel_sdk:/opt/ros/jazzy/opt/sdformat_vendor:/opt/ros/jazzy/opt/gz_math_vendor:/opt/ros/jazzy/opt/gz_utils_vendor:/opt/ros/jazzy/opt/gz_tools_vendor:/opt/ros/jazzy/opt/gz_cmake_vendor:/home/groep8/rs2_ws/install/test_pkg:/home/groep8/rs2_ws/install/hogpie_servo_control:/home/groep8/rs2_ws/install/hogpie_controller_sensors:/home/groep8/rs2_ws/install/hogpie_arm_driver:/home/groep8/rs2_ws/install/hogpie_arm_description:/home/groep8/rs2_ws/install/aardbeien_detectie:/opt/ros/jazzy DEBUGINFOD_URLS=https://debuginfod.ubuntu.com /usr/bin/cmake --install /home/groep8/rs2_ws/build/planar_arm_moveit_config
[10.311s] Level 1:colcon.colcon_core.environment:checking '/home/groep8/rs2_ws/install/planar_arm_moveit_config' for CMake config files
[10.312s] Level 1:colcon.colcon_core.shell:create_environment_hook('planar_arm_moveit_config', 'cmake_prefix_path')
[10.313s] INFO:colcon.colcon_core.shell:Creating environment hook '/home/groep8/rs2_ws/install/planar_arm_moveit_config/share/planar_arm_moveit_config/hook/cmake_prefix_path.ps1'
[10.315s] INFO:colcon.colcon_core.shell:Creating environment descriptor '/home/groep8/rs2_ws/install/planar_arm_moveit_config/share/planar_arm_moveit_config/hook/cmake_prefix_path.dsv'
[10.319s] INFO:colcon.colcon_core.shell:Creating environment hook '/home/groep8/rs2_ws/install/planar_arm_moveit_config/share/planar_arm_moveit_config/hook/cmake_prefix_path.sh'
[10.321s] Level 1:colcon.colcon_core.environment:checking '/home/groep8/rs2_ws/install/planar_arm_moveit_config/bin'
[10.322s] Level 1:colcon.colcon_core.environment:checking '/home/groep8/rs2_ws/install/planar_arm_moveit_config/lib/pkgconfig/planar_arm_moveit_config.pc'
[10.322s] Level 1:colcon.colcon_core.environment:checking '/home/groep8/rs2_ws/install/planar_arm_moveit_config/lib/python3.12/site-packages'
[10.323s] Level 1:colcon.colcon_core.environment:checking '/home/groep8/rs2_ws/install/planar_arm_moveit_config/bin'
[10.325s] INFO:colcon.colcon_core.shell:Creating package script '/home/groep8/rs2_ws/install/planar_arm_moveit_config/share/planar_arm_moveit_config/package.ps1'
[10.329s] INFO:colcon.colcon_core.shell:Creating package descriptor '/home/groep8/rs2_ws/install/planar_arm_moveit_config/share/planar_arm_moveit_config/package.dsv'
[10.333s] INFO:colcon.colcon_core.shell:Creating package script '/home/groep8/rs2_ws/install/planar_arm_moveit_config/share/planar_arm_moveit_config/package.sh'
[10.336s] INFO:colcon.colcon_core.shell:Creating package script '/home/groep8/rs2_ws/install/planar_arm_moveit_config/share/planar_arm_moveit_config/package.bash'
[10.339s] INFO:colcon.colcon_core.shell:Creating package script '/home/groep8/rs2_ws/install/planar_arm_moveit_config/share/planar_arm_moveit_config/package.zsh'
[10.342s] Level 1:colcon.colcon_core.environment:create_file_with_runtime_dependencies(/home/groep8/rs2_ws/install/planar_arm_moveit_config/share/colcon-core/packages/planar_arm_moveit_config)
[10.346s] Level 1:colcon.colcon_core.environment:create_environment_scripts_only(planar_arm_moveit_config)
[10.347s] Level 1:colcon.colcon_core.environment:checking '/home/groep8/rs2_ws/install/planar_arm_moveit_config' for CMake module files
[10.349s] Level 1:colcon.colcon_core.environment:checking '/home/groep8/rs2_ws/install/planar_arm_moveit_config' for CMake config files
[10.350s] Level 1:colcon.colcon_core.shell:create_environment_hook('planar_arm_moveit_config', 'cmake_prefix_path')
[10.351s] INFO:colcon.colcon_core.shell:Creating environment hook '/home/groep8/rs2_ws/install/planar_arm_moveit_config/share/planar_arm_moveit_config/hook/cmake_prefix_path.ps1'
[10.354s] INFO:colcon.colcon_core.shell:Creating environment descriptor '/home/groep8/rs2_ws/install/planar_arm_moveit_config/share/planar_arm_moveit_config/hook/cmake_prefix_path.dsv'
[10.356s] INFO:colcon.colcon_core.shell:Creating environment hook '/home/groep8/rs2_ws/install/planar_arm_moveit_config/share/planar_arm_moveit_config/hook/cmake_prefix_path.sh'
[10.359s] Level 1:colcon.colcon_core.environment:checking '/home/groep8/rs2_ws/install/planar_arm_moveit_config/bin'
[10.359s] Level 1:colcon.colcon_core.environment:checking '/home/groep8/rs2_ws/install/planar_arm_moveit_config/lib/pkgconfig/planar_arm_moveit_config.pc'
[10.360s] Level 1:colcon.colcon_core.environment:checking '/home/groep8/rs2_ws/install/planar_arm_moveit_config/lib/python3.12/site-packages'
[10.361s] Level 1:colcon.colcon_core.environment:checking '/home/groep8/rs2_ws/install/planar_arm_moveit_config/bin'
[10.362s] INFO:colcon.colcon_core.shell:Creating package script '/home/groep8/rs2_ws/install/planar_arm_moveit_config/share/planar_arm_moveit_config/package.ps1'
[10.364s] INFO:colcon.colcon_core.shell:Creating package descriptor '/home/groep8/rs2_ws/install/planar_arm_moveit_config/share/planar_arm_moveit_config/package.dsv'
[10.366s] INFO:colcon.colcon_core.shell:Creating package script '/home/groep8/rs2_ws/install/planar_arm_moveit_config/share/planar_arm_moveit_config/package.sh'
[10.369s] INFO:colcon.colcon_core.shell:Creating package script '/home/groep8/rs2_ws/install/planar_arm_moveit_config/share/planar_arm_moveit_config/package.bash'
[10.370s] INFO:colcon.colcon_core.shell:Creating package script '/home/groep8/rs2_ws/install/planar_arm_moveit_config/share/planar_arm_moveit_config/package.zsh'
[10.372s] Level 1:colcon.colcon_core.environment:create_file_with_runtime_dependencies(/home/groep8/rs2_ws/install/planar_arm_moveit_config/share/colcon-core/packages/planar_arm_moveit_config)
[10.581s] Level 1:colcon.colcon_core.environment:checking '/home/groep8/rs2_ws/install/hogpie_controller_sensors' for CMake module files
[10.587s] Level 1:colcon.colcon_core.environment:checking '/home/groep8/rs2_ws/install/hogpie_controller_sensors' for CMake config files
[10.588s] Level 1:colcon.colcon_core.environment:checking '/home/groep8/rs2_ws/install/hogpie_controller_sensors/lib'
[10.592s] Level 1:colcon.colcon_core.environment:checking '/home/groep8/rs2_ws/install/hogpie_controller_sensors/bin'
[10.592s] Level 1:colcon.colcon_core.environment:checking '/home/groep8/rs2_ws/install/hogpie_controller_sensors/lib/pkgconfig/hogpie_controller_sensors.pc'
[10.593s] Level 1:colcon.colcon_core.environment:checking '/home/groep8/rs2_ws/install/hogpie_controller_sensors/lib/python3.12/site-packages'
[10.593s] Level 1:colcon.colcon_core.shell:create_environment_hook('hogpie_controller_sensors', 'pythonpath')
[10.583s] DEBUG:colcon.colcon_core.event_handler.log_command:Invoked command in '/home/groep8/rs2_ws/src/hogpie_controller_sensors' returned '0': DEBUGINFOD_URLS=https://debuginfod.ubuntu.com PYTHONPATH=/home/groep8/rs2_ws/build/hogpie_controller_sensors/prefix_override:/usr/lib/python3/dist-packages/colcon_core/task/python/colcon_distutils_commands:/home/groep8/rs2_ws/install/hogpie_controller_sensors/lib/python3.12/site-packages:${PYTHONPATH} /usr/bin/python3 -W ignore:setup.py install is deprecated -W ignore:easy_install command is deprecated setup.py egg_info --egg-base ../../build/hogpie_controller_sensors build --build-base /home/groep8/rs2_ws/build/hogpie_controller_sensors/build install --record /home/groep8/rs2_ws/build/hogpie_controller_sensors/install.log --single-version-externally-managed install_data
[10.597s] INFO:colcon.colcon_core.shell:Creating environment hook '/home/groep8/rs2_ws/install/hogpie_controller_sensors/share/hogpie_controller_sensors/hook/pythonpath.ps1'
[10.599s] INFO:colcon.colcon_core.shell:Creating environment descriptor '/home/groep8/rs2_ws/install/hogpie_controller_sensors/share/hogpie_controller_sensors/hook/pythonpath.dsv'
[10.603s] INFO:colcon.colcon_core.shell:Creating environment hook '/home/groep8/rs2_ws/install/hogpie_controller_sensors/share/hogpie_controller_sensors/hook/pythonpath.sh'
[10.615s] Level 1:colcon.colcon_core.environment:checking '/home/groep8/rs2_ws/install/hogpie_controller_sensors/bin'
[10.616s] Level 1:colcon.colcon_core.environment:create_environment_scripts_only(hogpie_controller_sensors)
[10.619s] INFO:colcon.colcon_core.shell:Creating package script '/home/groep8/rs2_ws/install/hogpie_controller_sensors/share/hogpie_controller_sensors/package.ps1'
[10.626s] INFO:colcon.colcon_core.shell:Creating package descriptor '/home/groep8/rs2_ws/install/hogpie_controller_sensors/share/hogpie_controller_sensors/package.dsv'
[10.629s] INFO:colcon.colcon_core.shell:Creating package script '/home/groep8/rs2_ws/install/hogpie_controller_sensors/share/hogpie_controller_sensors/package.sh'
[10.635s] INFO:colcon.colcon_core.shell:Creating package script '/home/groep8/rs2_ws/install/hogpie_controller_sensors/share/hogpie_controller_sensors/package.bash'
[10.640s] INFO:colcon.colcon_core.shell:Creating package script '/home/groep8/rs2_ws/install/hogpie_controller_sensors/share/hogpie_controller_sensors/package.zsh'
[10.643s] Level 1:colcon.colcon_core.environment:create_file_with_runtime_dependencies(/home/groep8/rs2_ws/install/hogpie_controller_sensors/share/colcon-core/packages/hogpie_controller_sensors)
[12.268s] DEBUG:colcon.colcon_core.event_handler.log_command:Invoking command in '/home/groep8/rs2_ws/src/hogpie_servo_control': DEBUGINFOD_URLS=https://debuginfod.ubuntu.com PYTHONPATH=/home/groep8/rs2_ws/build/hogpie_servo_control/prefix_override:/usr/lib/python3/dist-packages/colcon_core/task/python/colcon_distutils_commands:/home/groep8/rs2_ws/install/hogpie_servo_control/lib/python3.12/site-packages:${PYTHONPATH} /usr/bin/python3 -W ignore:setup.py install is deprecated -W ignore:easy_install command is deprecated setup.py egg_info --egg-base ../../build/hogpie_servo_control build --build-base /home/groep8/rs2_ws/build/hogpie_servo_control/build install --record /home/groep8/rs2_ws/build/hogpie_servo_control/install.log --single-version-externally-managed install_data
[14.790s] Level 1:colcon.colcon_core.environment:checking '/home/groep8/rs2_ws/install/hogpie_servo_control' for CMake module files
[14.794s] DEBUG:colcon.colcon_core.event_handler.log_command:Invoked command in '/home/groep8/rs2_ws/src/hogpie_servo_control' returned '0': DEBUGINFOD_URLS=https://debuginfod.ubuntu.com PYTHONPATH=/home/groep8/rs2_ws/build/hogpie_servo_control/prefix_override:/usr/lib/python3/dist-packages/colcon_core/task/python/colcon_distutils_commands:/home/groep8/rs2_ws/install/hogpie_servo_control/lib/python3.12/site-packages:${PYTHONPATH} /usr/bin/python3 -W ignore:setup.py install is deprecated -W ignore:easy_install command is deprecated setup.py egg_info --egg-base ../../build/hogpie_servo_control build --build-base /home/groep8/rs2_ws/build/hogpie_servo_control/build install --record /home/groep8/rs2_ws/build/hogpie_servo_control/install.log --single-version-externally-managed install_data
[14.805s] Level 1:colcon.colcon_core.environment:checking '/home/groep8/rs2_ws/install/hogpie_servo_control' for CMake config files
[14.814s] Level 1:colcon.colcon_core.environment:checking '/home/groep8/rs2_ws/install/hogpie_servo_control/lib'
[14.815s] Level 1:colcon.colcon_core.environment:checking '/home/groep8/rs2_ws/install/hogpie_servo_control/bin'
[14.815s] Level 1:colcon.colcon_core.environment:checking '/home/groep8/rs2_ws/install/hogpie_servo_control/lib/pkgconfig/hogpie_servo_control.pc'
[14.816s] Level 1:colcon.colcon_core.environment:checking '/home/groep8/rs2_ws/install/hogpie_servo_control/lib/python3.12/site-packages'
[14.817s] Level 1:colcon.colcon_core.shell:create_environment_hook('hogpie_servo_control', 'pythonpath')
[14.818s] INFO:colcon.colcon_core.shell:Creating environment hook '/home/groep8/rs2_ws/install/hogpie_servo_control/share/hogpie_servo_control/hook/pythonpath.ps1'
[14.821s] INFO:colcon.colcon_core.shell:Creating environment descriptor '/home/groep8/rs2_ws/install/hogpie_servo_control/share/hogpie_servo_control/hook/pythonpath.dsv'
[14.825s] INFO:colcon.colcon_core.shell:Creating environment hook '/home/groep8/rs2_ws/install/hogpie_servo_control/share/hogpie_servo_control/hook/pythonpath.sh'
[14.831s] Level 1:colcon.colcon_core.environment:checking '/home/groep8/rs2_ws/install/hogpie_servo_control/bin'
[14.831s] Level 1:colcon.colcon_core.environment:create_environment_scripts_only(hogpie_servo_control)
[14.833s] INFO:colcon.colcon_core.shell:Creating package script '/home/groep8/rs2_ws/install/hogpie_servo_control/share/hogpie_servo_control/package.ps1'
[14.838s] INFO:colcon.colcon_core.shell:Creating package descriptor '/home/groep8/rs2_ws/install/hogpie_servo_control/share/hogpie_servo_control/package.dsv'
[14.841s] INFO:colcon.colcon_core.shell:Creating package script '/home/groep8/rs2_ws/install/hogpie_servo_control/share/hogpie_servo_control/package.sh'
[14.844s] INFO:colcon.colcon_core.shell:Creating package script '/home/groep8/rs2_ws/install/hogpie_servo_control/share/hogpie_servo_control/package.bash'
[14.848s] INFO:colcon.colcon_core.shell:Creating package script '/home/groep8/rs2_ws/install/hogpie_servo_control/share/hogpie_servo_control/package.zsh'
[14.853s] Level 1:colcon.colcon_core.environment:create_file_with_runtime_dependencies(/home/groep8/rs2_ws/install/hogpie_servo_control/share/colcon-core/packages/hogpie_servo_control)
[14.860s] DEBUG:colcon.colcon_parallel_executor.executor.parallel:closing loop
[14.861s] DEBUG:colcon.colcon_parallel_executor.executor.parallel:loop closed
[14.862s] DEBUG:colcon.colcon_parallel_executor.executor.parallel:run_until_complete finished with '0'
[14.862s] DEBUG:colcon.colcon_core.event_reactor:joining thread
[14.960s] INFO:colcon.colcon_core.plugin_system:Skipping extension 'colcon_notification.desktop_notification.terminal_notifier': Not used on non-Darwin systems
[14.960s] INFO:colcon.colcon_core.plugin_system:Skipping extension 'colcon_notification.desktop_notification.win32': Not used on non-Windows systems
[14.960s] INFO:colcon.colcon_notification.desktop_notification:Sending desktop notification using 'notify2'
[15.062s] DEBUG:colcon.colcon_core.event_reactor:joined thread
[15.064s] INFO:colcon.colcon_core.shell:Creating prefix script '/home/groep8/rs2_ws/install/local_setup.ps1'
[15.077s] INFO:colcon.colcon_core.shell:Creating prefix util module '/home/groep8/rs2_ws/install/_local_setup_util_ps1.py'
[15.096s] INFO:colcon.colcon_core.shell:Creating prefix chain script '/home/groep8/rs2_ws/install/setup.ps1'
[15.103s] INFO:colcon.colcon_core.shell:Creating prefix script '/home/groep8/rs2_ws/install/local_setup.sh'
[15.106s] INFO:colcon.colcon_core.shell:Creating prefix util module '/home/groep8/rs2_ws/install/_local_setup_util_sh.py'
[15.108s] INFO:colcon.colcon_core.shell:Creating prefix chain script '/home/groep8/rs2_ws/install/setup.sh'
[15.113s] INFO:colcon.colcon_core.shell:Creating prefix script '/home/groep8/rs2_ws/install/local_setup.bash'
[15.117s] INFO:colcon.colcon_core.shell:Creating prefix chain script '/home/groep8/rs2_ws/install/setup.bash'
[15.123s] INFO:colcon.colcon_core.shell:Creating prefix script '/home/groep8/rs2_ws/install/local_setup.zsh'
[15.124s] INFO:colcon.colcon_core.shell:Creating prefix chain script '/home/groep8/rs2_ws/install/setup.zsh'
