[5.116s] Invoking command in '/home/groep8/rs2_ws/src/hogpie_arm_driver': DEBUGINFOD_URLS=https://debuginfod.ubuntu.com PYTHONPATH=/home/groep8/rs2_ws/build/hogpie_arm_driver/prefix_override:/usr/lib/python3/dist-packages/colcon_core/task/python/colcon_distutils_commands:/home/groep8/rs2_ws/install/hogpie_arm_driver/lib/python3.12/site-packages:${PYTHONPATH} /usr/bin/python3 -W ignore:setup.py install is deprecated -W ignore:easy_install command is deprecated setup.py egg_info --egg-base ../../build/hogpie_arm_driver build --build-base /home/groep8/rs2_ws/build/hogpie_arm_driver/build install --record /home/groep8/rs2_ws/build/hogpie_arm_driver/install.log --single-version-externally-managed install_data
[6.920s] running egg_info
[7.027s] writing ../../build/hogpie_arm_driver/hogpie_arm_driver.egg-info/PKG-INFO
[7.027s] writing dependency_links to ../../build/hogpie_arm_driver/hogpie_arm_driver.egg-info/dependency_links.txt
[7.032s] writing entry points to ../../build/hogpie_arm_driver/hogpie_arm_driver.egg-info/entry_points.txt
[7.033s] writing requirements to ../../build/hogpie_arm_driver/hogpie_arm_driver.egg-info/requires.txt
[7.034s] writing top-level names to ../../build/hogpie_arm_driver/hogpie_arm_driver.egg-info/top_level.txt
[7.420s] reading manifest file '../../build/hogpie_arm_driver/hogpie_arm_driver.egg-info/SOURCES.txt'
[7.425s] writing manifest file '../../build/hogpie_arm_driver/hogpie_arm_driver.egg-info/SOURCES.txt'
[7.431s] running build
[7.431s] running build_py
[7.437s] running install
[7.513s] running install_lib
[7.690s] running install_data
[7.690s] running install_egg_info
[7.765s] removing '/home/groep8/rs2_ws/install/hogpie_arm_driver/lib/python3.12/site-packages/hogpie_arm_driver-0.0.0-py3.12.egg-info' (and everything under it)
[7.767s] Copying ../../build/hogpie_arm_driver/hogpie_arm_driver.egg-info to /home/groep8/rs2_ws/install/hogpie_arm_driver/lib/python3.12/site-packages/hogpie_arm_driver-0.0.0-py3.12.egg-info
[7.773s] running install_scripts
[8.578s] Installing fake_joint_state_publisher script to /home/groep8/rs2_ws/install/hogpie_arm_driver/lib/hogpie_arm_driver
[8.585s] Installing trajectory_server script to /home/groep8/rs2_ws/install/hogpie_arm_driver/lib/hogpie_arm_driver
[8.586s] writing list of installed files to '/home/groep8/rs2_ws/build/hogpie_arm_driver/install.log'
[9.481s] Invoked command in '/home/groep8/rs2_ws/src/hogpie_arm_driver' returned '0': DEBUGINFOD_URLS=https://debuginfod.ubuntu.com PYTHONPATH=/home/groep8/rs2_ws/build/hogpie_arm_driver/prefix_override:/usr/lib/python3/dist-packages/colcon_core/task/python/colcon_distutils_commands:/home/groep8/rs2_ws/install/hogpie_arm_driver/lib/python3.12/site-packages:${PYTHONPATH} /usr/bin/python3 -W ignore:setup.py install is deprecated -W ignore:easy_install command is deprecated setup.py egg_info --egg-base ../../build/hogpie_arm_driver build --build-base /home/groep8/rs2_ws/build/hogpie_arm_driver/build install --record /home/groep8/rs2_ws/build/hogpie_arm_driver/install.log --single-version-externally-managed install_data
