[4.687s] Invoking command in '/home/groep8/rs2_ws/src/hogpie_servo_control': DEBUGINFOD_URLS=https://debuginfod.ubuntu.com PYTHONPATH=/home/groep8/rs2_ws/build/hogpie_servo_control/prefix_override:/usr/lib/python3/dist-packages/colcon_core/task/python/colcon_distutils_commands:/home/groep8/rs2_ws/install/hogpie_servo_control/lib/python3.12/site-packages:${PYTHONPATH} /usr/bin/python3 -W ignore:setup.py install is deprecated -W ignore:easy_install command is deprecated setup.py egg_info --egg-base ../../build/hogpie_servo_control build --build-base /home/groep8/rs2_ws/build/hogpie_servo_control/build install --record /home/groep8/rs2_ws/build/hogpie_servo_control/install.log --single-version-externally-managed install_data
[5.768s] running egg_info
[5.846s] writing ../../build/hogpie_servo_control/hogpie_servo_control.egg-info/PKG-INFO
[5.846s] writing dependency_links to ../../build/hogpie_servo_control/hogpie_servo_control.egg-info/dependency_links.txt
[5.854s] writing entry points to ../../build/hogpie_servo_control/hogpie_servo_control.egg-info/entry_points.txt
[5.854s] writing requirements to ../../build/hogpie_servo_control/hogpie_servo_control.egg-info/requires.txt
[5.855s] writing top-level names to ../../build/hogpie_servo_control/hogpie_servo_control.egg-info/top_level.txt
[5.972s] reading manifest file '../../build/hogpie_servo_control/hogpie_servo_control.egg-info/SOURCES.txt'
[5.972s] writing manifest file '../../build/hogpie_servo_control/hogpie_servo_control.egg-info/SOURCES.txt'
[6.011s] running build
[6.011s] running build_py
[6.011s] running install
[6.011s] running install_lib
[6.045s] running install_data
[6.046s] running install_egg_info
[6.155s] removing '/home/groep8/rs2_ws/install/hogpie_servo_control/lib/python3.12/site-packages/hogpie_servo_control-0.0.0-py3.12.egg-info' (and everything under it)
[6.156s] Copying ../../build/hogpie_servo_control/hogpie_servo_control.egg-info to /home/groep8/rs2_ws/install/hogpie_servo_control/lib/python3.12/site-packages/hogpie_servo_control-0.0.0-py3.12.egg-info
[6.162s] running install_scripts
[6.740s] Installing ax12_driver script to /home/groep8/rs2_ws/install/hogpie_servo_control/lib/hogpie_servo_control
[6.744s] writing list of installed files to '/home/groep8/rs2_ws/build/hogpie_servo_control/install.log'
[7.007s] Invoked command in '/home/groep8/rs2_ws/src/hogpie_servo_control' returned '0': DEBUGINFOD_URLS=https://debuginfod.ubuntu.com PYTHONPATH=/home/groep8/rs2_ws/build/hogpie_servo_control/prefix_override:/usr/lib/python3/dist-packages/colcon_core/task/python/colcon_distutils_commands:/home/groep8/rs2_ws/install/hogpie_servo_control/lib/python3.12/site-packages:${PYTHONPATH} /usr/bin/python3 -W ignore:setup.py install is deprecated -W ignore:easy_install command is deprecated setup.py egg_info --egg-base ../../build/hogpie_servo_control build --build-base /home/groep8/rs2_ws/build/hogpie_servo_control/build install --record /home/groep8/rs2_ws/build/hogpie_servo_control/install.log --single-version-externally-managed install_data
