[2.244s] Invoking command in '/home/groep8/rs2_ws/src/hogpie_servo_control': DEBUGINFOD_URLS=https://debuginfod.ubuntu.com PYTHONPATH=/home/groep8/rs2_ws/build/hogpie_servo_control/prefix_override:/usr/lib/python3/dist-packages/colcon_core/task/python/colcon_distutils_commands:/home/groep8/rs2_ws/install/hogpie_servo_control/lib/python3.12/site-packages:${PYTHONPATH} /usr/bin/python3 -W ignore:setup.py install is deprecated -W ignore:easy_install command is deprecated setup.py egg_info --egg-base ../../build/hogpie_servo_control build --build-base /home/groep8/rs2_ws/build/hogpie_servo_control/build install --record /home/groep8/rs2_ws/build/hogpie_servo_control/install.log --single-version-externally-managed install_data
[2.876s] running egg_info
[2.919s] writing ../../build/hogpie_servo_control/hogpie_servo_control.egg-info/PKG-INFO
[2.919s] writing dependency_links to ../../build/hogpie_servo_control/hogpie_servo_control.egg-info/dependency_links.txt
[2.923s] writing entry points to ../../build/hogpie_servo_control/hogpie_servo_control.egg-info/entry_points.txt
[2.923s] writing requirements to ../../build/hogpie_servo_control/hogpie_servo_control.egg-info/requires.txt
[2.923s] writing top-level names to ../../build/hogpie_servo_control/hogpie_servo_control.egg-info/top_level.txt
[3.008s] reading manifest file '../../build/hogpie_servo_control/hogpie_servo_control.egg-info/SOURCES.txt'
[3.010s] writing manifest file '../../build/hogpie_servo_control/hogpie_servo_control.egg-info/SOURCES.txt'
[3.011s] running build
[3.011s] running build_py
[3.012s] copying hogpie_servo_control/ax12_driver.py -> /home/groep8/rs2_ws/build/hogpie_servo_control/build/lib/hogpie_servo_control
[3.012s] running install
[3.028s] running install_lib
[3.079s] copying /home/groep8/rs2_ws/build/hogpie_servo_control/build/lib/hogpie_servo_control/ax12_driver.py -> /home/groep8/rs2_ws/install/hogpie_servo_control/lib/python3.12/site-packages/hogpie_servo_control
[3.081s] byte-compiling /home/groep8/rs2_ws/install/hogpie_servo_control/lib/python3.12/site-packages/hogpie_servo_control/ax12_driver.py to ax12_driver.cpython-312.pyc
[3.083s] running install_data
[3.084s] running install_egg_info
[3.128s] removing '/home/groep8/rs2_ws/install/hogpie_servo_control/lib/python3.12/site-packages/hogpie_servo_control-0.0.0-py3.12.egg-info' (and everything under it)
[3.129s] Copying ../../build/hogpie_servo_control/hogpie_servo_control.egg-info to /home/groep8/rs2_ws/install/hogpie_servo_control/lib/python3.12/site-packages/hogpie_servo_control-0.0.0-py3.12.egg-info
[3.133s] running install_scripts
[3.470s] Installing ax12_driver script to /home/groep8/rs2_ws/install/hogpie_servo_control/lib/hogpie_servo_control
[3.472s] writing list of installed files to '/home/groep8/rs2_ws/build/hogpie_servo_control/install.log'
[3.687s] Invoked command in '/home/groep8/rs2_ws/src/hogpie_servo_control' returned '0': DEBUGINFOD_URLS=https://debuginfod.ubuntu.com PYTHONPATH=/home/groep8/rs2_ws/build/hogpie_servo_control/prefix_override:/usr/lib/python3/dist-packages/colcon_core/task/python/colcon_distutils_commands:/home/groep8/rs2_ws/install/hogpie_servo_control/lib/python3.12/site-packages:${PYTHONPATH} /usr/bin/python3 -W ignore:setup.py install is deprecated -W ignore:easy_install command is deprecated setup.py egg_info --egg-base ../../build/hogpie_servo_control build --build-base /home/groep8/rs2_ws/build/hogpie_servo_control/build install --record /home/groep8/rs2_ws/build/hogpie_servo_control/install.log --single-version-externally-managed install_data
