[2.947s] Invoking command in '/home/groep8/rs2_ws/src/hogpie_arm_driver': DEBUGINFOD_URLS=https://debuginfod.ubuntu.com PYTHONPATH=/home/groep8/rs2_ws/src/build/hogpie_arm_driver/prefix_override:/usr/lib/python3/dist-packages/colcon_core/task/python/colcon_distutils_commands:/home/groep8/rs2_ws/src/install/hogpie_arm_driver/lib/python3.12/site-packages:${PYTHONPATH} /usr/bin/python3 -W ignore:setup.py install is deprecated -W ignore:easy_install command is deprecated setup.py egg_info --egg-base ../build/hogpie_arm_driver build --build-base /home/groep8/rs2_ws/src/build/hogpie_arm_driver/build install --record /home/groep8/rs2_ws/src/build/hogpie_arm_driver/install.log --single-version-externally-managed install_data
[3.699s] running egg_info
[3.738s] writing ../build/hogpie_arm_driver/hogpie_arm_driver.egg-info/PKG-INFO
[3.740s] writing dependency_links to ../build/hogpie_arm_driver/hogpie_arm_driver.egg-info/dependency_links.txt
[3.745s] writing entry points to ../build/hogpie_arm_driver/hogpie_arm_driver.egg-info/entry_points.txt
[3.745s] writing requirements to ../build/hogpie_arm_driver/hogpie_arm_driver.egg-info/requires.txt
[3.747s] writing top-level names to ../build/hogpie_arm_driver/hogpie_arm_driver.egg-info/top_level.txt
[3.819s] reading manifest file '../build/hogpie_arm_driver/hogpie_arm_driver.egg-info/SOURCES.txt'
[3.821s] writing manifest file '../build/hogpie_arm_driver/hogpie_arm_driver.egg-info/SOURCES.txt'
[3.822s] running build
[3.822s] running build_py
[3.823s] running install
[3.837s] running install_lib
[3.870s] running install_data
[3.871s] running install_egg_info
[3.913s] removing '/home/groep8/rs2_ws/src/install/hogpie_arm_driver/lib/python3.12/site-packages/hogpie_arm_driver-0.0.0-py3.12.egg-info' (and everything under it)
[3.917s] Copying ../build/hogpie_arm_driver/hogpie_arm_driver.egg-info to /home/groep8/rs2_ws/src/install/hogpie_arm_driver/lib/python3.12/site-packages/hogpie_arm_driver-0.0.0-py3.12.egg-info
[3.920s] running install_scripts
[4.349s] Installing fake_joint_state_publisher script to /home/groep8/rs2_ws/src/install/hogpie_arm_driver/lib/hogpie_arm_driver
[4.349s] Installing trajectory_server script to /home/groep8/rs2_ws/src/install/hogpie_arm_driver/lib/hogpie_arm_driver
[4.351s] writing list of installed files to '/home/groep8/rs2_ws/src/build/hogpie_arm_driver/install.log'
[5.034s] Invoked command in '/home/groep8/rs2_ws/src/hogpie_arm_driver' returned '0': DEBUGINFOD_URLS=https://debuginfod.ubuntu.com PYTHONPATH=/home/groep8/rs2_ws/src/build/hogpie_arm_driver/prefix_override:/usr/lib/python3/dist-packages/colcon_core/task/python/colcon_distutils_commands:/home/groep8/rs2_ws/src/install/hogpie_arm_driver/lib/python3.12/site-packages:${PYTHONPATH} /usr/bin/python3 -W ignore:setup.py install is deprecated -W ignore:easy_install command is deprecated setup.py egg_info --egg-base ../build/hogpie_arm_driver build --build-base /home/groep8/rs2_ws/src/build/hogpie_arm_driver/build install --record /home/groep8/rs2_ws/src/build/hogpie_arm_driver/install.log --single-version-externally-managed install_data
