[0.813s] Invoking command in '/home/groep8/rs2_ws/build/my_robot_description': CMAKE_PREFIX_PATH=${CMAKE_PREFIX_PATH}:/home/groep8/rs2_ws/install/test_pkg:/home/groep8/rs2_ws/install/hogpie_servo_control:/home/groep8/rs2_ws/install/hogpie_controller_sensors:/home/groep8/rs2_ws/install/hogpie_arm_driver:/home/groep8/rs2_ws/install/hogpie_arm_description:/home/groep8/rs2_ws/install/aardbeien_detectie:/opt/ros/jazzy DEBUGINFOD_URLS=https://debuginfod.ubuntu.com /usr/bin/cmake --build /home/groep8/rs2_ws/build/my_robot_description -- -j4 -l4
[1.658s] Invoked command in '/home/groep8/rs2_ws/build/my_robot_description' returned '0': CMAKE_PREFIX_PATH=${CMAKE_PREFIX_PATH}:/home/groep8/rs2_ws/install/test_pkg:/home/groep8/rs2_ws/install/hogpie_servo_control:/home/groep8/rs2_ws/install/hogpie_controller_sensors:/home/groep8/rs2_ws/install/hogpie_arm_driver:/home/groep8/rs2_ws/install/hogpie_arm_description:/home/groep8/rs2_ws/install/aardbeien_detectie:/opt/ros/jazzy DEBUGINFOD_URLS=https://debuginfod.ubuntu.com /usr/bin/cmake --build /home/groep8/rs2_ws/build/my_robot_description -- -j4 -l4
[1.690s] Invoking command in '/home/groep8/rs2_ws/build/my_robot_description': CMAKE_PREFIX_PATH=${CMAKE_PREFIX_PATH}:/home/groep8/rs2_ws/install/test_pkg:/home/groep8/rs2_ws/install/hogpie_servo_control:/home/groep8/rs2_ws/install/hogpie_controller_sensors:/home/groep8/rs2_ws/install/hogpie_arm_driver:/home/groep8/rs2_ws/install/hogpie_arm_description:/home/groep8/rs2_ws/install/aardbeien_detectie:/opt/ros/jazzy DEBUGINFOD_URLS=https://debuginfod.ubuntu.com /usr/bin/cmake --install /home/groep8/rs2_ws/build/my_robot_description
[2.511s] -- Install configuration: ""
[2.512s] -- Execute custom install script
[2.512s] -- Up-to-date symlink: /home/groep8/rs2_ws/install/my_robot_description/share/my_robot_description/launch/display.launch.py
[2.512s] -- Up-to-date symlink: /home/groep8/rs2_ws/install/my_robot_description/share/my_robot_description/urdf/hogpie.urdf.xacro
[2.512s] -- Up-to-date symlink: /home/groep8/rs2_ws/install/my_robot_description/share/my_robot_description/urdf/robot.urdf
[2.513s] -- Up-to-date symlink: /home/groep8/rs2_ws/install/my_robot_description/share/my_robot_description/urdf/robot.urdf.xacro
[2.513s] -- Up-to-date symlink: /home/groep8/rs2_ws/install/my_robot_description/share/ament_index/resource_index/package_run_dependencies/my_robot_description
[2.513s] -- Up-to-date symlink: /home/groep8/rs2_ws/install/my_robot_description/share/ament_index/resource_index/parent_prefix_path/my_robot_description
[2.514s] -- Up-to-date symlink: /home/groep8/rs2_ws/install/my_robot_description/share/my_robot_description/environment/ament_prefix_path.sh
[2.516s] -- Up-to-date symlink: /home/groep8/rs2_ws/install/my_robot_description/share/my_robot_description/environment/ament_prefix_path.dsv
[2.516s] -- Up-to-date symlink: /home/groep8/rs2_ws/install/my_robot_description/share/my_robot_description/environment/path.sh
[2.517s] -- Up-to-date symlink: /home/groep8/rs2_ws/install/my_robot_description/share/my_robot_description/environment/path.dsv
[2.519s] -- Up-to-date symlink: /home/groep8/rs2_ws/install/my_robot_description/share/my_robot_description/local_setup.bash
[2.520s] -- Up-to-date symlink: /home/groep8/rs2_ws/install/my_robot_description/share/my_robot_description/local_setup.sh
[2.520s] -- Up-to-date symlink: /home/groep8/rs2_ws/install/my_robot_description/share/my_robot_description/local_setup.zsh
[2.520s] -- Up-to-date symlink: /home/groep8/rs2_ws/install/my_robot_description/share/my_robot_description/local_setup.dsv
[2.520s] -- Symlinking: /home/groep8/rs2_ws/install/my_robot_description/share/my_robot_description/package.dsv
[2.521s] -- Up-to-date symlink: /home/groep8/rs2_ws/install/my_robot_description/share/ament_index/resource_index/packages/my_robot_description
[2.521s] -- Up-to-date symlink: /home/groep8/rs2_ws/install/my_robot_description/share/my_robot_description/cmake/my_robot_descriptionConfig.cmake
[2.521s] -- Up-to-date symlink: /home/groep8/rs2_ws/install/my_robot_description/share/my_robot_description/cmake/my_robot_descriptionConfig-version.cmake
[2.522s] -- Up-to-date symlink: /home/groep8/rs2_ws/install/my_robot_description/share/my_robot_description/package.xml
[2.534s] Invoked command in '/home/groep8/rs2_ws/build/my_robot_description' returned '0': CMAKE_PREFIX_PATH=${CMAKE_PREFIX_PATH}:/home/groep8/rs2_ws/install/test_pkg:/home/groep8/rs2_ws/install/hogpie_servo_control:/home/groep8/rs2_ws/install/hogpie_controller_sensors:/home/groep8/rs2_ws/install/hogpie_arm_driver:/home/groep8/rs2_ws/install/hogpie_arm_description:/home/groep8/rs2_ws/install/aardbeien_detectie:/opt/ros/jazzy DEBUGINFOD_URLS=https://debuginfod.ubuntu.com /usr/bin/cmake --install /home/groep8/rs2_ws/build/my_robot_description
