running egg_info
creating ../../build/hogpie_arm_description/hogpie_arm_description.egg-info
writing ../../build/hogpie_arm_description/hogpie_arm_description.egg-info/PKG-INFO
writing dependency_links to ../../build/hogpie_arm_description/hogpie_arm_description.egg-info/dependency_links.txt
writing requirements to ../../build/hogpie_arm_description/hogpie_arm_description.egg-info/requires.txt
writing top-level names to ../../build/hogpie_arm_description/hogpie_arm_description.egg-info/top_level.txt
writing manifest file '../../build/hogpie_arm_description/hogpie_arm_description.egg-info/SOURCES.txt'
reading manifest file '../../build/hogpie_arm_description/hogpie_arm_description.egg-info/SOURCES.txt'
writing manifest file '../../build/hogpie_arm_description/hogpie_arm_description.egg-info/SOURCES.txt'
running build
running build_py
creating /home/groep8/rs2_ws/build/hogpie_arm_description/build
creating /home/groep8/rs2_ws/build/hogpie_arm_description/build/lib
creating /home/groep8/rs2_ws/build/hogpie_arm_description/build/lib/hogpie_arm_description
copying hogpie_arm_description/__init__.py -> /home/groep8/rs2_ws/build/hogpie_arm_description/build/lib/hogpie_arm_description
running install
running install_lib
creating /home/groep8/rs2_ws/install/hogpie_arm_description/lib/python3.12/site-packages/hogpie_arm_description
copying /home/groep8/rs2_ws/build/hogpie_arm_description/build/lib/hogpie_arm_description/__init__.py -> /home/groep8/rs2_ws/install/hogpie_arm_description/lib/python3.12/site-packages/hogpie_arm_description
byte-compiling /home/groep8/rs2_ws/install/hogpie_arm_description/lib/python3.12/site-packages/hogpie_arm_description/__init__.py to __init__.cpython-312.pyc
running install_data
creating /home/groep8/rs2_ws/install/hogpie_arm_description/share/ament_index
creating /home/groep8/rs2_ws/install/hogpie_arm_description/share/ament_index/resource_index
creating /home/groep8/rs2_ws/install/hogpie_arm_description/share/ament_index/resource_index/packages
copying resource/hogpie_arm_description -> /home/groep8/rs2_ws/install/hogpie_arm_description/share/ament_index/resource_index/packages
error: can't copy 'resource/planar_arm_description': doesn't exist or not a regular file
