[1.969s] Invoking command in '/home/groep8/rs2_ws/src/hogpie_arm_description': DEBUGINFOD_URLS=https://debuginfod.ubuntu.com PYTHONPATH=/home/groep8/rs2_ws/build/hogpie_arm_description/prefix_override:/usr/lib/python3/dist-packages/colcon_core/task/python/colcon_distutils_commands:/home/groep8/rs2_ws/install/hogpie_arm_description/lib/python3.12/site-packages:${PYTHONPATH} /usr/bin/python3 -W ignore:setup.py install is deprecated -W ignore:easy_install command is deprecated setup.py egg_info --egg-base ../../build/hogpie_arm_description build --build-base /home/groep8/rs2_ws/build/hogpie_arm_description/build install --record /home/groep8/rs2_ws/build/hogpie_arm_description/install.log --single-version-externally-managed install_data
[2.417s] running egg_info
[2.417s] creating ../../build/hogpie_arm_description/hogpie_arm_description.egg-info
[2.446s] writing ../../build/hogpie_arm_description/hogpie_arm_description.egg-info/PKG-INFO
[2.447s] writing dependency_links to ../../build/hogpie_arm_description/hogpie_arm_description.egg-info/dependency_links.txt
[2.447s] writing requirements to ../../build/hogpie_arm_description/hogpie_arm_description.egg-info/requires.txt
[2.447s] writing top-level names to ../../build/hogpie_arm_description/hogpie_arm_description.egg-info/top_level.txt
[2.447s] writing manifest file '../../build/hogpie_arm_description/hogpie_arm_description.egg-info/SOURCES.txt'
[2.509s] reading manifest file '../../build/hogpie_arm_description/hogpie_arm_description.egg-info/SOURCES.txt'
[2.510s] writing manifest file '../../build/hogpie_arm_description/hogpie_arm_description.egg-info/SOURCES.txt'
[2.513s] running build
[2.514s] running build_py
[2.514s] creating /home/groep8/rs2_ws/build/hogpie_arm_description/build
[2.514s] creating /home/groep8/rs2_ws/build/hogpie_arm_description/build/lib
[2.514s] creating /home/groep8/rs2_ws/build/hogpie_arm_description/build/lib/hogpie_arm_description
[2.515s] copying hogpie_arm_description/__init__.py -> /home/groep8/rs2_ws/build/hogpie_arm_description/build/lib/hogpie_arm_description
[2.515s] running install
[2.525s] running install_lib
[2.553s] creating /home/groep8/rs2_ws/install/hogpie_arm_description/lib/python3.12/site-packages/hogpie_arm_description
[2.553s] copying /home/groep8/rs2_ws/build/hogpie_arm_description/build/lib/hogpie_arm_description/__init__.py -> /home/groep8/rs2_ws/install/hogpie_arm_description/lib/python3.12/site-packages/hogpie_arm_description
[2.554s] byte-compiling /home/groep8/rs2_ws/install/hogpie_arm_description/lib/python3.12/site-packages/hogpie_arm_description/__init__.py to __init__.cpython-312.pyc
[2.554s] running install_data
[2.555s] creating /home/groep8/rs2_ws/install/hogpie_arm_description/share/ament_index
[2.555s] creating /home/groep8/rs2_ws/install/hogpie_arm_description/share/ament_index/resource_index
[2.555s] creating /home/groep8/rs2_ws/install/hogpie_arm_description/share/ament_index/resource_index/packages
[2.555s] copying resource/hogpie_arm_description -> /home/groep8/rs2_ws/install/hogpie_arm_description/share/ament_index/resource_index/packages
[2.555s] error: can't copy 'resource/planar_arm_description': doesn't exist or not a regular file
[2.636s] Invoked command in '/home/groep8/rs2_ws/src/hogpie_arm_description' returned '1': DEBUGINFOD_URLS=https://debuginfod.ubuntu.com PYTHONPATH=/home/groep8/rs2_ws/build/hogpie_arm_description/prefix_override:/usr/lib/python3/dist-packages/colcon_core/task/python/colcon_distutils_commands:/home/groep8/rs2_ws/install/hogpie_arm_description/lib/python3.12/site-packages:${PYTHONPATH} /usr/bin/python3 -W ignore:setup.py install is deprecated -W ignore:easy_install command is deprecated setup.py egg_info --egg-base ../../build/hogpie_arm_description build --build-base /home/groep8/rs2_ws/build/hogpie_arm_description/build install --record /home/groep8/rs2_ws/build/hogpie_arm_description/install.log --single-version-externally-managed install_data
