[4.679s] Invoking command in '/home/groep8/rs2_ws/src/aardbeien_detectie': DEBUGINFOD_URLS=https://debuginfod.ubuntu.com PYTHONPATH=/home/groep8/rs2_ws/build/aardbeien_detectie/prefix_override:/usr/lib/python3/dist-packages/colcon_core/task/python/colcon_distutils_commands:/home/groep8/rs2_ws/install/aardbeien_detectie/lib/python3.12/site-packages:${PYTHONPATH} /usr/bin/python3 -W ignore:setup.py install is deprecated -W ignore:easy_install command is deprecated setup.py egg_info --egg-base ../../build/aardbeien_detectie build --build-base /home/groep8/rs2_ws/build/aardbeien_detectie/build install --record /home/groep8/rs2_ws/build/aardbeien_detectie/install.log --single-version-externally-managed install_data
[5.769s] running egg_info
[5.824s] writing ../../build/aardbeien_detectie/aardbeien_detectie.egg-info/PKG-INFO
[5.824s] writing dependency_links to ../../build/aardbeien_detectie/aardbeien_detectie.egg-info/dependency_links.txt
[5.825s] writing entry points to ../../build/aardbeien_detectie/aardbeien_detectie.egg-info/entry_points.txt
[5.826s] writing requirements to ../../build/aardbeien_detectie/aardbeien_detectie.egg-info/requires.txt
[5.828s] writing top-level names to ../../build/aardbeien_detectie/aardbeien_detectie.egg-info/top_level.txt
[5.977s] reading manifest file '../../build/aardbeien_detectie/aardbeien_detectie.egg-info/SOURCES.txt'
[5.981s] writing manifest file '../../build/aardbeien_detectie/aardbeien_detectie.egg-info/SOURCES.txt'
[5.982s] running build
[5.989s] running build_py
[5.996s] running install
[6.033s] running install_lib
[6.104s] running install_data
[6.107s] running install_egg_info
[6.233s] removing '/home/groep8/rs2_ws/install/aardbeien_detectie/lib/python3.12/site-packages/aardbeien_detectie-1.0.0-py3.12.egg-info' (and everything under it)
[6.239s] Copying ../../build/aardbeien_detectie/aardbeien_detectie.egg-info to /home/groep8/rs2_ws/install/aardbeien_detectie/lib/python3.12/site-packages/aardbeien_detectie-1.0.0-py3.12.egg-info
[6.250s] running install_scripts
[7.019s] Installing detectie_node script to /home/groep8/rs2_ws/install/aardbeien_detectie/lib/aardbeien_detectie
[7.020s] Installing kleur_node script to /home/groep8/rs2_ws/install/aardbeien_detectie/lib/aardbeien_detectie
[7.021s] writing list of installed files to '/home/groep8/rs2_ws/build/aardbeien_detectie/install.log'
[7.830s] Invoked command in '/home/groep8/rs2_ws/src/aardbeien_detectie' returned '0': DEBUGINFOD_URLS=https://debuginfod.ubuntu.com PYTHONPATH=/home/groep8/rs2_ws/build/aardbeien_detectie/prefix_override:/usr/lib/python3/dist-packages/colcon_core/task/python/colcon_distutils_commands:/home/groep8/rs2_ws/install/aardbeien_detectie/lib/python3.12/site-packages:${PYTHONPATH} /usr/bin/python3 -W ignore:setup.py install is deprecated -W ignore:easy_install command is deprecated setup.py egg_info --egg-base ../../build/aardbeien_detectie build --build-base /home/groep8/rs2_ws/build/aardbeien_detectie/build install --record /home/groep8/rs2_ws/build/aardbeien_detectie/install.log --single-version-externally-managed install_data
