[0.036s] Invoking command in '/home/groep8/rs2_ws/build/planar_arm_moveit_config': CMAKE_PREFIX_PATH=/home/groep8/rs2_ws/install/my_robot_description:/home/groep8/rs2_ws/install/planar_arm_moveit_config:/home/groep8/rs2_ws/install/hogpie_arm_moveit_config:/home/groep8/dxl_ws/install/dynamixel_sdk_examples:/home/groep8/dxl_ws/install/dynamixel_sdk_custom_interfaces:/home/groep8/dxl_ws/install/dynamixel_sdk:/opt/ros/jazzy/opt/sdformat_vendor:/opt/ros/jazzy/opt/gz_math_vendor:/opt/ros/jazzy/opt/gz_utils_vendor:/opt/ros/jazzy/opt/gz_tools_vendor:/opt/ros/jazzy/opt/gz_cmake_vendor:/home/groep8/rs2_ws/install/test_pkg:/home/groep8/rs2_ws/install/hogpie_controller_sensors:/home/groep8/rs2_ws/install/hogpie_arm_driver:/home/groep8/rs2_ws/install/hogpie_arm_description:/opt/ros/jazzy DEBUGINFOD_URLS=https://debuginfod.ubuntu.com /usr/bin/cmake /home/groep8/rs2_ws/src/planar_arm_moveit_config -DCMAKE_INSTALL_PREFIX=/home/groep8/rs2_ws/install/planar_arm_moveit_config
[0.083s] -- Found ament_cmake: 2.5.6 (/opt/ros/jazzy/share/ament_cmake/cmake)
[0.697s] -- Override CMake install command with custom implementation using symlinks instead of copying resources
[1.207s] -- Configuring done (1.1s)
[1.226s] -- Generating done (0.0s)
[1.236s] -- Build files have been written to: /home/groep8/rs2_ws/build/planar_arm_moveit_config
[1.251s] Invoked command in '/home/groep8/rs2_ws/build/planar_arm_moveit_config' returned '0': CMAKE_PREFIX_PATH=/home/groep8/rs2_ws/install/my_robot_description:/home/groep8/rs2_ws/install/planar_arm_moveit_config:/home/groep8/rs2_ws/install/hogpie_arm_moveit_config:/home/groep8/dxl_ws/install/dynamixel_sdk_examples:/home/groep8/dxl_ws/install/dynamixel_sdk_custom_interfaces:/home/groep8/dxl_ws/install/dynamixel_sdk:/opt/ros/jazzy/opt/sdformat_vendor:/opt/ros/jazzy/opt/gz_math_vendor:/opt/ros/jazzy/opt/gz_utils_vendor:/opt/ros/jazzy/opt/gz_tools_vendor:/opt/ros/jazzy/opt/gz_cmake_vendor:/home/groep8/rs2_ws/install/test_pkg:/home/groep8/rs2_ws/install/hogpie_controller_sensors:/home/groep8/rs2_ws/install/hogpie_arm_driver:/home/groep8/rs2_ws/install/hogpie_arm_description:/opt/ros/jazzy DEBUGINFOD_URLS=https://debuginfod.ubuntu.com /usr/bin/cmake /home/groep8/rs2_ws/src/planar_arm_moveit_config -DCMAKE_INSTALL_PREFIX=/home/groep8/rs2_ws/install/planar_arm_moveit_config
[1.252s] Invoking command in '/home/groep8/rs2_ws/build/planar_arm_moveit_config': CMAKE_PREFIX_PATH=/home/groep8/rs2_ws/install/my_robot_description:/home/groep8/rs2_ws/install/planar_arm_moveit_config:/home/groep8/rs2_ws/install/hogpie_arm_moveit_config:/home/groep8/dxl_ws/install/dynamixel_sdk_examples:/home/groep8/dxl_ws/install/dynamixel_sdk_custom_interfaces:/home/groep8/dxl_ws/install/dynamixel_sdk:/opt/ros/jazzy/opt/sdformat_vendor:/opt/ros/jazzy/opt/gz_math_vendor:/opt/ros/jazzy/opt/gz_utils_vendor:/opt/ros/jazzy/opt/gz_tools_vendor:/opt/ros/jazzy/opt/gz_cmake_vendor:/home/groep8/rs2_ws/install/test_pkg:/home/groep8/rs2_ws/install/hogpie_controller_sensors:/home/groep8/rs2_ws/install/hogpie_arm_driver:/home/groep8/rs2_ws/install/hogpie_arm_description:/opt/ros/jazzy DEBUGINFOD_URLS=https://debuginfod.ubuntu.com /usr/bin/cmake --build /home/groep8/rs2_ws/build/planar_arm_moveit_config -- -j4 -l4
[1.384s] Invoked command in '/home/groep8/rs2_ws/build/planar_arm_moveit_config' returned '0': CMAKE_PREFIX_PATH=/home/groep8/rs2_ws/install/my_robot_description:/home/groep8/rs2_ws/install/planar_arm_moveit_config:/home/groep8/rs2_ws/install/hogpie_arm_moveit_config:/home/groep8/dxl_ws/install/dynamixel_sdk_examples:/home/groep8/dxl_ws/install/dynamixel_sdk_custom_interfaces:/home/groep8/dxl_ws/install/dynamixel_sdk:/opt/ros/jazzy/opt/sdformat_vendor:/opt/ros/jazzy/opt/gz_math_vendor:/opt/ros/jazzy/opt/gz_utils_vendor:/opt/ros/jazzy/opt/gz_tools_vendor:/opt/ros/jazzy/opt/gz_cmake_vendor:/home/groep8/rs2_ws/install/test_pkg:/home/groep8/rs2_ws/install/hogpie_controller_sensors:/home/groep8/rs2_ws/install/hogpie_arm_driver:/home/groep8/rs2_ws/install/hogpie_arm_description:/opt/ros/jazzy DEBUGINFOD_URLS=https://debuginfod.ubuntu.com /usr/bin/cmake --build /home/groep8/rs2_ws/build/planar_arm_moveit_config -- -j4 -l4
[1.392s] Invoking command in '/home/groep8/rs2_ws/build/planar_arm_moveit_config': CMAKE_PREFIX_PATH=/home/groep8/rs2_ws/install/my_robot_description:/home/groep8/rs2_ws/install/planar_arm_moveit_config:/home/groep8/rs2_ws/install/hogpie_arm_moveit_config:/home/groep8/dxl_ws/install/dynamixel_sdk_examples:/home/groep8/dxl_ws/install/dynamixel_sdk_custom_interfaces:/home/groep8/dxl_ws/install/dynamixel_sdk:/opt/ros/jazzy/opt/sdformat_vendor:/opt/ros/jazzy/opt/gz_math_vendor:/opt/ros/jazzy/opt/gz_utils_vendor:/opt/ros/jazzy/opt/gz_tools_vendor:/opt/ros/jazzy/opt/gz_cmake_vendor:/home/groep8/rs2_ws/install/test_pkg:/home/groep8/rs2_ws/install/hogpie_controller_sensors:/home/groep8/rs2_ws/install/hogpie_arm_driver:/home/groep8/rs2_ws/install/hogpie_arm_description:/opt/ros/jazzy DEBUGINFOD_URLS=https://debuginfod.ubuntu.com /usr/bin/cmake --install /home/groep8/rs2_ws/build/planar_arm_moveit_config
[1.418s] -- Install configuration: ""
[1.418s] -- Execute custom install script
[1.418s] -- Up-to-date symlink: /home/groep8/rs2_ws/install/planar_arm_moveit_config/share/ament_index/resource_index/package_run_dependencies/planar_arm_moveit_config
[1.422s] -- Up-to-date symlink: /home/groep8/rs2_ws/install/planar_arm_moveit_config/share/ament_index/resource_index/parent_prefix_path/planar_arm_moveit_config
[1.427s] -- Up-to-date symlink: /home/groep8/rs2_ws/install/planar_arm_moveit_config/share/planar_arm_moveit_config/environment/ament_prefix_path.sh
[1.428s] -- Up-to-date symlink: /home/groep8/rs2_ws/install/planar_arm_moveit_config/share/planar_arm_moveit_config/environment/ament_prefix_path.dsv
[1.431s] -- Up-to-date symlink: /home/groep8/rs2_ws/install/planar_arm_moveit_config/share/planar_arm_moveit_config/environment/path.sh
[1.432s] -- Up-to-date symlink: /home/groep8/rs2_ws/install/planar_arm_moveit_config/share/planar_arm_moveit_config/environment/path.dsv
[1.432s] -- Up-to-date symlink: /home/groep8/rs2_ws/install/planar_arm_moveit_config/share/planar_arm_moveit_config/local_setup.bash
[1.432s] -- Up-to-date symlink: /home/groep8/rs2_ws/install/planar_arm_moveit_config/share/planar_arm_moveit_config/local_setup.sh
[1.433s] -- Up-to-date symlink: /home/groep8/rs2_ws/install/planar_arm_moveit_config/share/planar_arm_moveit_config/local_setup.zsh
[1.434s] -- Up-to-date symlink: /home/groep8/rs2_ws/install/planar_arm_moveit_config/share/planar_arm_moveit_config/local_setup.dsv
[1.437s] -- Symlinking: /home/groep8/rs2_ws/install/planar_arm_moveit_config/share/planar_arm_moveit_config/package.dsv
[1.463s] -- Up-to-date symlink: /home/groep8/rs2_ws/install/planar_arm_moveit_config/share/ament_index/resource_index/packages/planar_arm_moveit_config
[1.465s] -- Up-to-date symlink: /home/groep8/rs2_ws/install/planar_arm_moveit_config/share/planar_arm_moveit_config/cmake/planar_arm_moveit_configConfig.cmake
[1.469s] -- Up-to-date symlink: /home/groep8/rs2_ws/install/planar_arm_moveit_config/share/planar_arm_moveit_config/cmake/planar_arm_moveit_configConfig-version.cmake
[1.472s] -- Up-to-date symlink: /home/groep8/rs2_ws/install/planar_arm_moveit_config/share/planar_arm_moveit_config/package.xml
[1.472s] -- Up-to-date symlink: /home/groep8/rs2_ws/install/planar_arm_moveit_config/share/planar_arm_moveit_config/launch/demo.launch.py
[1.472s] -- Up-to-date symlink: /home/groep8/rs2_ws/install/planar_arm_moveit_config/share/planar_arm_moveit_config/launch/move_group.launch.py
[1.474s] -- Up-to-date symlink: /home/groep8/rs2_ws/install/planar_arm_moveit_config/share/planar_arm_moveit_config/launch/moveit_rviz.launch.py
[1.479s] -- Up-to-date symlink: /home/groep8/rs2_ws/install/planar_arm_moveit_config/share/planar_arm_moveit_config/launch/rsp.launch.py
[1.480s] -- Up-to-date symlink: /home/groep8/rs2_ws/install/planar_arm_moveit_config/share/planar_arm_moveit_config/launch/setup_assistant.launch.py
[1.480s] -- Up-to-date symlink: /home/groep8/rs2_ws/install/planar_arm_moveit_config/share/planar_arm_moveit_config/launch/spawn_controllers.launch.py
[1.480s] -- Up-to-date symlink: /home/groep8/rs2_ws/install/planar_arm_moveit_config/share/planar_arm_moveit_config/launch/static_virtual_joint_tfs.launch.py
[1.483s] -- Up-to-date symlink: /home/groep8/rs2_ws/install/planar_arm_moveit_config/share/planar_arm_moveit_config/launch/warehouse_db.launch.py
[1.484s] -- Up-to-date symlink: /home/groep8/rs2_ws/install/planar_arm_moveit_config/share/planar_arm_moveit_config/config/initial_positions.yaml
[1.489s] -- Up-to-date symlink: /home/groep8/rs2_ws/install/planar_arm_moveit_config/share/planar_arm_moveit_config/config/joint_limits.yaml
[1.489s] -- Up-to-date symlink: /home/groep8/rs2_ws/install/planar_arm_moveit_config/share/planar_arm_moveit_config/config/kinematics.yaml
[1.489s] -- Up-to-date symlink: /home/groep8/rs2_ws/install/planar_arm_moveit_config/share/planar_arm_moveit_config/config/moveit.rviz
[1.490s] -- Up-to-date symlink: /home/groep8/rs2_ws/install/planar_arm_moveit_config/share/planar_arm_moveit_config/config/moveit_controllers.yaml
[1.490s] -- Up-to-date symlink: /home/groep8/rs2_ws/install/planar_arm_moveit_config/share/planar_arm_moveit_config/config/pilz_cartesian_limits.yaml
[1.490s] -- Up-to-date symlink: /home/groep8/rs2_ws/install/planar_arm_moveit_config/share/planar_arm_moveit_config/config/planar_arm.ros2_control.xacro
[1.491s] -- Up-to-date symlink: /home/groep8/rs2_ws/install/planar_arm_moveit_config/share/planar_arm_moveit_config/config/planar_arm.srdf
[1.491s] -- Up-to-date symlink: /home/groep8/rs2_ws/install/planar_arm_moveit_config/share/planar_arm_moveit_config/config/planar_arm.urdf.xacro
[1.491s] -- Up-to-date symlink: /home/groep8/rs2_ws/install/planar_arm_moveit_config/share/planar_arm_moveit_config/.setup_assistant
[1.499s] Invoked command in '/home/groep8/rs2_ws/build/planar_arm_moveit_config' returned '0': CMAKE_PREFIX_PATH=/home/groep8/rs2_ws/install/my_robot_description:/home/groep8/rs2_ws/install/planar_arm_moveit_config:/home/groep8/rs2_ws/install/hogpie_arm_moveit_config:/home/groep8/dxl_ws/install/dynamixel_sdk_examples:/home/groep8/dxl_ws/install/dynamixel_sdk_custom_interfaces:/home/groep8/dxl_ws/install/dynamixel_sdk:/opt/ros/jazzy/opt/sdformat_vendor:/opt/ros/jazzy/opt/gz_math_vendor:/opt/ros/jazzy/opt/gz_utils_vendor:/opt/ros/jazzy/opt/gz_tools_vendor:/opt/ros/jazzy/opt/gz_cmake_vendor:/home/groep8/rs2_ws/install/test_pkg:/home/groep8/rs2_ws/install/hogpie_controller_sensors:/home/groep8/rs2_ws/install/hogpie_arm_driver:/home/groep8/rs2_ws/install/hogpie_arm_description:/opt/ros/jazzy DEBUGINFOD_URLS=https://debuginfod.ubuntu.com /usr/bin/cmake --install /home/groep8/rs2_ws/build/planar_arm_moveit_config
