[1.570s] Invoking command in '/home/groep8/rs2_ws/src/hogpie_arm_description': DEBUGINFOD_URLS=https://debuginfod.ubuntu.com PYTHONPATH=/home/groep8/rs2_ws/build/hogpie_arm_description/prefix_override:/usr/lib/python3/dist-packages/colcon_core/task/python/colcon_distutils_commands:/home/groep8/rs2_ws/install/hogpie_arm_description/lib/python3.12/site-packages:${PYTHONPATH} /usr/bin/python3 -W ignore:setup.py install is deprecated -W ignore:easy_install command is deprecated setup.py egg_info --egg-base ../../build/hogpie_arm_description build --build-base /home/groep8/rs2_ws/build/hogpie_arm_description/build install --record /home/groep8/rs2_ws/build/hogpie_arm_description/install.log --single-version-externally-managed install_data
[2.018s] running egg_info
[2.049s] writing ../../build/hogpie_arm_description/hogpie_arm_description.egg-info/PKG-INFO
[2.049s] writing dependency_links to ../../build/hogpie_arm_description/hogpie_arm_description.egg-info/dependency_links.txt
[2.053s] writing requirements to ../../build/hogpie_arm_description/hogpie_arm_description.egg-info/requires.txt
[2.053s] writing top-level names to ../../build/hogpie_arm_description/hogpie_arm_description.egg-info/top_level.txt
[2.120s] reading manifest file '../../build/hogpie_arm_description/hogpie_arm_description.egg-info/SOURCES.txt'
[2.121s] writing manifest file '../../build/hogpie_arm_description/hogpie_arm_description.egg-info/SOURCES.txt'
[2.122s] running build
[2.122s] running build_py
[2.122s] running install
[2.132s] running install_lib
[2.161s] running install_data
[2.161s] copying urdf/hogpie_arm_description.urdf -> /home/groep8/rs2_ws/install/hogpie_arm_description/share/hogpie_arm_description/urdf
[2.162s] running install_egg_info
[2.198s] removing '/home/groep8/rs2_ws/install/hogpie_arm_description/lib/python3.12/site-packages/hogpie_arm_description-0.0.0-py3.12.egg-info' (and everything under it)
[2.199s] Copying ../../build/hogpie_arm_description/hogpie_arm_description.egg-info to /home/groep8/rs2_ws/install/hogpie_arm_description/lib/python3.12/site-packages/hogpie_arm_description-0.0.0-py3.12.egg-info
[2.200s] running install_scripts
[2.427s] writing list of installed files to '/home/groep8/rs2_ws/build/hogpie_arm_description/install.log'
[2.540s] Invoked command in '/home/groep8/rs2_ws/src/hogpie_arm_description' returned '0': DEBUGINFOD_URLS=https://debuginfod.ubuntu.com PYTHONPATH=/home/groep8/rs2_ws/build/hogpie_arm_description/prefix_override:/usr/lib/python3/dist-packages/colcon_core/task/python/colcon_distutils_commands:/home/groep8/rs2_ws/install/hogpie_arm_description/lib/python3.12/site-packages:${PYTHONPATH} /usr/bin/python3 -W ignore:setup.py install is deprecated -W ignore:easy_install command is deprecated setup.py egg_info --egg-base ../../build/hogpie_arm_description build --build-base /home/groep8/rs2_ws/build/hogpie_arm_description/build install --record /home/groep8/rs2_ws/build/hogpie_arm_description/install.log --single-version-externally-managed install_data
