[2.314s] Invoking command in '/home/groep8/rs2_ws/src/hogpie_controller_sensors': DEBUGINFOD_URLS=https://debuginfod.ubuntu.com PYTHONPATH=/home/groep8/rs2_ws/src/build/hogpie_controller_sensors/prefix_override:/usr/lib/python3/dist-packages/colcon_core/task/python/colcon_distutils_commands:/home/groep8/rs2_ws/src/install/hogpie_controller_sensors/lib/python3.12/site-packages:${PYTHONPATH} /usr/bin/python3 -W ignore:setup.py install is deprecated -W ignore:easy_install command is deprecated setup.py egg_info --egg-base ../build/hogpie_controller_sensors build --build-base /home/groep8/rs2_ws/src/build/hogpie_controller_sensors/build install --record /home/groep8/rs2_ws/src/build/hogpie_controller_sensors/install.log --single-version-externally-managed install_data
[3.259s] running egg_info
[3.307s] writing ../build/hogpie_controller_sensors/hogpie_controller_sensors.egg-info/PKG-INFO
[3.307s] writing dependency_links to ../build/hogpie_controller_sensors/hogpie_controller_sensors.egg-info/dependency_links.txt
[3.311s] writing entry points to ../build/hogpie_controller_sensors/hogpie_controller_sensors.egg-info/entry_points.txt
[3.311s] writing requirements to ../build/hogpie_controller_sensors/hogpie_controller_sensors.egg-info/requires.txt
[3.312s] writing top-level names to ../build/hogpie_controller_sensors/hogpie_controller_sensors.egg-info/top_level.txt
[3.400s] reading manifest file '../build/hogpie_controller_sensors/hogpie_controller_sensors.egg-info/SOURCES.txt'
[3.401s] writing manifest file '../build/hogpie_controller_sensors/hogpie_controller_sensors.egg-info/SOURCES.txt'
[3.402s] running build
[3.402s] running build_py
[3.404s] running install
[3.415s] running install_lib
[3.449s] running install_data
[3.449s] running install_egg_info
[3.502s] removing '/home/groep8/rs2_ws/src/install/hogpie_controller_sensors/lib/python3.12/site-packages/hogpie_controller_sensors-0.0.0-py3.12.egg-info' (and everything under it)
[3.505s] Copying ../build/hogpie_controller_sensors/hogpie_controller_sensors.egg-info to /home/groep8/rs2_ws/src/install/hogpie_controller_sensors/lib/python3.12/site-packages/hogpie_controller_sensors-0.0.0-py3.12.egg-info
[3.507s] running install_scripts
[3.872s] Installing data_converter script to /home/groep8/rs2_ws/src/install/hogpie_controller_sensors/lib/hogpie_controller_sensors
[3.873s] Installing ik_test script to /home/groep8/rs2_ws/src/install/hogpie_controller_sensors/lib/hogpie_controller_sensors
[3.876s] Installing moveit_commander script to /home/groep8/rs2_ws/src/install/hogpie_controller_sensors/lib/hogpie_controller_sensors
[3.877s] Installing pose_test script to /home/groep8/rs2_ws/src/install/hogpie_controller_sensors/lib/hogpie_controller_sensors
[3.877s] Installing tcp_arm_controller script to /home/groep8/rs2_ws/src/install/hogpie_controller_sensors/lib/hogpie_controller_sensors
[3.877s] Installing tcp_listener script to /home/groep8/rs2_ws/src/install/hogpie_controller_sensors/lib/hogpie_controller_sensors
[3.878s] Installing workspace_scan script to /home/groep8/rs2_ws/src/install/hogpie_controller_sensors/lib/hogpie_controller_sensors
[3.878s] writing list of installed files to '/home/groep8/rs2_ws/src/build/hogpie_controller_sensors/install.log'
[4.083s] Invoked command in '/home/groep8/rs2_ws/src/hogpie_controller_sensors' returned '0': DEBUGINFOD_URLS=https://debuginfod.ubuntu.com PYTHONPATH=/home/groep8/rs2_ws/src/build/hogpie_controller_sensors/prefix_override:/usr/lib/python3/dist-packages/colcon_core/task/python/colcon_distutils_commands:/home/groep8/rs2_ws/src/install/hogpie_controller_sensors/lib/python3.12/site-packages:${PYTHONPATH} /usr/bin/python3 -W ignore:setup.py install is deprecated -W ignore:easy_install command is deprecated setup.py egg_info --egg-base ../build/hogpie_controller_sensors build --build-base /home/groep8/rs2_ws/src/build/hogpie_controller_sensors/build install --record /home/groep8/rs2_ws/src/build/hogpie_controller_sensors/install.log --single-version-externally-managed install_data
