[4.851s] Invoking command in '/home/groep8/rs2_ws/src/hogpie_arm_driver': DEBUGINFOD_URLS=https://debuginfod.ubuntu.com PYTHONPATH=/home/groep8/rs2_ws/build/hogpie_arm_driver/prefix_override:/usr/lib/python3/dist-packages/colcon_core/task/python/colcon_distutils_commands:/home/groep8/rs2_ws/install/hogpie_arm_driver/lib/python3.12/site-packages:${PYTHONPATH} /usr/bin/python3 -W ignore:setup.py install is deprecated -W ignore:easy_install command is deprecated setup.py egg_info --egg-base ../../build/hogpie_arm_driver build --build-base /home/groep8/rs2_ws/build/hogpie_arm_driver/build install --record /home/groep8/rs2_ws/build/hogpie_arm_driver/install.log --single-version-externally-managed install_data
[6.053s] running egg_info
[6.103s] writing ../../build/hogpie_arm_driver/hogpie_arm_driver.egg-info/PKG-INFO
[6.104s] writing dependency_links to ../../build/hogpie_arm_driver/hogpie_arm_driver.egg-info/dependency_links.txt
[6.105s] writing entry points to ../../build/hogpie_arm_driver/hogpie_arm_driver.egg-info/entry_points.txt
[6.105s] writing requirements to ../../build/hogpie_arm_driver/hogpie_arm_driver.egg-info/requires.txt
[6.105s] writing top-level names to ../../build/hogpie_arm_driver/hogpie_arm_driver.egg-info/top_level.txt
[6.291s] reading manifest file '../../build/hogpie_arm_driver/hogpie_arm_driver.egg-info/SOURCES.txt'
[6.294s] writing manifest file '../../build/hogpie_arm_driver/hogpie_arm_driver.egg-info/SOURCES.txt'
[6.295s] running build
[6.296s] running build_py
[6.296s] running install
[6.324s] running install_lib
[6.536s] running install_data
[6.552s] running install_egg_info
[6.943s] removing '/home/groep8/rs2_ws/install/hogpie_arm_driver/lib/python3.12/site-packages/hogpie_arm_driver-0.0.0-py3.12.egg-info' (and everything under it)
[6.944s] Copying ../../build/hogpie_arm_driver/hogpie_arm_driver.egg-info to /home/groep8/rs2_ws/install/hogpie_arm_driver/lib/python3.12/site-packages/hogpie_arm_driver-0.0.0-py3.12.egg-info
[6.953s] running install_scripts
[8.091s] Installing fake_joint_state_publisher script to /home/groep8/rs2_ws/install/hogpie_arm_driver/lib/hogpie_arm_driver
[8.091s] Installing trajectory_server script to /home/groep8/rs2_ws/install/hogpie_arm_driver/lib/hogpie_arm_driver
[8.091s] writing list of installed files to '/home/groep8/rs2_ws/build/hogpie_arm_driver/install.log'
[8.976s] Invoked command in '/home/groep8/rs2_ws/src/hogpie_arm_driver' returned '0': DEBUGINFOD_URLS=https://debuginfod.ubuntu.com PYTHONPATH=/home/groep8/rs2_ws/build/hogpie_arm_driver/prefix_override:/usr/lib/python3/dist-packages/colcon_core/task/python/colcon_distutils_commands:/home/groep8/rs2_ws/install/hogpie_arm_driver/lib/python3.12/site-packages:${PYTHONPATH} /usr/bin/python3 -W ignore:setup.py install is deprecated -W ignore:easy_install command is deprecated setup.py egg_info --egg-base ../../build/hogpie_arm_driver build --build-base /home/groep8/rs2_ws/build/hogpie_arm_driver/build install --record /home/groep8/rs2_ws/build/hogpie_arm_driver/install.log --single-version-externally-managed install_data
