[0.045s] Invoking command in '/home/groep8/rs2_ws/build/planar_arm_moveit_config': CMAKE_PREFIX_PATH=/home/groep8/rs2_ws/install/my_robot_description:/home/groep8/rs2_ws/install/planar_arm_moveit_config:/home/groep8/rs2_ws/install/hogpie_arm_moveit_config:/home/groep8/dxl_ws/install/dynamixel_sdk_examples:/home/groep8/dxl_ws/install/dynamixel_sdk_custom_interfaces:/home/groep8/dxl_ws/install/dynamixel_sdk:/opt/ros/jazzy/opt/sdformat_vendor:/opt/ros/jazzy/opt/gz_math_vendor:/opt/ros/jazzy/opt/gz_utils_vendor:/opt/ros/jazzy/opt/gz_tools_vendor:/opt/ros/jazzy/opt/gz_cmake_vendor:/home/groep8/rs2_ws/install/test_pkg:/home/groep8/rs2_ws/install/hogpie_servo_control:/home/groep8/rs2_ws/install/hogpie_controller_sensors:/home/groep8/rs2_ws/install/hogpie_arm_driver:/home/groep8/rs2_ws/install/hogpie_arm_description:/home/groep8/rs2_ws/install/aardbeien_detectie:/opt/ros/jazzy DEBUGINFOD_URLS=https://debuginfod.ubuntu.com /usr/bin/cmake --build /home/groep8/rs2_ws/build/planar_arm_moveit_config -- -j4 -l4
[0.269s] Invoked command in '/home/groep8/rs2_ws/build/planar_arm_moveit_config' returned '0': CMAKE_PREFIX_PATH=/home/groep8/rs2_ws/install/my_robot_description:/home/groep8/rs2_ws/install/planar_arm_moveit_config:/home/groep8/rs2_ws/install/hogpie_arm_moveit_config:/home/groep8/dxl_ws/install/dynamixel_sdk_examples:/home/groep8/dxl_ws/install/dynamixel_sdk_custom_interfaces:/home/groep8/dxl_ws/install/dynamixel_sdk:/opt/ros/jazzy/opt/sdformat_vendor:/opt/ros/jazzy/opt/gz_math_vendor:/opt/ros/jazzy/opt/gz_utils_vendor:/opt/ros/jazzy/opt/gz_tools_vendor:/opt/ros/jazzy/opt/gz_cmake_vendor:/home/groep8/rs2_ws/install/test_pkg:/home/groep8/rs2_ws/install/hogpie_servo_control:/home/groep8/rs2_ws/install/hogpie_controller_sensors:/home/groep8/rs2_ws/install/hogpie_arm_driver:/home/groep8/rs2_ws/install/hogpie_arm_description:/home/groep8/rs2_ws/install/aardbeien_detectie:/opt/ros/jazzy DEBUGINFOD_URLS=https://debuginfod.ubuntu.com /usr/bin/cmake --build /home/groep8/rs2_ws/build/planar_arm_moveit_config -- -j4 -l4
[0.271s] Invoking command in '/home/groep8/rs2_ws/build/planar_arm_moveit_config': CMAKE_PREFIX_PATH=/home/groep8/rs2_ws/install/my_robot_description:/home/groep8/rs2_ws/install/planar_arm_moveit_config:/home/groep8/rs2_ws/install/hogpie_arm_moveit_config:/home/groep8/dxl_ws/install/dynamixel_sdk_examples:/home/groep8/dxl_ws/install/dynamixel_sdk_custom_interfaces:/home/groep8/dxl_ws/install/dynamixel_sdk:/opt/ros/jazzy/opt/sdformat_vendor:/opt/ros/jazzy/opt/gz_math_vendor:/opt/ros/jazzy/opt/gz_utils_vendor:/opt/ros/jazzy/opt/gz_tools_vendor:/opt/ros/jazzy/opt/gz_cmake_vendor:/home/groep8/rs2_ws/install/test_pkg:/home/groep8/rs2_ws/install/hogpie_servo_control:/home/groep8/rs2_ws/install/hogpie_controller_sensors:/home/groep8/rs2_ws/install/hogpie_arm_driver:/home/groep8/rs2_ws/install/hogpie_arm_description:/home/groep8/rs2_ws/install/aardbeien_detectie:/opt/ros/jazzy DEBUGINFOD_URLS=https://debuginfod.ubuntu.com /usr/bin/cmake --install /home/groep8/rs2_ws/build/planar_arm_moveit_config
[0.330s] -- Install configuration: ""
[0.331s] -- Execute custom install script
[0.331s] -- Up-to-date symlink: /home/groep8/rs2_ws/install/planar_arm_moveit_config/share/ament_index/resource_index/package_run_dependencies/planar_arm_moveit_config
[0.334s] -- Up-to-date symlink: /home/groep8/rs2_ws/install/planar_arm_moveit_config/share/ament_index/resource_index/parent_prefix_path/planar_arm_moveit_config
[0.337s] -- Up-to-date symlink: /home/groep8/rs2_ws/install/planar_arm_moveit_config/share/planar_arm_moveit_config/environment/ament_prefix_path.sh
[0.337s] -- Up-to-date symlink: /home/groep8/rs2_ws/install/planar_arm_moveit_config/share/planar_arm_moveit_config/environment/ament_prefix_path.dsv
[0.340s] -- Up-to-date symlink: /home/groep8/rs2_ws/install/planar_arm_moveit_config/share/planar_arm_moveit_config/environment/path.sh
[0.341s] -- Up-to-date symlink: /home/groep8/rs2_ws/install/planar_arm_moveit_config/share/planar_arm_moveit_config/environment/path.dsv
[0.350s] -- Up-to-date symlink: /home/groep8/rs2_ws/install/planar_arm_moveit_config/share/planar_arm_moveit_config/local_setup.bash
[0.360s] -- Up-to-date symlink: /home/groep8/rs2_ws/install/planar_arm_moveit_config/share/planar_arm_moveit_config/local_setup.sh
[0.360s] -- Up-to-date symlink: /home/groep8/rs2_ws/install/planar_arm_moveit_config/share/planar_arm_moveit_config/local_setup.zsh
[0.361s] -- Up-to-date symlink: /home/groep8/rs2_ws/install/planar_arm_moveit_config/share/planar_arm_moveit_config/local_setup.dsv
[0.362s] -- Symlinking: /home/groep8/rs2_ws/install/planar_arm_moveit_config/share/planar_arm_moveit_config/package.dsv
[0.417s] -- Up-to-date symlink: /home/groep8/rs2_ws/install/planar_arm_moveit_config/share/ament_index/resource_index/packages/planar_arm_moveit_config
[0.417s] -- Up-to-date symlink: /home/groep8/rs2_ws/install/planar_arm_moveit_config/share/planar_arm_moveit_config/cmake/planar_arm_moveit_configConfig.cmake
[0.417s] -- Up-to-date symlink: /home/groep8/rs2_ws/install/planar_arm_moveit_config/share/planar_arm_moveit_config/cmake/planar_arm_moveit_configConfig-version.cmake
[0.417s] -- Up-to-date symlink: /home/groep8/rs2_ws/install/planar_arm_moveit_config/share/planar_arm_moveit_config/package.xml
[0.480s] -- Up-to-date symlink: /home/groep8/rs2_ws/install/planar_arm_moveit_config/share/planar_arm_moveit_config/launch/demo.launch.py
[0.482s] -- Up-to-date symlink: /home/groep8/rs2_ws/install/planar_arm_moveit_config/share/planar_arm_moveit_config/launch/move_group.launch.py
[0.484s] -- Up-to-date symlink: /home/groep8/rs2_ws/install/planar_arm_moveit_config/share/planar_arm_moveit_config/launch/moveit_rviz.launch.py
[0.487s] -- Up-to-date symlink: /home/groep8/rs2_ws/install/planar_arm_moveit_config/share/planar_arm_moveit_config/launch/rsp.launch.py
[0.489s] -- Up-to-date symlink: /home/groep8/rs2_ws/install/planar_arm_moveit_config/share/planar_arm_moveit_config/launch/setup_assistant.launch.py
[0.490s] -- Up-to-date symlink: /home/groep8/rs2_ws/install/planar_arm_moveit_config/share/planar_arm_moveit_config/launch/spawn_controllers.launch.py
[0.502s] -- Up-to-date symlink: /home/groep8/rs2_ws/install/planar_arm_moveit_config/share/planar_arm_moveit_config/launch/static_virtual_joint_tfs.launch.py
[0.503s] -- Up-to-date symlink: /home/groep8/rs2_ws/install/planar_arm_moveit_config/share/planar_arm_moveit_config/launch/warehouse_db.launch.py
[0.504s] -- Up-to-date symlink: /home/groep8/rs2_ws/install/planar_arm_moveit_config/share/planar_arm_moveit_config/config/initial_positions.yaml
[0.505s] -- Up-to-date symlink: /home/groep8/rs2_ws/install/planar_arm_moveit_config/share/planar_arm_moveit_config/config/joint_limits.yaml
[0.505s] -- Up-to-date symlink: /home/groep8/rs2_ws/install/planar_arm_moveit_config/share/planar_arm_moveit_config/config/kinematics.yaml
[0.506s] -- Up-to-date symlink: /home/groep8/rs2_ws/install/planar_arm_moveit_config/share/planar_arm_moveit_config/config/moveit.rviz
[0.506s] -- Up-to-date symlink: /home/groep8/rs2_ws/install/planar_arm_moveit_config/share/planar_arm_moveit_config/config/moveit_controllers.yaml
[0.507s] -- Up-to-date symlink: /home/groep8/rs2_ws/install/planar_arm_moveit_config/share/planar_arm_moveit_config/config/pilz_cartesian_limits.yaml
[0.507s] -- Up-to-date symlink: /home/groep8/rs2_ws/install/planar_arm_moveit_config/share/planar_arm_moveit_config/config/planar_arm.ros2_control.xacro
[0.507s] -- Up-to-date symlink: /home/groep8/rs2_ws/install/planar_arm_moveit_config/share/planar_arm_moveit_config/config/planar_arm.srdf
[0.508s] -- Up-to-date symlink: /home/groep8/rs2_ws/install/planar_arm_moveit_config/share/planar_arm_moveit_config/config/planar_arm.urdf.xacro
[0.508s] -- Up-to-date symlink: /home/groep8/rs2_ws/install/planar_arm_moveit_config/share/planar_arm_moveit_config/.setup_assistant
[0.511s] Invoked command in '/home/groep8/rs2_ws/build/planar_arm_moveit_config' returned '0': CMAKE_PREFIX_PATH=/home/groep8/rs2_ws/install/my_robot_description:/home/groep8/rs2_ws/install/planar_arm_moveit_config:/home/groep8/rs2_ws/install/hogpie_arm_moveit_config:/home/groep8/dxl_ws/install/dynamixel_sdk_examples:/home/groep8/dxl_ws/install/dynamixel_sdk_custom_interfaces:/home/groep8/dxl_ws/install/dynamixel_sdk:/opt/ros/jazzy/opt/sdformat_vendor:/opt/ros/jazzy/opt/gz_math_vendor:/opt/ros/jazzy/opt/gz_utils_vendor:/opt/ros/jazzy/opt/gz_tools_vendor:/opt/ros/jazzy/opt/gz_cmake_vendor:/home/groep8/rs2_ws/install/test_pkg:/home/groep8/rs2_ws/install/hogpie_servo_control:/home/groep8/rs2_ws/install/hogpie_controller_sensors:/home/groep8/rs2_ws/install/hogpie_arm_driver:/home/groep8/rs2_ws/install/hogpie_arm_description:/home/groep8/rs2_ws/install/aardbeien_detectie:/opt/ros/jazzy DEBUGINFOD_URLS=https://debuginfod.ubuntu.com /usr/bin/cmake --install /home/groep8/rs2_ws/build/planar_arm_moveit_config
