[0.498s] Invoking command in '/home/groep8/rs2_ws/src/build/my_robot_description': CMAKE_PREFIX_PATH=${CMAKE_PREFIX_PATH}:/home/groep8/rs2_ws/src/install/aardbeien_detectie:/home/groep8/rs2_ws/src/install/test_pkg:/home/groep8/rs2_ws/src/install/hogpie_servo_control:/home/groep8/rs2_ws/src/install/hogpie_controller_sensors:/home/groep8/rs2_ws/src/install/hogpie_arm_driver:/home/groep8/rs2_ws/src/install/hogpie_arm_description:/home/groep8/rs2_ws/install/test_pkg:/home/groep8/rs2_ws/install/hogpie_servo_control:/home/groep8/rs2_ws/install/hogpie_controller_sensors:/home/groep8/rs2_ws/install/hogpie_arm_driver:/home/groep8/rs2_ws/install/hogpie_arm_description:/opt/ros/jazzy DEBUGINFOD_URLS=https://debuginfod.ubuntu.com /usr/bin/cmake --build /home/groep8/rs2_ws/src/build/my_robot_description -- -j4 -l4
[0.892s] Invoked command in '/home/groep8/rs2_ws/src/build/my_robot_description' returned '0': CMAKE_PREFIX_PATH=${CMAKE_PREFIX_PATH}:/home/groep8/rs2_ws/src/install/aardbeien_detectie:/home/groep8/rs2_ws/src/install/test_pkg:/home/groep8/rs2_ws/src/install/hogpie_servo_control:/home/groep8/rs2_ws/src/install/hogpie_controller_sensors:/home/groep8/rs2_ws/src/install/hogpie_arm_driver:/home/groep8/rs2_ws/src/install/hogpie_arm_description:/home/groep8/rs2_ws/install/test_pkg:/home/groep8/rs2_ws/install/hogpie_servo_control:/home/groep8/rs2_ws/install/hogpie_controller_sensors:/home/groep8/rs2_ws/install/hogpie_arm_driver:/home/groep8/rs2_ws/install/hogpie_arm_description:/opt/ros/jazzy DEBUGINFOD_URLS=https://debuginfod.ubuntu.com /usr/bin/cmake --build /home/groep8/rs2_ws/src/build/my_robot_description -- -j4 -l4
[0.913s] Invoking command in '/home/groep8/rs2_ws/src/build/my_robot_description': CMAKE_PREFIX_PATH=${CMAKE_PREFIX_PATH}:/home/groep8/rs2_ws/src/install/aardbeien_detectie:/home/groep8/rs2_ws/src/install/test_pkg:/home/groep8/rs2_ws/src/install/hogpie_servo_control:/home/groep8/rs2_ws/src/install/hogpie_controller_sensors:/home/groep8/rs2_ws/src/install/hogpie_arm_driver:/home/groep8/rs2_ws/src/install/hogpie_arm_description:/home/groep8/rs2_ws/install/test_pkg:/home/groep8/rs2_ws/install/hogpie_servo_control:/home/groep8/rs2_ws/install/hogpie_controller_sensors:/home/groep8/rs2_ws/install/hogpie_arm_driver:/home/groep8/rs2_ws/install/hogpie_arm_description:/opt/ros/jazzy DEBUGINFOD_URLS=https://debuginfod.ubuntu.com /usr/bin/cmake --install /home/groep8/rs2_ws/src/build/my_robot_description
[1.284s] -- Install configuration: ""
[1.286s] -- Up-to-date: /home/groep8/rs2_ws/src/install/my_robot_description/share/my_robot_description/launch
[1.286s] -- Up-to-date: /home/groep8/rs2_ws/src/install/my_robot_description/share/my_robot_description/launch/display.launch.py
[1.286s] -- Up-to-date: /home/groep8/rs2_ws/src/install/my_robot_description/share/my_robot_description/urdf
[1.287s] -- Up-to-date: /home/groep8/rs2_ws/src/install/my_robot_description/share/my_robot_description/urdf/hogpie.urdf.xacro
[1.288s] -- Up-to-date: /home/groep8/rs2_ws/src/install/my_robot_description/share/my_robot_description/urdf/robot.urdf
[1.290s] -- Up-to-date: /home/groep8/rs2_ws/src/install/my_robot_description/share/my_robot_description/urdf/robot.urdf.xacro
[1.291s] -- Up-to-date: /home/groep8/rs2_ws/src/install/my_robot_description/share/ament_index/resource_index/package_run_dependencies/my_robot_description
[1.292s] -- Up-to-date: /home/groep8/rs2_ws/src/install/my_robot_description/share/ament_index/resource_index/parent_prefix_path/my_robot_description
[1.293s] -- Up-to-date: /home/groep8/rs2_ws/src/install/my_robot_description/share/my_robot_description/environment/ament_prefix_path.sh
[1.295s] -- Up-to-date: /home/groep8/rs2_ws/src/install/my_robot_description/share/my_robot_description/environment/ament_prefix_path.dsv
[1.296s] -- Up-to-date: /home/groep8/rs2_ws/src/install/my_robot_description/share/my_robot_description/environment/path.sh
[1.296s] -- Up-to-date: /home/groep8/rs2_ws/src/install/my_robot_description/share/my_robot_description/environment/path.dsv
[1.298s] -- Up-to-date: /home/groep8/rs2_ws/src/install/my_robot_description/share/my_robot_description/local_setup.bash
[1.298s] -- Up-to-date: /home/groep8/rs2_ws/src/install/my_robot_description/share/my_robot_description/local_setup.sh
[1.298s] -- Up-to-date: /home/groep8/rs2_ws/src/install/my_robot_description/share/my_robot_description/local_setup.zsh
[1.298s] -- Up-to-date: /home/groep8/rs2_ws/src/install/my_robot_description/share/my_robot_description/local_setup.dsv
[1.299s] -- Installing: /home/groep8/rs2_ws/src/install/my_robot_description/share/my_robot_description/package.dsv
[1.300s] -- Up-to-date: /home/groep8/rs2_ws/src/install/my_robot_description/share/ament_index/resource_index/packages/my_robot_description
[1.303s] -- Up-to-date: /home/groep8/rs2_ws/src/install/my_robot_description/share/my_robot_description/cmake/my_robot_descriptionConfig.cmake
[1.304s] -- Up-to-date: /home/groep8/rs2_ws/src/install/my_robot_description/share/my_robot_description/cmake/my_robot_descriptionConfig-version.cmake
[1.306s] -- Up-to-date: /home/groep8/rs2_ws/src/install/my_robot_description/share/my_robot_description/package.xml
[1.306s] Invoked command in '/home/groep8/rs2_ws/src/build/my_robot_description' returned '0': CMAKE_PREFIX_PATH=${CMAKE_PREFIX_PATH}:/home/groep8/rs2_ws/src/install/aardbeien_detectie:/home/groep8/rs2_ws/src/install/test_pkg:/home/groep8/rs2_ws/src/install/hogpie_servo_control:/home/groep8/rs2_ws/src/install/hogpie_controller_sensors:/home/groep8/rs2_ws/src/install/hogpie_arm_driver:/home/groep8/rs2_ws/src/install/hogpie_arm_description:/home/groep8/rs2_ws/install/test_pkg:/home/groep8/rs2_ws/install/hogpie_servo_control:/home/groep8/rs2_ws/install/hogpie_controller_sensors:/home/groep8/rs2_ws/install/hogpie_arm_driver:/home/groep8/rs2_ws/install/hogpie_arm_description:/opt/ros/jazzy DEBUGINFOD_URLS=https://debuginfod.ubuntu.com /usr/bin/cmake --install /home/groep8/rs2_ws/src/build/my_robot_description
