[2.719s] Invoking command in '/home/groep8/rs2_ws/src/hogpie_servo_control': DEBUGINFOD_URLS=https://debuginfod.ubuntu.com PYTHONPATH=/home/groep8/rs2_ws/src/build/hogpie_servo_control/prefix_override:/usr/lib/python3/dist-packages/colcon_core/task/python/colcon_distutils_commands:/home/groep8/rs2_ws/src/install/hogpie_servo_control/lib/python3.12/site-packages:${PYTHONPATH} /usr/bin/python3 -W ignore:setup.py install is deprecated -W ignore:easy_install command is deprecated setup.py egg_info --egg-base ../build/hogpie_servo_control build --build-base /home/groep8/rs2_ws/src/build/hogpie_servo_control/build install --record /home/groep8/rs2_ws/src/build/hogpie_servo_control/install.log --single-version-externally-managed install_data
[3.353s] running egg_info
[3.387s] writing ../build/hogpie_servo_control/hogpie_servo_control.egg-info/PKG-INFO
[3.388s] writing dependency_links to ../build/hogpie_servo_control/hogpie_servo_control.egg-info/dependency_links.txt
[3.391s] writing entry points to ../build/hogpie_servo_control/hogpie_servo_control.egg-info/entry_points.txt
[3.392s] writing requirements to ../build/hogpie_servo_control/hogpie_servo_control.egg-info/requires.txt
[3.392s] writing top-level names to ../build/hogpie_servo_control/hogpie_servo_control.egg-info/top_level.txt
[3.472s] reading manifest file '../build/hogpie_servo_control/hogpie_servo_control.egg-info/SOURCES.txt'
[3.477s] writing manifest file '../build/hogpie_servo_control/hogpie_servo_control.egg-info/SOURCES.txt'
[3.477s] running build
[3.477s] running build_py
[3.477s] copying hogpie_servo_control/ax12_driver.py -> /home/groep8/rs2_ws/src/build/hogpie_servo_control/build/lib/hogpie_servo_control
[3.477s] running install
[3.490s] running install_lib
[3.535s] copying /home/groep8/rs2_ws/src/build/hogpie_servo_control/build/lib/hogpie_servo_control/ax12_driver.py -> /home/groep8/rs2_ws/src/install/hogpie_servo_control/lib/python3.12/site-packages/hogpie_servo_control
[3.537s] byte-compiling /home/groep8/rs2_ws/src/install/hogpie_servo_control/lib/python3.12/site-packages/hogpie_servo_control/ax12_driver.py to ax12_driver.cpython-312.pyc
[3.540s] running install_data
[3.540s] copying package.xml -> /home/groep8/rs2_ws/src/install/hogpie_servo_control/share/hogpie_servo_control
[3.542s] running install_egg_info
[3.589s] removing '/home/groep8/rs2_ws/src/install/hogpie_servo_control/lib/python3.12/site-packages/hogpie_servo_control-0.0.0-py3.12.egg-info' (and everything under it)
[3.589s] Copying ../build/hogpie_servo_control/hogpie_servo_control.egg-info to /home/groep8/rs2_ws/src/install/hogpie_servo_control/lib/python3.12/site-packages/hogpie_servo_control-0.0.0-py3.12.egg-info
[3.591s] running install_scripts
[4.013s] Installing ax12_driver script to /home/groep8/rs2_ws/src/install/hogpie_servo_control/lib/hogpie_servo_control
[4.013s] writing list of installed files to '/home/groep8/rs2_ws/src/build/hogpie_servo_control/install.log'
[4.198s] Invoked command in '/home/groep8/rs2_ws/src/hogpie_servo_control' returned '0': DEBUGINFOD_URLS=https://debuginfod.ubuntu.com PYTHONPATH=/home/groep8/rs2_ws/src/build/hogpie_servo_control/prefix_override:/usr/lib/python3/dist-packages/colcon_core/task/python/colcon_distutils_commands:/home/groep8/rs2_ws/src/install/hogpie_servo_control/lib/python3.12/site-packages:${PYTHONPATH} /usr/bin/python3 -W ignore:setup.py install is deprecated -W ignore:easy_install command is deprecated setup.py egg_info --egg-base ../build/hogpie_servo_control build --build-base /home/groep8/rs2_ws/src/build/hogpie_servo_control/build install --record /home/groep8/rs2_ws/src/build/hogpie_servo_control/install.log --single-version-externally-managed install_data
