running egg_info
creating ../build/hogpie_arm_description/hogpie_arm_description.egg-info
writing ../build/hogpie_arm_description/hogpie_arm_description.egg-info/PKG-INFO
writing dependency_links to ../build/hogpie_arm_description/hogpie_arm_description.egg-info/dependency_links.txt
writing requirements to ../build/hogpie_arm_description/hogpie_arm_description.egg-info/requires.txt
writing top-level names to ../build/hogpie_arm_description/hogpie_arm_description.egg-info/top_level.txt
writing manifest file '../build/hogpie_arm_description/hogpie_arm_description.egg-info/SOURCES.txt'
reading manifest file '../build/hogpie_arm_description/hogpie_arm_description.egg-info/SOURCES.txt'
writing manifest file '../build/hogpie_arm_description/hogpie_arm_description.egg-info/SOURCES.txt'
running build
running build_py
creating /home/groep8/rs2_ws/src/build/hogpie_arm_description/build
creating /home/groep8/rs2_ws/src/build/hogpie_arm_description/build/lib
creating /home/groep8/rs2_ws/src/build/hogpie_arm_description/build/lib/hogpie_arm_description
copying hogpie_arm_description/__init__.py -> /home/groep8/rs2_ws/src/build/hogpie_arm_description/build/lib/hogpie_arm_description
running install
running install_lib
creating /home/groep8/rs2_ws/src/install/hogpie_arm_description/lib/python3.12/site-packages/hogpie_arm_description
copying /home/groep8/rs2_ws/src/build/hogpie_arm_description/build/lib/hogpie_arm_description/__init__.py -> /home/groep8/rs2_ws/src/install/hogpie_arm_description/lib/python3.12/site-packages/hogpie_arm_description
byte-compiling /home/groep8/rs2_ws/src/install/hogpie_arm_description/lib/python3.12/site-packages/hogpie_arm_description/__init__.py to __init__.cpython-312.pyc
running install_data
creating /home/groep8/rs2_ws/src/install/hogpie_arm_description/share/ament_index
creating /home/groep8/rs2_ws/src/install/hogpie_arm_description/share/ament_index/resource_index
creating /home/groep8/rs2_ws/src/install/hogpie_arm_description/share/ament_index/resource_index/packages
copying resource/hogpie_arm_description -> /home/groep8/rs2_ws/src/install/hogpie_arm_description/share/ament_index/resource_index/packages
copying package.xml -> /home/groep8/rs2_ws/src/install/hogpie_arm_description/share/hogpie_arm_description
creating /home/groep8/rs2_ws/src/install/hogpie_arm_description/share/hogpie_arm_description/urdf
copying urdf/hogpie_arm_description.urdf -> /home/groep8/rs2_ws/src/install/hogpie_arm_description/share/hogpie_arm_description/urdf
creating /home/groep8/rs2_ws/src/install/hogpie_arm_description/share/hogpie_arm_description/launch
copying launch/display.launch.py -> /home/groep8/rs2_ws/src/install/hogpie_arm_description/share/hogpie_arm_description/launch
running install_egg_info
Copying ../build/hogpie_arm_description/hogpie_arm_description.egg-info to /home/groep8/rs2_ws/src/install/hogpie_arm_description/lib/python3.12/site-packages/hogpie_arm_description-0.0.0-py3.12.egg-info
running install_scripts
writing list of installed files to '/home/groep8/rs2_ws/src/build/hogpie_arm_description/install.log'
