[2.702s] Invoking command in '/home/groep8/rs2_ws/src/hogpie_arm_driver': DEBUGINFOD_URLS=https://debuginfod.ubuntu.com PYTHONPATH=/home/groep8/rs2_ws/src/build/hogpie_arm_driver/prefix_override:/usr/lib/python3/dist-packages/colcon_core/task/python/colcon_distutils_commands:/home/groep8/rs2_ws/src/install/hogpie_arm_driver/lib/python3.12/site-packages:${PYTHONPATH} /usr/bin/python3 -W ignore:setup.py install is deprecated -W ignore:easy_install command is deprecated setup.py egg_info --egg-base ../build/hogpie_arm_driver build --build-base /home/groep8/rs2_ws/src/build/hogpie_arm_driver/build install --record /home/groep8/rs2_ws/src/build/hogpie_arm_driver/install.log --single-version-externally-managed install_data
[3.231s] running egg_info
[3.269s] writing ../build/hogpie_arm_driver/hogpie_arm_driver.egg-info/PKG-INFO
[3.269s] writing dependency_links to ../build/hogpie_arm_driver/hogpie_arm_driver.egg-info/dependency_links.txt
[3.270s] writing entry points to ../build/hogpie_arm_driver/hogpie_arm_driver.egg-info/entry_points.txt
[3.271s] writing requirements to ../build/hogpie_arm_driver/hogpie_arm_driver.egg-info/requires.txt
[3.274s] writing top-level names to ../build/hogpie_arm_driver/hogpie_arm_driver.egg-info/top_level.txt
[3.349s] reading manifest file '../build/hogpie_arm_driver/hogpie_arm_driver.egg-info/SOURCES.txt'
[3.349s] writing manifest file '../build/hogpie_arm_driver/hogpie_arm_driver.egg-info/SOURCES.txt'
[3.350s] running build
[3.351s] running build_py
[3.352s] running install
[3.366s] running install_lib
[3.407s] running install_data
[3.409s] running install_egg_info
[3.446s] removing '/home/groep8/rs2_ws/src/install/hogpie_arm_driver/lib/python3.12/site-packages/hogpie_arm_driver-0.0.0-py3.12.egg-info' (and everything under it)
[3.449s] Copying ../build/hogpie_arm_driver/hogpie_arm_driver.egg-info to /home/groep8/rs2_ws/src/install/hogpie_arm_driver/lib/python3.12/site-packages/hogpie_arm_driver-0.0.0-py3.12.egg-info
[3.449s] running install_scripts
[3.936s] Installing fake_joint_state_publisher script to /home/groep8/rs2_ws/src/install/hogpie_arm_driver/lib/hogpie_arm_driver
[3.936s] Installing trajectory_server script to /home/groep8/rs2_ws/src/install/hogpie_arm_driver/lib/hogpie_arm_driver
[3.945s] writing list of installed files to '/home/groep8/rs2_ws/src/build/hogpie_arm_driver/install.log'
[4.658s] Invoked command in '/home/groep8/rs2_ws/src/hogpie_arm_driver' returned '0': DEBUGINFOD_URLS=https://debuginfod.ubuntu.com PYTHONPATH=/home/groep8/rs2_ws/src/build/hogpie_arm_driver/prefix_override:/usr/lib/python3/dist-packages/colcon_core/task/python/colcon_distutils_commands:/home/groep8/rs2_ws/src/install/hogpie_arm_driver/lib/python3.12/site-packages:${PYTHONPATH} /usr/bin/python3 -W ignore:setup.py install is deprecated -W ignore:easy_install command is deprecated setup.py egg_info --egg-base ../build/hogpie_arm_driver build --build-base /home/groep8/rs2_ws/src/build/hogpie_arm_driver/build install --record /home/groep8/rs2_ws/src/build/hogpie_arm_driver/install.log --single-version-externally-managed install_data
