/home/groep8/rs2_ws/install/hogpie_servo_control/lib/python3.12/site-packages/hogpie_servo_control/__init__.py
/home/groep8/rs2_ws/install/hogpie_servo_control/lib/python3.12/site-packages/hogpie_servo_control/trajectory_executor_node.py
/home/groep8/rs2_ws/install/hogpie_servo_control/lib/python3.12/site-packages/hogpie_servo_control/ax12_driver.py
/home/groep8/rs2_ws/install/hogpie_servo_control/lib/python3.12/site-packages/hogpie_servo_control/encoder_jointstate_node.py
/home/groep8/rs2_ws/install/hogpie_servo_control/lib/python3.12/site-packages/hogpie_servo_control/as5600_encoder_node.py
/home/groep8/rs2_ws/install/hogpie_servo_control/lib/python3.12/site-packages/hogpie_servo_control/joint1controller_node.py
/home/groep8/rs2_ws/install/hogpie_servo_control/lib/python3.12/site-packages/hogpie_servo_control/joints_controller_node.py
/home/groep8/rs2_ws/install/hogpie_servo_control/lib/python3.12/site-packages/hogpie_servo_control/__pycache__/__init__.cpython-312.pyc
/home/groep8/rs2_ws/install/hogpie_servo_control/lib/python3.12/site-packages/hogpie_servo_control/__pycache__/trajectory_executor_node.cpython-312.pyc
/home/groep8/rs2_ws/install/hogpie_servo_control/lib/python3.12/site-packages/hogpie_servo_control/__pycache__/ax12_driver.cpython-312.pyc
/home/groep8/rs2_ws/install/hogpie_servo_control/lib/python3.12/site-packages/hogpie_servo_control/__pycache__/encoder_jointstate_node.cpython-312.pyc
/home/groep8/rs2_ws/install/hogpie_servo_control/lib/python3.12/site-packages/hogpie_servo_control/__pycache__/as5600_encoder_node.cpython-312.pyc
/home/groep8/rs2_ws/install/hogpie_servo_control/lib/python3.12/site-packages/hogpie_servo_control/__pycache__/joint1controller_node.cpython-312.pyc
/home/groep8/rs2_ws/install/hogpie_servo_control/lib/python3.12/site-packages/hogpie_servo_control/__pycache__/joints_controller_node.cpython-312.pyc
/home/groep8/rs2_ws/install/hogpie_servo_control/share/ament_index/resource_index/packages/hogpie_servo_control
/home/groep8/rs2_ws/install/hogpie_servo_control/share/hogpie_servo_control/package.xml
/home/groep8/rs2_ws/install/hogpie_servo_control/lib/python3.12/site-packages/hogpie_servo_control-0.0.0-py3.12.egg-info/requires.txt
/home/groep8/rs2_ws/install/hogpie_servo_control/lib/python3.12/site-packages/hogpie_servo_control-0.0.0-py3.12.egg-info/top_level.txt
/home/groep8/rs2_ws/install/hogpie_servo_control/lib/python3.12/site-packages/hogpie_servo_control-0.0.0-py3.12.egg-info/zip-safe
/home/groep8/rs2_ws/install/hogpie_servo_control/lib/python3.12/site-packages/hogpie_servo_control-0.0.0-py3.12.egg-info/PKG-INFO
/home/groep8/rs2_ws/install/hogpie_servo_control/lib/python3.12/site-packages/hogpie_servo_control-0.0.0-py3.12.egg-info/SOURCES.txt
/home/groep8/rs2_ws/install/hogpie_servo_control/lib/python3.12/site-packages/hogpie_servo_control-0.0.0-py3.12.egg-info/dependency_links.txt
/home/groep8/rs2_ws/install/hogpie_servo_control/lib/python3.12/site-packages/hogpie_servo_control-0.0.0-py3.12.egg-info/entry_points.txt
/home/groep8/rs2_ws/install/hogpie_servo_control/lib/hogpie_servo_control/ax12_driver
/home/groep8/rs2_ws/install/hogpie_servo_control/lib/hogpie_servo_control/encoder_jointstate
/home/groep8/rs2_ws/install/hogpie_servo_control/lib/hogpie_servo_control/encoder_node
/home/groep8/rs2_ws/install/hogpie_servo_control/lib/hogpie_servo_control/joints_controller
/home/groep8/rs2_ws/install/hogpie_servo_control/lib/hogpie_servo_control/trajectory_executor
