[3.178s] Invoking command in '/home/groep8/rs2_ws/src/hogpie_controller_sensors': DEBUGINFOD_URLS=https://debuginfod.ubuntu.com PYTHONPATH=/home/groep8/rs2_ws/build/hogpie_controller_sensors/prefix_override:/usr/lib/python3/dist-packages/colcon_core/task/python/colcon_distutils_commands:/home/groep8/rs2_ws/install/hogpie_controller_sensors/lib/python3.12/site-packages:${PYTHONPATH} /usr/bin/python3 -W ignore:setup.py install is deprecated -W ignore:easy_install command is deprecated setup.py egg_info --egg-base ../../build/hogpie_controller_sensors build --build-base /home/groep8/rs2_ws/build/hogpie_controller_sensors/build install --record /home/groep8/rs2_ws/build/hogpie_controller_sensors/install.log --single-version-externally-managed install_data
[4.127s] running egg_info
[4.175s] writing ../../build/hogpie_controller_sensors/hogpie_controller_sensors.egg-info/PKG-INFO
[4.176s] writing dependency_links to ../../build/hogpie_controller_sensors/hogpie_controller_sensors.egg-info/dependency_links.txt
[4.180s] writing entry points to ../../build/hogpie_controller_sensors/hogpie_controller_sensors.egg-info/entry_points.txt
[4.181s] writing requirements to ../../build/hogpie_controller_sensors/hogpie_controller_sensors.egg-info/requires.txt
[4.182s] writing top-level names to ../../build/hogpie_controller_sensors/hogpie_controller_sensors.egg-info/top_level.txt
[4.280s] reading manifest file '../../build/hogpie_controller_sensors/hogpie_controller_sensors.egg-info/SOURCES.txt'
[4.283s] writing manifest file '../../build/hogpie_controller_sensors/hogpie_controller_sensors.egg-info/SOURCES.txt'
[4.285s] running build
[4.285s] running build_py
[4.286s] running install
[4.301s] running install_lib
[4.348s] running install_data
[4.351s] running install_egg_info
[4.389s] removing '/home/groep8/rs2_ws/install/hogpie_controller_sensors/lib/python3.12/site-packages/hogpie_controller_sensors-0.0.0-py3.12.egg-info' (and everything under it)
[4.390s] Copying ../../build/hogpie_controller_sensors/hogpie_controller_sensors.egg-info to /home/groep8/rs2_ws/install/hogpie_controller_sensors/lib/python3.12/site-packages/hogpie_controller_sensors-0.0.0-py3.12.egg-info
[4.391s] running install_scripts
[4.871s] Installing IkOnly script to /home/groep8/rs2_ws/install/hogpie_controller_sensors/lib/hogpie_controller_sensors
[4.876s] Installing data_converter script to /home/groep8/rs2_ws/install/hogpie_controller_sensors/lib/hogpie_controller_sensors
[4.877s] Installing ik_test script to /home/groep8/rs2_ws/install/hogpie_controller_sensors/lib/hogpie_controller_sensors
[4.877s] Installing moveit_commander script to /home/groep8/rs2_ws/install/hogpie_controller_sensors/lib/hogpie_controller_sensors
[4.878s] Installing pose_backup script to /home/groep8/rs2_ws/install/hogpie_controller_sensors/lib/hogpie_controller_sensors
[4.879s] Installing pose_test script to /home/groep8/rs2_ws/install/hogpie_controller_sensors/lib/hogpie_controller_sensors
[4.879s] Installing tcp_arm_controller script to /home/groep8/rs2_ws/install/hogpie_controller_sensors/lib/hogpie_controller_sensors
[4.879s] Installing tcp_listener script to /home/groep8/rs2_ws/install/hogpie_controller_sensors/lib/hogpie_controller_sensors
[4.879s] Installing workspace_scan script to /home/groep8/rs2_ws/install/hogpie_controller_sensors/lib/hogpie_controller_sensors
[4.884s] writing list of installed files to '/home/groep8/rs2_ws/build/hogpie_controller_sensors/install.log'
[5.084s] Invoked command in '/home/groep8/rs2_ws/src/hogpie_controller_sensors' returned '0': DEBUGINFOD_URLS=https://debuginfod.ubuntu.com PYTHONPATH=/home/groep8/rs2_ws/build/hogpie_controller_sensors/prefix_override:/usr/lib/python3/dist-packages/colcon_core/task/python/colcon_distutils_commands:/home/groep8/rs2_ws/install/hogpie_controller_sensors/lib/python3.12/site-packages:${PYTHONPATH} /usr/bin/python3 -W ignore:setup.py install is deprecated -W ignore:easy_install command is deprecated setup.py egg_info --egg-base ../../build/hogpie_controller_sensors build --build-base /home/groep8/rs2_ws/build/hogpie_controller_sensors/build install --record /home/groep8/rs2_ws/build/hogpie_controller_sensors/install.log --single-version-externally-managed install_data
