[7.988s] Invoking command in '/home/groep8/rs2_ws/src/hogpie_controller_sensors': DEBUGINFOD_URLS=https://debuginfod.ubuntu.com PYTHONPATH=/home/groep8/rs2_ws/src/build/hogpie_controller_sensors/prefix_override:/usr/lib/python3/dist-packages/colcon_core/task/python/colcon_distutils_commands:/home/groep8/rs2_ws/src/install/hogpie_controller_sensors/lib/python3.12/site-packages:${PYTHONPATH} /usr/bin/python3 -W ignore:setup.py install is deprecated -W ignore:easy_install command is deprecated setup.py egg_info --egg-base ../build/hogpie_controller_sensors build --build-base /home/groep8/rs2_ws/src/build/hogpie_controller_sensors/build install --record /home/groep8/rs2_ws/src/build/hogpie_controller_sensors/install.log --single-version-externally-managed install_data
[10.185s] running egg_info
[10.243s] writing ../build/hogpie_controller_sensors/hogpie_controller_sensors.egg-info/PKG-INFO
[10.243s] writing dependency_links to ../build/hogpie_controller_sensors/hogpie_controller_sensors.egg-info/dependency_links.txt
[10.243s] writing entry points to ../build/hogpie_controller_sensors/hogpie_controller_sensors.egg-info/entry_points.txt
[10.244s] writing requirements to ../build/hogpie_controller_sensors/hogpie_controller_sensors.egg-info/requires.txt
[10.245s] writing top-level names to ../build/hogpie_controller_sensors/hogpie_controller_sensors.egg-info/top_level.txt
[10.421s] reading manifest file '../build/hogpie_controller_sensors/hogpie_controller_sensors.egg-info/SOURCES.txt'
[10.431s] writing manifest file '../build/hogpie_controller_sensors/hogpie_controller_sensors.egg-info/SOURCES.txt'
[10.432s] running build
[10.432s] running build_py
[10.440s] copying hogpie_controller_sensors/ik_test.py -> /home/groep8/rs2_ws/src/build/hogpie_controller_sensors/build/lib/hogpie_controller_sensors
[10.440s] copying hogpie_controller_sensors/test.py -> /home/groep8/rs2_ws/src/build/hogpie_controller_sensors/build/lib/hogpie_controller_sensors
[10.440s] copying hogpie_controller_sensors/hogpie_pose_test.py -> /home/groep8/rs2_ws/src/build/hogpie_controller_sensors/build/lib/hogpie_controller_sensors
[10.440s] copying hogpie_controller_sensors/controller_sensors_input.py -> /home/groep8/rs2_ws/src/build/hogpie_controller_sensors/build/lib/hogpie_controller_sensors
[10.443s] copying hogpie_controller_sensors/workspace_scan.py -> /home/groep8/rs2_ws/src/build/hogpie_controller_sensors/build/lib/hogpie_controller_sensors
[10.443s] copying hogpie_controller_sensors/controller_data_reform.py -> /home/groep8/rs2_ws/src/build/hogpie_controller_sensors/build/lib/hogpie_controller_sensors
[10.446s] copying hogpie_controller_sensors/moveit_pose_commander.py -> /home/groep8/rs2_ws/src/build/hogpie_controller_sensors/build/lib/hogpie_controller_sensors
[10.451s] running install
[10.519s] running install_lib
[10.671s] copying /home/groep8/rs2_ws/src/build/hogpie_controller_sensors/build/lib/hogpie_controller_sensors/ik_test.py -> /home/groep8/rs2_ws/src/install/hogpie_controller_sensors/lib/python3.12/site-packages/hogpie_controller_sensors
[10.677s] copying /home/groep8/rs2_ws/src/build/hogpie_controller_sensors/build/lib/hogpie_controller_sensors/test.py -> /home/groep8/rs2_ws/src/install/hogpie_controller_sensors/lib/python3.12/site-packages/hogpie_controller_sensors
[10.692s] copying /home/groep8/rs2_ws/src/build/hogpie_controller_sensors/build/lib/hogpie_controller_sensors/hogpie_pose_test.py -> /home/groep8/rs2_ws/src/install/hogpie_controller_sensors/lib/python3.12/site-packages/hogpie_controller_sensors
[10.692s] copying /home/groep8/rs2_ws/src/build/hogpie_controller_sensors/build/lib/hogpie_controller_sensors/controller_sensors_input.py -> /home/groep8/rs2_ws/src/install/hogpie_controller_sensors/lib/python3.12/site-packages/hogpie_controller_sensors
[10.695s] copying /home/groep8/rs2_ws/src/build/hogpie_controller_sensors/build/lib/hogpie_controller_sensors/workspace_scan.py -> /home/groep8/rs2_ws/src/install/hogpie_controller_sensors/lib/python3.12/site-packages/hogpie_controller_sensors
[10.704s] copying /home/groep8/rs2_ws/src/build/hogpie_controller_sensors/build/lib/hogpie_controller_sensors/controller_data_reform.py -> /home/groep8/rs2_ws/src/install/hogpie_controller_sensors/lib/python3.12/site-packages/hogpie_controller_sensors
[10.705s] copying /home/groep8/rs2_ws/src/build/hogpie_controller_sensors/build/lib/hogpie_controller_sensors/moveit_pose_commander.py -> /home/groep8/rs2_ws/src/install/hogpie_controller_sensors/lib/python3.12/site-packages/hogpie_controller_sensors
[10.706s] byte-compiling /home/groep8/rs2_ws/src/install/hogpie_controller_sensors/lib/python3.12/site-packages/hogpie_controller_sensors/ik_test.py to ik_test.cpython-312.pyc
[10.706s] byte-compiling /home/groep8/rs2_ws/src/install/hogpie_controller_sensors/lib/python3.12/site-packages/hogpie_controller_sensors/test.py to test.cpython-312.pyc
[10.706s] byte-compiling /home/groep8/rs2_ws/src/install/hogpie_controller_sensors/lib/python3.12/site-packages/hogpie_controller_sensors/hogpie_pose_test.py to hogpie_pose_test.cpython-312.pyc
[10.707s] byte-compiling /home/groep8/rs2_ws/src/install/hogpie_controller_sensors/lib/python3.12/site-packages/hogpie_controller_sensors/controller_sensors_input.py to controller_sensors_input.cpython-312.pyc
[10.716s] byte-compiling /home/groep8/rs2_ws/src/install/hogpie_controller_sensors/lib/python3.12/site-packages/hogpie_controller_sensors/workspace_scan.py to workspace_scan.cpython-312.pyc
[10.716s] byte-compiling /home/groep8/rs2_ws/src/install/hogpie_controller_sensors/lib/python3.12/site-packages/hogpie_controller_sensors/controller_data_reform.py to controller_data_reform.cpython-312.pyc
[10.717s] byte-compiling /home/groep8/rs2_ws/src/install/hogpie_controller_sensors/lib/python3.12/site-packages/hogpie_controller_sensors/moveit_pose_commander.py to moveit_pose_commander.cpython-312.pyc
[10.717s] running install_data
[10.717s] creating /home/groep8/rs2_ws/src/install/hogpie_controller_sensors/share/hogpie_controller_sensors/launch
[10.717s] copying launch/moveit_pose_commander.launch.py -> /home/groep8/rs2_ws/src/install/hogpie_controller_sensors/share/hogpie_controller_sensors/launch
[10.717s] running install_egg_info
[10.858s] removing '/home/groep8/rs2_ws/src/install/hogpie_controller_sensors/lib/python3.12/site-packages/hogpie_controller_sensors-0.0.0-py3.12.egg-info' (and everything under it)
[10.858s] Copying ../build/hogpie_controller_sensors/hogpie_controller_sensors.egg-info to /home/groep8/rs2_ws/src/install/hogpie_controller_sensors/lib/python3.12/site-packages/hogpie_controller_sensors-0.0.0-py3.12.egg-info
[10.874s] running install_scripts
[12.398s] Installing data_converter script to /home/groep8/rs2_ws/src/install/hogpie_controller_sensors/lib/hogpie_controller_sensors
[12.411s] Installing ik_test script to /home/groep8/rs2_ws/src/install/hogpie_controller_sensors/lib/hogpie_controller_sensors
[12.411s] Installing moveit_commander script to /home/groep8/rs2_ws/src/install/hogpie_controller_sensors/lib/hogpie_controller_sensors
[12.417s] Installing pose_test script to /home/groep8/rs2_ws/src/install/hogpie_controller_sensors/lib/hogpie_controller_sensors
[12.419s] Installing tcp_listener script to /home/groep8/rs2_ws/src/install/hogpie_controller_sensors/lib/hogpie_controller_sensors
[12.420s] Installing workspace_scan script to /home/groep8/rs2_ws/src/install/hogpie_controller_sensors/lib/hogpie_controller_sensors
[12.435s] writing list of installed files to '/home/groep8/rs2_ws/src/build/hogpie_controller_sensors/install.log'
[13.060s] Invoked command in '/home/groep8/rs2_ws/src/hogpie_controller_sensors' returned '0': DEBUGINFOD_URLS=https://debuginfod.ubuntu.com PYTHONPATH=/home/groep8/rs2_ws/src/build/hogpie_controller_sensors/prefix_override:/usr/lib/python3/dist-packages/colcon_core/task/python/colcon_distutils_commands:/home/groep8/rs2_ws/src/install/hogpie_controller_sensors/lib/python3.12/site-packages:${PYTHONPATH} /usr/bin/python3 -W ignore:setup.py install is deprecated -W ignore:easy_install command is deprecated setup.py egg_info --egg-base ../build/hogpie_controller_sensors build --build-base /home/groep8/rs2_ws/src/build/hogpie_controller_sensors/build install --record /home/groep8/rs2_ws/src/build/hogpie_controller_sensors/install.log --single-version-externally-managed install_data
