[1.488s] Invoking command in '/home/groep8/rs2_ws/src/hogpie_arm_driver': DEBUGINFOD_URLS=https://debuginfod.ubuntu.com PYTHONPATH=/home/groep8/rs2_ws/build/hogpie_arm_driver/prefix_override:/usr/lib/python3/dist-packages/colcon_core/task/python/colcon_distutils_commands:/home/groep8/rs2_ws/install/hogpie_arm_driver/lib/python3.12/site-packages:${PYTHONPATH} /usr/bin/python3 -W ignore:setup.py install is deprecated -W ignore:easy_install command is deprecated setup.py egg_info --egg-base ../../build/hogpie_arm_driver build --build-base /home/groep8/rs2_ws/build/hogpie_arm_driver/build install --record /home/groep8/rs2_ws/build/hogpie_arm_driver/install.log --single-version-externally-managed install_data
[1.898s] running egg_info
[1.926s] writing ../../build/hogpie_arm_driver/hogpie_arm_driver.egg-info/PKG-INFO
[1.927s] writing dependency_links to ../../build/hogpie_arm_driver/hogpie_arm_driver.egg-info/dependency_links.txt
[1.930s] writing entry points to ../../build/hogpie_arm_driver/hogpie_arm_driver.egg-info/entry_points.txt
[1.930s] writing requirements to ../../build/hogpie_arm_driver/hogpie_arm_driver.egg-info/requires.txt
[1.931s] writing top-level names to ../../build/hogpie_arm_driver/hogpie_arm_driver.egg-info/top_level.txt
[1.987s] reading manifest file '../../build/hogpie_arm_driver/hogpie_arm_driver.egg-info/SOURCES.txt'
[1.988s] writing manifest file '../../build/hogpie_arm_driver/hogpie_arm_driver.egg-info/SOURCES.txt'
[1.988s] running build
[1.988s] running build_py
[1.988s] copying hogpie_arm_driver/trajectory_server.py -> /home/groep8/rs2_ws/build/hogpie_arm_driver/build/lib/hogpie_arm_driver
[1.989s] copying hogpie_arm_driver/shared_state.py -> /home/groep8/rs2_ws/build/hogpie_arm_driver/build/lib/hogpie_arm_driver
[1.989s] copying hogpie_arm_driver/fake_joint_state_publisher.py -> /home/groep8/rs2_ws/build/hogpie_arm_driver/build/lib/hogpie_arm_driver
[1.989s] running install
[1.999s] running install_lib
[2.033s] copying /home/groep8/rs2_ws/build/hogpie_arm_driver/build/lib/hogpie_arm_driver/trajectory_server.py -> /home/groep8/rs2_ws/install/hogpie_arm_driver/lib/python3.12/site-packages/hogpie_arm_driver
[2.034s] copying /home/groep8/rs2_ws/build/hogpie_arm_driver/build/lib/hogpie_arm_driver/shared_state.py -> /home/groep8/rs2_ws/install/hogpie_arm_driver/lib/python3.12/site-packages/hogpie_arm_driver
[2.034s] copying /home/groep8/rs2_ws/build/hogpie_arm_driver/build/lib/hogpie_arm_driver/fake_joint_state_publisher.py -> /home/groep8/rs2_ws/install/hogpie_arm_driver/lib/python3.12/site-packages/hogpie_arm_driver
[2.035s] byte-compiling /home/groep8/rs2_ws/install/hogpie_arm_driver/lib/python3.12/site-packages/hogpie_arm_driver/trajectory_server.py to trajectory_server.cpython-312.pyc
[2.036s] byte-compiling /home/groep8/rs2_ws/install/hogpie_arm_driver/lib/python3.12/site-packages/hogpie_arm_driver/shared_state.py to shared_state.cpython-312.pyc
[2.037s] byte-compiling /home/groep8/rs2_ws/install/hogpie_arm_driver/lib/python3.12/site-packages/hogpie_arm_driver/fake_joint_state_publisher.py to fake_joint_state_publisher.cpython-312.pyc
[2.041s] running install_data
[2.041s] running install_egg_info
[2.070s] removing '/home/groep8/rs2_ws/install/hogpie_arm_driver/lib/python3.12/site-packages/hogpie_arm_driver-0.0.0-py3.12.egg-info' (and everything under it)
[2.071s] Copying ../../build/hogpie_arm_driver/hogpie_arm_driver.egg-info to /home/groep8/rs2_ws/install/hogpie_arm_driver/lib/python3.12/site-packages/hogpie_arm_driver-0.0.0-py3.12.egg-info
[2.073s] running install_scripts
[2.280s] Installing fake_joint_state_publisher script to /home/groep8/rs2_ws/install/hogpie_arm_driver/lib/hogpie_arm_driver
[2.280s] Installing trajectory_server script to /home/groep8/rs2_ws/install/hogpie_arm_driver/lib/hogpie_arm_driver
[2.283s] writing list of installed files to '/home/groep8/rs2_ws/build/hogpie_arm_driver/install.log'
[2.371s] Invoked command in '/home/groep8/rs2_ws/src/hogpie_arm_driver' returned '0': DEBUGINFOD_URLS=https://debuginfod.ubuntu.com PYTHONPATH=/home/groep8/rs2_ws/build/hogpie_arm_driver/prefix_override:/usr/lib/python3/dist-packages/colcon_core/task/python/colcon_distutils_commands:/home/groep8/rs2_ws/install/hogpie_arm_driver/lib/python3.12/site-packages:${PYTHONPATH} /usr/bin/python3 -W ignore:setup.py install is deprecated -W ignore:easy_install command is deprecated setup.py egg_info --egg-base ../../build/hogpie_arm_driver build --build-base /home/groep8/rs2_ws/build/hogpie_arm_driver/build install --record /home/groep8/rs2_ws/build/hogpie_arm_driver/install.log --single-version-externally-managed install_data
