running egg_info
creating ../build/hogpie_arm_driver/hogpie_arm_driver.egg-info
writing ../build/hogpie_arm_driver/hogpie_arm_driver.egg-info/PKG-INFO
writing dependency_links to ../build/hogpie_arm_driver/hogpie_arm_driver.egg-info/dependency_links.txt
writing entry points to ../build/hogpie_arm_driver/hogpie_arm_driver.egg-info/entry_points.txt
writing requirements to ../build/hogpie_arm_driver/hogpie_arm_driver.egg-info/requires.txt
writing top-level names to ../build/hogpie_arm_driver/hogpie_arm_driver.egg-info/top_level.txt
writing manifest file '../build/hogpie_arm_driver/hogpie_arm_driver.egg-info/SOURCES.txt'
reading manifest file '../build/hogpie_arm_driver/hogpie_arm_driver.egg-info/SOURCES.txt'
writing manifest file '../build/hogpie_arm_driver/hogpie_arm_driver.egg-info/SOURCES.txt'
running build
running build_py
creating /home/groep8/rs2_ws/src/build/hogpie_arm_driver/build
creating /home/groep8/rs2_ws/src/build/hogpie_arm_driver/build/lib
creating /home/groep8/rs2_ws/src/build/hogpie_arm_driver/build/lib/hogpie_arm_driver
copying hogpie_arm_driver/trajectory_server.py -> /home/groep8/rs2_ws/src/build/hogpie_arm_driver/build/lib/hogpie_arm_driver
copying hogpie_arm_driver/__init__.py -> /home/groep8/rs2_ws/src/build/hogpie_arm_driver/build/lib/hogpie_arm_driver
copying hogpie_arm_driver/fake_joint_state_publisher.py -> /home/groep8/rs2_ws/src/build/hogpie_arm_driver/build/lib/hogpie_arm_driver
running install
running install_lib
creating /home/groep8/rs2_ws/src/install/hogpie_arm_driver/lib/python3.12/site-packages/hogpie_arm_driver
copying /home/groep8/rs2_ws/src/build/hogpie_arm_driver/build/lib/hogpie_arm_driver/trajectory_server.py -> /home/groep8/rs2_ws/src/install/hogpie_arm_driver/lib/python3.12/site-packages/hogpie_arm_driver
copying /home/groep8/rs2_ws/src/build/hogpie_arm_driver/build/lib/hogpie_arm_driver/__init__.py -> /home/groep8/rs2_ws/src/install/hogpie_arm_driver/lib/python3.12/site-packages/hogpie_arm_driver
copying /home/groep8/rs2_ws/src/build/hogpie_arm_driver/build/lib/hogpie_arm_driver/fake_joint_state_publisher.py -> /home/groep8/rs2_ws/src/install/hogpie_arm_driver/lib/python3.12/site-packages/hogpie_arm_driver
byte-compiling /home/groep8/rs2_ws/src/install/hogpie_arm_driver/lib/python3.12/site-packages/hogpie_arm_driver/trajectory_server.py to trajectory_server.cpython-312.pyc
byte-compiling /home/groep8/rs2_ws/src/install/hogpie_arm_driver/lib/python3.12/site-packages/hogpie_arm_driver/__init__.py to __init__.cpython-312.pyc
byte-compiling /home/groep8/rs2_ws/src/install/hogpie_arm_driver/lib/python3.12/site-packages/hogpie_arm_driver/fake_joint_state_publisher.py to fake_joint_state_publisher.cpython-312.pyc
running install_data
creating /home/groep8/rs2_ws/src/install/hogpie_arm_driver/share/ament_index
creating /home/groep8/rs2_ws/src/install/hogpie_arm_driver/share/ament_index/resource_index
creating /home/groep8/rs2_ws/src/install/hogpie_arm_driver/share/ament_index/resource_index/packages
copying resource/hogpie_arm_driver -> /home/groep8/rs2_ws/src/install/hogpie_arm_driver/share/ament_index/resource_index/packages
copying package.xml -> /home/groep8/rs2_ws/src/install/hogpie_arm_driver/share/hogpie_arm_driver
running install_egg_info
Copying ../build/hogpie_arm_driver/hogpie_arm_driver.egg-info to /home/groep8/rs2_ws/src/install/hogpie_arm_driver/lib/python3.12/site-packages/hogpie_arm_driver-0.0.0-py3.12.egg-info
running install_scripts
Installing fake_joint_state_publisher script to /home/groep8/rs2_ws/src/install/hogpie_arm_driver/lib/hogpie_arm_driver
Installing trajectory_server script to /home/groep8/rs2_ws/src/install/hogpie_arm_driver/lib/hogpie_arm_driver
writing list of installed files to '/home/groep8/rs2_ws/src/build/hogpie_arm_driver/install.log'
