[0.192s] DEBUG:colcon:Command line arguments: ['/usr/bin/colcon', 'build']
[0.193s] DEBUG:colcon:Parsed command line arguments: Namespace(log_base=None, log_level=None, verb_name='build', build_base='build', install_base='install', merge_install=False, symlink_install=False, test_result_base=None, continue_on_error=False, executor='parallel', parallel_workers=4, event_handlers=None, ignore_user_meta=False, metas=['./colcon.meta'], base_paths=['.'], packages_ignore=None, packages_ignore_regex=None, paths=None, packages_up_to=None, packages_up_to_regex=None, packages_above=None, packages_above_and_dependencies=None, packages_above_depth=None, packages_select_by_dep=None, packages_skip_by_dep=None, packages_skip_up_to=None, packages_select_build_failed=False, packages_skip_build_finished=False, packages_select_test_failures=False, packages_skip_test_passed=False, packages_select=None, packages_skip=None, packages_select_regex=None, packages_skip_regex=None, packages_start=None, packages_end=None, allow_overriding=[], cmake_args=None, cmake_target=None, cmake_target_skip_unavailable=False, cmake_clean_cache=False, cmake_clean_first=False, cmake_force_configure=False, ament_cmake_args=None, catkin_cmake_args=None, catkin_skip_building_tests=False, mixin_files=None, mixin=None, verb_parser=<colcon_mixin.mixin.mixin_argument.MixinArgumentDecorator object at 0xffff87a0d1f0>, verb_extension=<colcon_core.verb.build.BuildVerb object at 0xffff87bd5a30>, main=<bound method BuildVerb.main of <colcon_core.verb.build.BuildVerb object at 0xffff87bd5a30>>, mixin_verb=('build',))
[0.262s] Level 1:colcon.colcon_core.package_discovery:discover_packages(colcon_meta) check parameters
[0.262s] Level 1:colcon.colcon_core.package_discovery:discover_packages(recursive) check parameters
[0.262s] Level 1:colcon.colcon_core.package_discovery:discover_packages(ignore) check parameters
[0.262s] Level 1:colcon.colcon_core.package_discovery:discover_packages(path) check parameters
[0.262s] Level 1:colcon.colcon_core.package_discovery:discover_packages(colcon_meta) discover
[0.262s] Level 1:colcon.colcon_core.package_discovery:discover_packages(recursive) discover
[0.262s] INFO:colcon.colcon_core.package_discovery:Crawling recursively for packages in '/home/groep8/rs2_ws'
[0.262s] Level 1:colcon.colcon_core.package_identification:_identify(.) by extensions ['ignore', 'ignore_ament_install']
[0.262s] Level 1:colcon.colcon_core.package_identification:_identify(.) by extension 'ignore'
[0.262s] Level 1:colcon.colcon_core.package_identification:_identify(.) by extension 'ignore_ament_install'
[0.263s] Level 1:colcon.colcon_core.package_identification:_identify(.) by extensions ['colcon_pkg']
[0.263s] Level 1:colcon.colcon_core.package_identification:_identify(.) by extension 'colcon_pkg'
[0.263s] Level 1:colcon.colcon_core.package_identification:_identify(.) by extensions ['colcon_meta']
[0.263s] Level 1:colcon.colcon_core.package_identification:_identify(.) by extension 'colcon_meta'
[0.263s] Level 1:colcon.colcon_core.package_identification:_identify(.) by extensions ['ros']
[0.263s] Level 1:colcon.colcon_core.package_identification:_identify(.) by extension 'ros'
[0.308s] Level 1:colcon.colcon_core.package_identification:_identify(.) by extensions ['cmake', 'python']
[0.308s] Level 1:colcon.colcon_core.package_identification:_identify(.) by extension 'cmake'
[0.308s] Level 1:colcon.colcon_core.package_identification:_identify(.) by extension 'python'
[0.308s] Level 1:colcon.colcon_core.package_identification:_identify(.) by extensions ['python_setup_py']
[0.308s] Level 1:colcon.colcon_core.package_identification:_identify(.) by extension 'python_setup_py'
[0.309s] Level 1:colcon.colcon_core.package_identification:_identify(build) by extensions ['ignore', 'ignore_ament_install']
[0.309s] Level 1:colcon.colcon_core.package_identification:_identify(build) by extension 'ignore'
[0.309s] Level 1:colcon.colcon_core.package_identification:_identify(build) ignored
[0.309s] Level 1:colcon.colcon_core.package_identification:_identify(install) by extensions ['ignore', 'ignore_ament_install']
[0.310s] Level 1:colcon.colcon_core.package_identification:_identify(install) by extension 'ignore'
[0.310s] Level 1:colcon.colcon_core.package_identification:_identify(install) ignored
[0.310s] Level 1:colcon.colcon_core.package_identification:_identify(log) by extensions ['ignore', 'ignore_ament_install']
[0.310s] Level 1:colcon.colcon_core.package_identification:_identify(log) by extension 'ignore'
[0.310s] Level 1:colcon.colcon_core.package_identification:_identify(log) ignored
[0.310s] Level 1:colcon.colcon_core.package_identification:_identify(src) by extensions ['ignore', 'ignore_ament_install']
[0.310s] Level 1:colcon.colcon_core.package_identification:_identify(src) by extension 'ignore'
[0.310s] Level 1:colcon.colcon_core.package_identification:_identify(src) by extension 'ignore_ament_install'
[0.311s] Level 1:colcon.colcon_core.package_identification:_identify(src) by extensions ['colcon_pkg']
[0.311s] Level 1:colcon.colcon_core.package_identification:_identify(src) by extension 'colcon_pkg'
[0.311s] Level 1:colcon.colcon_core.package_identification:_identify(src) by extensions ['colcon_meta']
[0.311s] Level 1:colcon.colcon_core.package_identification:_identify(src) by extension 'colcon_meta'
[0.311s] Level 1:colcon.colcon_core.package_identification:_identify(src) by extensions ['ros']
[0.311s] Level 1:colcon.colcon_core.package_identification:_identify(src) by extension 'ros'
[0.311s] Level 1:colcon.colcon_core.package_identification:_identify(src) by extensions ['cmake', 'python']
[0.311s] Level 1:colcon.colcon_core.package_identification:_identify(src) by extension 'cmake'
[0.311s] Level 1:colcon.colcon_core.package_identification:_identify(src) by extension 'python'
[0.311s] Level 1:colcon.colcon_core.package_identification:_identify(src) by extensions ['python_setup_py']
[0.311s] Level 1:colcon.colcon_core.package_identification:_identify(src) by extension 'python_setup_py'
[0.311s] Level 1:colcon.colcon_core.package_identification:_identify(src/aardbeien_detectie) by extensions ['ignore', 'ignore_ament_install']
[0.311s] Level 1:colcon.colcon_core.package_identification:_identify(src/aardbeien_detectie) by extension 'ignore'
[0.311s] Level 1:colcon.colcon_core.package_identification:_identify(src/aardbeien_detectie) by extension 'ignore_ament_install'
[0.311s] Level 1:colcon.colcon_core.package_identification:_identify(src/aardbeien_detectie) by extensions ['colcon_pkg']
[0.311s] Level 1:colcon.colcon_core.package_identification:_identify(src/aardbeien_detectie) by extension 'colcon_pkg'
[0.311s] Level 1:colcon.colcon_core.package_identification:_identify(src/aardbeien_detectie) by extensions ['colcon_meta']
[0.311s] Level 1:colcon.colcon_core.package_identification:_identify(src/aardbeien_detectie) by extension 'colcon_meta'
[0.312s] Level 1:colcon.colcon_core.package_identification:_identify(src/aardbeien_detectie) by extensions ['ros']
[0.312s] Level 1:colcon.colcon_core.package_identification:_identify(src/aardbeien_detectie) by extension 'ros'
[0.318s] DEBUG:colcon.colcon_core.package_identification:Package 'src/aardbeien_detectie' with type 'ros.ament_python' and name 'aardbeien_detectie'
[0.319s] Level 1:colcon.colcon_core.package_identification:_identify(src/build) by extensions ['ignore', 'ignore_ament_install']
[0.319s] Level 1:colcon.colcon_core.package_identification:_identify(src/build) by extension 'ignore'
[0.319s] Level 1:colcon.colcon_core.package_identification:_identify(src/build) ignored
[0.319s] Level 1:colcon.colcon_core.package_identification:_identify(src/hogpie_arm_description) by extensions ['ignore', 'ignore_ament_install']
[0.319s] Level 1:colcon.colcon_core.package_identification:_identify(src/hogpie_arm_description) by extension 'ignore'
[0.319s] Level 1:colcon.colcon_core.package_identification:_identify(src/hogpie_arm_description) by extension 'ignore_ament_install'
[0.319s] Level 1:colcon.colcon_core.package_identification:_identify(src/hogpie_arm_description) by extensions ['colcon_pkg']
[0.319s] Level 1:colcon.colcon_core.package_identification:_identify(src/hogpie_arm_description) by extension 'colcon_pkg'
[0.319s] Level 1:colcon.colcon_core.package_identification:_identify(src/hogpie_arm_description) by extensions ['colcon_meta']
[0.319s] Level 1:colcon.colcon_core.package_identification:_identify(src/hogpie_arm_description) by extension 'colcon_meta'
[0.319s] Level 1:colcon.colcon_core.package_identification:_identify(src/hogpie_arm_description) by extensions ['ros']
[0.319s] Level 1:colcon.colcon_core.package_identification:_identify(src/hogpie_arm_description) by extension 'ros'
[0.320s] DEBUG:colcon.colcon_core.package_identification:Package 'src/hogpie_arm_description' with type 'ros.ament_python' and name 'hogpie_arm_description'
[0.320s] Level 1:colcon.colcon_core.package_identification:_identify(src/hogpie_arm_driver) by extensions ['ignore', 'ignore_ament_install']
[0.320s] Level 1:colcon.colcon_core.package_identification:_identify(src/hogpie_arm_driver) by extension 'ignore'
[0.320s] Level 1:colcon.colcon_core.package_identification:_identify(src/hogpie_arm_driver) by extension 'ignore_ament_install'
[0.321s] Level 1:colcon.colcon_core.package_identification:_identify(src/hogpie_arm_driver) by extensions ['colcon_pkg']
[0.321s] Level 1:colcon.colcon_core.package_identification:_identify(src/hogpie_arm_driver) by extension 'colcon_pkg'
[0.321s] Level 1:colcon.colcon_core.package_identification:_identify(src/hogpie_arm_driver) by extensions ['colcon_meta']
[0.321s] Level 1:colcon.colcon_core.package_identification:_identify(src/hogpie_arm_driver) by extension 'colcon_meta'
[0.321s] Level 1:colcon.colcon_core.package_identification:_identify(src/hogpie_arm_driver) by extensions ['ros']
[0.321s] Level 1:colcon.colcon_core.package_identification:_identify(src/hogpie_arm_driver) by extension 'ros'
[0.322s] DEBUG:colcon.colcon_core.package_identification:Package 'src/hogpie_arm_driver' with type 'ros.ament_python' and name 'hogpie_arm_driver'
[0.322s] Level 1:colcon.colcon_core.package_identification:_identify(src/hogpie_arm_moveit_config) by extensions ['ignore', 'ignore_ament_install']
[0.322s] Level 1:colcon.colcon_core.package_identification:_identify(src/hogpie_arm_moveit_config) by extension 'ignore'
[0.322s] Level 1:colcon.colcon_core.package_identification:_identify(src/hogpie_arm_moveit_config) by extension 'ignore_ament_install'
[0.322s] Level 1:colcon.colcon_core.package_identification:_identify(src/hogpie_arm_moveit_config) by extensions ['colcon_pkg']
[0.322s] Level 1:colcon.colcon_core.package_identification:_identify(src/hogpie_arm_moveit_config) by extension 'colcon_pkg'
[0.322s] Level 1:colcon.colcon_core.package_identification:_identify(src/hogpie_arm_moveit_config) by extensions ['colcon_meta']
[0.322s] Level 1:colcon.colcon_core.package_identification:_identify(src/hogpie_arm_moveit_config) by extension 'colcon_meta'
[0.322s] Level 1:colcon.colcon_core.package_identification:_identify(src/hogpie_arm_moveit_config) by extensions ['ros']
[0.322s] Level 1:colcon.colcon_core.package_identification:_identify(src/hogpie_arm_moveit_config) by extension 'ros'
[0.323s] DEBUG:colcon.colcon_core.package_identification:Package 'src/hogpie_arm_moveit_config' with type 'ros.ament_cmake' and name 'hogpie_arm_moveit_config'
[0.323s] Level 1:colcon.colcon_core.package_identification:_identify(src/hogpie_controller_sensors) by extensions ['ignore', 'ignore_ament_install']
[0.323s] Level 1:colcon.colcon_core.package_identification:_identify(src/hogpie_controller_sensors) by extension 'ignore'
[0.324s] Level 1:colcon.colcon_core.package_identification:_identify(src/hogpie_controller_sensors) by extension 'ignore_ament_install'
[0.324s] Level 1:colcon.colcon_core.package_identification:_identify(src/hogpie_controller_sensors) by extensions ['colcon_pkg']
[0.324s] Level 1:colcon.colcon_core.package_identification:_identify(src/hogpie_controller_sensors) by extension 'colcon_pkg'
[0.324s] Level 1:colcon.colcon_core.package_identification:_identify(src/hogpie_controller_sensors) by extensions ['colcon_meta']
[0.324s] Level 1:colcon.colcon_core.package_identification:_identify(src/hogpie_controller_sensors) by extension 'colcon_meta'
[0.324s] Level 1:colcon.colcon_core.package_identification:_identify(src/hogpie_controller_sensors) by extensions ['ros']
[0.324s] Level 1:colcon.colcon_core.package_identification:_identify(src/hogpie_controller_sensors) by extension 'ros'
[0.324s] DEBUG:colcon.colcon_core.package_identification:Package 'src/hogpie_controller_sensors' with type 'ros.ament_python' and name 'hogpie_controller_sensors'
[0.324s] Level 1:colcon.colcon_core.package_identification:_identify(src/hogpie_servo_control) by extensions ['ignore', 'ignore_ament_install']
[0.324s] Level 1:colcon.colcon_core.package_identification:_identify(src/hogpie_servo_control) by extension 'ignore'
[0.325s] Level 1:colcon.colcon_core.package_identification:_identify(src/hogpie_servo_control) by extension 'ignore_ament_install'
[0.325s] Level 1:colcon.colcon_core.package_identification:_identify(src/hogpie_servo_control) by extensions ['colcon_pkg']
[0.325s] Level 1:colcon.colcon_core.package_identification:_identify(src/hogpie_servo_control) by extension 'colcon_pkg'
[0.325s] Level 1:colcon.colcon_core.package_identification:_identify(src/hogpie_servo_control) by extensions ['colcon_meta']
[0.325s] Level 1:colcon.colcon_core.package_identification:_identify(src/hogpie_servo_control) by extension 'colcon_meta'
[0.325s] Level 1:colcon.colcon_core.package_identification:_identify(src/hogpie_servo_control) by extensions ['ros']
[0.325s] Level 1:colcon.colcon_core.package_identification:_identify(src/hogpie_servo_control) by extension 'ros'
[0.325s] DEBUG:colcon.colcon_core.package_identification:Package 'src/hogpie_servo_control' with type 'ros.ament_python' and name 'hogpie_servo_control'
[0.325s] Level 1:colcon.colcon_core.package_identification:_identify(src/install) by extensions ['ignore', 'ignore_ament_install']
[0.326s] Level 1:colcon.colcon_core.package_identification:_identify(src/install) by extension 'ignore'
[0.326s] Level 1:colcon.colcon_core.package_identification:_identify(src/install) ignored
[0.326s] Level 1:colcon.colcon_core.package_identification:_identify(src/log) by extensions ['ignore', 'ignore_ament_install']
[0.326s] Level 1:colcon.colcon_core.package_identification:_identify(src/log) by extension 'ignore'
[0.326s] Level 1:colcon.colcon_core.package_identification:_identify(src/log) ignored
[0.326s] Level 1:colcon.colcon_core.package_identification:_identify(src/my_robot_description) by extensions ['ignore', 'ignore_ament_install']
[0.326s] Level 1:colcon.colcon_core.package_identification:_identify(src/my_robot_description) by extension 'ignore'
[0.326s] Level 1:colcon.colcon_core.package_identification:_identify(src/my_robot_description) by extension 'ignore_ament_install'
[0.326s] Level 1:colcon.colcon_core.package_identification:_identify(src/my_robot_description) by extensions ['colcon_pkg']
[0.326s] Level 1:colcon.colcon_core.package_identification:_identify(src/my_robot_description) by extension 'colcon_pkg'
[0.326s] Level 1:colcon.colcon_core.package_identification:_identify(src/my_robot_description) by extensions ['colcon_meta']
[0.326s] Level 1:colcon.colcon_core.package_identification:_identify(src/my_robot_description) by extension 'colcon_meta'
[0.326s] Level 1:colcon.colcon_core.package_identification:_identify(src/my_robot_description) by extensions ['ros']
[0.326s] Level 1:colcon.colcon_core.package_identification:_identify(src/my_robot_description) by extension 'ros'
[0.327s] DEBUG:colcon.colcon_core.package_identification:Package 'src/my_robot_description' with type 'ros.ament_cmake' and name 'my_robot_description'
[0.327s] Level 1:colcon.colcon_core.package_identification:_identify(src/planar_arm_moveit_config) by extensions ['ignore', 'ignore_ament_install']
[0.327s] Level 1:colcon.colcon_core.package_identification:_identify(src/planar_arm_moveit_config) by extension 'ignore'
[0.327s] Level 1:colcon.colcon_core.package_identification:_identify(src/planar_arm_moveit_config) by extension 'ignore_ament_install'
[0.327s] Level 1:colcon.colcon_core.package_identification:_identify(src/planar_arm_moveit_config) by extensions ['colcon_pkg']
[0.327s] Level 1:colcon.colcon_core.package_identification:_identify(src/planar_arm_moveit_config) by extension 'colcon_pkg'
[0.327s] Level 1:colcon.colcon_core.package_identification:_identify(src/planar_arm_moveit_config) by extensions ['colcon_meta']
[0.327s] Level 1:colcon.colcon_core.package_identification:_identify(src/planar_arm_moveit_config) by extension 'colcon_meta'
[0.327s] Level 1:colcon.colcon_core.package_identification:_identify(src/planar_arm_moveit_config) by extensions ['ros']
[0.327s] Level 1:colcon.colcon_core.package_identification:_identify(src/planar_arm_moveit_config) by extension 'ros'
[0.328s] DEBUG:colcon.colcon_core.package_identification:Package 'src/planar_arm_moveit_config' with type 'ros.ament_cmake' and name 'planar_arm_moveit_config'
[0.328s] Level 1:colcon.colcon_core.package_discovery:discover_packages(recursive) using defaults
[0.329s] Level 1:colcon.colcon_core.package_discovery:discover_packages(ignore) discover
[0.329s] Level 1:colcon.colcon_core.package_discovery:discover_packages(ignore) using defaults
[0.329s] Level 1:colcon.colcon_core.package_discovery:discover_packages(path) discover
[0.329s] Level 1:colcon.colcon_core.package_discovery:discover_packages(path) using defaults
[0.363s] Level 1:colcon.colcon_core.package_discovery:discover_packages(prefix_path) check parameters
[0.363s] Level 1:colcon.colcon_core.package_discovery:discover_packages(prefix_path) discover
[0.366s] DEBUG:colcon.colcon_installed_package_information.package_discovery:Found 9 installed packages in /home/groep8/rs2_ws/install
[0.367s] DEBUG:colcon.colcon_installed_package_information.package_discovery:Found 3 installed packages in /home/groep8/dxl_ws/install
[0.369s] DEBUG:colcon.colcon_installed_package_information.package_discovery:Found 388 installed packages in /opt/ros/jazzy
[0.371s] Level 1:colcon.colcon_core.package_discovery:discover_packages(prefix_path) using defaults
[0.458s] Level 5:colcon.colcon_core.verb:set package 'aardbeien_detectie' build argument 'cmake_args' from command line to 'None'
[0.458s] Level 5:colcon.colcon_core.verb:set package 'aardbeien_detectie' build argument 'cmake_target' from command line to 'None'
[0.458s] Level 5:colcon.colcon_core.verb:set package 'aardbeien_detectie' build argument 'cmake_target_skip_unavailable' from command line to 'False'
[0.458s] Level 5:colcon.colcon_core.verb:set package 'aardbeien_detectie' build argument 'cmake_clean_cache' from command line to 'False'
[0.458s] Level 5:colcon.colcon_core.verb:set package 'aardbeien_detectie' build argument 'cmake_clean_first' from command line to 'False'
[0.458s] Level 5:colcon.colcon_core.verb:set package 'aardbeien_detectie' build argument 'cmake_force_configure' from command line to 'False'
[0.458s] Level 5:colcon.colcon_core.verb:set package 'aardbeien_detectie' build argument 'ament_cmake_args' from command line to 'None'
[0.458s] Level 5:colcon.colcon_core.verb:set package 'aardbeien_detectie' build argument 'catkin_cmake_args' from command line to 'None'
[0.458s] Level 5:colcon.colcon_core.verb:set package 'aardbeien_detectie' build argument 'catkin_skip_building_tests' from command line to 'False'
[0.458s] DEBUG:colcon.colcon_core.verb:Building package 'aardbeien_detectie' with the following arguments: {'ament_cmake_args': None, 'build_base': '/home/groep8/rs2_ws/build/aardbeien_detectie', 'catkin_cmake_args': None, 'catkin_skip_building_tests': False, 'cmake_args': None, 'cmake_clean_cache': False, 'cmake_clean_first': False, 'cmake_force_configure': False, 'cmake_target': None, 'cmake_target_skip_unavailable': False, 'install_base': '/home/groep8/rs2_ws/install/aardbeien_detectie', 'merge_install': False, 'path': '/home/groep8/rs2_ws/src/aardbeien_detectie', 'symlink_install': False, 'test_result_base': None}
[0.459s] Level 5:colcon.colcon_core.verb:set package 'hogpie_arm_description' build argument 'cmake_args' from command line to 'None'
[0.459s] Level 5:colcon.colcon_core.verb:set package 'hogpie_arm_description' build argument 'cmake_target' from command line to 'None'
[0.459s] Level 5:colcon.colcon_core.verb:set package 'hogpie_arm_description' build argument 'cmake_target_skip_unavailable' from command line to 'False'
[0.459s] Level 5:colcon.colcon_core.verb:set package 'hogpie_arm_description' build argument 'cmake_clean_cache' from command line to 'False'
[0.459s] Level 5:colcon.colcon_core.verb:set package 'hogpie_arm_description' build argument 'cmake_clean_first' from command line to 'False'
[0.459s] Level 5:colcon.colcon_core.verb:set package 'hogpie_arm_description' build argument 'cmake_force_configure' from command line to 'False'
[0.459s] Level 5:colcon.colcon_core.verb:set package 'hogpie_arm_description' build argument 'ament_cmake_args' from command line to 'None'
[0.459s] Level 5:colcon.colcon_core.verb:set package 'hogpie_arm_description' build argument 'catkin_cmake_args' from command line to 'None'
[0.459s] Level 5:colcon.colcon_core.verb:set package 'hogpie_arm_description' build argument 'catkin_skip_building_tests' from command line to 'False'
[0.459s] DEBUG:colcon.colcon_core.verb:Building package 'hogpie_arm_description' with the following arguments: {'ament_cmake_args': None, 'build_base': '/home/groep8/rs2_ws/build/hogpie_arm_description', 'catkin_cmake_args': None, 'catkin_skip_building_tests': False, 'cmake_args': None, 'cmake_clean_cache': False, 'cmake_clean_first': False, 'cmake_force_configure': False, 'cmake_target': None, 'cmake_target_skip_unavailable': False, 'install_base': '/home/groep8/rs2_ws/install/hogpie_arm_description', 'merge_install': False, 'path': '/home/groep8/rs2_ws/src/hogpie_arm_description', 'symlink_install': False, 'test_result_base': None}
[0.460s] Level 5:colcon.colcon_core.verb:set package 'hogpie_arm_driver' build argument 'cmake_args' from command line to 'None'
[0.460s] Level 5:colcon.colcon_core.verb:set package 'hogpie_arm_driver' build argument 'cmake_target' from command line to 'None'
[0.460s] Level 5:colcon.colcon_core.verb:set package 'hogpie_arm_driver' build argument 'cmake_target_skip_unavailable' from command line to 'False'
[0.460s] Level 5:colcon.colcon_core.verb:set package 'hogpie_arm_driver' build argument 'cmake_clean_cache' from command line to 'False'
[0.460s] Level 5:colcon.colcon_core.verb:set package 'hogpie_arm_driver' build argument 'cmake_clean_first' from command line to 'False'
[0.460s] Level 5:colcon.colcon_core.verb:set package 'hogpie_arm_driver' build argument 'cmake_force_configure' from command line to 'False'
[0.460s] Level 5:colcon.colcon_core.verb:set package 'hogpie_arm_driver' build argument 'ament_cmake_args' from command line to 'None'
[0.460s] Level 5:colcon.colcon_core.verb:set package 'hogpie_arm_driver' build argument 'catkin_cmake_args' from command line to 'None'
[0.460s] Level 5:colcon.colcon_core.verb:set package 'hogpie_arm_driver' build argument 'catkin_skip_building_tests' from command line to 'False'
[0.460s] DEBUG:colcon.colcon_core.verb:Building package 'hogpie_arm_driver' with the following arguments: {'ament_cmake_args': None, 'build_base': '/home/groep8/rs2_ws/build/hogpie_arm_driver', 'catkin_cmake_args': None, 'catkin_skip_building_tests': False, 'cmake_args': None, 'cmake_clean_cache': False, 'cmake_clean_first': False, 'cmake_force_configure': False, 'cmake_target': None, 'cmake_target_skip_unavailable': False, 'install_base': '/home/groep8/rs2_ws/install/hogpie_arm_driver', 'merge_install': False, 'path': '/home/groep8/rs2_ws/src/hogpie_arm_driver', 'symlink_install': False, 'test_result_base': None}
[0.460s] Level 5:colcon.colcon_core.verb:set package 'hogpie_controller_sensors' build argument 'cmake_args' from command line to 'None'
[0.460s] Level 5:colcon.colcon_core.verb:set package 'hogpie_controller_sensors' build argument 'cmake_target' from command line to 'None'
[0.460s] Level 5:colcon.colcon_core.verb:set package 'hogpie_controller_sensors' build argument 'cmake_target_skip_unavailable' from command line to 'False'
[0.460s] Level 5:colcon.colcon_core.verb:set package 'hogpie_controller_sensors' build argument 'cmake_clean_cache' from command line to 'False'
[0.460s] Level 5:colcon.colcon_core.verb:set package 'hogpie_controller_sensors' build argument 'cmake_clean_first' from command line to 'False'
[0.460s] Level 5:colcon.colcon_core.verb:set package 'hogpie_controller_sensors' build argument 'cmake_force_configure' from command line to 'False'
[0.461s] Level 5:colcon.colcon_core.verb:set package 'hogpie_controller_sensors' build argument 'ament_cmake_args' from command line to 'None'
[0.461s] Level 5:colcon.colcon_core.verb:set package 'hogpie_controller_sensors' build argument 'catkin_cmake_args' from command line to 'None'
[0.461s] Level 5:colcon.colcon_core.verb:set package 'hogpie_controller_sensors' build argument 'catkin_skip_building_tests' from command line to 'False'
[0.461s] DEBUG:colcon.colcon_core.verb:Building package 'hogpie_controller_sensors' with the following arguments: {'ament_cmake_args': None, 'build_base': '/home/groep8/rs2_ws/build/hogpie_controller_sensors', 'catkin_cmake_args': None, 'catkin_skip_building_tests': False, 'cmake_args': None, 'cmake_clean_cache': False, 'cmake_clean_first': False, 'cmake_force_configure': False, 'cmake_target': None, 'cmake_target_skip_unavailable': False, 'install_base': '/home/groep8/rs2_ws/install/hogpie_controller_sensors', 'merge_install': False, 'path': '/home/groep8/rs2_ws/src/hogpie_controller_sensors', 'symlink_install': False, 'test_result_base': None}
[0.461s] Level 5:colcon.colcon_core.verb:set package 'hogpie_servo_control' build argument 'cmake_args' from command line to 'None'
[0.461s] Level 5:colcon.colcon_core.verb:set package 'hogpie_servo_control' build argument 'cmake_target' from command line to 'None'
[0.461s] Level 5:colcon.colcon_core.verb:set package 'hogpie_servo_control' build argument 'cmake_target_skip_unavailable' from command line to 'False'
[0.461s] Level 5:colcon.colcon_core.verb:set package 'hogpie_servo_control' build argument 'cmake_clean_cache' from command line to 'False'
[0.461s] Level 5:colcon.colcon_core.verb:set package 'hogpie_servo_control' build argument 'cmake_clean_first' from command line to 'False'
[0.461s] Level 5:colcon.colcon_core.verb:set package 'hogpie_servo_control' build argument 'cmake_force_configure' from command line to 'False'
[0.461s] Level 5:colcon.colcon_core.verb:set package 'hogpie_servo_control' build argument 'ament_cmake_args' from command line to 'None'
[0.461s] Level 5:colcon.colcon_core.verb:set package 'hogpie_servo_control' build argument 'catkin_cmake_args' from command line to 'None'
[0.461s] Level 5:colcon.colcon_core.verb:set package 'hogpie_servo_control' build argument 'catkin_skip_building_tests' from command line to 'False'
[0.461s] DEBUG:colcon.colcon_core.verb:Building package 'hogpie_servo_control' with the following arguments: {'ament_cmake_args': None, 'build_base': '/home/groep8/rs2_ws/build/hogpie_servo_control', 'catkin_cmake_args': None, 'catkin_skip_building_tests': False, 'cmake_args': None, 'cmake_clean_cache': False, 'cmake_clean_first': False, 'cmake_force_configure': False, 'cmake_target': None, 'cmake_target_skip_unavailable': False, 'install_base': '/home/groep8/rs2_ws/install/hogpie_servo_control', 'merge_install': False, 'path': '/home/groep8/rs2_ws/src/hogpie_servo_control', 'symlink_install': False, 'test_result_base': None}
[0.461s] Level 5:colcon.colcon_core.verb:set package 'my_robot_description' build argument 'cmake_args' from command line to 'None'
[0.462s] Level 5:colcon.colcon_core.verb:set package 'my_robot_description' build argument 'cmake_target' from command line to 'None'
[0.462s] Level 5:colcon.colcon_core.verb:set package 'my_robot_description' build argument 'cmake_target_skip_unavailable' from command line to 'False'
[0.462s] Level 5:colcon.colcon_core.verb:set package 'my_robot_description' build argument 'cmake_clean_cache' from command line to 'False'
[0.462s] Level 5:colcon.colcon_core.verb:set package 'my_robot_description' build argument 'cmake_clean_first' from command line to 'False'
[0.462s] Level 5:colcon.colcon_core.verb:set package 'my_robot_description' build argument 'cmake_force_configure' from command line to 'False'
[0.462s] Level 5:colcon.colcon_core.verb:set package 'my_robot_description' build argument 'ament_cmake_args' from command line to 'None'
[0.462s] Level 5:colcon.colcon_core.verb:set package 'my_robot_description' build argument 'catkin_cmake_args' from command line to 'None'
[0.462s] Level 5:colcon.colcon_core.verb:set package 'my_robot_description' build argument 'catkin_skip_building_tests' from command line to 'False'
[0.462s] DEBUG:colcon.colcon_core.verb:Building package 'my_robot_description' with the following arguments: {'ament_cmake_args': None, 'build_base': '/home/groep8/rs2_ws/build/my_robot_description', 'catkin_cmake_args': None, 'catkin_skip_building_tests': False, 'cmake_args': None, 'cmake_clean_cache': False, 'cmake_clean_first': False, 'cmake_force_configure': False, 'cmake_target': None, 'cmake_target_skip_unavailable': False, 'install_base': '/home/groep8/rs2_ws/install/my_robot_description', 'merge_install': False, 'path': '/home/groep8/rs2_ws/src/my_robot_description', 'symlink_install': False, 'test_result_base': None}
[0.462s] Level 5:colcon.colcon_core.verb:set package 'hogpie_arm_moveit_config' build argument 'cmake_args' from command line to 'None'
[0.462s] Level 5:colcon.colcon_core.verb:set package 'hogpie_arm_moveit_config' build argument 'cmake_target' from command line to 'None'
[0.462s] Level 5:colcon.colcon_core.verb:set package 'hogpie_arm_moveit_config' build argument 'cmake_target_skip_unavailable' from command line to 'False'
[0.462s] Level 5:colcon.colcon_core.verb:set package 'hogpie_arm_moveit_config' build argument 'cmake_clean_cache' from command line to 'False'
[0.462s] Level 5:colcon.colcon_core.verb:set package 'hogpie_arm_moveit_config' build argument 'cmake_clean_first' from command line to 'False'
[0.462s] Level 5:colcon.colcon_core.verb:set package 'hogpie_arm_moveit_config' build argument 'cmake_force_configure' from command line to 'False'
[0.462s] Level 5:colcon.colcon_core.verb:set package 'hogpie_arm_moveit_config' build argument 'ament_cmake_args' from command line to 'None'
[0.462s] Level 5:colcon.colcon_core.verb:set package 'hogpie_arm_moveit_config' build argument 'catkin_cmake_args' from command line to 'None'
[0.462s] Level 5:colcon.colcon_core.verb:set package 'hogpie_arm_moveit_config' build argument 'catkin_skip_building_tests' from command line to 'False'
[0.462s] DEBUG:colcon.colcon_core.verb:Building package 'hogpie_arm_moveit_config' with the following arguments: {'ament_cmake_args': None, 'build_base': '/home/groep8/rs2_ws/build/hogpie_arm_moveit_config', 'catkin_cmake_args': None, 'catkin_skip_building_tests': False, 'cmake_args': None, 'cmake_clean_cache': False, 'cmake_clean_first': False, 'cmake_force_configure': False, 'cmake_target': None, 'cmake_target_skip_unavailable': False, 'install_base': '/home/groep8/rs2_ws/install/hogpie_arm_moveit_config', 'merge_install': False, 'path': '/home/groep8/rs2_ws/src/hogpie_arm_moveit_config', 'symlink_install': False, 'test_result_base': None}
[0.463s] Level 5:colcon.colcon_core.verb:set package 'planar_arm_moveit_config' build argument 'cmake_args' from command line to 'None'
[0.463s] Level 5:colcon.colcon_core.verb:set package 'planar_arm_moveit_config' build argument 'cmake_target' from command line to 'None'
[0.463s] Level 5:colcon.colcon_core.verb:set package 'planar_arm_moveit_config' build argument 'cmake_target_skip_unavailable' from command line to 'False'
[0.463s] Level 5:colcon.colcon_core.verb:set package 'planar_arm_moveit_config' build argument 'cmake_clean_cache' from command line to 'False'
[0.463s] Level 5:colcon.colcon_core.verb:set package 'planar_arm_moveit_config' build argument 'cmake_clean_first' from command line to 'False'
[0.463s] Level 5:colcon.colcon_core.verb:set package 'planar_arm_moveit_config' build argument 'cmake_force_configure' from command line to 'False'
[0.463s] Level 5:colcon.colcon_core.verb:set package 'planar_arm_moveit_config' build argument 'ament_cmake_args' from command line to 'None'
[0.463s] Level 5:colcon.colcon_core.verb:set package 'planar_arm_moveit_config' build argument 'catkin_cmake_args' from command line to 'None'
[0.463s] Level 5:colcon.colcon_core.verb:set package 'planar_arm_moveit_config' build argument 'catkin_skip_building_tests' from command line to 'False'
[0.463s] DEBUG:colcon.colcon_core.verb:Building package 'planar_arm_moveit_config' with the following arguments: {'ament_cmake_args': None, 'build_base': '/home/groep8/rs2_ws/build/planar_arm_moveit_config', 'catkin_cmake_args': None, 'catkin_skip_building_tests': False, 'cmake_args': None, 'cmake_clean_cache': False, 'cmake_clean_first': False, 'cmake_force_configure': False, 'cmake_target': None, 'cmake_target_skip_unavailable': False, 'install_base': '/home/groep8/rs2_ws/install/planar_arm_moveit_config', 'merge_install': False, 'path': '/home/groep8/rs2_ws/src/planar_arm_moveit_config', 'symlink_install': False, 'test_result_base': None}
[0.463s] INFO:colcon.colcon_core.executor:Executing jobs using 'parallel' executor
[0.464s] DEBUG:colcon.colcon_parallel_executor.executor.parallel:run_until_complete
[0.465s] INFO:colcon.colcon_ros.task.ament_python.build:Building ROS package in '/home/groep8/rs2_ws/src/hogpie_arm_description' with build type 'ament_python'
[0.465s] Level 1:colcon.colcon_core.shell:create_environment_hook('hogpie_arm_description', 'ament_prefix_path')
[0.471s] INFO:colcon.colcon_core.plugin_system:Skipping extension 'colcon_core.shell.bat': Not used on non-Windows systems
[0.472s] INFO:colcon.colcon_core.shell:Creating environment hook '/home/groep8/rs2_ws/install/hogpie_arm_description/share/hogpie_arm_description/hook/ament_prefix_path.ps1'
[0.475s] INFO:colcon.colcon_core.shell:Creating environment descriptor '/home/groep8/rs2_ws/install/hogpie_arm_description/share/hogpie_arm_description/hook/ament_prefix_path.dsv'
[0.478s] INFO:colcon.colcon_core.shell:Creating environment hook '/home/groep8/rs2_ws/install/hogpie_arm_description/share/hogpie_arm_description/hook/ament_prefix_path.sh'
[0.480s] INFO:colcon.colcon_core.shell:Skip shell extension 'powershell' for command environment: Not usable outside of PowerShell
[0.480s] DEBUG:colcon.colcon_core.shell:Skip shell extension 'dsv' for command environment
[0.489s] INFO:colcon.colcon_ros.task.ament_cmake.build:Building ROS package in '/home/groep8/rs2_ws/src/my_robot_description' with build type 'ament_cmake'
[0.489s] INFO:colcon.colcon_cmake.task.cmake.build:Building CMake package in '/home/groep8/rs2_ws/src/my_robot_description'
[0.490s] INFO:colcon.colcon_core.shell:Skip shell extension 'powershell' for command environment: Not usable outside of PowerShell
[0.490s] DEBUG:colcon.colcon_core.shell:Skip shell extension 'dsv' for command environment
[0.499s] INFO:colcon.colcon_ros.task.ament_python.build:Building ROS package in '/home/groep8/rs2_ws/src/aardbeien_detectie' with build type 'ament_python'
[0.499s] Level 1:colcon.colcon_core.shell:create_environment_hook('aardbeien_detectie', 'ament_prefix_path')
[0.501s] INFO:colcon.colcon_core.shell:Creating environment hook '/home/groep8/rs2_ws/install/aardbeien_detectie/share/aardbeien_detectie/hook/ament_prefix_path.ps1'
[0.503s] INFO:colcon.colcon_core.shell:Creating environment descriptor '/home/groep8/rs2_ws/install/aardbeien_detectie/share/aardbeien_detectie/hook/ament_prefix_path.dsv'
[0.507s] INFO:colcon.colcon_core.shell:Creating environment hook '/home/groep8/rs2_ws/install/aardbeien_detectie/share/aardbeien_detectie/hook/ament_prefix_path.sh'
[0.510s] INFO:colcon.colcon_core.shell:Skip shell extension 'powershell' for command environment: Not usable outside of PowerShell
[0.510s] DEBUG:colcon.colcon_core.shell:Skip shell extension 'dsv' for command environment
[0.520s] INFO:colcon.colcon_ros.task.ament_python.build:Building ROS package in '/home/groep8/rs2_ws/src/hogpie_arm_driver' with build type 'ament_python'
[0.520s] Level 1:colcon.colcon_core.shell:create_environment_hook('hogpie_arm_driver', 'ament_prefix_path')
[0.521s] INFO:colcon.colcon_core.shell:Creating environment hook '/home/groep8/rs2_ws/install/hogpie_arm_driver/share/hogpie_arm_driver/hook/ament_prefix_path.ps1'
[0.522s] INFO:colcon.colcon_core.shell:Creating environment descriptor '/home/groep8/rs2_ws/install/hogpie_arm_driver/share/hogpie_arm_driver/hook/ament_prefix_path.dsv'
[0.523s] INFO:colcon.colcon_core.shell:Creating environment hook '/home/groep8/rs2_ws/install/hogpie_arm_driver/share/hogpie_arm_driver/hook/ament_prefix_path.sh'
[0.525s] INFO:colcon.colcon_core.shell:Skip shell extension 'powershell' for command environment: Not usable outside of PowerShell
[0.525s] DEBUG:colcon.colcon_core.shell:Skip shell extension 'dsv' for command environment
[1.075s] INFO:colcon.colcon_core.task.python.build:Building Python package in '/home/groep8/rs2_ws/src/hogpie_arm_description'
[1.076s] INFO:colcon.colcon_core.shell:Skip shell extension 'powershell' for command environment: Not usable outside of PowerShell
[1.077s] DEBUG:colcon.colcon_core.shell:Skip shell extension 'dsv' for command environment
[1.103s] DEBUG:colcon.colcon_core.event_handler.log_command:Invoking command in '/home/groep8/rs2_ws/build/my_robot_description': CMAKE_PREFIX_PATH=${CMAKE_PREFIX_PATH}:/home/groep8/rs2_ws/install/test_pkg:/home/groep8/rs2_ws/install/hogpie_servo_control:/home/groep8/rs2_ws/install/hogpie_controller_sensors:/home/groep8/rs2_ws/install/hogpie_arm_driver:/home/groep8/rs2_ws/install/hogpie_arm_description:/home/groep8/rs2_ws/install/aardbeien_detectie:/opt/ros/jazzy DEBUGINFOD_URLS=https://debuginfod.ubuntu.com /usr/bin/cmake --build /home/groep8/rs2_ws/build/my_robot_description -- -j4 -l4
[1.759s] INFO:colcon.colcon_core.task.python.build:Building Python package in '/home/groep8/rs2_ws/src/aardbeien_detectie'
[1.760s] INFO:colcon.colcon_core.shell:Skip shell extension 'powershell' for command environment: Not usable outside of PowerShell
[1.760s] DEBUG:colcon.colcon_core.shell:Skip shell extension 'dsv' for command environment
[1.771s] DEBUG:colcon.colcon_core.event_handler.log_command:Invoked command in '/home/groep8/rs2_ws/build/my_robot_description' returned '0': CMAKE_PREFIX_PATH=${CMAKE_PREFIX_PATH}:/home/groep8/rs2_ws/install/test_pkg:/home/groep8/rs2_ws/install/hogpie_servo_control:/home/groep8/rs2_ws/install/hogpie_controller_sensors:/home/groep8/rs2_ws/install/hogpie_arm_driver:/home/groep8/rs2_ws/install/hogpie_arm_description:/home/groep8/rs2_ws/install/aardbeien_detectie:/opt/ros/jazzy DEBUGINFOD_URLS=https://debuginfod.ubuntu.com /usr/bin/cmake --build /home/groep8/rs2_ws/build/my_robot_description -- -j4 -l4
[1.800s] DEBUG:colcon.colcon_core.event_handler.log_command:Invoking command in '/home/groep8/rs2_ws/build/my_robot_description': CMAKE_PREFIX_PATH=${CMAKE_PREFIX_PATH}:/home/groep8/rs2_ws/install/test_pkg:/home/groep8/rs2_ws/install/hogpie_servo_control:/home/groep8/rs2_ws/install/hogpie_controller_sensors:/home/groep8/rs2_ws/install/hogpie_arm_driver:/home/groep8/rs2_ws/install/hogpie_arm_description:/home/groep8/rs2_ws/install/aardbeien_detectie:/opt/ros/jazzy DEBUGINFOD_URLS=https://debuginfod.ubuntu.com /usr/bin/cmake --install /home/groep8/rs2_ws/build/my_robot_description
[2.247s] INFO:colcon.colcon_core.task.python.build:Building Python package in '/home/groep8/rs2_ws/src/hogpie_arm_driver'
[2.247s] INFO:colcon.colcon_core.shell:Skip shell extension 'powershell' for command environment: Not usable outside of PowerShell
[2.247s] DEBUG:colcon.colcon_core.shell:Skip shell extension 'dsv' for command environment
[2.269s] Level 1:colcon.colcon_core.environment:create_environment_scripts_only(my_robot_description)
[2.271s] DEBUG:colcon.colcon_core.event_handler.log_command:Invoked command in '/home/groep8/rs2_ws/build/my_robot_description' returned '0': CMAKE_PREFIX_PATH=${CMAKE_PREFIX_PATH}:/home/groep8/rs2_ws/install/test_pkg:/home/groep8/rs2_ws/install/hogpie_servo_control:/home/groep8/rs2_ws/install/hogpie_controller_sensors:/home/groep8/rs2_ws/install/hogpie_arm_driver:/home/groep8/rs2_ws/install/hogpie_arm_description:/home/groep8/rs2_ws/install/aardbeien_detectie:/opt/ros/jazzy DEBUGINFOD_URLS=https://debuginfod.ubuntu.com /usr/bin/cmake --install /home/groep8/rs2_ws/build/my_robot_description
[2.276s] Level 1:colcon.colcon_core.environment:checking '/home/groep8/rs2_ws/install/my_robot_description' for CMake module files
[2.277s] Level 1:colcon.colcon_core.environment:checking '/home/groep8/rs2_ws/install/my_robot_description' for CMake config files
[2.277s] Level 1:colcon.colcon_core.shell:create_environment_hook('my_robot_description', 'cmake_prefix_path')
[2.278s] INFO:colcon.colcon_core.shell:Creating environment hook '/home/groep8/rs2_ws/install/my_robot_description/share/my_robot_description/hook/cmake_prefix_path.ps1'
[2.280s] INFO:colcon.colcon_core.shell:Creating environment descriptor '/home/groep8/rs2_ws/install/my_robot_description/share/my_robot_description/hook/cmake_prefix_path.dsv'
[2.282s] INFO:colcon.colcon_core.shell:Creating environment hook '/home/groep8/rs2_ws/install/my_robot_description/share/my_robot_description/hook/cmake_prefix_path.sh'
[2.286s] Level 1:colcon.colcon_core.environment:checking '/home/groep8/rs2_ws/install/my_robot_description/bin'
[2.286s] Level 1:colcon.colcon_core.environment:checking '/home/groep8/rs2_ws/install/my_robot_description/lib/pkgconfig/my_robot_description.pc'
[2.287s] Level 1:colcon.colcon_core.environment:checking '/home/groep8/rs2_ws/install/my_robot_description/lib/python3.12/site-packages'
[2.288s] Level 1:colcon.colcon_core.environment:checking '/home/groep8/rs2_ws/install/my_robot_description/bin'
[2.289s] INFO:colcon.colcon_core.shell:Creating package script '/home/groep8/rs2_ws/install/my_robot_description/share/my_robot_description/package.ps1'
[2.292s] INFO:colcon.colcon_core.shell:Creating package descriptor '/home/groep8/rs2_ws/install/my_robot_description/share/my_robot_description/package.dsv'
[2.294s] INFO:colcon.colcon_core.shell:Creating package script '/home/groep8/rs2_ws/install/my_robot_description/share/my_robot_description/package.sh'
[2.297s] INFO:colcon.colcon_core.shell:Creating package script '/home/groep8/rs2_ws/install/my_robot_description/share/my_robot_description/package.bash'
[2.300s] INFO:colcon.colcon_core.shell:Creating package script '/home/groep8/rs2_ws/install/my_robot_description/share/my_robot_description/package.zsh'
[2.303s] Level 1:colcon.colcon_core.environment:create_file_with_runtime_dependencies(/home/groep8/rs2_ws/install/my_robot_description/share/colcon-core/packages/my_robot_description)
[2.305s] Level 1:colcon.colcon_core.environment:create_environment_scripts_only(my_robot_description)
[2.305s] Level 1:colcon.colcon_core.environment:checking '/home/groep8/rs2_ws/install/my_robot_description' for CMake module files
[2.307s] Level 1:colcon.colcon_core.environment:checking '/home/groep8/rs2_ws/install/my_robot_description' for CMake config files
[2.307s] Level 1:colcon.colcon_core.shell:create_environment_hook('my_robot_description', 'cmake_prefix_path')
[2.308s] INFO:colcon.colcon_core.shell:Creating environment hook '/home/groep8/rs2_ws/install/my_robot_description/share/my_robot_description/hook/cmake_prefix_path.ps1'
[2.311s] INFO:colcon.colcon_core.shell:Creating environment descriptor '/home/groep8/rs2_ws/install/my_robot_description/share/my_robot_description/hook/cmake_prefix_path.dsv'
[2.315s] INFO:colcon.colcon_core.shell:Creating environment hook '/home/groep8/rs2_ws/install/my_robot_description/share/my_robot_description/hook/cmake_prefix_path.sh'
[2.319s] Level 1:colcon.colcon_core.environment:checking '/home/groep8/rs2_ws/install/my_robot_description/bin'
[2.319s] Level 1:colcon.colcon_core.environment:checking '/home/groep8/rs2_ws/install/my_robot_description/lib/pkgconfig/my_robot_description.pc'
[2.320s] Level 1:colcon.colcon_core.environment:checking '/home/groep8/rs2_ws/install/my_robot_description/lib/python3.12/site-packages'
[2.321s] Level 1:colcon.colcon_core.environment:checking '/home/groep8/rs2_ws/install/my_robot_description/bin'
[2.322s] INFO:colcon.colcon_core.shell:Creating package script '/home/groep8/rs2_ws/install/my_robot_description/share/my_robot_description/package.ps1'
[2.327s] INFO:colcon.colcon_core.shell:Creating package descriptor '/home/groep8/rs2_ws/install/my_robot_description/share/my_robot_description/package.dsv'
[2.329s] INFO:colcon.colcon_core.shell:Creating package script '/home/groep8/rs2_ws/install/my_robot_description/share/my_robot_description/package.sh'
[2.331s] INFO:colcon.colcon_core.shell:Creating package script '/home/groep8/rs2_ws/install/my_robot_description/share/my_robot_description/package.bash'
[2.333s] INFO:colcon.colcon_core.shell:Creating package script '/home/groep8/rs2_ws/install/my_robot_description/share/my_robot_description/package.zsh'
[2.335s] Level 1:colcon.colcon_core.environment:create_file_with_runtime_dependencies(/home/groep8/rs2_ws/install/my_robot_description/share/colcon-core/packages/my_robot_description)
[2.339s] INFO:colcon.colcon_ros.task.ament_python.build:Building ROS package in '/home/groep8/rs2_ws/src/hogpie_controller_sensors' with build type 'ament_python'
[2.340s] Level 1:colcon.colcon_core.shell:create_environment_hook('hogpie_controller_sensors', 'ament_prefix_path')
[2.341s] INFO:colcon.colcon_core.shell:Creating environment hook '/home/groep8/rs2_ws/install/hogpie_controller_sensors/share/hogpie_controller_sensors/hook/ament_prefix_path.ps1'
[2.343s] INFO:colcon.colcon_core.shell:Creating environment descriptor '/home/groep8/rs2_ws/install/hogpie_controller_sensors/share/hogpie_controller_sensors/hook/ament_prefix_path.dsv'
[2.344s] INFO:colcon.colcon_core.shell:Creating environment hook '/home/groep8/rs2_ws/install/hogpie_controller_sensors/share/hogpie_controller_sensors/hook/ament_prefix_path.sh'
[2.348s] INFO:colcon.colcon_core.shell:Skip shell extension 'powershell' for command environment: Not usable outside of PowerShell
[2.349s] DEBUG:colcon.colcon_core.shell:Skip shell extension 'dsv' for command environment
[3.201s] INFO:colcon.colcon_core.task.python.build:Building Python package in '/home/groep8/rs2_ws/src/hogpie_controller_sensors'
[3.202s] INFO:colcon.colcon_core.shell:Skip shell extension 'powershell' for command environment: Not usable outside of PowerShell
[3.202s] DEBUG:colcon.colcon_core.shell:Skip shell extension 'dsv' for command environment
[4.113s] DEBUG:colcon.colcon_core.event_handler.log_command:Invoking command in '/home/groep8/rs2_ws/src/aardbeien_detectie': DEBUGINFOD_URLS=https://debuginfod.ubuntu.com PYTHONPATH=/home/groep8/rs2_ws/build/aardbeien_detectie/prefix_override:/usr/lib/python3/dist-packages/colcon_core/task/python/colcon_distutils_commands:/home/groep8/rs2_ws/install/aardbeien_detectie/lib/python3.12/site-packages:${PYTHONPATH} /usr/bin/python3 -W ignore:setup.py install is deprecated -W ignore:easy_install command is deprecated setup.py egg_info --egg-base ../../build/aardbeien_detectie build --build-base /home/groep8/rs2_ws/build/aardbeien_detectie/build install --record /home/groep8/rs2_ws/build/aardbeien_detectie/install.log --single-version-externally-managed install_data
[4.246s] DEBUG:colcon.colcon_core.event_handler.log_command:Invoking command in '/home/groep8/rs2_ws/src/hogpie_arm_description': DEBUGINFOD_URLS=https://debuginfod.ubuntu.com PYTHONPATH=/home/groep8/rs2_ws/build/hogpie_arm_description/prefix_override:/usr/lib/python3/dist-packages/colcon_core/task/python/colcon_distutils_commands:/home/groep8/rs2_ws/install/hogpie_arm_description/lib/python3.12/site-packages:${PYTHONPATH} /usr/bin/python3 -W ignore:setup.py install is deprecated -W ignore:easy_install command is deprecated setup.py egg_info --egg-base ../../build/hogpie_arm_description build --build-base /home/groep8/rs2_ws/build/hogpie_arm_description/build install --record /home/groep8/rs2_ws/build/hogpie_arm_description/install.log --single-version-externally-managed install_data
[4.839s] DEBUG:colcon.colcon_core.event_handler.log_command:Invoking command in '/home/groep8/rs2_ws/src/hogpie_arm_driver': DEBUGINFOD_URLS=https://debuginfod.ubuntu.com PYTHONPATH=/home/groep8/rs2_ws/build/hogpie_arm_driver/prefix_override:/usr/lib/python3/dist-packages/colcon_core/task/python/colcon_distutils_commands:/home/groep8/rs2_ws/install/hogpie_arm_driver/lib/python3.12/site-packages:${PYTHONPATH} /usr/bin/python3 -W ignore:setup.py install is deprecated -W ignore:easy_install command is deprecated setup.py egg_info --egg-base ../../build/hogpie_arm_driver build --build-base /home/groep8/rs2_ws/build/hogpie_arm_driver/build install --record /home/groep8/rs2_ws/build/hogpie_arm_driver/install.log --single-version-externally-managed install_data
[5.160s] DEBUG:colcon.colcon_core.event_handler.log_command:Invoking command in '/home/groep8/rs2_ws/src/hogpie_controller_sensors': DEBUGINFOD_URLS=https://debuginfod.ubuntu.com PYTHONPATH=/home/groep8/rs2_ws/build/hogpie_controller_sensors/prefix_override:/usr/lib/python3/dist-packages/colcon_core/task/python/colcon_distutils_commands:/home/groep8/rs2_ws/install/hogpie_controller_sensors/lib/python3.12/site-packages:${PYTHONPATH} /usr/bin/python3 -W ignore:setup.py install is deprecated -W ignore:easy_install command is deprecated setup.py egg_info --egg-base ../../build/hogpie_controller_sensors build --build-base /home/groep8/rs2_ws/build/hogpie_controller_sensors/build install --record /home/groep8/rs2_ws/build/hogpie_controller_sensors/install.log --single-version-externally-managed install_data
[6.202s] Level 1:colcon.colcon_core.environment:checking '/home/groep8/rs2_ws/install/aardbeien_detectie' for CMake module files
[6.204s] DEBUG:colcon.colcon_core.event_handler.log_command:Invoked command in '/home/groep8/rs2_ws/src/aardbeien_detectie' returned '0': DEBUGINFOD_URLS=https://debuginfod.ubuntu.com PYTHONPATH=/home/groep8/rs2_ws/build/aardbeien_detectie/prefix_override:/usr/lib/python3/dist-packages/colcon_core/task/python/colcon_distutils_commands:/home/groep8/rs2_ws/install/aardbeien_detectie/lib/python3.12/site-packages:${PYTHONPATH} /usr/bin/python3 -W ignore:setup.py install is deprecated -W ignore:easy_install command is deprecated setup.py egg_info --egg-base ../../build/aardbeien_detectie build --build-base /home/groep8/rs2_ws/build/aardbeien_detectie/build install --record /home/groep8/rs2_ws/build/aardbeien_detectie/install.log --single-version-externally-managed install_data
[6.206s] Level 1:colcon.colcon_core.environment:checking '/home/groep8/rs2_ws/install/aardbeien_detectie' for CMake config files
[6.207s] Level 1:colcon.colcon_core.environment:checking '/home/groep8/rs2_ws/install/aardbeien_detectie/lib'
[6.208s] Level 1:colcon.colcon_core.environment:checking '/home/groep8/rs2_ws/install/aardbeien_detectie/bin'
[6.208s] Level 1:colcon.colcon_core.environment:checking '/home/groep8/rs2_ws/install/aardbeien_detectie/lib/pkgconfig/aardbeien_detectie.pc'
[6.209s] Level 1:colcon.colcon_core.environment:checking '/home/groep8/rs2_ws/install/aardbeien_detectie/lib/python3.12/site-packages'
[6.209s] Level 1:colcon.colcon_core.shell:create_environment_hook('aardbeien_detectie', 'pythonpath')
[6.211s] INFO:colcon.colcon_core.shell:Creating environment hook '/home/groep8/rs2_ws/install/aardbeien_detectie/share/aardbeien_detectie/hook/pythonpath.ps1'
[6.213s] INFO:colcon.colcon_core.shell:Creating environment descriptor '/home/groep8/rs2_ws/install/aardbeien_detectie/share/aardbeien_detectie/hook/pythonpath.dsv'
[6.215s] INFO:colcon.colcon_core.shell:Creating environment hook '/home/groep8/rs2_ws/install/aardbeien_detectie/share/aardbeien_detectie/hook/pythonpath.sh'
[6.219s] Level 1:colcon.colcon_core.environment:checking '/home/groep8/rs2_ws/install/aardbeien_detectie/bin'
[6.219s] Level 1:colcon.colcon_core.environment:create_environment_scripts_only(aardbeien_detectie)
[6.220s] INFO:colcon.colcon_core.shell:Creating package script '/home/groep8/rs2_ws/install/aardbeien_detectie/share/aardbeien_detectie/package.ps1'
[6.222s] INFO:colcon.colcon_core.shell:Creating package descriptor '/home/groep8/rs2_ws/install/aardbeien_detectie/share/aardbeien_detectie/package.dsv'
[6.224s] INFO:colcon.colcon_core.shell:Creating package script '/home/groep8/rs2_ws/install/aardbeien_detectie/share/aardbeien_detectie/package.sh'
[6.227s] INFO:colcon.colcon_core.shell:Creating package script '/home/groep8/rs2_ws/install/aardbeien_detectie/share/aardbeien_detectie/package.bash'
[6.229s] INFO:colcon.colcon_core.shell:Creating package script '/home/groep8/rs2_ws/install/aardbeien_detectie/share/aardbeien_detectie/package.zsh'
[6.231s] Level 1:colcon.colcon_core.environment:create_file_with_runtime_dependencies(/home/groep8/rs2_ws/install/aardbeien_detectie/share/colcon-core/packages/aardbeien_detectie)
[6.243s] INFO:colcon.colcon_ros.task.ament_python.build:Building ROS package in '/home/groep8/rs2_ws/src/hogpie_servo_control' with build type 'ament_python'
[6.244s] Level 1:colcon.colcon_core.shell:create_environment_hook('hogpie_servo_control', 'ament_prefix_path')
[6.245s] INFO:colcon.colcon_core.shell:Creating environment hook '/home/groep8/rs2_ws/install/hogpie_servo_control/share/hogpie_servo_control/hook/ament_prefix_path.ps1'
[6.252s] INFO:colcon.colcon_core.shell:Creating environment descriptor '/home/groep8/rs2_ws/install/hogpie_servo_control/share/hogpie_servo_control/hook/ament_prefix_path.dsv'
[6.254s] INFO:colcon.colcon_core.shell:Creating environment hook '/home/groep8/rs2_ws/install/hogpie_servo_control/share/hogpie_servo_control/hook/ament_prefix_path.sh'
[6.259s] INFO:colcon.colcon_core.shell:Skip shell extension 'powershell' for command environment: Not usable outside of PowerShell
[6.259s] DEBUG:colcon.colcon_core.shell:Skip shell extension 'dsv' for command environment
[6.938s] INFO:colcon.colcon_core.task.python.build:Building Python package in '/home/groep8/rs2_ws/src/hogpie_servo_control'
[6.939s] INFO:colcon.colcon_core.shell:Skip shell extension 'powershell' for command environment: Not usable outside of PowerShell
[6.939s] DEBUG:colcon.colcon_core.shell:Skip shell extension 'dsv' for command environment
[6.959s] Level 1:colcon.colcon_core.environment:checking '/home/groep8/rs2_ws/install/hogpie_arm_description' for CMake module files
[6.960s] DEBUG:colcon.colcon_core.event_handler.log_command:Invoked command in '/home/groep8/rs2_ws/src/hogpie_arm_description' returned '0': DEBUGINFOD_URLS=https://debuginfod.ubuntu.com PYTHONPATH=/home/groep8/rs2_ws/build/hogpie_arm_description/prefix_override:/usr/lib/python3/dist-packages/colcon_core/task/python/colcon_distutils_commands:/home/groep8/rs2_ws/install/hogpie_arm_description/lib/python3.12/site-packages:${PYTHONPATH} /usr/bin/python3 -W ignore:setup.py install is deprecated -W ignore:easy_install command is deprecated setup.py egg_info --egg-base ../../build/hogpie_arm_description build --build-base /home/groep8/rs2_ws/build/hogpie_arm_description/build install --record /home/groep8/rs2_ws/build/hogpie_arm_description/install.log --single-version-externally-managed install_data
[6.961s] Level 1:colcon.colcon_core.environment:checking '/home/groep8/rs2_ws/install/hogpie_arm_description' for CMake config files
[6.963s] Level 1:colcon.colcon_core.environment:checking '/home/groep8/rs2_ws/install/hogpie_arm_description/lib'
[6.963s] Level 1:colcon.colcon_core.environment:checking '/home/groep8/rs2_ws/install/hogpie_arm_description/bin'
[6.963s] Level 1:colcon.colcon_core.environment:checking '/home/groep8/rs2_ws/install/hogpie_arm_description/lib/pkgconfig/hogpie_arm_description.pc'
[6.964s] Level 1:colcon.colcon_core.environment:checking '/home/groep8/rs2_ws/install/hogpie_arm_description/lib/python3.12/site-packages'
[6.964s] Level 1:colcon.colcon_core.shell:create_environment_hook('hogpie_arm_description', 'pythonpath')
[6.964s] INFO:colcon.colcon_core.shell:Creating environment hook '/home/groep8/rs2_ws/install/hogpie_arm_description/share/hogpie_arm_description/hook/pythonpath.ps1'
[6.966s] INFO:colcon.colcon_core.shell:Creating environment descriptor '/home/groep8/rs2_ws/install/hogpie_arm_description/share/hogpie_arm_description/hook/pythonpath.dsv'
[6.970s] INFO:colcon.colcon_core.shell:Creating environment hook '/home/groep8/rs2_ws/install/hogpie_arm_description/share/hogpie_arm_description/hook/pythonpath.sh'
[6.973s] Level 1:colcon.colcon_core.environment:checking '/home/groep8/rs2_ws/install/hogpie_arm_description/bin'
[6.973s] Level 1:colcon.colcon_core.environment:create_environment_scripts_only(hogpie_arm_description)
[6.974s] INFO:colcon.colcon_core.shell:Creating package script '/home/groep8/rs2_ws/install/hogpie_arm_description/share/hogpie_arm_description/package.ps1'
[6.976s] INFO:colcon.colcon_core.shell:Creating package descriptor '/home/groep8/rs2_ws/install/hogpie_arm_description/share/hogpie_arm_description/package.dsv'
[6.978s] INFO:colcon.colcon_core.shell:Creating package script '/home/groep8/rs2_ws/install/hogpie_arm_description/share/hogpie_arm_description/package.sh'
[6.981s] INFO:colcon.colcon_core.shell:Creating package script '/home/groep8/rs2_ws/install/hogpie_arm_description/share/hogpie_arm_description/package.bash'
[6.982s] INFO:colcon.colcon_core.shell:Creating package script '/home/groep8/rs2_ws/install/hogpie_arm_description/share/hogpie_arm_description/package.zsh'
[6.983s] Level 1:colcon.colcon_core.environment:create_file_with_runtime_dependencies(/home/groep8/rs2_ws/install/hogpie_arm_description/share/colcon-core/packages/hogpie_arm_description)
[6.985s] INFO:colcon.colcon_ros.task.ament_cmake.build:Building ROS package in '/home/groep8/rs2_ws/src/hogpie_arm_moveit_config' with build type 'ament_cmake'
[6.985s] INFO:colcon.colcon_cmake.task.cmake.build:Building CMake package in '/home/groep8/rs2_ws/src/hogpie_arm_moveit_config'
[6.986s] INFO:colcon.colcon_core.shell:Skip shell extension 'powershell' for command environment: Not usable outside of PowerShell
[6.986s] DEBUG:colcon.colcon_core.shell:Skip shell extension 'dsv' for command environment
[7.002s] Level 1:colcon.colcon_core.environment:checking '/home/groep8/rs2_ws/install/hogpie_arm_driver' for CMake module files
[7.003s] DEBUG:colcon.colcon_core.event_handler.log_command:Invoked command in '/home/groep8/rs2_ws/src/hogpie_arm_driver' returned '0': DEBUGINFOD_URLS=https://debuginfod.ubuntu.com PYTHONPATH=/home/groep8/rs2_ws/build/hogpie_arm_driver/prefix_override:/usr/lib/python3/dist-packages/colcon_core/task/python/colcon_distutils_commands:/home/groep8/rs2_ws/install/hogpie_arm_driver/lib/python3.12/site-packages:${PYTHONPATH} /usr/bin/python3 -W ignore:setup.py install is deprecated -W ignore:easy_install command is deprecated setup.py egg_info --egg-base ../../build/hogpie_arm_driver build --build-base /home/groep8/rs2_ws/build/hogpie_arm_driver/build install --record /home/groep8/rs2_ws/build/hogpie_arm_driver/install.log --single-version-externally-managed install_data
[7.005s] Level 1:colcon.colcon_core.environment:checking '/home/groep8/rs2_ws/install/hogpie_arm_driver' for CMake config files
[7.007s] Level 1:colcon.colcon_core.environment:checking '/home/groep8/rs2_ws/install/hogpie_arm_driver/lib'
[7.008s] Level 1:colcon.colcon_core.environment:checking '/home/groep8/rs2_ws/install/hogpie_arm_driver/bin'
[7.008s] Level 1:colcon.colcon_core.environment:checking '/home/groep8/rs2_ws/install/hogpie_arm_driver/lib/pkgconfig/hogpie_arm_driver.pc'
[7.009s] Level 1:colcon.colcon_core.environment:checking '/home/groep8/rs2_ws/install/hogpie_arm_driver/lib/python3.12/site-packages'
[7.009s] Level 1:colcon.colcon_core.shell:create_environment_hook('hogpie_arm_driver', 'pythonpath')
[7.010s] INFO:colcon.colcon_core.shell:Creating environment hook '/home/groep8/rs2_ws/install/hogpie_arm_driver/share/hogpie_arm_driver/hook/pythonpath.ps1'
[7.012s] INFO:colcon.colcon_core.shell:Creating environment descriptor '/home/groep8/rs2_ws/install/hogpie_arm_driver/share/hogpie_arm_driver/hook/pythonpath.dsv'
[7.015s] INFO:colcon.colcon_core.shell:Creating environment hook '/home/groep8/rs2_ws/install/hogpie_arm_driver/share/hogpie_arm_driver/hook/pythonpath.sh'
[7.018s] Level 1:colcon.colcon_core.environment:checking '/home/groep8/rs2_ws/install/hogpie_arm_driver/bin'
[7.018s] Level 1:colcon.colcon_core.environment:create_environment_scripts_only(hogpie_arm_driver)
[7.019s] INFO:colcon.colcon_core.shell:Creating package script '/home/groep8/rs2_ws/install/hogpie_arm_driver/share/hogpie_arm_driver/package.ps1'
[7.021s] INFO:colcon.colcon_core.shell:Creating package descriptor '/home/groep8/rs2_ws/install/hogpie_arm_driver/share/hogpie_arm_driver/package.dsv'
[7.023s] INFO:colcon.colcon_core.shell:Creating package script '/home/groep8/rs2_ws/install/hogpie_arm_driver/share/hogpie_arm_driver/package.sh'
[7.024s] INFO:colcon.colcon_core.shell:Creating package script '/home/groep8/rs2_ws/install/hogpie_arm_driver/share/hogpie_arm_driver/package.bash'
[7.025s] INFO:colcon.colcon_core.shell:Creating package script '/home/groep8/rs2_ws/install/hogpie_arm_driver/share/hogpie_arm_driver/package.zsh'
[7.027s] Level 1:colcon.colcon_core.environment:create_file_with_runtime_dependencies(/home/groep8/rs2_ws/install/hogpie_arm_driver/share/colcon-core/packages/hogpie_arm_driver)
[7.028s] INFO:colcon.colcon_ros.task.ament_cmake.build:Building ROS package in '/home/groep8/rs2_ws/src/planar_arm_moveit_config' with build type 'ament_cmake'
[7.029s] INFO:colcon.colcon_cmake.task.cmake.build:Building CMake package in '/home/groep8/rs2_ws/src/planar_arm_moveit_config'
[7.029s] INFO:colcon.colcon_core.shell:Skip shell extension 'powershell' for command environment: Not usable outside of PowerShell
[7.029s] DEBUG:colcon.colcon_core.shell:Skip shell extension 'dsv' for command environment
[7.058s] DEBUG:colcon.colcon_core.event_handler.log_command:Invoking command in '/home/groep8/rs2_ws/build/hogpie_arm_moveit_config': AMENT_PREFIX_PATH=/home/groep8/rs2_ws/install/hogpie_arm_description:/home/groep8/rs2_ws/install/test_pkg:/home/groep8/rs2_ws/install/planar_arm_moveit_config:/home/groep8/rs2_ws/install/my_robot_description:/home/groep8/rs2_ws/install/hogpie_servo_control:/home/groep8/rs2_ws/install/hogpie_controller_sensors:/home/groep8/rs2_ws/install/hogpie_arm_moveit_config:/home/groep8/rs2_ws/install/hogpie_arm_driver:/home/groep8/rs2_ws/install/aardbeien_detectie:/home/groep8/dxl_ws/install/dynamixel_sdk_examples:/home/groep8/dxl_ws/install/dynamixel_sdk_custom_interfaces:/home/groep8/dxl_ws/install/dynamixel_sdk:/opt/ros/jazzy CMAKE_PREFIX_PATH=${CMAKE_PREFIX_PATH}:/home/groep8/rs2_ws/install/test_pkg:/home/groep8/rs2_ws/install/hogpie_servo_control:/home/groep8/rs2_ws/install/hogpie_controller_sensors:/home/groep8/rs2_ws/install/hogpie_arm_driver:/home/groep8/rs2_ws/install/hogpie_arm_description:/home/groep8/rs2_ws/install/aardbeien_detectie:/opt/ros/jazzy DEBUGINFOD_URLS=https://debuginfod.ubuntu.com PYTHONPATH=/home/groep8/rs2_ws/install/hogpie_arm_description/lib/python3.12/site-packages:/home/groep8/rs2_ws/install/test_pkg/lib/python3.12/site-packages:/home/groep8/rs2_ws/install/hogpie_servo_control/lib/python3.12/site-packages:/home/groep8/rs2_ws/install/hogpie_controller_sensors/lib/python3.12/site-packages:/home/groep8/rs2_ws/install/hogpie_arm_driver/lib/python3.12/site-packages:/home/groep8/rs2_ws/install/aardbeien_detectie/lib/python3.12/site-packages:/home/groep8/dxl_ws/install/dynamixel_sdk_custom_interfaces/lib/python3.12/site-packages:/home/groep8/dxl_ws/install/dynamixel_sdk/lib/python3.12/site-packages:/opt/ros/jazzy/lib/python3.12/site-packages /usr/bin/cmake --build /home/groep8/rs2_ws/build/hogpie_arm_moveit_config -- -j4 -l4
[7.069s] DEBUG:colcon.colcon_core.event_handler.log_command:Invoking command in '/home/groep8/rs2_ws/build/planar_arm_moveit_config': CMAKE_PREFIX_PATH=/home/groep8/rs2_ws/install/my_robot_description:/home/groep8/rs2_ws/install/planar_arm_moveit_config:/home/groep8/rs2_ws/install/hogpie_arm_moveit_config:/home/groep8/dxl_ws/install/dynamixel_sdk_examples:/home/groep8/dxl_ws/install/dynamixel_sdk_custom_interfaces:/home/groep8/dxl_ws/install/dynamixel_sdk:/opt/ros/jazzy/opt/sdformat_vendor:/opt/ros/jazzy/opt/gz_math_vendor:/opt/ros/jazzy/opt/gz_utils_vendor:/opt/ros/jazzy/opt/gz_tools_vendor:/opt/ros/jazzy/opt/gz_cmake_vendor:/home/groep8/rs2_ws/install/test_pkg:/home/groep8/rs2_ws/install/hogpie_servo_control:/home/groep8/rs2_ws/install/hogpie_controller_sensors:/home/groep8/rs2_ws/install/hogpie_arm_driver:/home/groep8/rs2_ws/install/hogpie_arm_description:/home/groep8/rs2_ws/install/aardbeien_detectie:/opt/ros/jazzy DEBUGINFOD_URLS=https://debuginfod.ubuntu.com /usr/bin/cmake --build /home/groep8/rs2_ws/build/planar_arm_moveit_config -- -j4 -l4
[7.073s] Level 1:colcon.colcon_core.environment:checking '/home/groep8/rs2_ws/install/hogpie_controller_sensors' for CMake module files
[7.074s] Level 1:colcon.colcon_core.environment:checking '/home/groep8/rs2_ws/install/hogpie_controller_sensors' for CMake config files
[7.079s] Level 1:colcon.colcon_core.environment:checking '/home/groep8/rs2_ws/install/hogpie_controller_sensors/lib'
[7.080s] Level 1:colcon.colcon_core.environment:checking '/home/groep8/rs2_ws/install/hogpie_controller_sensors/bin'
[7.084s] Level 1:colcon.colcon_core.environment:checking '/home/groep8/rs2_ws/install/hogpie_controller_sensors/lib/pkgconfig/hogpie_controller_sensors.pc'
[7.085s] Level 1:colcon.colcon_core.environment:checking '/home/groep8/rs2_ws/install/hogpie_controller_sensors/lib/python3.12/site-packages'
[7.085s] Level 1:colcon.colcon_core.shell:create_environment_hook('hogpie_controller_sensors', 'pythonpath')
[7.083s] DEBUG:colcon.colcon_core.event_handler.log_command:Invoked command in '/home/groep8/rs2_ws/src/hogpie_controller_sensors' returned '0': DEBUGINFOD_URLS=https://debuginfod.ubuntu.com PYTHONPATH=/home/groep8/rs2_ws/build/hogpie_controller_sensors/prefix_override:/usr/lib/python3/dist-packages/colcon_core/task/python/colcon_distutils_commands:/home/groep8/rs2_ws/install/hogpie_controller_sensors/lib/python3.12/site-packages:${PYTHONPATH} /usr/bin/python3 -W ignore:setup.py install is deprecated -W ignore:easy_install command is deprecated setup.py egg_info --egg-base ../../build/hogpie_controller_sensors build --build-base /home/groep8/rs2_ws/build/hogpie_controller_sensors/build install --record /home/groep8/rs2_ws/build/hogpie_controller_sensors/install.log --single-version-externally-managed install_data
[7.087s] INFO:colcon.colcon_core.shell:Creating environment hook '/home/groep8/rs2_ws/install/hogpie_controller_sensors/share/hogpie_controller_sensors/hook/pythonpath.ps1'
[7.093s] INFO:colcon.colcon_core.shell:Creating environment descriptor '/home/groep8/rs2_ws/install/hogpie_controller_sensors/share/hogpie_controller_sensors/hook/pythonpath.dsv'
[7.094s] INFO:colcon.colcon_core.shell:Creating environment hook '/home/groep8/rs2_ws/install/hogpie_controller_sensors/share/hogpie_controller_sensors/hook/pythonpath.sh'
[7.097s] Level 1:colcon.colcon_core.environment:checking '/home/groep8/rs2_ws/install/hogpie_controller_sensors/bin'
[7.098s] Level 1:colcon.colcon_core.environment:create_environment_scripts_only(hogpie_controller_sensors)
[7.099s] INFO:colcon.colcon_core.shell:Creating package script '/home/groep8/rs2_ws/install/hogpie_controller_sensors/share/hogpie_controller_sensors/package.ps1'
[7.101s] INFO:colcon.colcon_core.shell:Creating package descriptor '/home/groep8/rs2_ws/install/hogpie_controller_sensors/share/hogpie_controller_sensors/package.dsv'
[7.103s] INFO:colcon.colcon_core.shell:Creating package script '/home/groep8/rs2_ws/install/hogpie_controller_sensors/share/hogpie_controller_sensors/package.sh'
[7.105s] INFO:colcon.colcon_core.shell:Creating package script '/home/groep8/rs2_ws/install/hogpie_controller_sensors/share/hogpie_controller_sensors/package.bash'
[7.106s] INFO:colcon.colcon_core.shell:Creating package script '/home/groep8/rs2_ws/install/hogpie_controller_sensors/share/hogpie_controller_sensors/package.zsh'
[7.110s] Level 1:colcon.colcon_core.environment:create_file_with_runtime_dependencies(/home/groep8/rs2_ws/install/hogpie_controller_sensors/share/colcon-core/packages/hogpie_controller_sensors)
[7.217s] DEBUG:colcon.colcon_core.event_handler.log_command:Invoked command in '/home/groep8/rs2_ws/build/hogpie_arm_moveit_config' returned '0': AMENT_PREFIX_PATH=/home/groep8/rs2_ws/install/hogpie_arm_description:/home/groep8/rs2_ws/install/test_pkg:/home/groep8/rs2_ws/install/planar_arm_moveit_config:/home/groep8/rs2_ws/install/my_robot_description:/home/groep8/rs2_ws/install/hogpie_servo_control:/home/groep8/rs2_ws/install/hogpie_controller_sensors:/home/groep8/rs2_ws/install/hogpie_arm_moveit_config:/home/groep8/rs2_ws/install/hogpie_arm_driver:/home/groep8/rs2_ws/install/aardbeien_detectie:/home/groep8/dxl_ws/install/dynamixel_sdk_examples:/home/groep8/dxl_ws/install/dynamixel_sdk_custom_interfaces:/home/groep8/dxl_ws/install/dynamixel_sdk:/opt/ros/jazzy CMAKE_PREFIX_PATH=${CMAKE_PREFIX_PATH}:/home/groep8/rs2_ws/install/test_pkg:/home/groep8/rs2_ws/install/hogpie_servo_control:/home/groep8/rs2_ws/install/hogpie_controller_sensors:/home/groep8/rs2_ws/install/hogpie_arm_driver:/home/groep8/rs2_ws/install/hogpie_arm_description:/home/groep8/rs2_ws/install/aardbeien_detectie:/opt/ros/jazzy DEBUGINFOD_URLS=https://debuginfod.ubuntu.com PYTHONPATH=/home/groep8/rs2_ws/install/hogpie_arm_description/lib/python3.12/site-packages:/home/groep8/rs2_ws/install/test_pkg/lib/python3.12/site-packages:/home/groep8/rs2_ws/install/hogpie_servo_control/lib/python3.12/site-packages:/home/groep8/rs2_ws/install/hogpie_controller_sensors/lib/python3.12/site-packages:/home/groep8/rs2_ws/install/hogpie_arm_driver/lib/python3.12/site-packages:/home/groep8/rs2_ws/install/aardbeien_detectie/lib/python3.12/site-packages:/home/groep8/dxl_ws/install/dynamixel_sdk_custom_interfaces/lib/python3.12/site-packages:/home/groep8/dxl_ws/install/dynamixel_sdk/lib/python3.12/site-packages:/opt/ros/jazzy/lib/python3.12/site-packages /usr/bin/cmake --build /home/groep8/rs2_ws/build/hogpie_arm_moveit_config -- -j4 -l4
[7.221s] DEBUG:colcon.colcon_core.event_handler.log_command:Invoking command in '/home/groep8/rs2_ws/build/hogpie_arm_moveit_config': AMENT_PREFIX_PATH=/home/groep8/rs2_ws/install/hogpie_arm_description:/home/groep8/rs2_ws/install/test_pkg:/home/groep8/rs2_ws/install/planar_arm_moveit_config:/home/groep8/rs2_ws/install/my_robot_description:/home/groep8/rs2_ws/install/hogpie_servo_control:/home/groep8/rs2_ws/install/hogpie_controller_sensors:/home/groep8/rs2_ws/install/hogpie_arm_moveit_config:/home/groep8/rs2_ws/install/hogpie_arm_driver:/home/groep8/rs2_ws/install/aardbeien_detectie:/home/groep8/dxl_ws/install/dynamixel_sdk_examples:/home/groep8/dxl_ws/install/dynamixel_sdk_custom_interfaces:/home/groep8/dxl_ws/install/dynamixel_sdk:/opt/ros/jazzy CMAKE_PREFIX_PATH=${CMAKE_PREFIX_PATH}:/home/groep8/rs2_ws/install/test_pkg:/home/groep8/rs2_ws/install/hogpie_servo_control:/home/groep8/rs2_ws/install/hogpie_controller_sensors:/home/groep8/rs2_ws/install/hogpie_arm_driver:/home/groep8/rs2_ws/install/hogpie_arm_description:/home/groep8/rs2_ws/install/aardbeien_detectie:/opt/ros/jazzy DEBUGINFOD_URLS=https://debuginfod.ubuntu.com PYTHONPATH=/home/groep8/rs2_ws/install/hogpie_arm_description/lib/python3.12/site-packages:/home/groep8/rs2_ws/install/test_pkg/lib/python3.12/site-packages:/home/groep8/rs2_ws/install/hogpie_servo_control/lib/python3.12/site-packages:/home/groep8/rs2_ws/install/hogpie_controller_sensors/lib/python3.12/site-packages:/home/groep8/rs2_ws/install/hogpie_arm_driver/lib/python3.12/site-packages:/home/groep8/rs2_ws/install/aardbeien_detectie/lib/python3.12/site-packages:/home/groep8/dxl_ws/install/dynamixel_sdk_custom_interfaces/lib/python3.12/site-packages:/home/groep8/dxl_ws/install/dynamixel_sdk/lib/python3.12/site-packages:/opt/ros/jazzy/lib/python3.12/site-packages /usr/bin/cmake --install /home/groep8/rs2_ws/build/hogpie_arm_moveit_config
[7.226s] DEBUG:colcon.colcon_core.event_handler.log_command:Invoked command in '/home/groep8/rs2_ws/build/planar_arm_moveit_config' returned '0': CMAKE_PREFIX_PATH=/home/groep8/rs2_ws/install/my_robot_description:/home/groep8/rs2_ws/install/planar_arm_moveit_config:/home/groep8/rs2_ws/install/hogpie_arm_moveit_config:/home/groep8/dxl_ws/install/dynamixel_sdk_examples:/home/groep8/dxl_ws/install/dynamixel_sdk_custom_interfaces:/home/groep8/dxl_ws/install/dynamixel_sdk:/opt/ros/jazzy/opt/sdformat_vendor:/opt/ros/jazzy/opt/gz_math_vendor:/opt/ros/jazzy/opt/gz_utils_vendor:/opt/ros/jazzy/opt/gz_tools_vendor:/opt/ros/jazzy/opt/gz_cmake_vendor:/home/groep8/rs2_ws/install/test_pkg:/home/groep8/rs2_ws/install/hogpie_servo_control:/home/groep8/rs2_ws/install/hogpie_controller_sensors:/home/groep8/rs2_ws/install/hogpie_arm_driver:/home/groep8/rs2_ws/install/hogpie_arm_description:/home/groep8/rs2_ws/install/aardbeien_detectie:/opt/ros/jazzy DEBUGINFOD_URLS=https://debuginfod.ubuntu.com /usr/bin/cmake --build /home/groep8/rs2_ws/build/planar_arm_moveit_config -- -j4 -l4
[7.227s] DEBUG:colcon.colcon_core.event_handler.log_command:Invoking command in '/home/groep8/rs2_ws/build/planar_arm_moveit_config': CMAKE_PREFIX_PATH=/home/groep8/rs2_ws/install/my_robot_description:/home/groep8/rs2_ws/install/planar_arm_moveit_config:/home/groep8/rs2_ws/install/hogpie_arm_moveit_config:/home/groep8/dxl_ws/install/dynamixel_sdk_examples:/home/groep8/dxl_ws/install/dynamixel_sdk_custom_interfaces:/home/groep8/dxl_ws/install/dynamixel_sdk:/opt/ros/jazzy/opt/sdformat_vendor:/opt/ros/jazzy/opt/gz_math_vendor:/opt/ros/jazzy/opt/gz_utils_vendor:/opt/ros/jazzy/opt/gz_tools_vendor:/opt/ros/jazzy/opt/gz_cmake_vendor:/home/groep8/rs2_ws/install/test_pkg:/home/groep8/rs2_ws/install/hogpie_servo_control:/home/groep8/rs2_ws/install/hogpie_controller_sensors:/home/groep8/rs2_ws/install/hogpie_arm_driver:/home/groep8/rs2_ws/install/hogpie_arm_description:/home/groep8/rs2_ws/install/aardbeien_detectie:/opt/ros/jazzy DEBUGINFOD_URLS=https://debuginfod.ubuntu.com /usr/bin/cmake --install /home/groep8/rs2_ws/build/planar_arm_moveit_config
[7.385s] Level 1:colcon.colcon_core.environment:create_environment_scripts_only(planar_arm_moveit_config)
[7.386s] Level 1:colcon.colcon_core.environment:checking '/home/groep8/rs2_ws/install/planar_arm_moveit_config' for CMake module files
[7.388s] Level 1:colcon.colcon_core.environment:checking '/home/groep8/rs2_ws/install/planar_arm_moveit_config' for CMake config files
[7.395s] Level 1:colcon.colcon_core.shell:create_environment_hook('planar_arm_moveit_config', 'cmake_prefix_path')
[7.395s] INFO:colcon.colcon_core.shell:Creating environment hook '/home/groep8/rs2_ws/install/planar_arm_moveit_config/share/planar_arm_moveit_config/hook/cmake_prefix_path.ps1'
[7.397s] INFO:colcon.colcon_core.shell:Creating environment descriptor '/home/groep8/rs2_ws/install/planar_arm_moveit_config/share/planar_arm_moveit_config/hook/cmake_prefix_path.dsv'
[7.400s] INFO:colcon.colcon_core.shell:Creating environment hook '/home/groep8/rs2_ws/install/planar_arm_moveit_config/share/planar_arm_moveit_config/hook/cmake_prefix_path.sh'
[7.400s] DEBUG:colcon.colcon_core.event_handler.log_command:Invoked command in '/home/groep8/rs2_ws/build/planar_arm_moveit_config' returned '0': CMAKE_PREFIX_PATH=/home/groep8/rs2_ws/install/my_robot_description:/home/groep8/rs2_ws/install/planar_arm_moveit_config:/home/groep8/rs2_ws/install/hogpie_arm_moveit_config:/home/groep8/dxl_ws/install/dynamixel_sdk_examples:/home/groep8/dxl_ws/install/dynamixel_sdk_custom_interfaces:/home/groep8/dxl_ws/install/dynamixel_sdk:/opt/ros/jazzy/opt/sdformat_vendor:/opt/ros/jazzy/opt/gz_math_vendor:/opt/ros/jazzy/opt/gz_utils_vendor:/opt/ros/jazzy/opt/gz_tools_vendor:/opt/ros/jazzy/opt/gz_cmake_vendor:/home/groep8/rs2_ws/install/test_pkg:/home/groep8/rs2_ws/install/hogpie_servo_control:/home/groep8/rs2_ws/install/hogpie_controller_sensors:/home/groep8/rs2_ws/install/hogpie_arm_driver:/home/groep8/rs2_ws/install/hogpie_arm_description:/home/groep8/rs2_ws/install/aardbeien_detectie:/opt/ros/jazzy DEBUGINFOD_URLS=https://debuginfod.ubuntu.com /usr/bin/cmake --install /home/groep8/rs2_ws/build/planar_arm_moveit_config
[7.402s] Level 1:colcon.colcon_core.environment:checking '/home/groep8/rs2_ws/install/planar_arm_moveit_config/bin'
[7.402s] Level 1:colcon.colcon_core.environment:checking '/home/groep8/rs2_ws/install/planar_arm_moveit_config/lib/pkgconfig/planar_arm_moveit_config.pc'
[7.403s] Level 1:colcon.colcon_core.environment:checking '/home/groep8/rs2_ws/install/planar_arm_moveit_config/lib/python3.12/site-packages'
[7.403s] Level 1:colcon.colcon_core.environment:checking '/home/groep8/rs2_ws/install/planar_arm_moveit_config/bin'
[7.404s] INFO:colcon.colcon_core.shell:Creating package script '/home/groep8/rs2_ws/install/planar_arm_moveit_config/share/planar_arm_moveit_config/package.ps1'
[7.405s] INFO:colcon.colcon_core.shell:Creating package descriptor '/home/groep8/rs2_ws/install/planar_arm_moveit_config/share/planar_arm_moveit_config/package.dsv'
[7.407s] INFO:colcon.colcon_core.shell:Creating package script '/home/groep8/rs2_ws/install/planar_arm_moveit_config/share/planar_arm_moveit_config/package.sh'
[7.449s] INFO:colcon.colcon_core.shell:Creating package script '/home/groep8/rs2_ws/install/planar_arm_moveit_config/share/planar_arm_moveit_config/package.bash'
[7.451s] INFO:colcon.colcon_core.shell:Creating package script '/home/groep8/rs2_ws/install/planar_arm_moveit_config/share/planar_arm_moveit_config/package.zsh'
[7.453s] Level 1:colcon.colcon_core.environment:create_file_with_runtime_dependencies(/home/groep8/rs2_ws/install/planar_arm_moveit_config/share/colcon-core/packages/planar_arm_moveit_config)
[7.454s] Level 1:colcon.colcon_core.environment:create_environment_scripts_only(planar_arm_moveit_config)
[7.454s] Level 1:colcon.colcon_core.environment:checking '/home/groep8/rs2_ws/install/planar_arm_moveit_config' for CMake module files
[7.455s] Level 1:colcon.colcon_core.environment:checking '/home/groep8/rs2_ws/install/planar_arm_moveit_config' for CMake config files
[7.456s] Level 1:colcon.colcon_core.shell:create_environment_hook('planar_arm_moveit_config', 'cmake_prefix_path')
[7.456s] INFO:colcon.colcon_core.shell:Creating environment hook '/home/groep8/rs2_ws/install/planar_arm_moveit_config/share/planar_arm_moveit_config/hook/cmake_prefix_path.ps1'
[7.457s] INFO:colcon.colcon_core.shell:Creating environment descriptor '/home/groep8/rs2_ws/install/planar_arm_moveit_config/share/planar_arm_moveit_config/hook/cmake_prefix_path.dsv'
[7.458s] INFO:colcon.colcon_core.shell:Creating environment hook '/home/groep8/rs2_ws/install/planar_arm_moveit_config/share/planar_arm_moveit_config/hook/cmake_prefix_path.sh'
[7.461s] Level 1:colcon.colcon_core.environment:checking '/home/groep8/rs2_ws/install/planar_arm_moveit_config/bin'
[7.461s] Level 1:colcon.colcon_core.environment:checking '/home/groep8/rs2_ws/install/planar_arm_moveit_config/lib/pkgconfig/planar_arm_moveit_config.pc'
[7.462s] Level 1:colcon.colcon_core.environment:checking '/home/groep8/rs2_ws/install/planar_arm_moveit_config/lib/python3.12/site-packages'
[7.462s] Level 1:colcon.colcon_core.environment:checking '/home/groep8/rs2_ws/install/planar_arm_moveit_config/bin'
[7.463s] INFO:colcon.colcon_core.shell:Creating package script '/home/groep8/rs2_ws/install/planar_arm_moveit_config/share/planar_arm_moveit_config/package.ps1'
[7.463s] INFO:colcon.colcon_core.shell:Creating package descriptor '/home/groep8/rs2_ws/install/planar_arm_moveit_config/share/planar_arm_moveit_config/package.dsv'
[7.464s] INFO:colcon.colcon_core.shell:Creating package script '/home/groep8/rs2_ws/install/planar_arm_moveit_config/share/planar_arm_moveit_config/package.sh'
[7.465s] INFO:colcon.colcon_core.shell:Creating package script '/home/groep8/rs2_ws/install/planar_arm_moveit_config/share/planar_arm_moveit_config/package.bash'
[7.465s] INFO:colcon.colcon_core.shell:Creating package script '/home/groep8/rs2_ws/install/planar_arm_moveit_config/share/planar_arm_moveit_config/package.zsh'
[7.466s] Level 1:colcon.colcon_core.environment:create_file_with_runtime_dependencies(/home/groep8/rs2_ws/install/planar_arm_moveit_config/share/colcon-core/packages/planar_arm_moveit_config)
[7.467s] Level 1:colcon.colcon_core.environment:create_environment_scripts_only(hogpie_arm_moveit_config)
[7.467s] Level 1:colcon.colcon_core.environment:checking '/home/groep8/rs2_ws/install/hogpie_arm_moveit_config' for CMake module files
[7.469s] DEBUG:colcon.colcon_core.event_handler.log_command:Invoked command in '/home/groep8/rs2_ws/build/hogpie_arm_moveit_config' returned '0': AMENT_PREFIX_PATH=/home/groep8/rs2_ws/install/hogpie_arm_description:/home/groep8/rs2_ws/install/test_pkg:/home/groep8/rs2_ws/install/planar_arm_moveit_config:/home/groep8/rs2_ws/install/my_robot_description:/home/groep8/rs2_ws/install/hogpie_servo_control:/home/groep8/rs2_ws/install/hogpie_controller_sensors:/home/groep8/rs2_ws/install/hogpie_arm_moveit_config:/home/groep8/rs2_ws/install/hogpie_arm_driver:/home/groep8/rs2_ws/install/aardbeien_detectie:/home/groep8/dxl_ws/install/dynamixel_sdk_examples:/home/groep8/dxl_ws/install/dynamixel_sdk_custom_interfaces:/home/groep8/dxl_ws/install/dynamixel_sdk:/opt/ros/jazzy CMAKE_PREFIX_PATH=${CMAKE_PREFIX_PATH}:/home/groep8/rs2_ws/install/test_pkg:/home/groep8/rs2_ws/install/hogpie_servo_control:/home/groep8/rs2_ws/install/hogpie_controller_sensors:/home/groep8/rs2_ws/install/hogpie_arm_driver:/home/groep8/rs2_ws/install/hogpie_arm_description:/home/groep8/rs2_ws/install/aardbeien_detectie:/opt/ros/jazzy DEBUGINFOD_URLS=https://debuginfod.ubuntu.com PYTHONPATH=/home/groep8/rs2_ws/install/hogpie_arm_description/lib/python3.12/site-packages:/home/groep8/rs2_ws/install/test_pkg/lib/python3.12/site-packages:/home/groep8/rs2_ws/install/hogpie_servo_control/lib/python3.12/site-packages:/home/groep8/rs2_ws/install/hogpie_controller_sensors/lib/python3.12/site-packages:/home/groep8/rs2_ws/install/hogpie_arm_driver/lib/python3.12/site-packages:/home/groep8/rs2_ws/install/aardbeien_detectie/lib/python3.12/site-packages:/home/groep8/dxl_ws/install/dynamixel_sdk_custom_interfaces/lib/python3.12/site-packages:/home/groep8/dxl_ws/install/dynamixel_sdk/lib/python3.12/site-packages:/opt/ros/jazzy/lib/python3.12/site-packages /usr/bin/cmake --install /home/groep8/rs2_ws/build/hogpie_arm_moveit_config
[7.471s] Level 1:colcon.colcon_core.environment:checking '/home/groep8/rs2_ws/install/hogpie_arm_moveit_config' for CMake config files
[7.472s] Level 1:colcon.colcon_core.shell:create_environment_hook('hogpie_arm_moveit_config', 'cmake_prefix_path')
[7.473s] INFO:colcon.colcon_core.shell:Creating environment hook '/home/groep8/rs2_ws/install/hogpie_arm_moveit_config/share/hogpie_arm_moveit_config/hook/cmake_prefix_path.ps1'
[7.474s] INFO:colcon.colcon_core.shell:Creating environment descriptor '/home/groep8/rs2_ws/install/hogpie_arm_moveit_config/share/hogpie_arm_moveit_config/hook/cmake_prefix_path.dsv'
[7.476s] INFO:colcon.colcon_core.shell:Creating environment hook '/home/groep8/rs2_ws/install/hogpie_arm_moveit_config/share/hogpie_arm_moveit_config/hook/cmake_prefix_path.sh'
[7.478s] Level 1:colcon.colcon_core.environment:checking '/home/groep8/rs2_ws/install/hogpie_arm_moveit_config/bin'
[7.478s] Level 1:colcon.colcon_core.environment:checking '/home/groep8/rs2_ws/install/hogpie_arm_moveit_config/lib/pkgconfig/hogpie_arm_moveit_config.pc'
[7.479s] Level 1:colcon.colcon_core.environment:checking '/home/groep8/rs2_ws/install/hogpie_arm_moveit_config/lib/python3.12/site-packages'
[7.479s] Level 1:colcon.colcon_core.environment:checking '/home/groep8/rs2_ws/install/hogpie_arm_moveit_config/bin'
[7.480s] INFO:colcon.colcon_core.shell:Creating package script '/home/groep8/rs2_ws/install/hogpie_arm_moveit_config/share/hogpie_arm_moveit_config/package.ps1'
[7.482s] INFO:colcon.colcon_core.shell:Creating package descriptor '/home/groep8/rs2_ws/install/hogpie_arm_moveit_config/share/hogpie_arm_moveit_config/package.dsv'
[7.484s] INFO:colcon.colcon_core.shell:Creating package script '/home/groep8/rs2_ws/install/hogpie_arm_moveit_config/share/hogpie_arm_moveit_config/package.sh'
[7.486s] INFO:colcon.colcon_core.shell:Creating package script '/home/groep8/rs2_ws/install/hogpie_arm_moveit_config/share/hogpie_arm_moveit_config/package.bash'
[7.487s] INFO:colcon.colcon_core.shell:Creating package script '/home/groep8/rs2_ws/install/hogpie_arm_moveit_config/share/hogpie_arm_moveit_config/package.zsh'
[7.487s] Level 1:colcon.colcon_core.environment:create_file_with_runtime_dependencies(/home/groep8/rs2_ws/install/hogpie_arm_moveit_config/share/colcon-core/packages/hogpie_arm_moveit_config)
[7.489s] Level 1:colcon.colcon_core.environment:create_environment_scripts_only(hogpie_arm_moveit_config)
[7.489s] Level 1:colcon.colcon_core.environment:checking '/home/groep8/rs2_ws/install/hogpie_arm_moveit_config' for CMake module files
[7.490s] Level 1:colcon.colcon_core.environment:checking '/home/groep8/rs2_ws/install/hogpie_arm_moveit_config' for CMake config files
[7.492s] Level 1:colcon.colcon_core.shell:create_environment_hook('hogpie_arm_moveit_config', 'cmake_prefix_path')
[7.492s] INFO:colcon.colcon_core.shell:Creating environment hook '/home/groep8/rs2_ws/install/hogpie_arm_moveit_config/share/hogpie_arm_moveit_config/hook/cmake_prefix_path.ps1'
[7.494s] INFO:colcon.colcon_core.shell:Creating environment descriptor '/home/groep8/rs2_ws/install/hogpie_arm_moveit_config/share/hogpie_arm_moveit_config/hook/cmake_prefix_path.dsv'
[7.495s] INFO:colcon.colcon_core.shell:Creating environment hook '/home/groep8/rs2_ws/install/hogpie_arm_moveit_config/share/hogpie_arm_moveit_config/hook/cmake_prefix_path.sh'
[7.497s] Level 1:colcon.colcon_core.environment:checking '/home/groep8/rs2_ws/install/hogpie_arm_moveit_config/bin'
[7.497s] Level 1:colcon.colcon_core.environment:checking '/home/groep8/rs2_ws/install/hogpie_arm_moveit_config/lib/pkgconfig/hogpie_arm_moveit_config.pc'
[7.498s] Level 1:colcon.colcon_core.environment:checking '/home/groep8/rs2_ws/install/hogpie_arm_moveit_config/lib/python3.12/site-packages'
[7.499s] Level 1:colcon.colcon_core.environment:checking '/home/groep8/rs2_ws/install/hogpie_arm_moveit_config/bin'
[7.500s] INFO:colcon.colcon_core.shell:Creating package script '/home/groep8/rs2_ws/install/hogpie_arm_moveit_config/share/hogpie_arm_moveit_config/package.ps1'
[7.502s] INFO:colcon.colcon_core.shell:Creating package descriptor '/home/groep8/rs2_ws/install/hogpie_arm_moveit_config/share/hogpie_arm_moveit_config/package.dsv'
[7.504s] INFO:colcon.colcon_core.shell:Creating package script '/home/groep8/rs2_ws/install/hogpie_arm_moveit_config/share/hogpie_arm_moveit_config/package.sh'
[7.505s] INFO:colcon.colcon_core.shell:Creating package script '/home/groep8/rs2_ws/install/hogpie_arm_moveit_config/share/hogpie_arm_moveit_config/package.bash'
[7.506s] INFO:colcon.colcon_core.shell:Creating package script '/home/groep8/rs2_ws/install/hogpie_arm_moveit_config/share/hogpie_arm_moveit_config/package.zsh'
[7.507s] Level 1:colcon.colcon_core.environment:create_file_with_runtime_dependencies(/home/groep8/rs2_ws/install/hogpie_arm_moveit_config/share/colcon-core/packages/hogpie_arm_moveit_config)
[8.412s] DEBUG:colcon.colcon_core.event_handler.log_command:Invoking command in '/home/groep8/rs2_ws/src/hogpie_servo_control': DEBUGINFOD_URLS=https://debuginfod.ubuntu.com PYTHONPATH=/home/groep8/rs2_ws/build/hogpie_servo_control/prefix_override:/usr/lib/python3/dist-packages/colcon_core/task/python/colcon_distutils_commands:/home/groep8/rs2_ws/install/hogpie_servo_control/lib/python3.12/site-packages:${PYTHONPATH} /usr/bin/python3 -W ignore:setup.py install is deprecated -W ignore:easy_install command is deprecated setup.py egg_info --egg-base ../../build/hogpie_servo_control build --build-base /home/groep8/rs2_ws/build/hogpie_servo_control/build install --record /home/groep8/rs2_ws/build/hogpie_servo_control/install.log --single-version-externally-managed install_data
[9.436s] Level 1:colcon.colcon_core.environment:checking '/home/groep8/rs2_ws/install/hogpie_servo_control' for CMake module files
[9.438s] Level 1:colcon.colcon_core.environment:checking '/home/groep8/rs2_ws/install/hogpie_servo_control' for CMake config files
[9.439s] DEBUG:colcon.colcon_core.event_handler.log_command:Invoked command in '/home/groep8/rs2_ws/src/hogpie_servo_control' returned '0': DEBUGINFOD_URLS=https://debuginfod.ubuntu.com PYTHONPATH=/home/groep8/rs2_ws/build/hogpie_servo_control/prefix_override:/usr/lib/python3/dist-packages/colcon_core/task/python/colcon_distutils_commands:/home/groep8/rs2_ws/install/hogpie_servo_control/lib/python3.12/site-packages:${PYTHONPATH} /usr/bin/python3 -W ignore:setup.py install is deprecated -W ignore:easy_install command is deprecated setup.py egg_info --egg-base ../../build/hogpie_servo_control build --build-base /home/groep8/rs2_ws/build/hogpie_servo_control/build install --record /home/groep8/rs2_ws/build/hogpie_servo_control/install.log --single-version-externally-managed install_data
[9.441s] Level 1:colcon.colcon_core.environment:checking '/home/groep8/rs2_ws/install/hogpie_servo_control/lib'
[9.441s] Level 1:colcon.colcon_core.environment:checking '/home/groep8/rs2_ws/install/hogpie_servo_control/bin'
[9.441s] Level 1:colcon.colcon_core.environment:checking '/home/groep8/rs2_ws/install/hogpie_servo_control/lib/pkgconfig/hogpie_servo_control.pc'
[9.441s] Level 1:colcon.colcon_core.environment:checking '/home/groep8/rs2_ws/install/hogpie_servo_control/lib/python3.12/site-packages'
[9.442s] Level 1:colcon.colcon_core.shell:create_environment_hook('hogpie_servo_control', 'pythonpath')
[9.442s] INFO:colcon.colcon_core.shell:Creating environment hook '/home/groep8/rs2_ws/install/hogpie_servo_control/share/hogpie_servo_control/hook/pythonpath.ps1'
[9.443s] INFO:colcon.colcon_core.shell:Creating environment descriptor '/home/groep8/rs2_ws/install/hogpie_servo_control/share/hogpie_servo_control/hook/pythonpath.dsv'
[9.446s] INFO:colcon.colcon_core.shell:Creating environment hook '/home/groep8/rs2_ws/install/hogpie_servo_control/share/hogpie_servo_control/hook/pythonpath.sh'
[9.448s] Level 1:colcon.colcon_core.environment:checking '/home/groep8/rs2_ws/install/hogpie_servo_control/bin'
[9.448s] Level 1:colcon.colcon_core.environment:create_environment_scripts_only(hogpie_servo_control)
[9.448s] INFO:colcon.colcon_core.shell:Creating package script '/home/groep8/rs2_ws/install/hogpie_servo_control/share/hogpie_servo_control/package.ps1'
[9.449s] INFO:colcon.colcon_core.shell:Creating package descriptor '/home/groep8/rs2_ws/install/hogpie_servo_control/share/hogpie_servo_control/package.dsv'
[9.450s] INFO:colcon.colcon_core.shell:Creating package script '/home/groep8/rs2_ws/install/hogpie_servo_control/share/hogpie_servo_control/package.sh'
[9.450s] INFO:colcon.colcon_core.shell:Creating package script '/home/groep8/rs2_ws/install/hogpie_servo_control/share/hogpie_servo_control/package.bash'
[9.451s] INFO:colcon.colcon_core.shell:Creating package script '/home/groep8/rs2_ws/install/hogpie_servo_control/share/hogpie_servo_control/package.zsh'
[9.451s] Level 1:colcon.colcon_core.environment:create_file_with_runtime_dependencies(/home/groep8/rs2_ws/install/hogpie_servo_control/share/colcon-core/packages/hogpie_servo_control)
[9.451s] DEBUG:colcon.colcon_parallel_executor.executor.parallel:closing loop
[9.452s] DEBUG:colcon.colcon_parallel_executor.executor.parallel:loop closed
[9.452s] DEBUG:colcon.colcon_parallel_executor.executor.parallel:run_until_complete finished with '0'
[9.452s] DEBUG:colcon.colcon_core.event_reactor:joining thread
[9.469s] INFO:colcon.colcon_core.plugin_system:Skipping extension 'colcon_notification.desktop_notification.terminal_notifier': Not used on non-Darwin systems
[9.469s] INFO:colcon.colcon_core.plugin_system:Skipping extension 'colcon_notification.desktop_notification.win32': Not used on non-Windows systems
[9.470s] INFO:colcon.colcon_notification.desktop_notification:Sending desktop notification using 'notify2'
[9.513s] DEBUG:colcon.colcon_core.event_reactor:joined thread
[9.514s] INFO:colcon.colcon_core.shell:Creating prefix script '/home/groep8/rs2_ws/install/local_setup.ps1'
[9.516s] INFO:colcon.colcon_core.shell:Creating prefix util module '/home/groep8/rs2_ws/install/_local_setup_util_ps1.py'
[9.517s] INFO:colcon.colcon_core.shell:Creating prefix chain script '/home/groep8/rs2_ws/install/setup.ps1'
[9.521s] INFO:colcon.colcon_core.shell:Creating prefix script '/home/groep8/rs2_ws/install/local_setup.sh'
[9.523s] INFO:colcon.colcon_core.shell:Creating prefix util module '/home/groep8/rs2_ws/install/_local_setup_util_sh.py'
[9.524s] INFO:colcon.colcon_core.shell:Creating prefix chain script '/home/groep8/rs2_ws/install/setup.sh'
[9.527s] INFO:colcon.colcon_core.shell:Creating prefix script '/home/groep8/rs2_ws/install/local_setup.bash'
[9.528s] INFO:colcon.colcon_core.shell:Creating prefix chain script '/home/groep8/rs2_ws/install/setup.bash'
[9.532s] INFO:colcon.colcon_core.shell:Creating prefix script '/home/groep8/rs2_ws/install/local_setup.zsh'
[9.533s] INFO:colcon.colcon_core.shell:Creating prefix chain script '/home/groep8/rs2_ws/install/setup.zsh'
