[0.053s] Invoking command in '/home/groep8/rs2_ws/src/build/my_robot_description': CMAKE_PREFIX_PATH=${CMAKE_PREFIX_PATH}:/home/groep8/rs2_ws/install/test_pkg:/opt/ros/jazzy DEBUGINFOD_URLS=https://debuginfod.ubuntu.com /usr/bin/cmake --build /home/groep8/rs2_ws/src/build/my_robot_description -- -j4 -l4
[0.866s] Invoked command in '/home/groep8/rs2_ws/src/build/my_robot_description' returned '0': CMAKE_PREFIX_PATH=${CMAKE_PREFIX_PATH}:/home/groep8/rs2_ws/install/test_pkg:/opt/ros/jazzy DEBUGINFOD_URLS=https://debuginfod.ubuntu.com /usr/bin/cmake --build /home/groep8/rs2_ws/src/build/my_robot_description -- -j4 -l4
[0.887s] Invoking command in '/home/groep8/rs2_ws/src/build/my_robot_description': CMAKE_PREFIX_PATH=${CMAKE_PREFIX_PATH}:/home/groep8/rs2_ws/install/test_pkg:/opt/ros/jazzy DEBUGINFOD_URLS=https://debuginfod.ubuntu.com /usr/bin/cmake --install /home/groep8/rs2_ws/src/build/my_robot_description
[0.917s] -- Install configuration: ""
[0.918s] -- Up-to-date: /home/groep8/rs2_ws/src/install/my_robot_description/share/my_robot_description/launch
[0.918s] -- Up-to-date: /home/groep8/rs2_ws/src/install/my_robot_description/share/my_robot_description/launch/display.launch.py
[0.918s] -- Up-to-date: /home/groep8/rs2_ws/src/install/my_robot_description/share/my_robot_description/urdf
[0.919s] -- Up-to-date: /home/groep8/rs2_ws/src/install/my_robot_description/share/my_robot_description/urdf/robot.urdf
[0.919s] -- Up-to-date: /home/groep8/rs2_ws/src/install/my_robot_description/share/my_robot_description/urdf/robot.urdf.xacro
[0.919s] -- Up-to-date: /home/groep8/rs2_ws/src/install/my_robot_description/share/ament_index/resource_index/package_run_dependencies/my_robot_description
[0.919s] -- Up-to-date: /home/groep8/rs2_ws/src/install/my_robot_description/share/ament_index/resource_index/parent_prefix_path/my_robot_description
[0.919s] -- Up-to-date: /home/groep8/rs2_ws/src/install/my_robot_description/share/my_robot_description/environment/ament_prefix_path.sh
[0.919s] -- Up-to-date: /home/groep8/rs2_ws/src/install/my_robot_description/share/my_robot_description/environment/ament_prefix_path.dsv
[0.919s] -- Up-to-date: /home/groep8/rs2_ws/src/install/my_robot_description/share/my_robot_description/environment/path.sh
[0.919s] -- Up-to-date: /home/groep8/rs2_ws/src/install/my_robot_description/share/my_robot_description/environment/path.dsv
[0.920s] -- Up-to-date: /home/groep8/rs2_ws/src/install/my_robot_description/share/my_robot_description/local_setup.bash
[0.920s] -- Up-to-date: /home/groep8/rs2_ws/src/install/my_robot_description/share/my_robot_description/local_setup.sh
[0.920s] -- Up-to-date: /home/groep8/rs2_ws/src/install/my_robot_description/share/my_robot_description/local_setup.zsh
[0.920s] -- Up-to-date: /home/groep8/rs2_ws/src/install/my_robot_description/share/my_robot_description/local_setup.dsv
[0.921s] -- Up-to-date: /home/groep8/rs2_ws/src/install/my_robot_description/share/my_robot_description/package.dsv
[0.921s] -- Up-to-date: /home/groep8/rs2_ws/src/install/my_robot_description/share/ament_index/resource_index/packages/my_robot_description
[0.921s] -- Up-to-date: /home/groep8/rs2_ws/src/install/my_robot_description/share/my_robot_description/cmake/my_robot_descriptionConfig.cmake
[0.921s] -- Up-to-date: /home/groep8/rs2_ws/src/install/my_robot_description/share/my_robot_description/cmake/my_robot_descriptionConfig-version.cmake
[0.922s] -- Up-to-date: /home/groep8/rs2_ws/src/install/my_robot_description/share/my_robot_description/package.xml
[0.927s] Invoked command in '/home/groep8/rs2_ws/src/build/my_robot_description' returned '0': CMAKE_PREFIX_PATH=${CMAKE_PREFIX_PATH}:/home/groep8/rs2_ws/install/test_pkg:/opt/ros/jazzy DEBUGINFOD_URLS=https://debuginfod.ubuntu.com /usr/bin/cmake --install /home/groep8/rs2_ws/src/build/my_robot_description
