[2.417s] Invoking command in '/home/groep8/rs2_ws/src/hogpie_servo_control': DEBUGINFOD_URLS=https://debuginfod.ubuntu.com PYTHONPATH=/home/groep8/rs2_ws/src/build/hogpie_servo_control/prefix_override:/usr/lib/python3/dist-packages/colcon_core/task/python/colcon_distutils_commands:/home/groep8/rs2_ws/src/install/hogpie_servo_control/lib/python3.12/site-packages:${PYTHONPATH} /usr/bin/python3 -W ignore:setup.py install is deprecated -W ignore:easy_install command is deprecated setup.py egg_info --egg-base ../build/hogpie_servo_control build --build-base /home/groep8/rs2_ws/src/build/hogpie_servo_control/build install --record /home/groep8/rs2_ws/src/build/hogpie_servo_control/install.log --single-version-externally-managed install_data
[3.031s] running egg_info
[3.073s] writing ../build/hogpie_servo_control/hogpie_servo_control.egg-info/PKG-INFO
[3.075s] writing dependency_links to ../build/hogpie_servo_control/hogpie_servo_control.egg-info/dependency_links.txt
[3.078s] writing entry points to ../build/hogpie_servo_control/hogpie_servo_control.egg-info/entry_points.txt
[3.079s] writing requirements to ../build/hogpie_servo_control/hogpie_servo_control.egg-info/requires.txt
[3.080s] writing top-level names to ../build/hogpie_servo_control/hogpie_servo_control.egg-info/top_level.txt
[3.157s] reading manifest file '../build/hogpie_servo_control/hogpie_servo_control.egg-info/SOURCES.txt'
[3.158s] writing manifest file '../build/hogpie_servo_control/hogpie_servo_control.egg-info/SOURCES.txt'
[3.159s] running build
[3.159s] running build_py
[3.159s] running install
[3.172s] running install_lib
[3.210s] running install_data
[3.210s] copying package.xml -> /home/groep8/rs2_ws/src/install/hogpie_servo_control/share/hogpie_servo_control
[3.211s] running install_egg_info
[3.265s] removing '/home/groep8/rs2_ws/src/install/hogpie_servo_control/lib/python3.12/site-packages/hogpie_servo_control-0.0.0-py3.12.egg-info' (and everything under it)
[3.270s] Copying ../build/hogpie_servo_control/hogpie_servo_control.egg-info to /home/groep8/rs2_ws/src/install/hogpie_servo_control/lib/python3.12/site-packages/hogpie_servo_control-0.0.0-py3.12.egg-info
[3.272s] running install_scripts
[3.656s] Installing ax12_driver script to /home/groep8/rs2_ws/src/install/hogpie_servo_control/lib/hogpie_servo_control
[3.659s] writing list of installed files to '/home/groep8/rs2_ws/src/build/hogpie_servo_control/install.log'
[3.846s] Invoked command in '/home/groep8/rs2_ws/src/hogpie_servo_control' returned '0': DEBUGINFOD_URLS=https://debuginfod.ubuntu.com PYTHONPATH=/home/groep8/rs2_ws/src/build/hogpie_servo_control/prefix_override:/usr/lib/python3/dist-packages/colcon_core/task/python/colcon_distutils_commands:/home/groep8/rs2_ws/src/install/hogpie_servo_control/lib/python3.12/site-packages:${PYTHONPATH} /usr/bin/python3 -W ignore:setup.py install is deprecated -W ignore:easy_install command is deprecated setup.py egg_info --egg-base ../build/hogpie_servo_control build --build-base /home/groep8/rs2_ws/src/build/hogpie_servo_control/build install --record /home/groep8/rs2_ws/src/build/hogpie_servo_control/install.log --single-version-externally-managed install_data
