running egg_info
creating ../../build/hogpie_camera/aardbeien_detectie.egg-info
writing ../../build/hogpie_camera/aardbeien_detectie.egg-info/PKG-INFO
writing dependency_links to ../../build/hogpie_camera/aardbeien_detectie.egg-info/dependency_links.txt
writing entry points to ../../build/hogpie_camera/aardbeien_detectie.egg-info/entry_points.txt
writing requirements to ../../build/hogpie_camera/aardbeien_detectie.egg-info/requires.txt
writing top-level names to ../../build/hogpie_camera/aardbeien_detectie.egg-info/top_level.txt
writing manifest file '../../build/hogpie_camera/aardbeien_detectie.egg-info/SOURCES.txt'
reading manifest file '../../build/hogpie_camera/aardbeien_detectie.egg-info/SOURCES.txt'
writing manifest file '../../build/hogpie_camera/aardbeien_detectie.egg-info/SOURCES.txt'
running build
running build_py
creating /home/groep8/rs2_ws/build/hogpie_camera/build
creating /home/groep8/rs2_ws/build/hogpie_camera/build/lib
creating /home/groep8/rs2_ws/build/hogpie_camera/build/lib/hogpie_camera
copying hogpie_camera/__init__.py -> /home/groep8/rs2_ws/build/hogpie_camera/build/lib/hogpie_camera
copying hogpie_camera/strawberry_detection_node.py -> /home/groep8/rs2_ws/build/hogpie_camera/build/lib/hogpie_camera
running install
running install_lib
creating /home/groep8/rs2_ws/install/hogpie_camera/lib/python3.12/site-packages/hogpie_camera
copying /home/groep8/rs2_ws/build/hogpie_camera/build/lib/hogpie_camera/__init__.py -> /home/groep8/rs2_ws/install/hogpie_camera/lib/python3.12/site-packages/hogpie_camera
copying /home/groep8/rs2_ws/build/hogpie_camera/build/lib/hogpie_camera/strawberry_detection_node.py -> /home/groep8/rs2_ws/install/hogpie_camera/lib/python3.12/site-packages/hogpie_camera
byte-compiling /home/groep8/rs2_ws/install/hogpie_camera/lib/python3.12/site-packages/hogpie_camera/__init__.py to __init__.cpython-312.pyc
byte-compiling /home/groep8/rs2_ws/install/hogpie_camera/lib/python3.12/site-packages/hogpie_camera/strawberry_detection_node.py to strawberry_detection_node.cpython-312.pyc
running install_data
error: can't copy 'resource/aardbeien_detectie': doesn't exist or not a regular file
