[2.058s] Invoking command in '/home/groep8/rs2_ws/src/hogpie_servo_control': DEBUGINFOD_URLS=https://debuginfod.ubuntu.com PYTHONPATH=/home/groep8/rs2_ws/build/hogpie_servo_control/prefix_override:/usr/lib/python3/dist-packages/colcon_core/task/python/colcon_distutils_commands:/home/groep8/rs2_ws/install/hogpie_servo_control/lib/python3.12/site-packages:${PYTHONPATH} /usr/bin/python3 -W ignore:setup.py install is deprecated -W ignore:easy_install command is deprecated setup.py egg_info --egg-base ../../build/hogpie_servo_control build --build-base /home/groep8/rs2_ws/build/hogpie_servo_control/build install --record /home/groep8/rs2_ws/build/hogpie_servo_control/install.log --single-version-externally-managed install_data
[2.577s] running egg_info
[2.635s] writing ../../build/hogpie_servo_control/hogpie_servo_control.egg-info/PKG-INFO
[2.636s] writing dependency_links to ../../build/hogpie_servo_control/hogpie_servo_control.egg-info/dependency_links.txt
[2.639s] writing entry points to ../../build/hogpie_servo_control/hogpie_servo_control.egg-info/entry_points.txt
[2.640s] writing requirements to ../../build/hogpie_servo_control/hogpie_servo_control.egg-info/requires.txt
[2.640s] writing top-level names to ../../build/hogpie_servo_control/hogpie_servo_control.egg-info/top_level.txt
[2.702s] reading manifest file '../../build/hogpie_servo_control/hogpie_servo_control.egg-info/SOURCES.txt'
[2.703s] writing manifest file '../../build/hogpie_servo_control/hogpie_servo_control.egg-info/SOURCES.txt'
[2.704s] running build
[2.704s] running build_py
[2.705s] running install
[2.715s] running install_lib
[2.743s] running install_data
[2.743s] running install_egg_info
[2.787s] removing '/home/groep8/rs2_ws/install/hogpie_servo_control/lib/python3.12/site-packages/hogpie_servo_control-0.0.0-py3.12.egg-info' (and everything under it)
[2.788s] Copying ../../build/hogpie_servo_control/hogpie_servo_control.egg-info to /home/groep8/rs2_ws/install/hogpie_servo_control/lib/python3.12/site-packages/hogpie_servo_control-0.0.0-py3.12.egg-info
[2.791s] running install_scripts
[3.089s] Installing ax12_driver script to /home/groep8/rs2_ws/install/hogpie_servo_control/lib/hogpie_servo_control
[3.090s] writing list of installed files to '/home/groep8/rs2_ws/build/hogpie_servo_control/install.log'
[3.179s] Invoked command in '/home/groep8/rs2_ws/src/hogpie_servo_control' returned '0': DEBUGINFOD_URLS=https://debuginfod.ubuntu.com PYTHONPATH=/home/groep8/rs2_ws/build/hogpie_servo_control/prefix_override:/usr/lib/python3/dist-packages/colcon_core/task/python/colcon_distutils_commands:/home/groep8/rs2_ws/install/hogpie_servo_control/lib/python3.12/site-packages:${PYTHONPATH} /usr/bin/python3 -W ignore:setup.py install is deprecated -W ignore:easy_install command is deprecated setup.py egg_info --egg-base ../../build/hogpie_servo_control build --build-base /home/groep8/rs2_ws/build/hogpie_servo_control/build install --record /home/groep8/rs2_ws/build/hogpie_servo_control/install.log --single-version-externally-managed install_data
