[2.816s] Invoking command in '/home/groep8/rs2_ws/src/hogpie_arm_driver': DEBUGINFOD_URLS=https://debuginfod.ubuntu.com PYTHONPATH=/home/groep8/rs2_ws/src/build/hogpie_arm_driver/prefix_override:/usr/lib/python3/dist-packages/colcon_core/task/python/colcon_distutils_commands:/home/groep8/rs2_ws/src/install/hogpie_arm_driver/lib/python3.12/site-packages:${PYTHONPATH} /usr/bin/python3 -W ignore:setup.py install is deprecated -W ignore:easy_install command is deprecated setup.py egg_info --egg-base ../build/hogpie_arm_driver build --build-base /home/groep8/rs2_ws/src/build/hogpie_arm_driver/build install --record /home/groep8/rs2_ws/src/build/hogpie_arm_driver/install.log --single-version-externally-managed install_data
[3.348s] running egg_info
[3.395s] writing ../build/hogpie_arm_driver/hogpie_arm_driver.egg-info/PKG-INFO
[3.398s] writing dependency_links to ../build/hogpie_arm_driver/hogpie_arm_driver.egg-info/dependency_links.txt
[3.399s] writing entry points to ../build/hogpie_arm_driver/hogpie_arm_driver.egg-info/entry_points.txt
[3.401s] writing requirements to ../build/hogpie_arm_driver/hogpie_arm_driver.egg-info/requires.txt
[3.402s] writing top-level names to ../build/hogpie_arm_driver/hogpie_arm_driver.egg-info/top_level.txt
[3.509s] reading manifest file '../build/hogpie_arm_driver/hogpie_arm_driver.egg-info/SOURCES.txt'
[3.512s] writing manifest file '../build/hogpie_arm_driver/hogpie_arm_driver.egg-info/SOURCES.txt'
[3.514s] running build
[3.514s] running build_py
[3.515s] copying hogpie_arm_driver/fake_joint_state_publisher.py -> /home/groep8/rs2_ws/src/build/hogpie_arm_driver/build/lib/hogpie_arm_driver
[3.516s] running install
[3.537s] running install_lib
[3.626s] copying /home/groep8/rs2_ws/src/build/hogpie_arm_driver/build/lib/hogpie_arm_driver/fake_joint_state_publisher.py -> /home/groep8/rs2_ws/src/install/hogpie_arm_driver/lib/python3.12/site-packages/hogpie_arm_driver
[3.635s] byte-compiling /home/groep8/rs2_ws/src/install/hogpie_arm_driver/lib/python3.12/site-packages/hogpie_arm_driver/fake_joint_state_publisher.py to fake_joint_state_publisher.cpython-312.pyc
[3.637s] running install_data
[3.640s] running install_egg_info
[3.709s] removing '/home/groep8/rs2_ws/src/install/hogpie_arm_driver/lib/python3.12/site-packages/hogpie_arm_driver-0.0.0-py3.12.egg-info' (and everything under it)
[3.716s] Copying ../build/hogpie_arm_driver/hogpie_arm_driver.egg-info to /home/groep8/rs2_ws/src/install/hogpie_arm_driver/lib/python3.12/site-packages/hogpie_arm_driver-0.0.0-py3.12.egg-info
[3.722s] running install_scripts
[4.131s] Installing fake_joint_state_publisher script to /home/groep8/rs2_ws/src/install/hogpie_arm_driver/lib/hogpie_arm_driver
[4.131s] Installing trajectory_server script to /home/groep8/rs2_ws/src/install/hogpie_arm_driver/lib/hogpie_arm_driver
[4.133s] writing list of installed files to '/home/groep8/rs2_ws/src/build/hogpie_arm_driver/install.log'
