[0.198s] DEBUG:colcon:Command line arguments: ['/usr/bin/colcon', 'build']
[0.198s] DEBUG:colcon:Parsed command line arguments: Namespace(log_base=None, log_level=None, verb_name='build', build_base='build', install_base='install', merge_install=False, symlink_install=False, test_result_base=None, continue_on_error=False, executor='parallel', parallel_workers=4, event_handlers=None, ignore_user_meta=False, metas=['./colcon.meta'], base_paths=['.'], packages_ignore=None, packages_ignore_regex=None, paths=None, packages_up_to=None, packages_up_to_regex=None, packages_above=None, packages_above_and_dependencies=None, packages_above_depth=None, packages_select_by_dep=None, packages_skip_by_dep=None, packages_skip_up_to=None, packages_select_build_failed=False, packages_skip_build_finished=False, packages_select_test_failures=False, packages_skip_test_passed=False, packages_select=None, packages_skip=None, packages_select_regex=None, packages_skip_regex=None, packages_start=None, packages_end=None, allow_overriding=[], cmake_args=None, cmake_target=None, cmake_target_skip_unavailable=False, cmake_clean_cache=False, cmake_clean_first=False, cmake_force_configure=False, ament_cmake_args=None, catkin_cmake_args=None, catkin_skip_building_tests=False, mixin_files=None, mixin=None, verb_parser=<colcon_mixin.mixin.mixin_argument.MixinArgumentDecorator object at 0xffff962092e0>, verb_extension=<colcon_core.verb.build.BuildVerb object at 0xffff963cda00>, main=<bound method BuildVerb.main of <colcon_core.verb.build.BuildVerb object at 0xffff963cda00>>, mixin_verb=('build',))
[0.270s] Level 1:colcon.colcon_core.package_discovery:discover_packages(colcon_meta) check parameters
[0.270s] Level 1:colcon.colcon_core.package_discovery:discover_packages(recursive) check parameters
[0.271s] Level 1:colcon.colcon_core.package_discovery:discover_packages(ignore) check parameters
[0.271s] Level 1:colcon.colcon_core.package_discovery:discover_packages(path) check parameters
[0.271s] Level 1:colcon.colcon_core.package_discovery:discover_packages(colcon_meta) discover
[0.271s] Level 1:colcon.colcon_core.package_discovery:discover_packages(recursive) discover
[0.271s] INFO:colcon.colcon_core.package_discovery:Crawling recursively for packages in '/home/groep8/rs2_ws'
[0.271s] Level 1:colcon.colcon_core.package_identification:_identify(.) by extensions ['ignore', 'ignore_ament_install']
[0.271s] Level 1:colcon.colcon_core.package_identification:_identify(.) by extension 'ignore'
[0.271s] Level 1:colcon.colcon_core.package_identification:_identify(.) by extension 'ignore_ament_install'
[0.271s] Level 1:colcon.colcon_core.package_identification:_identify(.) by extensions ['colcon_pkg']
[0.271s] Level 1:colcon.colcon_core.package_identification:_identify(.) by extension 'colcon_pkg'
[0.271s] Level 1:colcon.colcon_core.package_identification:_identify(.) by extensions ['colcon_meta']
[0.271s] Level 1:colcon.colcon_core.package_identification:_identify(.) by extension 'colcon_meta'
[0.271s] Level 1:colcon.colcon_core.package_identification:_identify(.) by extensions ['ros']
[0.272s] Level 1:colcon.colcon_core.package_identification:_identify(.) by extension 'ros'
[0.317s] Level 1:colcon.colcon_core.package_identification:_identify(.) by extensions ['cmake', 'python']
[0.317s] Level 1:colcon.colcon_core.package_identification:_identify(.) by extension 'cmake'
[0.317s] Level 1:colcon.colcon_core.package_identification:_identify(.) by extension 'python'
[0.317s] Level 1:colcon.colcon_core.package_identification:_identify(.) by extensions ['python_setup_py']
[0.317s] Level 1:colcon.colcon_core.package_identification:_identify(.) by extension 'python_setup_py'
[0.318s] Level 1:colcon.colcon_core.package_identification:_identify(build) by extensions ['ignore', 'ignore_ament_install']
[0.318s] Level 1:colcon.colcon_core.package_identification:_identify(build) by extension 'ignore'
[0.318s] Level 1:colcon.colcon_core.package_identification:_identify(build) ignored
[0.318s] Level 1:colcon.colcon_core.package_identification:_identify(install) by extensions ['ignore', 'ignore_ament_install']
[0.318s] Level 1:colcon.colcon_core.package_identification:_identify(install) by extension 'ignore'
[0.318s] Level 1:colcon.colcon_core.package_identification:_identify(install) ignored
[0.318s] Level 1:colcon.colcon_core.package_identification:_identify(log) by extensions ['ignore', 'ignore_ament_install']
[0.319s] Level 1:colcon.colcon_core.package_identification:_identify(log) by extension 'ignore'
[0.319s] Level 1:colcon.colcon_core.package_identification:_identify(log) ignored
[0.319s] Level 1:colcon.colcon_core.package_identification:_identify(src) by extensions ['ignore', 'ignore_ament_install']
[0.319s] Level 1:colcon.colcon_core.package_identification:_identify(src) by extension 'ignore'
[0.319s] Level 1:colcon.colcon_core.package_identification:_identify(src) by extension 'ignore_ament_install'
[0.319s] Level 1:colcon.colcon_core.package_identification:_identify(src) by extensions ['colcon_pkg']
[0.319s] Level 1:colcon.colcon_core.package_identification:_identify(src) by extension 'colcon_pkg'
[0.319s] Level 1:colcon.colcon_core.package_identification:_identify(src) by extensions ['colcon_meta']
[0.319s] Level 1:colcon.colcon_core.package_identification:_identify(src) by extension 'colcon_meta'
[0.319s] Level 1:colcon.colcon_core.package_identification:_identify(src) by extensions ['ros']
[0.319s] Level 1:colcon.colcon_core.package_identification:_identify(src) by extension 'ros'
[0.319s] Level 1:colcon.colcon_core.package_identification:_identify(src) by extensions ['cmake', 'python']
[0.319s] Level 1:colcon.colcon_core.package_identification:_identify(src) by extension 'cmake'
[0.319s] Level 1:colcon.colcon_core.package_identification:_identify(src) by extension 'python'
[0.319s] Level 1:colcon.colcon_core.package_identification:_identify(src) by extensions ['python_setup_py']
[0.319s] Level 1:colcon.colcon_core.package_identification:_identify(src) by extension 'python_setup_py'
[0.319s] Level 1:colcon.colcon_core.package_identification:_identify(src/aardbeien_detectie) by extensions ['ignore', 'ignore_ament_install']
[0.320s] Level 1:colcon.colcon_core.package_identification:_identify(src/aardbeien_detectie) by extension 'ignore'
[0.320s] Level 1:colcon.colcon_core.package_identification:_identify(src/aardbeien_detectie) by extension 'ignore_ament_install'
[0.320s] Level 1:colcon.colcon_core.package_identification:_identify(src/aardbeien_detectie) by extensions ['colcon_pkg']
[0.320s] Level 1:colcon.colcon_core.package_identification:_identify(src/aardbeien_detectie) by extension 'colcon_pkg'
[0.320s] Level 1:colcon.colcon_core.package_identification:_identify(src/aardbeien_detectie) by extensions ['colcon_meta']
[0.320s] Level 1:colcon.colcon_core.package_identification:_identify(src/aardbeien_detectie) by extension 'colcon_meta'
[0.320s] Level 1:colcon.colcon_core.package_identification:_identify(src/aardbeien_detectie) by extensions ['ros']
[0.320s] Level 1:colcon.colcon_core.package_identification:_identify(src/aardbeien_detectie) by extension 'ros'
[0.323s] DEBUG:colcon.colcon_core.package_identification:Package 'src/aardbeien_detectie' with type 'ros.ament_python' and name 'aardbeien_detectie'
[0.324s] Level 1:colcon.colcon_core.package_identification:_identify(src/build) by extensions ['ignore', 'ignore_ament_install']
[0.324s] Level 1:colcon.colcon_core.package_identification:_identify(src/build) by extension 'ignore'
[0.324s] Level 1:colcon.colcon_core.package_identification:_identify(src/build) ignored
[0.324s] Level 1:colcon.colcon_core.package_identification:_identify(src/hogpie_arm_description) by extensions ['ignore', 'ignore_ament_install']
[0.324s] Level 1:colcon.colcon_core.package_identification:_identify(src/hogpie_arm_description) by extension 'ignore'
[0.324s] Level 1:colcon.colcon_core.package_identification:_identify(src/hogpie_arm_description) by extension 'ignore_ament_install'
[0.324s] Level 1:colcon.colcon_core.package_identification:_identify(src/hogpie_arm_description) by extensions ['colcon_pkg']
[0.324s] Level 1:colcon.colcon_core.package_identification:_identify(src/hogpie_arm_description) by extension 'colcon_pkg'
[0.325s] Level 1:colcon.colcon_core.package_identification:_identify(src/hogpie_arm_description) by extensions ['colcon_meta']
[0.325s] Level 1:colcon.colcon_core.package_identification:_identify(src/hogpie_arm_description) by extension 'colcon_meta'
[0.325s] Level 1:colcon.colcon_core.package_identification:_identify(src/hogpie_arm_description) by extensions ['ros']
[0.325s] Level 1:colcon.colcon_core.package_identification:_identify(src/hogpie_arm_description) by extension 'ros'
[0.326s] DEBUG:colcon.colcon_core.package_identification:Package 'src/hogpie_arm_description' with type 'ros.ament_python' and name 'hogpie_arm_description'
[0.326s] Level 1:colcon.colcon_core.package_identification:_identify(src/hogpie_arm_driver) by extensions ['ignore', 'ignore_ament_install']
[0.326s] Level 1:colcon.colcon_core.package_identification:_identify(src/hogpie_arm_driver) by extension 'ignore'
[0.326s] Level 1:colcon.colcon_core.package_identification:_identify(src/hogpie_arm_driver) by extension 'ignore_ament_install'
[0.326s] Level 1:colcon.colcon_core.package_identification:_identify(src/hogpie_arm_driver) by extensions ['colcon_pkg']
[0.326s] Level 1:colcon.colcon_core.package_identification:_identify(src/hogpie_arm_driver) by extension 'colcon_pkg'
[0.326s] Level 1:colcon.colcon_core.package_identification:_identify(src/hogpie_arm_driver) by extensions ['colcon_meta']
[0.326s] Level 1:colcon.colcon_core.package_identification:_identify(src/hogpie_arm_driver) by extension 'colcon_meta'
[0.326s] Level 1:colcon.colcon_core.package_identification:_identify(src/hogpie_arm_driver) by extensions ['ros']
[0.326s] Level 1:colcon.colcon_core.package_identification:_identify(src/hogpie_arm_driver) by extension 'ros'
[0.328s] DEBUG:colcon.colcon_core.package_identification:Package 'src/hogpie_arm_driver' with type 'ros.ament_python' and name 'hogpie_arm_driver'
[0.328s] Level 1:colcon.colcon_core.package_identification:_identify(src/hogpie_arm_moveit_config) by extensions ['ignore', 'ignore_ament_install']
[0.328s] Level 1:colcon.colcon_core.package_identification:_identify(src/hogpie_arm_moveit_config) by extension 'ignore'
[0.328s] Level 1:colcon.colcon_core.package_identification:_identify(src/hogpie_arm_moveit_config) by extension 'ignore_ament_install'
[0.328s] Level 1:colcon.colcon_core.package_identification:_identify(src/hogpie_arm_moveit_config) by extensions ['colcon_pkg']
[0.328s] Level 1:colcon.colcon_core.package_identification:_identify(src/hogpie_arm_moveit_config) by extension 'colcon_pkg'
[0.328s] Level 1:colcon.colcon_core.package_identification:_identify(src/hogpie_arm_moveit_config) by extensions ['colcon_meta']
[0.328s] Level 1:colcon.colcon_core.package_identification:_identify(src/hogpie_arm_moveit_config) by extension 'colcon_meta'
[0.328s] Level 1:colcon.colcon_core.package_identification:_identify(src/hogpie_arm_moveit_config) by extensions ['ros']
[0.329s] Level 1:colcon.colcon_core.package_identification:_identify(src/hogpie_arm_moveit_config) by extension 'ros'
[0.330s] DEBUG:colcon.colcon_core.package_identification:Package 'src/hogpie_arm_moveit_config' with type 'ros.ament_cmake' and name 'hogpie_arm_moveit_config'
[0.330s] Level 1:colcon.colcon_core.package_identification:_identify(src/hogpie_controller_sensors) by extensions ['ignore', 'ignore_ament_install']
[0.330s] Level 1:colcon.colcon_core.package_identification:_identify(src/hogpie_controller_sensors) by extension 'ignore'
[0.331s] Level 1:colcon.colcon_core.package_identification:_identify(src/hogpie_controller_sensors) by extension 'ignore_ament_install'
[0.331s] Level 1:colcon.colcon_core.package_identification:_identify(src/hogpie_controller_sensors) by extensions ['colcon_pkg']
[0.331s] Level 1:colcon.colcon_core.package_identification:_identify(src/hogpie_controller_sensors) by extension 'colcon_pkg'
[0.331s] Level 1:colcon.colcon_core.package_identification:_identify(src/hogpie_controller_sensors) by extensions ['colcon_meta']
[0.331s] Level 1:colcon.colcon_core.package_identification:_identify(src/hogpie_controller_sensors) by extension 'colcon_meta'
[0.331s] Level 1:colcon.colcon_core.package_identification:_identify(src/hogpie_controller_sensors) by extensions ['ros']
[0.331s] Level 1:colcon.colcon_core.package_identification:_identify(src/hogpie_controller_sensors) by extension 'ros'
[0.332s] DEBUG:colcon.colcon_core.package_identification:Package 'src/hogpie_controller_sensors' with type 'ros.ament_python' and name 'hogpie_controller_sensors'
[0.332s] Level 1:colcon.colcon_core.package_identification:_identify(src/hogpie_servo_control) by extensions ['ignore', 'ignore_ament_install']
[0.332s] Level 1:colcon.colcon_core.package_identification:_identify(src/hogpie_servo_control) by extension 'ignore'
[0.332s] Level 1:colcon.colcon_core.package_identification:_identify(src/hogpie_servo_control) by extension 'ignore_ament_install'
[0.332s] Level 1:colcon.colcon_core.package_identification:_identify(src/hogpie_servo_control) by extensions ['colcon_pkg']
[0.332s] Level 1:colcon.colcon_core.package_identification:_identify(src/hogpie_servo_control) by extension 'colcon_pkg'
[0.332s] Level 1:colcon.colcon_core.package_identification:_identify(src/hogpie_servo_control) by extensions ['colcon_meta']
[0.332s] Level 1:colcon.colcon_core.package_identification:_identify(src/hogpie_servo_control) by extension 'colcon_meta'
[0.332s] Level 1:colcon.colcon_core.package_identification:_identify(src/hogpie_servo_control) by extensions ['ros']
[0.332s] Level 1:colcon.colcon_core.package_identification:_identify(src/hogpie_servo_control) by extension 'ros'
[0.333s] DEBUG:colcon.colcon_core.package_identification:Package 'src/hogpie_servo_control' with type 'ros.ament_python' and name 'hogpie_servo_control'
[0.333s] Level 1:colcon.colcon_core.package_identification:_identify(src/install) by extensions ['ignore', 'ignore_ament_install']
[0.333s] Level 1:colcon.colcon_core.package_identification:_identify(src/install) by extension 'ignore'
[0.333s] Level 1:colcon.colcon_core.package_identification:_identify(src/install) ignored
[0.333s] Level 1:colcon.colcon_core.package_identification:_identify(src/log) by extensions ['ignore', 'ignore_ament_install']
[0.333s] Level 1:colcon.colcon_core.package_identification:_identify(src/log) by extension 'ignore'
[0.333s] Level 1:colcon.colcon_core.package_identification:_identify(src/log) ignored
[0.333s] Level 1:colcon.colcon_core.package_identification:_identify(src/my_robot_description) by extensions ['ignore', 'ignore_ament_install']
[0.333s] Level 1:colcon.colcon_core.package_identification:_identify(src/my_robot_description) by extension 'ignore'
[0.334s] Level 1:colcon.colcon_core.package_identification:_identify(src/my_robot_description) by extension 'ignore_ament_install'
[0.334s] Level 1:colcon.colcon_core.package_identification:_identify(src/my_robot_description) by extensions ['colcon_pkg']
[0.334s] Level 1:colcon.colcon_core.package_identification:_identify(src/my_robot_description) by extension 'colcon_pkg'
[0.334s] Level 1:colcon.colcon_core.package_identification:_identify(src/my_robot_description) by extensions ['colcon_meta']
[0.334s] Level 1:colcon.colcon_core.package_identification:_identify(src/my_robot_description) by extension 'colcon_meta'
[0.334s] Level 1:colcon.colcon_core.package_identification:_identify(src/my_robot_description) by extensions ['ros']
[0.334s] Level 1:colcon.colcon_core.package_identification:_identify(src/my_robot_description) by extension 'ros'
[0.334s] DEBUG:colcon.colcon_core.package_identification:Package 'src/my_robot_description' with type 'ros.ament_cmake' and name 'my_robot_description'
[0.334s] Level 1:colcon.colcon_core.package_identification:_identify(src/planar_arm_moveit_config) by extensions ['ignore', 'ignore_ament_install']
[0.334s] Level 1:colcon.colcon_core.package_identification:_identify(src/planar_arm_moveit_config) by extension 'ignore'
[0.335s] Level 1:colcon.colcon_core.package_identification:_identify(src/planar_arm_moveit_config) by extension 'ignore_ament_install'
[0.335s] Level 1:colcon.colcon_core.package_identification:_identify(src/planar_arm_moveit_config) by extensions ['colcon_pkg']
[0.335s] Level 1:colcon.colcon_core.package_identification:_identify(src/planar_arm_moveit_config) by extension 'colcon_pkg'
[0.335s] Level 1:colcon.colcon_core.package_identification:_identify(src/planar_arm_moveit_config) by extensions ['colcon_meta']
[0.335s] Level 1:colcon.colcon_core.package_identification:_identify(src/planar_arm_moveit_config) by extension 'colcon_meta'
[0.335s] Level 1:colcon.colcon_core.package_identification:_identify(src/planar_arm_moveit_config) by extensions ['ros']
[0.335s] Level 1:colcon.colcon_core.package_identification:_identify(src/planar_arm_moveit_config) by extension 'ros'
[0.336s] DEBUG:colcon.colcon_core.package_identification:Package 'src/planar_arm_moveit_config' with type 'ros.ament_cmake' and name 'planar_arm_moveit_config'
[0.336s] Level 1:colcon.colcon_core.package_discovery:discover_packages(recursive) using defaults
[0.336s] Level 1:colcon.colcon_core.package_discovery:discover_packages(ignore) discover
[0.336s] Level 1:colcon.colcon_core.package_discovery:discover_packages(ignore) using defaults
[0.336s] Level 1:colcon.colcon_core.package_discovery:discover_packages(path) discover
[0.336s] Level 1:colcon.colcon_core.package_discovery:discover_packages(path) using defaults
[0.370s] Level 1:colcon.colcon_core.package_discovery:discover_packages(prefix_path) check parameters
[0.371s] Level 1:colcon.colcon_core.package_discovery:discover_packages(prefix_path) discover
[0.374s] DEBUG:colcon.colcon_installed_package_information.package_discovery:Found 9 installed packages in /home/groep8/rs2_ws/install
[0.374s] DEBUG:colcon.colcon_installed_package_information.package_discovery:Found 3 installed packages in /home/groep8/dxl_ws/install
[0.377s] DEBUG:colcon.colcon_installed_package_information.package_discovery:Found 388 installed packages in /opt/ros/jazzy
[0.378s] Level 1:colcon.colcon_core.package_discovery:discover_packages(prefix_path) using defaults
[0.464s] Level 5:colcon.colcon_core.verb:set package 'aardbeien_detectie' build argument 'cmake_args' from command line to 'None'
[0.464s] Level 5:colcon.colcon_core.verb:set package 'aardbeien_detectie' build argument 'cmake_target' from command line to 'None'
[0.465s] Level 5:colcon.colcon_core.verb:set package 'aardbeien_detectie' build argument 'cmake_target_skip_unavailable' from command line to 'False'
[0.465s] Level 5:colcon.colcon_core.verb:set package 'aardbeien_detectie' build argument 'cmake_clean_cache' from command line to 'False'
[0.465s] Level 5:colcon.colcon_core.verb:set package 'aardbeien_detectie' build argument 'cmake_clean_first' from command line to 'False'
[0.465s] Level 5:colcon.colcon_core.verb:set package 'aardbeien_detectie' build argument 'cmake_force_configure' from command line to 'False'
[0.465s] Level 5:colcon.colcon_core.verb:set package 'aardbeien_detectie' build argument 'ament_cmake_args' from command line to 'None'
[0.465s] Level 5:colcon.colcon_core.verb:set package 'aardbeien_detectie' build argument 'catkin_cmake_args' from command line to 'None'
[0.465s] Level 5:colcon.colcon_core.verb:set package 'aardbeien_detectie' build argument 'catkin_skip_building_tests' from command line to 'False'
[0.465s] DEBUG:colcon.colcon_core.verb:Building package 'aardbeien_detectie' with the following arguments: {'ament_cmake_args': None, 'build_base': '/home/groep8/rs2_ws/build/aardbeien_detectie', 'catkin_cmake_args': None, 'catkin_skip_building_tests': False, 'cmake_args': None, 'cmake_clean_cache': False, 'cmake_clean_first': False, 'cmake_force_configure': False, 'cmake_target': None, 'cmake_target_skip_unavailable': False, 'install_base': '/home/groep8/rs2_ws/install/aardbeien_detectie', 'merge_install': False, 'path': '/home/groep8/rs2_ws/src/aardbeien_detectie', 'symlink_install': False, 'test_result_base': None}
[0.465s] Level 5:colcon.colcon_core.verb:set package 'hogpie_arm_description' build argument 'cmake_args' from command line to 'None'
[0.465s] Level 5:colcon.colcon_core.verb:set package 'hogpie_arm_description' build argument 'cmake_target' from command line to 'None'
[0.465s] Level 5:colcon.colcon_core.verb:set package 'hogpie_arm_description' build argument 'cmake_target_skip_unavailable' from command line to 'False'
[0.465s] Level 5:colcon.colcon_core.verb:set package 'hogpie_arm_description' build argument 'cmake_clean_cache' from command line to 'False'
[0.465s] Level 5:colcon.colcon_core.verb:set package 'hogpie_arm_description' build argument 'cmake_clean_first' from command line to 'False'
[0.465s] Level 5:colcon.colcon_core.verb:set package 'hogpie_arm_description' build argument 'cmake_force_configure' from command line to 'False'
[0.465s] Level 5:colcon.colcon_core.verb:set package 'hogpie_arm_description' build argument 'ament_cmake_args' from command line to 'None'
[0.466s] Level 5:colcon.colcon_core.verb:set package 'hogpie_arm_description' build argument 'catkin_cmake_args' from command line to 'None'
[0.466s] Level 5:colcon.colcon_core.verb:set package 'hogpie_arm_description' build argument 'catkin_skip_building_tests' from command line to 'False'
[0.466s] DEBUG:colcon.colcon_core.verb:Building package 'hogpie_arm_description' with the following arguments: {'ament_cmake_args': None, 'build_base': '/home/groep8/rs2_ws/build/hogpie_arm_description', 'catkin_cmake_args': None, 'catkin_skip_building_tests': False, 'cmake_args': None, 'cmake_clean_cache': False, 'cmake_clean_first': False, 'cmake_force_configure': False, 'cmake_target': None, 'cmake_target_skip_unavailable': False, 'install_base': '/home/groep8/rs2_ws/install/hogpie_arm_description', 'merge_install': False, 'path': '/home/groep8/rs2_ws/src/hogpie_arm_description', 'symlink_install': False, 'test_result_base': None}
[0.466s] Level 5:colcon.colcon_core.verb:set package 'hogpie_arm_driver' build argument 'cmake_args' from command line to 'None'
[0.466s] Level 5:colcon.colcon_core.verb:set package 'hogpie_arm_driver' build argument 'cmake_target' from command line to 'None'
[0.466s] Level 5:colcon.colcon_core.verb:set package 'hogpie_arm_driver' build argument 'cmake_target_skip_unavailable' from command line to 'False'
[0.466s] Level 5:colcon.colcon_core.verb:set package 'hogpie_arm_driver' build argument 'cmake_clean_cache' from command line to 'False'
[0.466s] Level 5:colcon.colcon_core.verb:set package 'hogpie_arm_driver' build argument 'cmake_clean_first' from command line to 'False'
[0.466s] Level 5:colcon.colcon_core.verb:set package 'hogpie_arm_driver' build argument 'cmake_force_configure' from command line to 'False'
[0.466s] Level 5:colcon.colcon_core.verb:set package 'hogpie_arm_driver' build argument 'ament_cmake_args' from command line to 'None'
[0.466s] Level 5:colcon.colcon_core.verb:set package 'hogpie_arm_driver' build argument 'catkin_cmake_args' from command line to 'None'
[0.466s] Level 5:colcon.colcon_core.verb:set package 'hogpie_arm_driver' build argument 'catkin_skip_building_tests' from command line to 'False'
[0.466s] DEBUG:colcon.colcon_core.verb:Building package 'hogpie_arm_driver' with the following arguments: {'ament_cmake_args': None, 'build_base': '/home/groep8/rs2_ws/build/hogpie_arm_driver', 'catkin_cmake_args': None, 'catkin_skip_building_tests': False, 'cmake_args': None, 'cmake_clean_cache': False, 'cmake_clean_first': False, 'cmake_force_configure': False, 'cmake_target': None, 'cmake_target_skip_unavailable': False, 'install_base': '/home/groep8/rs2_ws/install/hogpie_arm_driver', 'merge_install': False, 'path': '/home/groep8/rs2_ws/src/hogpie_arm_driver', 'symlink_install': False, 'test_result_base': None}
[0.466s] Level 5:colcon.colcon_core.verb:set package 'hogpie_controller_sensors' build argument 'cmake_args' from command line to 'None'
[0.466s] Level 5:colcon.colcon_core.verb:set package 'hogpie_controller_sensors' build argument 'cmake_target' from command line to 'None'
[0.467s] Level 5:colcon.colcon_core.verb:set package 'hogpie_controller_sensors' build argument 'cmake_target_skip_unavailable' from command line to 'False'
[0.467s] Level 5:colcon.colcon_core.verb:set package 'hogpie_controller_sensors' build argument 'cmake_clean_cache' from command line to 'False'
[0.467s] Level 5:colcon.colcon_core.verb:set package 'hogpie_controller_sensors' build argument 'cmake_clean_first' from command line to 'False'
[0.467s] Level 5:colcon.colcon_core.verb:set package 'hogpie_controller_sensors' build argument 'cmake_force_configure' from command line to 'False'
[0.467s] Level 5:colcon.colcon_core.verb:set package 'hogpie_controller_sensors' build argument 'ament_cmake_args' from command line to 'None'
[0.467s] Level 5:colcon.colcon_core.verb:set package 'hogpie_controller_sensors' build argument 'catkin_cmake_args' from command line to 'None'
[0.467s] Level 5:colcon.colcon_core.verb:set package 'hogpie_controller_sensors' build argument 'catkin_skip_building_tests' from command line to 'False'
[0.467s] DEBUG:colcon.colcon_core.verb:Building package 'hogpie_controller_sensors' with the following arguments: {'ament_cmake_args': None, 'build_base': '/home/groep8/rs2_ws/build/hogpie_controller_sensors', 'catkin_cmake_args': None, 'catkin_skip_building_tests': False, 'cmake_args': None, 'cmake_clean_cache': False, 'cmake_clean_first': False, 'cmake_force_configure': False, 'cmake_target': None, 'cmake_target_skip_unavailable': False, 'install_base': '/home/groep8/rs2_ws/install/hogpie_controller_sensors', 'merge_install': False, 'path': '/home/groep8/rs2_ws/src/hogpie_controller_sensors', 'symlink_install': False, 'test_result_base': None}
[0.467s] Level 5:colcon.colcon_core.verb:set package 'hogpie_servo_control' build argument 'cmake_args' from command line to 'None'
[0.467s] Level 5:colcon.colcon_core.verb:set package 'hogpie_servo_control' build argument 'cmake_target' from command line to 'None'
[0.467s] Level 5:colcon.colcon_core.verb:set package 'hogpie_servo_control' build argument 'cmake_target_skip_unavailable' from command line to 'False'
[0.467s] Level 5:colcon.colcon_core.verb:set package 'hogpie_servo_control' build argument 'cmake_clean_cache' from command line to 'False'
[0.467s] Level 5:colcon.colcon_core.verb:set package 'hogpie_servo_control' build argument 'cmake_clean_first' from command line to 'False'
[0.467s] Level 5:colcon.colcon_core.verb:set package 'hogpie_servo_control' build argument 'cmake_force_configure' from command line to 'False'
[0.467s] Level 5:colcon.colcon_core.verb:set package 'hogpie_servo_control' build argument 'ament_cmake_args' from command line to 'None'
[0.467s] Level 5:colcon.colcon_core.verb:set package 'hogpie_servo_control' build argument 'catkin_cmake_args' from command line to 'None'
[0.467s] Level 5:colcon.colcon_core.verb:set package 'hogpie_servo_control' build argument 'catkin_skip_building_tests' from command line to 'False'
[0.467s] DEBUG:colcon.colcon_core.verb:Building package 'hogpie_servo_control' with the following arguments: {'ament_cmake_args': None, 'build_base': '/home/groep8/rs2_ws/build/hogpie_servo_control', 'catkin_cmake_args': None, 'catkin_skip_building_tests': False, 'cmake_args': None, 'cmake_clean_cache': False, 'cmake_clean_first': False, 'cmake_force_configure': False, 'cmake_target': None, 'cmake_target_skip_unavailable': False, 'install_base': '/home/groep8/rs2_ws/install/hogpie_servo_control', 'merge_install': False, 'path': '/home/groep8/rs2_ws/src/hogpie_servo_control', 'symlink_install': False, 'test_result_base': None}
[0.468s] Level 5:colcon.colcon_core.verb:set package 'my_robot_description' build argument 'cmake_args' from command line to 'None'
[0.468s] Level 5:colcon.colcon_core.verb:set package 'my_robot_description' build argument 'cmake_target' from command line to 'None'
[0.468s] Level 5:colcon.colcon_core.verb:set package 'my_robot_description' build argument 'cmake_target_skip_unavailable' from command line to 'False'
[0.468s] Level 5:colcon.colcon_core.verb:set package 'my_robot_description' build argument 'cmake_clean_cache' from command line to 'False'
[0.468s] Level 5:colcon.colcon_core.verb:set package 'my_robot_description' build argument 'cmake_clean_first' from command line to 'False'
[0.468s] Level 5:colcon.colcon_core.verb:set package 'my_robot_description' build argument 'cmake_force_configure' from command line to 'False'
[0.468s] Level 5:colcon.colcon_core.verb:set package 'my_robot_description' build argument 'ament_cmake_args' from command line to 'None'
[0.468s] Level 5:colcon.colcon_core.verb:set package 'my_robot_description' build argument 'catkin_cmake_args' from command line to 'None'
[0.468s] Level 5:colcon.colcon_core.verb:set package 'my_robot_description' build argument 'catkin_skip_building_tests' from command line to 'False'
[0.468s] DEBUG:colcon.colcon_core.verb:Building package 'my_robot_description' with the following arguments: {'ament_cmake_args': None, 'build_base': '/home/groep8/rs2_ws/build/my_robot_description', 'catkin_cmake_args': None, 'catkin_skip_building_tests': False, 'cmake_args': None, 'cmake_clean_cache': False, 'cmake_clean_first': False, 'cmake_force_configure': False, 'cmake_target': None, 'cmake_target_skip_unavailable': False, 'install_base': '/home/groep8/rs2_ws/install/my_robot_description', 'merge_install': False, 'path': '/home/groep8/rs2_ws/src/my_robot_description', 'symlink_install': False, 'test_result_base': None}
[0.468s] Level 5:colcon.colcon_core.verb:set package 'hogpie_arm_moveit_config' build argument 'cmake_args' from command line to 'None'
[0.468s] Level 5:colcon.colcon_core.verb:set package 'hogpie_arm_moveit_config' build argument 'cmake_target' from command line to 'None'
[0.468s] Level 5:colcon.colcon_core.verb:set package 'hogpie_arm_moveit_config' build argument 'cmake_target_skip_unavailable' from command line to 'False'
[0.468s] Level 5:colcon.colcon_core.verb:set package 'hogpie_arm_moveit_config' build argument 'cmake_clean_cache' from command line to 'False'
[0.468s] Level 5:colcon.colcon_core.verb:set package 'hogpie_arm_moveit_config' build argument 'cmake_clean_first' from command line to 'False'
[0.468s] Level 5:colcon.colcon_core.verb:set package 'hogpie_arm_moveit_config' build argument 'cmake_force_configure' from command line to 'False'
[0.468s] Level 5:colcon.colcon_core.verb:set package 'hogpie_arm_moveit_config' build argument 'ament_cmake_args' from command line to 'None'
[0.468s] Level 5:colcon.colcon_core.verb:set package 'hogpie_arm_moveit_config' build argument 'catkin_cmake_args' from command line to 'None'
[0.468s] Level 5:colcon.colcon_core.verb:set package 'hogpie_arm_moveit_config' build argument 'catkin_skip_building_tests' from command line to 'False'
[0.468s] DEBUG:colcon.colcon_core.verb:Building package 'hogpie_arm_moveit_config' with the following arguments: {'ament_cmake_args': None, 'build_base': '/home/groep8/rs2_ws/build/hogpie_arm_moveit_config', 'catkin_cmake_args': None, 'catkin_skip_building_tests': False, 'cmake_args': None, 'cmake_clean_cache': False, 'cmake_clean_first': False, 'cmake_force_configure': False, 'cmake_target': None, 'cmake_target_skip_unavailable': False, 'install_base': '/home/groep8/rs2_ws/install/hogpie_arm_moveit_config', 'merge_install': False, 'path': '/home/groep8/rs2_ws/src/hogpie_arm_moveit_config', 'symlink_install': False, 'test_result_base': None}
[0.469s] Level 5:colcon.colcon_core.verb:set package 'planar_arm_moveit_config' build argument 'cmake_args' from command line to 'None'
[0.469s] Level 5:colcon.colcon_core.verb:set package 'planar_arm_moveit_config' build argument 'cmake_target' from command line to 'None'
[0.469s] Level 5:colcon.colcon_core.verb:set package 'planar_arm_moveit_config' build argument 'cmake_target_skip_unavailable' from command line to 'False'
[0.469s] Level 5:colcon.colcon_core.verb:set package 'planar_arm_moveit_config' build argument 'cmake_clean_cache' from command line to 'False'
[0.469s] Level 5:colcon.colcon_core.verb:set package 'planar_arm_moveit_config' build argument 'cmake_clean_first' from command line to 'False'
[0.469s] Level 5:colcon.colcon_core.verb:set package 'planar_arm_moveit_config' build argument 'cmake_force_configure' from command line to 'False'
[0.469s] Level 5:colcon.colcon_core.verb:set package 'planar_arm_moveit_config' build argument 'ament_cmake_args' from command line to 'None'
[0.469s] Level 5:colcon.colcon_core.verb:set package 'planar_arm_moveit_config' build argument 'catkin_cmake_args' from command line to 'None'
[0.469s] Level 5:colcon.colcon_core.verb:set package 'planar_arm_moveit_config' build argument 'catkin_skip_building_tests' from command line to 'False'
[0.469s] DEBUG:colcon.colcon_core.verb:Building package 'planar_arm_moveit_config' with the following arguments: {'ament_cmake_args': None, 'build_base': '/home/groep8/rs2_ws/build/planar_arm_moveit_config', 'catkin_cmake_args': None, 'catkin_skip_building_tests': False, 'cmake_args': None, 'cmake_clean_cache': False, 'cmake_clean_first': False, 'cmake_force_configure': False, 'cmake_target': None, 'cmake_target_skip_unavailable': False, 'install_base': '/home/groep8/rs2_ws/install/planar_arm_moveit_config', 'merge_install': False, 'path': '/home/groep8/rs2_ws/src/planar_arm_moveit_config', 'symlink_install': False, 'test_result_base': None}
[0.469s] INFO:colcon.colcon_core.executor:Executing jobs using 'parallel' executor
[0.470s] DEBUG:colcon.colcon_parallel_executor.executor.parallel:run_until_complete
[0.471s] INFO:colcon.colcon_ros.task.ament_python.build:Building ROS package in '/home/groep8/rs2_ws/src/hogpie_arm_description' with build type 'ament_python'
[0.471s] Level 1:colcon.colcon_core.shell:create_environment_hook('hogpie_arm_description', 'ament_prefix_path')
[0.476s] INFO:colcon.colcon_core.plugin_system:Skipping extension 'colcon_core.shell.bat': Not used on non-Windows systems
[0.476s] INFO:colcon.colcon_core.shell:Creating environment hook '/home/groep8/rs2_ws/install/hogpie_arm_description/share/hogpie_arm_description/hook/ament_prefix_path.ps1'
[0.522s] INFO:colcon.colcon_core.shell:Creating environment descriptor '/home/groep8/rs2_ws/install/hogpie_arm_description/share/hogpie_arm_description/hook/ament_prefix_path.dsv'
[0.525s] INFO:colcon.colcon_core.shell:Creating environment hook '/home/groep8/rs2_ws/install/hogpie_arm_description/share/hogpie_arm_description/hook/ament_prefix_path.sh'
[0.528s] INFO:colcon.colcon_core.shell:Skip shell extension 'powershell' for command environment: Not usable outside of PowerShell
[0.528s] DEBUG:colcon.colcon_core.shell:Skip shell extension 'dsv' for command environment
[0.536s] INFO:colcon.colcon_ros.task.ament_cmake.build:Building ROS package in '/home/groep8/rs2_ws/src/my_robot_description' with build type 'ament_cmake'
[0.537s] INFO:colcon.colcon_cmake.task.cmake.build:Building CMake package in '/home/groep8/rs2_ws/src/my_robot_description'
[0.538s] INFO:colcon.colcon_core.shell:Skip shell extension 'powershell' for command environment: Not usable outside of PowerShell
[0.538s] DEBUG:colcon.colcon_core.shell:Skip shell extension 'dsv' for command environment
[0.550s] INFO:colcon.colcon_ros.task.ament_python.build:Building ROS package in '/home/groep8/rs2_ws/src/aardbeien_detectie' with build type 'ament_python'
[0.550s] Level 1:colcon.colcon_core.shell:create_environment_hook('aardbeien_detectie', 'ament_prefix_path')
[0.552s] INFO:colcon.colcon_core.shell:Creating environment hook '/home/groep8/rs2_ws/install/aardbeien_detectie/share/aardbeien_detectie/hook/ament_prefix_path.ps1'
[0.554s] INFO:colcon.colcon_core.shell:Creating environment descriptor '/home/groep8/rs2_ws/install/aardbeien_detectie/share/aardbeien_detectie/hook/ament_prefix_path.dsv'
[0.555s] INFO:colcon.colcon_core.shell:Creating environment hook '/home/groep8/rs2_ws/install/aardbeien_detectie/share/aardbeien_detectie/hook/ament_prefix_path.sh'
[0.556s] INFO:colcon.colcon_core.shell:Skip shell extension 'powershell' for command environment: Not usable outside of PowerShell
[0.556s] DEBUG:colcon.colcon_core.shell:Skip shell extension 'dsv' for command environment
[0.565s] INFO:colcon.colcon_ros.task.ament_python.build:Building ROS package in '/home/groep8/rs2_ws/src/hogpie_arm_driver' with build type 'ament_python'
[0.565s] Level 1:colcon.colcon_core.shell:create_environment_hook('hogpie_arm_driver', 'ament_prefix_path')
[0.566s] INFO:colcon.colcon_core.shell:Creating environment hook '/home/groep8/rs2_ws/install/hogpie_arm_driver/share/hogpie_arm_driver/hook/ament_prefix_path.ps1'
[0.567s] INFO:colcon.colcon_core.shell:Creating environment descriptor '/home/groep8/rs2_ws/install/hogpie_arm_driver/share/hogpie_arm_driver/hook/ament_prefix_path.dsv'
[0.569s] INFO:colcon.colcon_core.shell:Creating environment hook '/home/groep8/rs2_ws/install/hogpie_arm_driver/share/hogpie_arm_driver/hook/ament_prefix_path.sh'
[0.571s] INFO:colcon.colcon_core.shell:Skip shell extension 'powershell' for command environment: Not usable outside of PowerShell
[0.571s] DEBUG:colcon.colcon_core.shell:Skip shell extension 'dsv' for command environment
[1.276s] INFO:colcon.colcon_core.task.python.build:Building Python package in '/home/groep8/rs2_ws/src/hogpie_arm_description'
[1.280s] INFO:colcon.colcon_core.shell:Skip shell extension 'powershell' for command environment: Not usable outside of PowerShell
[1.280s] DEBUG:colcon.colcon_core.shell:Skip shell extension 'dsv' for command environment
[1.317s] DEBUG:colcon.colcon_core.event_handler.log_command:Invoking command in '/home/groep8/rs2_ws/build/my_robot_description': CMAKE_PREFIX_PATH=${CMAKE_PREFIX_PATH}:/home/groep8/rs2_ws/install/test_pkg:/home/groep8/rs2_ws/install/hogpie_servo_control:/home/groep8/rs2_ws/install/hogpie_controller_sensors:/home/groep8/rs2_ws/install/hogpie_arm_driver:/home/groep8/rs2_ws/install/hogpie_arm_description:/home/groep8/rs2_ws/install/aardbeien_detectie:/opt/ros/jazzy DEBUGINFOD_URLS=https://debuginfod.ubuntu.com /usr/bin/cmake --build /home/groep8/rs2_ws/build/my_robot_description -- -j4 -l4
[1.789s] INFO:colcon.colcon_core.task.python.build:Building Python package in '/home/groep8/rs2_ws/src/aardbeien_detectie'
[1.790s] INFO:colcon.colcon_core.shell:Skip shell extension 'powershell' for command environment: Not usable outside of PowerShell
[1.791s] DEBUG:colcon.colcon_core.shell:Skip shell extension 'dsv' for command environment
[1.807s] DEBUG:colcon.colcon_core.event_handler.log_command:Invoked command in '/home/groep8/rs2_ws/build/my_robot_description' returned '0': CMAKE_PREFIX_PATH=${CMAKE_PREFIX_PATH}:/home/groep8/rs2_ws/install/test_pkg:/home/groep8/rs2_ws/install/hogpie_servo_control:/home/groep8/rs2_ws/install/hogpie_controller_sensors:/home/groep8/rs2_ws/install/hogpie_arm_driver:/home/groep8/rs2_ws/install/hogpie_arm_description:/home/groep8/rs2_ws/install/aardbeien_detectie:/opt/ros/jazzy DEBUGINFOD_URLS=https://debuginfod.ubuntu.com /usr/bin/cmake --build /home/groep8/rs2_ws/build/my_robot_description -- -j4 -l4
[1.834s] DEBUG:colcon.colcon_core.event_handler.log_command:Invoking command in '/home/groep8/rs2_ws/build/my_robot_description': CMAKE_PREFIX_PATH=${CMAKE_PREFIX_PATH}:/home/groep8/rs2_ws/install/test_pkg:/home/groep8/rs2_ws/install/hogpie_servo_control:/home/groep8/rs2_ws/install/hogpie_controller_sensors:/home/groep8/rs2_ws/install/hogpie_arm_driver:/home/groep8/rs2_ws/install/hogpie_arm_description:/home/groep8/rs2_ws/install/aardbeien_detectie:/opt/ros/jazzy DEBUGINFOD_URLS=https://debuginfod.ubuntu.com /usr/bin/cmake --install /home/groep8/rs2_ws/build/my_robot_description
[2.280s] INFO:colcon.colcon_core.task.python.build:Building Python package in '/home/groep8/rs2_ws/src/hogpie_arm_driver'
[2.281s] INFO:colcon.colcon_core.shell:Skip shell extension 'powershell' for command environment: Not usable outside of PowerShell
[2.281s] DEBUG:colcon.colcon_core.shell:Skip shell extension 'dsv' for command environment
[2.314s] Level 1:colcon.colcon_core.environment:create_environment_scripts_only(my_robot_description)
[2.316s] DEBUG:colcon.colcon_core.event_handler.log_command:Invoked command in '/home/groep8/rs2_ws/build/my_robot_description' returned '0': CMAKE_PREFIX_PATH=${CMAKE_PREFIX_PATH}:/home/groep8/rs2_ws/install/test_pkg:/home/groep8/rs2_ws/install/hogpie_servo_control:/home/groep8/rs2_ws/install/hogpie_controller_sensors:/home/groep8/rs2_ws/install/hogpie_arm_driver:/home/groep8/rs2_ws/install/hogpie_arm_description:/home/groep8/rs2_ws/install/aardbeien_detectie:/opt/ros/jazzy DEBUGINFOD_URLS=https://debuginfod.ubuntu.com /usr/bin/cmake --install /home/groep8/rs2_ws/build/my_robot_description
[2.322s] Level 1:colcon.colcon_core.environment:checking '/home/groep8/rs2_ws/install/my_robot_description' for CMake module files
[2.324s] Level 1:colcon.colcon_core.environment:checking '/home/groep8/rs2_ws/install/my_robot_description' for CMake config files
[2.326s] Level 1:colcon.colcon_core.shell:create_environment_hook('my_robot_description', 'cmake_prefix_path')
[2.327s] INFO:colcon.colcon_core.shell:Creating environment hook '/home/groep8/rs2_ws/install/my_robot_description/share/my_robot_description/hook/cmake_prefix_path.ps1'
[2.335s] INFO:colcon.colcon_core.shell:Creating environment descriptor '/home/groep8/rs2_ws/install/my_robot_description/share/my_robot_description/hook/cmake_prefix_path.dsv'
[2.340s] INFO:colcon.colcon_core.shell:Creating environment hook '/home/groep8/rs2_ws/install/my_robot_description/share/my_robot_description/hook/cmake_prefix_path.sh'
[2.348s] Level 1:colcon.colcon_core.environment:checking '/home/groep8/rs2_ws/install/my_robot_description/bin'
[2.348s] Level 1:colcon.colcon_core.environment:checking '/home/groep8/rs2_ws/install/my_robot_description/lib/pkgconfig/my_robot_description.pc'
[2.350s] Level 1:colcon.colcon_core.environment:checking '/home/groep8/rs2_ws/install/my_robot_description/lib/python3.12/site-packages'
[2.351s] Level 1:colcon.colcon_core.environment:checking '/home/groep8/rs2_ws/install/my_robot_description/bin'
[2.352s] INFO:colcon.colcon_core.shell:Creating package script '/home/groep8/rs2_ws/install/my_robot_description/share/my_robot_description/package.ps1'
[2.357s] INFO:colcon.colcon_core.shell:Creating package descriptor '/home/groep8/rs2_ws/install/my_robot_description/share/my_robot_description/package.dsv'
[2.364s] INFO:colcon.colcon_core.shell:Creating package script '/home/groep8/rs2_ws/install/my_robot_description/share/my_robot_description/package.sh'
[2.369s] INFO:colcon.colcon_core.shell:Creating package script '/home/groep8/rs2_ws/install/my_robot_description/share/my_robot_description/package.bash'
[2.372s] INFO:colcon.colcon_core.shell:Creating package script '/home/groep8/rs2_ws/install/my_robot_description/share/my_robot_description/package.zsh'
[2.374s] Level 1:colcon.colcon_core.environment:create_file_with_runtime_dependencies(/home/groep8/rs2_ws/install/my_robot_description/share/colcon-core/packages/my_robot_description)
[2.377s] Level 1:colcon.colcon_core.environment:create_environment_scripts_only(my_robot_description)
[2.379s] Level 1:colcon.colcon_core.environment:checking '/home/groep8/rs2_ws/install/my_robot_description' for CMake module files
[2.382s] Level 1:colcon.colcon_core.environment:checking '/home/groep8/rs2_ws/install/my_robot_description' for CMake config files
[2.383s] Level 1:colcon.colcon_core.shell:create_environment_hook('my_robot_description', 'cmake_prefix_path')
[2.384s] INFO:colcon.colcon_core.shell:Creating environment hook '/home/groep8/rs2_ws/install/my_robot_description/share/my_robot_description/hook/cmake_prefix_path.ps1'
[2.386s] INFO:colcon.colcon_core.shell:Creating environment descriptor '/home/groep8/rs2_ws/install/my_robot_description/share/my_robot_description/hook/cmake_prefix_path.dsv'
[2.388s] INFO:colcon.colcon_core.shell:Creating environment hook '/home/groep8/rs2_ws/install/my_robot_description/share/my_robot_description/hook/cmake_prefix_path.sh'
[2.392s] Level 1:colcon.colcon_core.environment:checking '/home/groep8/rs2_ws/install/my_robot_description/bin'
[2.392s] Level 1:colcon.colcon_core.environment:checking '/home/groep8/rs2_ws/install/my_robot_description/lib/pkgconfig/my_robot_description.pc'
[2.395s] Level 1:colcon.colcon_core.environment:checking '/home/groep8/rs2_ws/install/my_robot_description/lib/python3.12/site-packages'
[2.397s] Level 1:colcon.colcon_core.environment:checking '/home/groep8/rs2_ws/install/my_robot_description/bin'
[2.398s] INFO:colcon.colcon_core.shell:Creating package script '/home/groep8/rs2_ws/install/my_robot_description/share/my_robot_description/package.ps1'
[2.408s] INFO:colcon.colcon_core.shell:Creating package descriptor '/home/groep8/rs2_ws/install/my_robot_description/share/my_robot_description/package.dsv'
[2.410s] INFO:colcon.colcon_core.shell:Creating package script '/home/groep8/rs2_ws/install/my_robot_description/share/my_robot_description/package.sh'
[2.414s] INFO:colcon.colcon_core.shell:Creating package script '/home/groep8/rs2_ws/install/my_robot_description/share/my_robot_description/package.bash'
[2.416s] INFO:colcon.colcon_core.shell:Creating package script '/home/groep8/rs2_ws/install/my_robot_description/share/my_robot_description/package.zsh'
[2.418s] Level 1:colcon.colcon_core.environment:create_file_with_runtime_dependencies(/home/groep8/rs2_ws/install/my_robot_description/share/colcon-core/packages/my_robot_description)
[2.420s] INFO:colcon.colcon_ros.task.ament_python.build:Building ROS package in '/home/groep8/rs2_ws/src/hogpie_controller_sensors' with build type 'ament_python'
[2.420s] Level 1:colcon.colcon_core.shell:create_environment_hook('hogpie_controller_sensors', 'ament_prefix_path')
[2.421s] INFO:colcon.colcon_core.shell:Creating environment hook '/home/groep8/rs2_ws/install/hogpie_controller_sensors/share/hogpie_controller_sensors/hook/ament_prefix_path.ps1'
[2.424s] INFO:colcon.colcon_core.shell:Creating environment descriptor '/home/groep8/rs2_ws/install/hogpie_controller_sensors/share/hogpie_controller_sensors/hook/ament_prefix_path.dsv'
[2.428s] INFO:colcon.colcon_core.shell:Creating environment hook '/home/groep8/rs2_ws/install/hogpie_controller_sensors/share/hogpie_controller_sensors/hook/ament_prefix_path.sh'
[2.433s] INFO:colcon.colcon_core.shell:Skip shell extension 'powershell' for command environment: Not usable outside of PowerShell
[2.434s] DEBUG:colcon.colcon_core.shell:Skip shell extension 'dsv' for command environment
[3.474s] INFO:colcon.colcon_core.task.python.build:Building Python package in '/home/groep8/rs2_ws/src/hogpie_controller_sensors'
[3.475s] INFO:colcon.colcon_core.shell:Skip shell extension 'powershell' for command environment: Not usable outside of PowerShell
[3.475s] DEBUG:colcon.colcon_core.shell:Skip shell extension 'dsv' for command environment
[4.221s] DEBUG:colcon.colcon_core.event_handler.log_command:Invoking command in '/home/groep8/rs2_ws/src/hogpie_arm_driver': DEBUGINFOD_URLS=https://debuginfod.ubuntu.com PYTHONPATH=/home/groep8/rs2_ws/build/hogpie_arm_driver/prefix_override:/usr/lib/python3/dist-packages/colcon_core/task/python/colcon_distutils_commands:/home/groep8/rs2_ws/install/hogpie_arm_driver/lib/python3.12/site-packages:${PYTHONPATH} /usr/bin/python3 -W ignore:setup.py install is deprecated -W ignore:easy_install command is deprecated setup.py egg_info --egg-base ../../build/hogpie_arm_driver build --build-base /home/groep8/rs2_ws/build/hogpie_arm_driver/build install --record /home/groep8/rs2_ws/build/hogpie_arm_driver/install.log --single-version-externally-managed install_data
[4.295s] DEBUG:colcon.colcon_core.event_handler.log_command:Invoking command in '/home/groep8/rs2_ws/src/aardbeien_detectie': DEBUGINFOD_URLS=https://debuginfod.ubuntu.com PYTHONPATH=/home/groep8/rs2_ws/build/aardbeien_detectie/prefix_override:/usr/lib/python3/dist-packages/colcon_core/task/python/colcon_distutils_commands:/home/groep8/rs2_ws/install/aardbeien_detectie/lib/python3.12/site-packages:${PYTHONPATH} /usr/bin/python3 -W ignore:setup.py install is deprecated -W ignore:easy_install command is deprecated setup.py egg_info --egg-base ../../build/aardbeien_detectie build --build-base /home/groep8/rs2_ws/build/aardbeien_detectie/build install --record /home/groep8/rs2_ws/build/aardbeien_detectie/install.log --single-version-externally-managed install_data
[4.351s] DEBUG:colcon.colcon_core.event_handler.log_command:Invoking command in '/home/groep8/rs2_ws/src/hogpie_arm_description': DEBUGINFOD_URLS=https://debuginfod.ubuntu.com PYTHONPATH=/home/groep8/rs2_ws/build/hogpie_arm_description/prefix_override:/usr/lib/python3/dist-packages/colcon_core/task/python/colcon_distutils_commands:/home/groep8/rs2_ws/install/hogpie_arm_description/lib/python3.12/site-packages:${PYTHONPATH} /usr/bin/python3 -W ignore:setup.py install is deprecated -W ignore:easy_install command is deprecated setup.py egg_info --egg-base ../../build/hogpie_arm_description build --build-base /home/groep8/rs2_ws/build/hogpie_arm_description/build install --record /home/groep8/rs2_ws/build/hogpie_arm_description/install.log --single-version-externally-managed install_data
[5.504s] DEBUG:colcon.colcon_core.event_handler.log_command:Invoking command in '/home/groep8/rs2_ws/src/hogpie_controller_sensors': DEBUGINFOD_URLS=https://debuginfod.ubuntu.com PYTHONPATH=/home/groep8/rs2_ws/build/hogpie_controller_sensors/prefix_override:/usr/lib/python3/dist-packages/colcon_core/task/python/colcon_distutils_commands:/home/groep8/rs2_ws/install/hogpie_controller_sensors/lib/python3.12/site-packages:${PYTHONPATH} /usr/bin/python3 -W ignore:setup.py install is deprecated -W ignore:easy_install command is deprecated setup.py egg_info --egg-base ../../build/hogpie_controller_sensors build --build-base /home/groep8/rs2_ws/build/hogpie_controller_sensors/build install --record /home/groep8/rs2_ws/build/hogpie_controller_sensors/install.log --single-version-externally-managed install_data
[6.238s] Level 1:colcon.colcon_core.environment:checking '/home/groep8/rs2_ws/install/hogpie_arm_description' for CMake module files
[6.240s] DEBUG:colcon.colcon_core.event_handler.log_command:Invoked command in '/home/groep8/rs2_ws/src/hogpie_arm_description' returned '0': DEBUGINFOD_URLS=https://debuginfod.ubuntu.com PYTHONPATH=/home/groep8/rs2_ws/build/hogpie_arm_description/prefix_override:/usr/lib/python3/dist-packages/colcon_core/task/python/colcon_distutils_commands:/home/groep8/rs2_ws/install/hogpie_arm_description/lib/python3.12/site-packages:${PYTHONPATH} /usr/bin/python3 -W ignore:setup.py install is deprecated -W ignore:easy_install command is deprecated setup.py egg_info --egg-base ../../build/hogpie_arm_description build --build-base /home/groep8/rs2_ws/build/hogpie_arm_description/build install --record /home/groep8/rs2_ws/build/hogpie_arm_description/install.log --single-version-externally-managed install_data
[6.242s] Level 1:colcon.colcon_core.environment:checking '/home/groep8/rs2_ws/install/hogpie_arm_description' for CMake config files
[6.244s] Level 1:colcon.colcon_core.environment:checking '/home/groep8/rs2_ws/install/hogpie_arm_description/lib'
[6.245s] Level 1:colcon.colcon_core.environment:checking '/home/groep8/rs2_ws/install/hogpie_arm_description/bin'
[6.245s] Level 1:colcon.colcon_core.environment:checking '/home/groep8/rs2_ws/install/hogpie_arm_description/lib/pkgconfig/hogpie_arm_description.pc'
[6.246s] Level 1:colcon.colcon_core.environment:checking '/home/groep8/rs2_ws/install/hogpie_arm_description/lib/python3.12/site-packages'
[6.247s] Level 1:colcon.colcon_core.shell:create_environment_hook('hogpie_arm_description', 'pythonpath')
[6.248s] INFO:colcon.colcon_core.shell:Creating environment hook '/home/groep8/rs2_ws/install/hogpie_arm_description/share/hogpie_arm_description/hook/pythonpath.ps1'
[6.249s] INFO:colcon.colcon_core.shell:Creating environment descriptor '/home/groep8/rs2_ws/install/hogpie_arm_description/share/hogpie_arm_description/hook/pythonpath.dsv'
[6.253s] INFO:colcon.colcon_core.shell:Creating environment hook '/home/groep8/rs2_ws/install/hogpie_arm_description/share/hogpie_arm_description/hook/pythonpath.sh'
[6.257s] Level 1:colcon.colcon_core.environment:checking '/home/groep8/rs2_ws/install/hogpie_arm_description/bin'
[6.257s] Level 1:colcon.colcon_core.environment:create_environment_scripts_only(hogpie_arm_description)
[6.259s] INFO:colcon.colcon_core.shell:Creating package script '/home/groep8/rs2_ws/install/hogpie_arm_description/share/hogpie_arm_description/package.ps1'
[6.269s] INFO:colcon.colcon_core.shell:Creating package descriptor '/home/groep8/rs2_ws/install/hogpie_arm_description/share/hogpie_arm_description/package.dsv'
[6.277s] INFO:colcon.colcon_core.shell:Creating package script '/home/groep8/rs2_ws/install/hogpie_arm_description/share/hogpie_arm_description/package.sh'
[6.283s] INFO:colcon.colcon_core.shell:Creating package script '/home/groep8/rs2_ws/install/hogpie_arm_description/share/hogpie_arm_description/package.bash'
[6.284s] INFO:colcon.colcon_core.shell:Creating package script '/home/groep8/rs2_ws/install/hogpie_arm_description/share/hogpie_arm_description/package.zsh'
[6.285s] Level 1:colcon.colcon_core.environment:create_file_with_runtime_dependencies(/home/groep8/rs2_ws/install/hogpie_arm_description/share/colcon-core/packages/hogpie_arm_description)
[6.288s] INFO:colcon.colcon_ros.task.ament_python.build:Building ROS package in '/home/groep8/rs2_ws/src/hogpie_servo_control' with build type 'ament_python'
[6.289s] Level 1:colcon.colcon_core.shell:create_environment_hook('hogpie_servo_control', 'ament_prefix_path')
[6.293s] INFO:colcon.colcon_core.shell:Creating environment hook '/home/groep8/rs2_ws/install/hogpie_servo_control/share/hogpie_servo_control/hook/ament_prefix_path.ps1'
[6.295s] INFO:colcon.colcon_core.shell:Creating environment descriptor '/home/groep8/rs2_ws/install/hogpie_servo_control/share/hogpie_servo_control/hook/ament_prefix_path.dsv'
[6.299s] INFO:colcon.colcon_core.shell:Creating environment hook '/home/groep8/rs2_ws/install/hogpie_servo_control/share/hogpie_servo_control/hook/ament_prefix_path.sh'
[6.302s] INFO:colcon.colcon_core.shell:Skip shell extension 'powershell' for command environment: Not usable outside of PowerShell
[6.302s] DEBUG:colcon.colcon_core.shell:Skip shell extension 'dsv' for command environment
[6.320s] Level 1:colcon.colcon_core.environment:checking '/home/groep8/rs2_ws/install/aardbeien_detectie' for CMake module files
[6.321s] Level 1:colcon.colcon_core.environment:checking '/home/groep8/rs2_ws/install/aardbeien_detectie' for CMake config files
[6.322s] DEBUG:colcon.colcon_core.event_handler.log_command:Invoked command in '/home/groep8/rs2_ws/src/aardbeien_detectie' returned '0': DEBUGINFOD_URLS=https://debuginfod.ubuntu.com PYTHONPATH=/home/groep8/rs2_ws/build/aardbeien_detectie/prefix_override:/usr/lib/python3/dist-packages/colcon_core/task/python/colcon_distutils_commands:/home/groep8/rs2_ws/install/aardbeien_detectie/lib/python3.12/site-packages:${PYTHONPATH} /usr/bin/python3 -W ignore:setup.py install is deprecated -W ignore:easy_install command is deprecated setup.py egg_info --egg-base ../../build/aardbeien_detectie build --build-base /home/groep8/rs2_ws/build/aardbeien_detectie/build install --record /home/groep8/rs2_ws/build/aardbeien_detectie/install.log --single-version-externally-managed install_data
[6.324s] Level 1:colcon.colcon_core.environment:checking '/home/groep8/rs2_ws/install/aardbeien_detectie/lib'
[6.324s] Level 1:colcon.colcon_core.environment:checking '/home/groep8/rs2_ws/install/aardbeien_detectie/bin'
[6.324s] Level 1:colcon.colcon_core.environment:checking '/home/groep8/rs2_ws/install/aardbeien_detectie/lib/pkgconfig/aardbeien_detectie.pc'
[6.325s] Level 1:colcon.colcon_core.environment:checking '/home/groep8/rs2_ws/install/aardbeien_detectie/lib/python3.12/site-packages'
[6.325s] Level 1:colcon.colcon_core.shell:create_environment_hook('aardbeien_detectie', 'pythonpath')
[6.326s] INFO:colcon.colcon_core.shell:Creating environment hook '/home/groep8/rs2_ws/install/aardbeien_detectie/share/aardbeien_detectie/hook/pythonpath.ps1'
[6.327s] INFO:colcon.colcon_core.shell:Creating environment descriptor '/home/groep8/rs2_ws/install/aardbeien_detectie/share/aardbeien_detectie/hook/pythonpath.dsv'
[6.328s] INFO:colcon.colcon_core.shell:Creating environment hook '/home/groep8/rs2_ws/install/aardbeien_detectie/share/aardbeien_detectie/hook/pythonpath.sh'
[6.329s] Level 1:colcon.colcon_core.environment:checking '/home/groep8/rs2_ws/install/aardbeien_detectie/bin'
[6.329s] Level 1:colcon.colcon_core.environment:create_environment_scripts_only(aardbeien_detectie)
[6.330s] INFO:colcon.colcon_core.shell:Creating package script '/home/groep8/rs2_ws/install/aardbeien_detectie/share/aardbeien_detectie/package.ps1'
[6.331s] INFO:colcon.colcon_core.shell:Creating package descriptor '/home/groep8/rs2_ws/install/aardbeien_detectie/share/aardbeien_detectie/package.dsv'
[6.332s] INFO:colcon.colcon_core.shell:Creating package script '/home/groep8/rs2_ws/install/aardbeien_detectie/share/aardbeien_detectie/package.sh'
[6.333s] INFO:colcon.colcon_core.shell:Creating package script '/home/groep8/rs2_ws/install/aardbeien_detectie/share/aardbeien_detectie/package.bash'
[6.334s] INFO:colcon.colcon_core.shell:Creating package script '/home/groep8/rs2_ws/install/aardbeien_detectie/share/aardbeien_detectie/package.zsh'
[6.334s] Level 1:colcon.colcon_core.environment:create_file_with_runtime_dependencies(/home/groep8/rs2_ws/install/aardbeien_detectie/share/colcon-core/packages/aardbeien_detectie)
[6.337s] INFO:colcon.colcon_ros.task.ament_cmake.build:Building ROS package in '/home/groep8/rs2_ws/src/hogpie_arm_moveit_config' with build type 'ament_cmake'
[6.337s] INFO:colcon.colcon_cmake.task.cmake.build:Building CMake package in '/home/groep8/rs2_ws/src/hogpie_arm_moveit_config'
[6.337s] INFO:colcon.colcon_core.shell:Skip shell extension 'powershell' for command environment: Not usable outside of PowerShell
[6.338s] DEBUG:colcon.colcon_core.shell:Skip shell extension 'dsv' for command environment
[6.879s] INFO:colcon.colcon_core.task.python.build:Building Python package in '/home/groep8/rs2_ws/src/hogpie_servo_control'
[6.880s] INFO:colcon.colcon_core.shell:Skip shell extension 'powershell' for command environment: Not usable outside of PowerShell
[6.880s] DEBUG:colcon.colcon_core.shell:Skip shell extension 'dsv' for command environment
[6.888s] Level 1:colcon.colcon_core.environment:checking '/home/groep8/rs2_ws/install/hogpie_arm_driver' for CMake module files
[6.893s] DEBUG:colcon.colcon_core.event_handler.log_command:Invoked command in '/home/groep8/rs2_ws/src/hogpie_arm_driver' returned '0': DEBUGINFOD_URLS=https://debuginfod.ubuntu.com PYTHONPATH=/home/groep8/rs2_ws/build/hogpie_arm_driver/prefix_override:/usr/lib/python3/dist-packages/colcon_core/task/python/colcon_distutils_commands:/home/groep8/rs2_ws/install/hogpie_arm_driver/lib/python3.12/site-packages:${PYTHONPATH} /usr/bin/python3 -W ignore:setup.py install is deprecated -W ignore:easy_install command is deprecated setup.py egg_info --egg-base ../../build/hogpie_arm_driver build --build-base /home/groep8/rs2_ws/build/hogpie_arm_driver/build install --record /home/groep8/rs2_ws/build/hogpie_arm_driver/install.log --single-version-externally-managed install_data
[6.896s] Level 1:colcon.colcon_core.environment:checking '/home/groep8/rs2_ws/install/hogpie_arm_driver' for CMake config files
[6.899s] Level 1:colcon.colcon_core.environment:checking '/home/groep8/rs2_ws/install/hogpie_arm_driver/lib'
[6.900s] Level 1:colcon.colcon_core.environment:checking '/home/groep8/rs2_ws/install/hogpie_arm_driver/bin'
[6.900s] Level 1:colcon.colcon_core.environment:checking '/home/groep8/rs2_ws/install/hogpie_arm_driver/lib/pkgconfig/hogpie_arm_driver.pc'
[6.900s] Level 1:colcon.colcon_core.environment:checking '/home/groep8/rs2_ws/install/hogpie_arm_driver/lib/python3.12/site-packages'
[6.901s] Level 1:colcon.colcon_core.shell:create_environment_hook('hogpie_arm_driver', 'pythonpath')
[6.901s] INFO:colcon.colcon_core.shell:Creating environment hook '/home/groep8/rs2_ws/install/hogpie_arm_driver/share/hogpie_arm_driver/hook/pythonpath.ps1'
[6.902s] INFO:colcon.colcon_core.shell:Creating environment descriptor '/home/groep8/rs2_ws/install/hogpie_arm_driver/share/hogpie_arm_driver/hook/pythonpath.dsv'
[6.903s] INFO:colcon.colcon_core.shell:Creating environment hook '/home/groep8/rs2_ws/install/hogpie_arm_driver/share/hogpie_arm_driver/hook/pythonpath.sh'
[6.904s] Level 1:colcon.colcon_core.environment:checking '/home/groep8/rs2_ws/install/hogpie_arm_driver/bin'
[6.904s] Level 1:colcon.colcon_core.environment:create_environment_scripts_only(hogpie_arm_driver)
[6.905s] INFO:colcon.colcon_core.shell:Creating package script '/home/groep8/rs2_ws/install/hogpie_arm_driver/share/hogpie_arm_driver/package.ps1'
[6.907s] INFO:colcon.colcon_core.shell:Creating package descriptor '/home/groep8/rs2_ws/install/hogpie_arm_driver/share/hogpie_arm_driver/package.dsv'
[6.908s] INFO:colcon.colcon_core.shell:Creating package script '/home/groep8/rs2_ws/install/hogpie_arm_driver/share/hogpie_arm_driver/package.sh'
[6.908s] INFO:colcon.colcon_core.shell:Creating package script '/home/groep8/rs2_ws/install/hogpie_arm_driver/share/hogpie_arm_driver/package.bash'
[6.909s] INFO:colcon.colcon_core.shell:Creating package script '/home/groep8/rs2_ws/install/hogpie_arm_driver/share/hogpie_arm_driver/package.zsh'
[6.909s] Level 1:colcon.colcon_core.environment:create_file_with_runtime_dependencies(/home/groep8/rs2_ws/install/hogpie_arm_driver/share/colcon-core/packages/hogpie_arm_driver)
[6.911s] INFO:colcon.colcon_ros.task.ament_cmake.build:Building ROS package in '/home/groep8/rs2_ws/src/planar_arm_moveit_config' with build type 'ament_cmake'
[6.912s] INFO:colcon.colcon_cmake.task.cmake.build:Building CMake package in '/home/groep8/rs2_ws/src/planar_arm_moveit_config'
[6.913s] INFO:colcon.colcon_core.shell:Skip shell extension 'powershell' for command environment: Not usable outside of PowerShell
[6.914s] DEBUG:colcon.colcon_core.shell:Skip shell extension 'dsv' for command environment
[6.940s] DEBUG:colcon.colcon_core.event_handler.log_command:Invoking command in '/home/groep8/rs2_ws/build/hogpie_arm_moveit_config': AMENT_PREFIX_PATH=/home/groep8/rs2_ws/install/hogpie_arm_description:/home/groep8/rs2_ws/install/test_pkg:/home/groep8/rs2_ws/install/planar_arm_moveit_config:/home/groep8/rs2_ws/install/my_robot_description:/home/groep8/rs2_ws/install/hogpie_servo_control:/home/groep8/rs2_ws/install/hogpie_controller_sensors:/home/groep8/rs2_ws/install/hogpie_arm_moveit_config:/home/groep8/rs2_ws/install/hogpie_arm_driver:/home/groep8/rs2_ws/install/aardbeien_detectie:/home/groep8/dxl_ws/install/dynamixel_sdk_examples:/home/groep8/dxl_ws/install/dynamixel_sdk_custom_interfaces:/home/groep8/dxl_ws/install/dynamixel_sdk:/opt/ros/jazzy CMAKE_PREFIX_PATH=${CMAKE_PREFIX_PATH}:/home/groep8/rs2_ws/install/test_pkg:/home/groep8/rs2_ws/install/hogpie_servo_control:/home/groep8/rs2_ws/install/hogpie_controller_sensors:/home/groep8/rs2_ws/install/hogpie_arm_driver:/home/groep8/rs2_ws/install/hogpie_arm_description:/home/groep8/rs2_ws/install/aardbeien_detectie:/opt/ros/jazzy DEBUGINFOD_URLS=https://debuginfod.ubuntu.com PYTHONPATH=/home/groep8/rs2_ws/install/hogpie_arm_description/lib/python3.12/site-packages:/home/groep8/rs2_ws/install/test_pkg/lib/python3.12/site-packages:/home/groep8/rs2_ws/install/hogpie_servo_control/lib/python3.12/site-packages:/home/groep8/rs2_ws/install/hogpie_controller_sensors/lib/python3.12/site-packages:/home/groep8/rs2_ws/install/hogpie_arm_driver/lib/python3.12/site-packages:/home/groep8/rs2_ws/install/aardbeien_detectie/lib/python3.12/site-packages:/home/groep8/dxl_ws/install/dynamixel_sdk_custom_interfaces/lib/python3.12/site-packages:/home/groep8/dxl_ws/install/dynamixel_sdk/lib/python3.12/site-packages:/opt/ros/jazzy/lib/python3.12/site-packages /usr/bin/cmake --build /home/groep8/rs2_ws/build/hogpie_arm_moveit_config -- -j4 -l4
[6.959s] DEBUG:colcon.colcon_core.event_handler.log_command:Invoking command in '/home/groep8/rs2_ws/build/planar_arm_moveit_config': CMAKE_PREFIX_PATH=/home/groep8/rs2_ws/install/my_robot_description:/home/groep8/rs2_ws/install/planar_arm_moveit_config:/home/groep8/rs2_ws/install/hogpie_arm_moveit_config:/home/groep8/dxl_ws/install/dynamixel_sdk_examples:/home/groep8/dxl_ws/install/dynamixel_sdk_custom_interfaces:/home/groep8/dxl_ws/install/dynamixel_sdk:/opt/ros/jazzy/opt/sdformat_vendor:/opt/ros/jazzy/opt/gz_math_vendor:/opt/ros/jazzy/opt/gz_utils_vendor:/opt/ros/jazzy/opt/gz_tools_vendor:/opt/ros/jazzy/opt/gz_cmake_vendor:/home/groep8/rs2_ws/install/test_pkg:/home/groep8/rs2_ws/install/hogpie_servo_control:/home/groep8/rs2_ws/install/hogpie_controller_sensors:/home/groep8/rs2_ws/install/hogpie_arm_driver:/home/groep8/rs2_ws/install/hogpie_arm_description:/home/groep8/rs2_ws/install/aardbeien_detectie:/opt/ros/jazzy DEBUGINFOD_URLS=https://debuginfod.ubuntu.com /usr/bin/cmake --build /home/groep8/rs2_ws/build/planar_arm_moveit_config -- -j4 -l4
[7.137s] DEBUG:colcon.colcon_core.event_handler.log_command:Invoked command in '/home/groep8/rs2_ws/build/hogpie_arm_moveit_config' returned '0': AMENT_PREFIX_PATH=/home/groep8/rs2_ws/install/hogpie_arm_description:/home/groep8/rs2_ws/install/test_pkg:/home/groep8/rs2_ws/install/planar_arm_moveit_config:/home/groep8/rs2_ws/install/my_robot_description:/home/groep8/rs2_ws/install/hogpie_servo_control:/home/groep8/rs2_ws/install/hogpie_controller_sensors:/home/groep8/rs2_ws/install/hogpie_arm_moveit_config:/home/groep8/rs2_ws/install/hogpie_arm_driver:/home/groep8/rs2_ws/install/aardbeien_detectie:/home/groep8/dxl_ws/install/dynamixel_sdk_examples:/home/groep8/dxl_ws/install/dynamixel_sdk_custom_interfaces:/home/groep8/dxl_ws/install/dynamixel_sdk:/opt/ros/jazzy CMAKE_PREFIX_PATH=${CMAKE_PREFIX_PATH}:/home/groep8/rs2_ws/install/test_pkg:/home/groep8/rs2_ws/install/hogpie_servo_control:/home/groep8/rs2_ws/install/hogpie_controller_sensors:/home/groep8/rs2_ws/install/hogpie_arm_driver:/home/groep8/rs2_ws/install/hogpie_arm_description:/home/groep8/rs2_ws/install/aardbeien_detectie:/opt/ros/jazzy DEBUGINFOD_URLS=https://debuginfod.ubuntu.com PYTHONPATH=/home/groep8/rs2_ws/install/hogpie_arm_description/lib/python3.12/site-packages:/home/groep8/rs2_ws/install/test_pkg/lib/python3.12/site-packages:/home/groep8/rs2_ws/install/hogpie_servo_control/lib/python3.12/site-packages:/home/groep8/rs2_ws/install/hogpie_controller_sensors/lib/python3.12/site-packages:/home/groep8/rs2_ws/install/hogpie_arm_driver/lib/python3.12/site-packages:/home/groep8/rs2_ws/install/aardbeien_detectie/lib/python3.12/site-packages:/home/groep8/dxl_ws/install/dynamixel_sdk_custom_interfaces/lib/python3.12/site-packages:/home/groep8/dxl_ws/install/dynamixel_sdk/lib/python3.12/site-packages:/opt/ros/jazzy/lib/python3.12/site-packages /usr/bin/cmake --build /home/groep8/rs2_ws/build/hogpie_arm_moveit_config -- -j4 -l4
[7.138s] DEBUG:colcon.colcon_core.event_handler.log_command:Invoking command in '/home/groep8/rs2_ws/build/hogpie_arm_moveit_config': AMENT_PREFIX_PATH=/home/groep8/rs2_ws/install/hogpie_arm_description:/home/groep8/rs2_ws/install/test_pkg:/home/groep8/rs2_ws/install/planar_arm_moveit_config:/home/groep8/rs2_ws/install/my_robot_description:/home/groep8/rs2_ws/install/hogpie_servo_control:/home/groep8/rs2_ws/install/hogpie_controller_sensors:/home/groep8/rs2_ws/install/hogpie_arm_moveit_config:/home/groep8/rs2_ws/install/hogpie_arm_driver:/home/groep8/rs2_ws/install/aardbeien_detectie:/home/groep8/dxl_ws/install/dynamixel_sdk_examples:/home/groep8/dxl_ws/install/dynamixel_sdk_custom_interfaces:/home/groep8/dxl_ws/install/dynamixel_sdk:/opt/ros/jazzy CMAKE_PREFIX_PATH=${CMAKE_PREFIX_PATH}:/home/groep8/rs2_ws/install/test_pkg:/home/groep8/rs2_ws/install/hogpie_servo_control:/home/groep8/rs2_ws/install/hogpie_controller_sensors:/home/groep8/rs2_ws/install/hogpie_arm_driver:/home/groep8/rs2_ws/install/hogpie_arm_description:/home/groep8/rs2_ws/install/aardbeien_detectie:/opt/ros/jazzy DEBUGINFOD_URLS=https://debuginfod.ubuntu.com PYTHONPATH=/home/groep8/rs2_ws/install/hogpie_arm_description/lib/python3.12/site-packages:/home/groep8/rs2_ws/install/test_pkg/lib/python3.12/site-packages:/home/groep8/rs2_ws/install/hogpie_servo_control/lib/python3.12/site-packages:/home/groep8/rs2_ws/install/hogpie_controller_sensors/lib/python3.12/site-packages:/home/groep8/rs2_ws/install/hogpie_arm_driver/lib/python3.12/site-packages:/home/groep8/rs2_ws/install/aardbeien_detectie/lib/python3.12/site-packages:/home/groep8/dxl_ws/install/dynamixel_sdk_custom_interfaces/lib/python3.12/site-packages:/home/groep8/dxl_ws/install/dynamixel_sdk/lib/python3.12/site-packages:/opt/ros/jazzy/lib/python3.12/site-packages /usr/bin/cmake --install /home/groep8/rs2_ws/build/hogpie_arm_moveit_config
[7.146s] DEBUG:colcon.colcon_core.event_handler.log_command:Invoked command in '/home/groep8/rs2_ws/build/planar_arm_moveit_config' returned '0': CMAKE_PREFIX_PATH=/home/groep8/rs2_ws/install/my_robot_description:/home/groep8/rs2_ws/install/planar_arm_moveit_config:/home/groep8/rs2_ws/install/hogpie_arm_moveit_config:/home/groep8/dxl_ws/install/dynamixel_sdk_examples:/home/groep8/dxl_ws/install/dynamixel_sdk_custom_interfaces:/home/groep8/dxl_ws/install/dynamixel_sdk:/opt/ros/jazzy/opt/sdformat_vendor:/opt/ros/jazzy/opt/gz_math_vendor:/opt/ros/jazzy/opt/gz_utils_vendor:/opt/ros/jazzy/opt/gz_tools_vendor:/opt/ros/jazzy/opt/gz_cmake_vendor:/home/groep8/rs2_ws/install/test_pkg:/home/groep8/rs2_ws/install/hogpie_servo_control:/home/groep8/rs2_ws/install/hogpie_controller_sensors:/home/groep8/rs2_ws/install/hogpie_arm_driver:/home/groep8/rs2_ws/install/hogpie_arm_description:/home/groep8/rs2_ws/install/aardbeien_detectie:/opt/ros/jazzy DEBUGINFOD_URLS=https://debuginfod.ubuntu.com /usr/bin/cmake --build /home/groep8/rs2_ws/build/planar_arm_moveit_config -- -j4 -l4
[7.156s] DEBUG:colcon.colcon_core.event_handler.log_command:Invoking command in '/home/groep8/rs2_ws/build/planar_arm_moveit_config': CMAKE_PREFIX_PATH=/home/groep8/rs2_ws/install/my_robot_description:/home/groep8/rs2_ws/install/planar_arm_moveit_config:/home/groep8/rs2_ws/install/hogpie_arm_moveit_config:/home/groep8/dxl_ws/install/dynamixel_sdk_examples:/home/groep8/dxl_ws/install/dynamixel_sdk_custom_interfaces:/home/groep8/dxl_ws/install/dynamixel_sdk:/opt/ros/jazzy/opt/sdformat_vendor:/opt/ros/jazzy/opt/gz_math_vendor:/opt/ros/jazzy/opt/gz_utils_vendor:/opt/ros/jazzy/opt/gz_tools_vendor:/opt/ros/jazzy/opt/gz_cmake_vendor:/home/groep8/rs2_ws/install/test_pkg:/home/groep8/rs2_ws/install/hogpie_servo_control:/home/groep8/rs2_ws/install/hogpie_controller_sensors:/home/groep8/rs2_ws/install/hogpie_arm_driver:/home/groep8/rs2_ws/install/hogpie_arm_description:/home/groep8/rs2_ws/install/aardbeien_detectie:/opt/ros/jazzy DEBUGINFOD_URLS=https://debuginfod.ubuntu.com /usr/bin/cmake --install /home/groep8/rs2_ws/build/planar_arm_moveit_config
[7.282s] Level 1:colcon.colcon_core.environment:create_environment_scripts_only(planar_arm_moveit_config)
[7.283s] Level 1:colcon.colcon_core.environment:checking '/home/groep8/rs2_ws/install/planar_arm_moveit_config' for CMake module files
[7.287s] Level 1:colcon.colcon_core.environment:checking '/home/groep8/rs2_ws/install/planar_arm_moveit_config' for CMake config files
[7.289s] Level 1:colcon.colcon_core.shell:create_environment_hook('planar_arm_moveit_config', 'cmake_prefix_path')
[7.290s] INFO:colcon.colcon_core.shell:Creating environment hook '/home/groep8/rs2_ws/install/planar_arm_moveit_config/share/planar_arm_moveit_config/hook/cmake_prefix_path.ps1'
[7.295s] INFO:colcon.colcon_core.shell:Creating environment descriptor '/home/groep8/rs2_ws/install/planar_arm_moveit_config/share/planar_arm_moveit_config/hook/cmake_prefix_path.dsv'
[7.299s] INFO:colcon.colcon_core.shell:Creating environment hook '/home/groep8/rs2_ws/install/planar_arm_moveit_config/share/planar_arm_moveit_config/hook/cmake_prefix_path.sh'
[7.299s] DEBUG:colcon.colcon_core.event_handler.log_command:Invoked command in '/home/groep8/rs2_ws/build/planar_arm_moveit_config' returned '0': CMAKE_PREFIX_PATH=/home/groep8/rs2_ws/install/my_robot_description:/home/groep8/rs2_ws/install/planar_arm_moveit_config:/home/groep8/rs2_ws/install/hogpie_arm_moveit_config:/home/groep8/dxl_ws/install/dynamixel_sdk_examples:/home/groep8/dxl_ws/install/dynamixel_sdk_custom_interfaces:/home/groep8/dxl_ws/install/dynamixel_sdk:/opt/ros/jazzy/opt/sdformat_vendor:/opt/ros/jazzy/opt/gz_math_vendor:/opt/ros/jazzy/opt/gz_utils_vendor:/opt/ros/jazzy/opt/gz_tools_vendor:/opt/ros/jazzy/opt/gz_cmake_vendor:/home/groep8/rs2_ws/install/test_pkg:/home/groep8/rs2_ws/install/hogpie_servo_control:/home/groep8/rs2_ws/install/hogpie_controller_sensors:/home/groep8/rs2_ws/install/hogpie_arm_driver:/home/groep8/rs2_ws/install/hogpie_arm_description:/home/groep8/rs2_ws/install/aardbeien_detectie:/opt/ros/jazzy DEBUGINFOD_URLS=https://debuginfod.ubuntu.com /usr/bin/cmake --install /home/groep8/rs2_ws/build/planar_arm_moveit_config
[7.302s] Level 1:colcon.colcon_core.environment:checking '/home/groep8/rs2_ws/install/planar_arm_moveit_config/bin'
[7.302s] Level 1:colcon.colcon_core.environment:checking '/home/groep8/rs2_ws/install/planar_arm_moveit_config/lib/pkgconfig/planar_arm_moveit_config.pc'
[7.302s] Level 1:colcon.colcon_core.environment:checking '/home/groep8/rs2_ws/install/planar_arm_moveit_config/lib/python3.12/site-packages'
[7.303s] Level 1:colcon.colcon_core.environment:checking '/home/groep8/rs2_ws/install/planar_arm_moveit_config/bin'
[7.304s] INFO:colcon.colcon_core.shell:Creating package script '/home/groep8/rs2_ws/install/planar_arm_moveit_config/share/planar_arm_moveit_config/package.ps1'
[7.305s] INFO:colcon.colcon_core.shell:Creating package descriptor '/home/groep8/rs2_ws/install/planar_arm_moveit_config/share/planar_arm_moveit_config/package.dsv'
[7.306s] INFO:colcon.colcon_core.shell:Creating package script '/home/groep8/rs2_ws/install/planar_arm_moveit_config/share/planar_arm_moveit_config/package.sh'
[7.307s] INFO:colcon.colcon_core.shell:Creating package script '/home/groep8/rs2_ws/install/planar_arm_moveit_config/share/planar_arm_moveit_config/package.bash'
[7.371s] INFO:colcon.colcon_core.shell:Creating package script '/home/groep8/rs2_ws/install/planar_arm_moveit_config/share/planar_arm_moveit_config/package.zsh'
[7.372s] Level 1:colcon.colcon_core.environment:create_file_with_runtime_dependencies(/home/groep8/rs2_ws/install/planar_arm_moveit_config/share/colcon-core/packages/planar_arm_moveit_config)
[7.374s] Level 1:colcon.colcon_core.environment:create_environment_scripts_only(planar_arm_moveit_config)
[7.375s] Level 1:colcon.colcon_core.environment:checking '/home/groep8/rs2_ws/install/planar_arm_moveit_config' for CMake module files
[7.377s] Level 1:colcon.colcon_core.environment:checking '/home/groep8/rs2_ws/install/planar_arm_moveit_config' for CMake config files
[7.377s] Level 1:colcon.colcon_core.shell:create_environment_hook('planar_arm_moveit_config', 'cmake_prefix_path')
[7.378s] INFO:colcon.colcon_core.shell:Creating environment hook '/home/groep8/rs2_ws/install/planar_arm_moveit_config/share/planar_arm_moveit_config/hook/cmake_prefix_path.ps1'
[7.379s] INFO:colcon.colcon_core.shell:Creating environment descriptor '/home/groep8/rs2_ws/install/planar_arm_moveit_config/share/planar_arm_moveit_config/hook/cmake_prefix_path.dsv'
[7.380s] INFO:colcon.colcon_core.shell:Creating environment hook '/home/groep8/rs2_ws/install/planar_arm_moveit_config/share/planar_arm_moveit_config/hook/cmake_prefix_path.sh'
[7.385s] Level 1:colcon.colcon_core.environment:checking '/home/groep8/rs2_ws/install/planar_arm_moveit_config/bin'
[7.385s] Level 1:colcon.colcon_core.environment:checking '/home/groep8/rs2_ws/install/planar_arm_moveit_config/lib/pkgconfig/planar_arm_moveit_config.pc'
[7.385s] Level 1:colcon.colcon_core.environment:checking '/home/groep8/rs2_ws/install/planar_arm_moveit_config/lib/python3.12/site-packages'
[7.386s] Level 1:colcon.colcon_core.environment:checking '/home/groep8/rs2_ws/install/planar_arm_moveit_config/bin'
[7.387s] INFO:colcon.colcon_core.shell:Creating package script '/home/groep8/rs2_ws/install/planar_arm_moveit_config/share/planar_arm_moveit_config/package.ps1'
[7.389s] INFO:colcon.colcon_core.shell:Creating package descriptor '/home/groep8/rs2_ws/install/planar_arm_moveit_config/share/planar_arm_moveit_config/package.dsv'
[7.390s] INFO:colcon.colcon_core.shell:Creating package script '/home/groep8/rs2_ws/install/planar_arm_moveit_config/share/planar_arm_moveit_config/package.sh'
[7.391s] INFO:colcon.colcon_core.shell:Creating package script '/home/groep8/rs2_ws/install/planar_arm_moveit_config/share/planar_arm_moveit_config/package.bash'
[7.393s] INFO:colcon.colcon_core.shell:Creating package script '/home/groep8/rs2_ws/install/planar_arm_moveit_config/share/planar_arm_moveit_config/package.zsh'
[7.394s] Level 1:colcon.colcon_core.environment:create_file_with_runtime_dependencies(/home/groep8/rs2_ws/install/planar_arm_moveit_config/share/colcon-core/packages/planar_arm_moveit_config)
[7.398s] Level 1:colcon.colcon_core.environment:checking '/home/groep8/rs2_ws/install/hogpie_controller_sensors' for CMake module files
[7.400s] DEBUG:colcon.colcon_core.event_handler.log_command:Invoked command in '/home/groep8/rs2_ws/src/hogpie_controller_sensors' returned '0': DEBUGINFOD_URLS=https://debuginfod.ubuntu.com PYTHONPATH=/home/groep8/rs2_ws/build/hogpie_controller_sensors/prefix_override:/usr/lib/python3/dist-packages/colcon_core/task/python/colcon_distutils_commands:/home/groep8/rs2_ws/install/hogpie_controller_sensors/lib/python3.12/site-packages:${PYTHONPATH} /usr/bin/python3 -W ignore:setup.py install is deprecated -W ignore:easy_install command is deprecated setup.py egg_info --egg-base ../../build/hogpie_controller_sensors build --build-base /home/groep8/rs2_ws/build/hogpie_controller_sensors/build install --record /home/groep8/rs2_ws/build/hogpie_controller_sensors/install.log --single-version-externally-managed install_data
[7.401s] Level 1:colcon.colcon_core.environment:checking '/home/groep8/rs2_ws/install/hogpie_controller_sensors' for CMake config files
[7.403s] Level 1:colcon.colcon_core.environment:checking '/home/groep8/rs2_ws/install/hogpie_controller_sensors/lib'
[7.403s] Level 1:colcon.colcon_core.environment:checking '/home/groep8/rs2_ws/install/hogpie_controller_sensors/bin'
[7.404s] Level 1:colcon.colcon_core.environment:checking '/home/groep8/rs2_ws/install/hogpie_controller_sensors/lib/pkgconfig/hogpie_controller_sensors.pc'
[7.404s] Level 1:colcon.colcon_core.environment:checking '/home/groep8/rs2_ws/install/hogpie_controller_sensors/lib/python3.12/site-packages'
[7.405s] Level 1:colcon.colcon_core.shell:create_environment_hook('hogpie_controller_sensors', 'pythonpath')
[7.405s] INFO:colcon.colcon_core.shell:Creating environment hook '/home/groep8/rs2_ws/install/hogpie_controller_sensors/share/hogpie_controller_sensors/hook/pythonpath.ps1'
[7.406s] INFO:colcon.colcon_core.shell:Creating environment descriptor '/home/groep8/rs2_ws/install/hogpie_controller_sensors/share/hogpie_controller_sensors/hook/pythonpath.dsv'
[7.407s] INFO:colcon.colcon_core.shell:Creating environment hook '/home/groep8/rs2_ws/install/hogpie_controller_sensors/share/hogpie_controller_sensors/hook/pythonpath.sh'
[7.409s] Level 1:colcon.colcon_core.environment:checking '/home/groep8/rs2_ws/install/hogpie_controller_sensors/bin'
[7.409s] Level 1:colcon.colcon_core.environment:create_environment_scripts_only(hogpie_controller_sensors)
[7.410s] INFO:colcon.colcon_core.shell:Creating package script '/home/groep8/rs2_ws/install/hogpie_controller_sensors/share/hogpie_controller_sensors/package.ps1'
[7.411s] INFO:colcon.colcon_core.shell:Creating package descriptor '/home/groep8/rs2_ws/install/hogpie_controller_sensors/share/hogpie_controller_sensors/package.dsv'
[7.412s] INFO:colcon.colcon_core.shell:Creating package script '/home/groep8/rs2_ws/install/hogpie_controller_sensors/share/hogpie_controller_sensors/package.sh'
[7.415s] INFO:colcon.colcon_core.shell:Creating package script '/home/groep8/rs2_ws/install/hogpie_controller_sensors/share/hogpie_controller_sensors/package.bash'
[7.416s] INFO:colcon.colcon_core.shell:Creating package script '/home/groep8/rs2_ws/install/hogpie_controller_sensors/share/hogpie_controller_sensors/package.zsh'
[7.417s] Level 1:colcon.colcon_core.environment:create_file_with_runtime_dependencies(/home/groep8/rs2_ws/install/hogpie_controller_sensors/share/colcon-core/packages/hogpie_controller_sensors)
[7.418s] Level 1:colcon.colcon_core.environment:create_environment_scripts_only(hogpie_arm_moveit_config)
[7.419s] Level 1:colcon.colcon_core.environment:checking '/home/groep8/rs2_ws/install/hogpie_arm_moveit_config' for CMake module files
[7.421s] DEBUG:colcon.colcon_core.event_handler.log_command:Invoked command in '/home/groep8/rs2_ws/build/hogpie_arm_moveit_config' returned '0': AMENT_PREFIX_PATH=/home/groep8/rs2_ws/install/hogpie_arm_description:/home/groep8/rs2_ws/install/test_pkg:/home/groep8/rs2_ws/install/planar_arm_moveit_config:/home/groep8/rs2_ws/install/my_robot_description:/home/groep8/rs2_ws/install/hogpie_servo_control:/home/groep8/rs2_ws/install/hogpie_controller_sensors:/home/groep8/rs2_ws/install/hogpie_arm_moveit_config:/home/groep8/rs2_ws/install/hogpie_arm_driver:/home/groep8/rs2_ws/install/aardbeien_detectie:/home/groep8/dxl_ws/install/dynamixel_sdk_examples:/home/groep8/dxl_ws/install/dynamixel_sdk_custom_interfaces:/home/groep8/dxl_ws/install/dynamixel_sdk:/opt/ros/jazzy CMAKE_PREFIX_PATH=${CMAKE_PREFIX_PATH}:/home/groep8/rs2_ws/install/test_pkg:/home/groep8/rs2_ws/install/hogpie_servo_control:/home/groep8/rs2_ws/install/hogpie_controller_sensors:/home/groep8/rs2_ws/install/hogpie_arm_driver:/home/groep8/rs2_ws/install/hogpie_arm_description:/home/groep8/rs2_ws/install/aardbeien_detectie:/opt/ros/jazzy DEBUGINFOD_URLS=https://debuginfod.ubuntu.com PYTHONPATH=/home/groep8/rs2_ws/install/hogpie_arm_description/lib/python3.12/site-packages:/home/groep8/rs2_ws/install/test_pkg/lib/python3.12/site-packages:/home/groep8/rs2_ws/install/hogpie_servo_control/lib/python3.12/site-packages:/home/groep8/rs2_ws/install/hogpie_controller_sensors/lib/python3.12/site-packages:/home/groep8/rs2_ws/install/hogpie_arm_driver/lib/python3.12/site-packages:/home/groep8/rs2_ws/install/aardbeien_detectie/lib/python3.12/site-packages:/home/groep8/dxl_ws/install/dynamixel_sdk_custom_interfaces/lib/python3.12/site-packages:/home/groep8/dxl_ws/install/dynamixel_sdk/lib/python3.12/site-packages:/opt/ros/jazzy/lib/python3.12/site-packages /usr/bin/cmake --install /home/groep8/rs2_ws/build/hogpie_arm_moveit_config
[7.422s] Level 1:colcon.colcon_core.environment:checking '/home/groep8/rs2_ws/install/hogpie_arm_moveit_config' for CMake config files
[7.423s] Level 1:colcon.colcon_core.shell:create_environment_hook('hogpie_arm_moveit_config', 'cmake_prefix_path')
[7.424s] INFO:colcon.colcon_core.shell:Creating environment hook '/home/groep8/rs2_ws/install/hogpie_arm_moveit_config/share/hogpie_arm_moveit_config/hook/cmake_prefix_path.ps1'
[7.425s] INFO:colcon.colcon_core.shell:Creating environment descriptor '/home/groep8/rs2_ws/install/hogpie_arm_moveit_config/share/hogpie_arm_moveit_config/hook/cmake_prefix_path.dsv'
[7.426s] INFO:colcon.colcon_core.shell:Creating environment hook '/home/groep8/rs2_ws/install/hogpie_arm_moveit_config/share/hogpie_arm_moveit_config/hook/cmake_prefix_path.sh'
[7.428s] Level 1:colcon.colcon_core.environment:checking '/home/groep8/rs2_ws/install/hogpie_arm_moveit_config/bin'
[7.428s] Level 1:colcon.colcon_core.environment:checking '/home/groep8/rs2_ws/install/hogpie_arm_moveit_config/lib/pkgconfig/hogpie_arm_moveit_config.pc'
[7.429s] Level 1:colcon.colcon_core.environment:checking '/home/groep8/rs2_ws/install/hogpie_arm_moveit_config/lib/python3.12/site-packages'
[7.430s] Level 1:colcon.colcon_core.environment:checking '/home/groep8/rs2_ws/install/hogpie_arm_moveit_config/bin'
[7.430s] INFO:colcon.colcon_core.shell:Creating package script '/home/groep8/rs2_ws/install/hogpie_arm_moveit_config/share/hogpie_arm_moveit_config/package.ps1'
[7.432s] INFO:colcon.colcon_core.shell:Creating package descriptor '/home/groep8/rs2_ws/install/hogpie_arm_moveit_config/share/hogpie_arm_moveit_config/package.dsv'
[7.434s] INFO:colcon.colcon_core.shell:Creating package script '/home/groep8/rs2_ws/install/hogpie_arm_moveit_config/share/hogpie_arm_moveit_config/package.sh'
[7.436s] INFO:colcon.colcon_core.shell:Creating package script '/home/groep8/rs2_ws/install/hogpie_arm_moveit_config/share/hogpie_arm_moveit_config/package.bash'
[7.437s] INFO:colcon.colcon_core.shell:Creating package script '/home/groep8/rs2_ws/install/hogpie_arm_moveit_config/share/hogpie_arm_moveit_config/package.zsh'
[7.438s] Level 1:colcon.colcon_core.environment:create_file_with_runtime_dependencies(/home/groep8/rs2_ws/install/hogpie_arm_moveit_config/share/colcon-core/packages/hogpie_arm_moveit_config)
[7.440s] Level 1:colcon.colcon_core.environment:create_environment_scripts_only(hogpie_arm_moveit_config)
[7.440s] Level 1:colcon.colcon_core.environment:checking '/home/groep8/rs2_ws/install/hogpie_arm_moveit_config' for CMake module files
[7.441s] Level 1:colcon.colcon_core.environment:checking '/home/groep8/rs2_ws/install/hogpie_arm_moveit_config' for CMake config files
[7.442s] Level 1:colcon.colcon_core.shell:create_environment_hook('hogpie_arm_moveit_config', 'cmake_prefix_path')
[7.443s] INFO:colcon.colcon_core.shell:Creating environment hook '/home/groep8/rs2_ws/install/hogpie_arm_moveit_config/share/hogpie_arm_moveit_config/hook/cmake_prefix_path.ps1'
[7.444s] INFO:colcon.colcon_core.shell:Creating environment descriptor '/home/groep8/rs2_ws/install/hogpie_arm_moveit_config/share/hogpie_arm_moveit_config/hook/cmake_prefix_path.dsv'
[7.448s] INFO:colcon.colcon_core.shell:Creating environment hook '/home/groep8/rs2_ws/install/hogpie_arm_moveit_config/share/hogpie_arm_moveit_config/hook/cmake_prefix_path.sh'
[7.450s] Level 1:colcon.colcon_core.environment:checking '/home/groep8/rs2_ws/install/hogpie_arm_moveit_config/bin'
[7.450s] Level 1:colcon.colcon_core.environment:checking '/home/groep8/rs2_ws/install/hogpie_arm_moveit_config/lib/pkgconfig/hogpie_arm_moveit_config.pc'
[7.451s] Level 1:colcon.colcon_core.environment:checking '/home/groep8/rs2_ws/install/hogpie_arm_moveit_config/lib/python3.12/site-packages'
[7.451s] Level 1:colcon.colcon_core.environment:checking '/home/groep8/rs2_ws/install/hogpie_arm_moveit_config/bin'
[7.452s] INFO:colcon.colcon_core.shell:Creating package script '/home/groep8/rs2_ws/install/hogpie_arm_moveit_config/share/hogpie_arm_moveit_config/package.ps1'
[7.453s] INFO:colcon.colcon_core.shell:Creating package descriptor '/home/groep8/rs2_ws/install/hogpie_arm_moveit_config/share/hogpie_arm_moveit_config/package.dsv'
[7.454s] INFO:colcon.colcon_core.shell:Creating package script '/home/groep8/rs2_ws/install/hogpie_arm_moveit_config/share/hogpie_arm_moveit_config/package.sh'
[7.455s] INFO:colcon.colcon_core.shell:Creating package script '/home/groep8/rs2_ws/install/hogpie_arm_moveit_config/share/hogpie_arm_moveit_config/package.bash'
[7.455s] INFO:colcon.colcon_core.shell:Creating package script '/home/groep8/rs2_ws/install/hogpie_arm_moveit_config/share/hogpie_arm_moveit_config/package.zsh'
[7.456s] Level 1:colcon.colcon_core.environment:create_file_with_runtime_dependencies(/home/groep8/rs2_ws/install/hogpie_arm_moveit_config/share/colcon-core/packages/hogpie_arm_moveit_config)
[8.438s] DEBUG:colcon.colcon_core.event_handler.log_command:Invoking command in '/home/groep8/rs2_ws/src/hogpie_servo_control': DEBUGINFOD_URLS=https://debuginfod.ubuntu.com PYTHONPATH=/home/groep8/rs2_ws/build/hogpie_servo_control/prefix_override:/usr/lib/python3/dist-packages/colcon_core/task/python/colcon_distutils_commands:/home/groep8/rs2_ws/install/hogpie_servo_control/lib/python3.12/site-packages:${PYTHONPATH} /usr/bin/python3 -W ignore:setup.py install is deprecated -W ignore:easy_install command is deprecated setup.py egg_info --egg-base ../../build/hogpie_servo_control build --build-base /home/groep8/rs2_ws/build/hogpie_servo_control/build install --record /home/groep8/rs2_ws/build/hogpie_servo_control/install.log --single-version-externally-managed install_data
[9.522s] Level 1:colcon.colcon_core.environment:checking '/home/groep8/rs2_ws/install/hogpie_servo_control' for CMake module files
[9.523s] DEBUG:colcon.colcon_core.event_handler.log_command:Invoked command in '/home/groep8/rs2_ws/src/hogpie_servo_control' returned '0': DEBUGINFOD_URLS=https://debuginfod.ubuntu.com PYTHONPATH=/home/groep8/rs2_ws/build/hogpie_servo_control/prefix_override:/usr/lib/python3/dist-packages/colcon_core/task/python/colcon_distutils_commands:/home/groep8/rs2_ws/install/hogpie_servo_control/lib/python3.12/site-packages:${PYTHONPATH} /usr/bin/python3 -W ignore:setup.py install is deprecated -W ignore:easy_install command is deprecated setup.py egg_info --egg-base ../../build/hogpie_servo_control build --build-base /home/groep8/rs2_ws/build/hogpie_servo_control/build install --record /home/groep8/rs2_ws/build/hogpie_servo_control/install.log --single-version-externally-managed install_data
[9.524s] Level 1:colcon.colcon_core.environment:checking '/home/groep8/rs2_ws/install/hogpie_servo_control' for CMake config files
[9.525s] Level 1:colcon.colcon_core.environment:checking '/home/groep8/rs2_ws/install/hogpie_servo_control/lib'
[9.525s] Level 1:colcon.colcon_core.environment:checking '/home/groep8/rs2_ws/install/hogpie_servo_control/bin'
[9.525s] Level 1:colcon.colcon_core.environment:checking '/home/groep8/rs2_ws/install/hogpie_servo_control/lib/pkgconfig/hogpie_servo_control.pc'
[9.525s] Level 1:colcon.colcon_core.environment:checking '/home/groep8/rs2_ws/install/hogpie_servo_control/lib/python3.12/site-packages'
[9.526s] Level 1:colcon.colcon_core.shell:create_environment_hook('hogpie_servo_control', 'pythonpath')
[9.526s] INFO:colcon.colcon_core.shell:Creating environment hook '/home/groep8/rs2_ws/install/hogpie_servo_control/share/hogpie_servo_control/hook/pythonpath.ps1'
[9.527s] INFO:colcon.colcon_core.shell:Creating environment descriptor '/home/groep8/rs2_ws/install/hogpie_servo_control/share/hogpie_servo_control/hook/pythonpath.dsv'
[9.530s] INFO:colcon.colcon_core.shell:Creating environment hook '/home/groep8/rs2_ws/install/hogpie_servo_control/share/hogpie_servo_control/hook/pythonpath.sh'
[9.532s] Level 1:colcon.colcon_core.environment:checking '/home/groep8/rs2_ws/install/hogpie_servo_control/bin'
[9.533s] Level 1:colcon.colcon_core.environment:create_environment_scripts_only(hogpie_servo_control)
[9.534s] INFO:colcon.colcon_core.shell:Creating package script '/home/groep8/rs2_ws/install/hogpie_servo_control/share/hogpie_servo_control/package.ps1'
[9.536s] INFO:colcon.colcon_core.shell:Creating package descriptor '/home/groep8/rs2_ws/install/hogpie_servo_control/share/hogpie_servo_control/package.dsv'
[9.537s] INFO:colcon.colcon_core.shell:Creating package script '/home/groep8/rs2_ws/install/hogpie_servo_control/share/hogpie_servo_control/package.sh'
[9.540s] INFO:colcon.colcon_core.shell:Creating package script '/home/groep8/rs2_ws/install/hogpie_servo_control/share/hogpie_servo_control/package.bash'
[9.542s] INFO:colcon.colcon_core.shell:Creating package script '/home/groep8/rs2_ws/install/hogpie_servo_control/share/hogpie_servo_control/package.zsh'
[9.542s] Level 1:colcon.colcon_core.environment:create_file_with_runtime_dependencies(/home/groep8/rs2_ws/install/hogpie_servo_control/share/colcon-core/packages/hogpie_servo_control)
[9.543s] DEBUG:colcon.colcon_parallel_executor.executor.parallel:closing loop
[9.543s] DEBUG:colcon.colcon_parallel_executor.executor.parallel:loop closed
[9.544s] DEBUG:colcon.colcon_parallel_executor.executor.parallel:run_until_complete finished with '0'
[9.544s] DEBUG:colcon.colcon_core.event_reactor:joining thread
[9.562s] INFO:colcon.colcon_core.plugin_system:Skipping extension 'colcon_notification.desktop_notification.terminal_notifier': Not used on non-Darwin systems
[9.562s] INFO:colcon.colcon_core.plugin_system:Skipping extension 'colcon_notification.desktop_notification.win32': Not used on non-Windows systems
[9.563s] INFO:colcon.colcon_notification.desktop_notification:Sending desktop notification using 'notify2'
[9.606s] DEBUG:colcon.colcon_core.event_reactor:joined thread
[9.607s] INFO:colcon.colcon_core.shell:Creating prefix script '/home/groep8/rs2_ws/install/local_setup.ps1'
[9.609s] INFO:colcon.colcon_core.shell:Creating prefix util module '/home/groep8/rs2_ws/install/_local_setup_util_ps1.py'
[9.610s] INFO:colcon.colcon_core.shell:Creating prefix chain script '/home/groep8/rs2_ws/install/setup.ps1'
[9.613s] INFO:colcon.colcon_core.shell:Creating prefix script '/home/groep8/rs2_ws/install/local_setup.sh'
[9.615s] INFO:colcon.colcon_core.shell:Creating prefix util module '/home/groep8/rs2_ws/install/_local_setup_util_sh.py'
[9.616s] INFO:colcon.colcon_core.shell:Creating prefix chain script '/home/groep8/rs2_ws/install/setup.sh'
[9.619s] INFO:colcon.colcon_core.shell:Creating prefix script '/home/groep8/rs2_ws/install/local_setup.bash'
[9.622s] INFO:colcon.colcon_core.shell:Creating prefix chain script '/home/groep8/rs2_ws/install/setup.bash'
[9.626s] INFO:colcon.colcon_core.shell:Creating prefix script '/home/groep8/rs2_ws/install/local_setup.zsh'
[9.628s] INFO:colcon.colcon_core.shell:Creating prefix chain script '/home/groep8/rs2_ws/install/setup.zsh'
