[0.095s] Invoking command in '/home/groep8/rs2_ws/build/planar_arm_moveit_config': DEBUGINFOD_URLS=https://debuginfod.ubuntu.com /usr/bin/cmake /home/groep8/rs2_ws/src/planar_arm_moveit_config -DCMAKE_INSTALL_PREFIX=/home/groep8/rs2_ws/install/planar_arm_moveit_config
[0.492s] -- The C compiler identification is GNU 13.3.0
[0.849s] -- The CXX compiler identification is GNU 13.3.0
[0.956s] -- Detecting C compiler ABI info
[1.584s] -- Detecting C compiler ABI info - done
[1.645s] -- Check for working C compiler: /usr/bin/cc - skipped
[1.645s] -- Detecting C compile features
[1.650s] -- Detecting C compile features - done
[1.700s] -- Detecting CXX compiler ABI info
[2.315s] -- Detecting CXX compiler ABI info - done
[2.347s] -- Check for working CXX compiler: /usr/bin/c++ - skipped
[2.355s] -- Detecting CXX compile features
[2.356s] -- Detecting CXX compile features - done
[2.364s] -- Found ament_cmake: 2.5.6 (/opt/ros/jazzy/share/ament_cmake/cmake)
[3.337s] -- Found Python3: /usr/bin/python3 (found version "3.12.3") found components: Interpreter 
[4.619s] Error parsing '/home/groep8/rs2_ws/src/planar_arm_moveit_config/package.xml':
[26.076s] Traceback (most recent call last):
[26.076s]   File "/opt/ros/jazzy/share/ament_cmake_core/cmake/core/package_xml_2_cmake.py", line 150, in <module>
[26.076s]     main()
[26.077s]   File "/opt/ros/jazzy/share/ament_cmake_core/cmake/core/package_xml_2_cmake.py", line 53, in main
[26.077s]     raise e
[26.077s]   File "/opt/ros/jazzy/share/ament_cmake_core/cmake/core/package_xml_2_cmake.py", line 49, in main
[26.077s]     package = parse_package_string(
[26.078s]               ^^^^^^^^^^^^^^^^^^^^^
[26.078s]   File "/usr/lib/python3/dist-packages/catkin_pkg/package.py", line 788, in parse_package_string
[26.097s]     pkg.validate(warnings=warnings)
[26.107s]   File "/usr/lib/python3/dist-packages/catkin_pkg/package.py", line 330, in validate
[26.107s]     raise InvalidPackage('\n'.join(errors), self.filename)
[26.108s] catkin_pkg.package.InvalidPackage: Error(s) in package '/home/groep8/rs2_ws/src/planar_arm_moveit_config/package.xml':
[26.108s] Invalid email "" for person ""
[26.108s] Maintainers must have an email address
[26.109s] Invalid email "" for person ""
[26.439s] [31mCMake Error at /opt/ros/jazzy/share/ament_cmake_core/cmake/core/ament_package_xml.cmake:95 (message):
[26.440s]   execute_process(/usr/bin/python3
[26.440s]   /opt/ros/jazzy/share/ament_cmake_core/cmake/core/package_xml_2_cmake.py
[26.440s]   /home/groep8/rs2_ws/src/planar_arm_moveit_config/package.xml
[26.440s]   /home/groep8/rs2_ws/build/planar_arm_moveit_config/ament_cmake_core/package.cmake)
[26.441s]   returned error code 1
[26.441s] Call Stack (most recent call first):
[26.442s]   /opt/ros/jazzy/share/ament_cmake_core/cmake/core/ament_package_xml.cmake:49 (_ament_package_xml)
[26.443s]   /opt/ros/jazzy/share/ament_cmake_core/cmake/core/ament_package.cmake:63 (ament_package_xml)
[26.443s]   CMakeLists.txt:6 (ament_package)
[26.443s] 
[26.443s] [0m
[26.443s] -- Configuring incomplete, errors occurred!
[26.479s] Invoked command in '/home/groep8/rs2_ws/build/planar_arm_moveit_config' returned '1': DEBUGINFOD_URLS=https://debuginfod.ubuntu.com /usr/bin/cmake /home/groep8/rs2_ws/src/planar_arm_moveit_config -DCMAKE_INSTALL_PREFIX=/home/groep8/rs2_ws/install/planar_arm_moveit_config
