[1.721s] Invoking command in '/home/groep8/rs2_ws/src/hogpie_arm_description': DEBUGINFOD_URLS=https://debuginfod.ubuntu.com PYTHONPATH=/home/groep8/rs2_ws/build/hogpie_arm_description/prefix_override:/usr/lib/python3/dist-packages/colcon_core/task/python/colcon_distutils_commands:/home/groep8/rs2_ws/install/hogpie_arm_description/lib/python3.12/site-packages:${PYTHONPATH} /usr/bin/python3 -W ignore:setup.py install is deprecated -W ignore:easy_install command is deprecated setup.py egg_info --egg-base ../../build/hogpie_arm_description build --build-base /home/groep8/rs2_ws/build/hogpie_arm_description/build install --record /home/groep8/rs2_ws/build/hogpie_arm_description/install.log --single-version-externally-managed install_data
[2.178s] running egg_info
[2.207s] writing ../../build/hogpie_arm_description/hogpie_arm_description.egg-info/PKG-INFO
[2.207s] writing dependency_links to ../../build/hogpie_arm_description/hogpie_arm_description.egg-info/dependency_links.txt
[2.211s] writing requirements to ../../build/hogpie_arm_description/hogpie_arm_description.egg-info/requires.txt
[2.215s] writing top-level names to ../../build/hogpie_arm_description/hogpie_arm_description.egg-info/top_level.txt
[2.276s] reading manifest file '../../build/hogpie_arm_description/hogpie_arm_description.egg-info/SOURCES.txt'
[2.278s] writing manifest file '../../build/hogpie_arm_description/hogpie_arm_description.egg-info/SOURCES.txt'
[2.278s] running build
[2.278s] running build_py
[2.279s] running install
[2.289s] running install_lib
[2.322s] running install_data
[2.322s] copying urdf/hogpie_arm_description.urdf -> /home/groep8/rs2_ws/install/hogpie_arm_description/share/hogpie_arm_description/urdf
[2.322s] creating /home/groep8/rs2_ws/install/hogpie_arm_description/share/hogpie_arm_description/launch
[2.322s] copying launch/display.launch.py -> /home/groep8/rs2_ws/install/hogpie_arm_description/share/hogpie_arm_description/launch
[2.322s] running install_egg_info
[2.370s] Copying ../../build/hogpie_arm_description/hogpie_arm_description.egg-info to /home/groep8/rs2_ws/install/hogpie_arm_description/lib/python3.12/site-packages/hogpie_arm_description-0.0.0-py3.12.egg-info
[2.371s] running install_scripts
[2.596s] writing list of installed files to '/home/groep8/rs2_ws/build/hogpie_arm_description/install.log'
[2.720s] Invoked command in '/home/groep8/rs2_ws/src/hogpie_arm_description' returned '0': DEBUGINFOD_URLS=https://debuginfod.ubuntu.com PYTHONPATH=/home/groep8/rs2_ws/build/hogpie_arm_description/prefix_override:/usr/lib/python3/dist-packages/colcon_core/task/python/colcon_distutils_commands:/home/groep8/rs2_ws/install/hogpie_arm_description/lib/python3.12/site-packages:${PYTHONPATH} /usr/bin/python3 -W ignore:setup.py install is deprecated -W ignore:easy_install command is deprecated setup.py egg_info --egg-base ../../build/hogpie_arm_description build --build-base /home/groep8/rs2_ws/build/hogpie_arm_description/build install --record /home/groep8/rs2_ws/build/hogpie_arm_description/install.log --single-version-externally-managed install_data
