[0.166s] DEBUG:colcon:Command line arguments: ['/usr/bin/colcon', 'build', '--packages-select', 'hogpie_arm_description']
[0.166s] DEBUG:colcon:Parsed command line arguments: Namespace(log_base=None, log_level=None, verb_name='build', build_base='build', install_base='install', merge_install=False, symlink_install=False, test_result_base=None, continue_on_error=False, executor='parallel', parallel_workers=4, event_handlers=None, ignore_user_meta=False, metas=['./colcon.meta'], base_paths=['.'], packages_ignore=None, packages_ignore_regex=None, paths=None, packages_up_to=None, packages_up_to_regex=None, packages_above=None, packages_above_and_dependencies=None, packages_above_depth=None, packages_select_by_dep=None, packages_skip_by_dep=None, packages_skip_up_to=None, packages_select_build_failed=False, packages_skip_build_finished=False, packages_select_test_failures=False, packages_skip_test_passed=False, packages_select=['hogpie_arm_description'], packages_skip=None, packages_select_regex=None, packages_skip_regex=None, packages_start=None, packages_end=None, allow_overriding=[], cmake_args=None, cmake_target=None, cmake_target_skip_unavailable=False, cmake_clean_cache=False, cmake_clean_first=False, cmake_force_configure=False, ament_cmake_args=None, catkin_cmake_args=None, catkin_skip_building_tests=False, mixin_files=None, mixin=None, verb_parser=<colcon_mixin.mixin.mixin_argument.MixinArgumentDecorator object at 0xffffa911d160>, verb_extension=<colcon_core.verb.build.BuildVerb object at 0xffffa92e1040>, main=<bound method BuildVerb.main of <colcon_core.verb.build.BuildVerb object at 0xffffa92e1040>>, mixin_verb=('build',))
[0.229s] Level 1:colcon.colcon_core.package_discovery:discover_packages(colcon_meta) check parameters
[0.229s] Level 1:colcon.colcon_core.package_discovery:discover_packages(recursive) check parameters
[0.230s] Level 1:colcon.colcon_core.package_discovery:discover_packages(ignore) check parameters
[0.230s] Level 1:colcon.colcon_core.package_discovery:discover_packages(path) check parameters
[0.230s] Level 1:colcon.colcon_core.package_discovery:discover_packages(colcon_meta) discover
[0.230s] Level 1:colcon.colcon_core.package_discovery:discover_packages(recursive) discover
[0.230s] INFO:colcon.colcon_core.package_discovery:Crawling recursively for packages in '/home/groep8/rs2_ws'
[0.230s] Level 1:colcon.colcon_core.package_identification:_identify(.) by extensions ['ignore', 'ignore_ament_install']
[0.230s] Level 1:colcon.colcon_core.package_identification:_identify(.) by extension 'ignore'
[0.230s] Level 1:colcon.colcon_core.package_identification:_identify(.) by extension 'ignore_ament_install'
[0.230s] Level 1:colcon.colcon_core.package_identification:_identify(.) by extensions ['colcon_pkg']
[0.230s] Level 1:colcon.colcon_core.package_identification:_identify(.) by extension 'colcon_pkg'
[0.230s] Level 1:colcon.colcon_core.package_identification:_identify(.) by extensions ['colcon_meta']
[0.230s] Level 1:colcon.colcon_core.package_identification:_identify(.) by extension 'colcon_meta'
[0.230s] Level 1:colcon.colcon_core.package_identification:_identify(.) by extensions ['ros']
[0.230s] Level 1:colcon.colcon_core.package_identification:_identify(.) by extension 'ros'
[0.271s] Level 1:colcon.colcon_core.package_identification:_identify(.) by extensions ['cmake', 'python']
[0.271s] Level 1:colcon.colcon_core.package_identification:_identify(.) by extension 'cmake'
[0.271s] Level 1:colcon.colcon_core.package_identification:_identify(.) by extension 'python'
[0.271s] Level 1:colcon.colcon_core.package_identification:_identify(.) by extensions ['python_setup_py']
[0.271s] Level 1:colcon.colcon_core.package_identification:_identify(.) by extension 'python_setup_py'
[0.271s] Level 1:colcon.colcon_core.package_identification:_identify(build) by extensions ['ignore', 'ignore_ament_install']
[0.271s] Level 1:colcon.colcon_core.package_identification:_identify(build) by extension 'ignore'
[0.272s] Level 1:colcon.colcon_core.package_identification:_identify(build) ignored
[0.272s] Level 1:colcon.colcon_core.package_identification:_identify(install) by extensions ['ignore', 'ignore_ament_install']
[0.272s] Level 1:colcon.colcon_core.package_identification:_identify(install) by extension 'ignore'
[0.272s] Level 1:colcon.colcon_core.package_identification:_identify(install) ignored
[0.272s] Level 1:colcon.colcon_core.package_identification:_identify(log) by extensions ['ignore', 'ignore_ament_install']
[0.272s] Level 1:colcon.colcon_core.package_identification:_identify(log) by extension 'ignore'
[0.272s] Level 1:colcon.colcon_core.package_identification:_identify(log) ignored
[0.272s] Level 1:colcon.colcon_core.package_identification:_identify(src) by extensions ['ignore', 'ignore_ament_install']
[0.272s] Level 1:colcon.colcon_core.package_identification:_identify(src) by extension 'ignore'
[0.273s] Level 1:colcon.colcon_core.package_identification:_identify(src) by extension 'ignore_ament_install'
[0.273s] Level 1:colcon.colcon_core.package_identification:_identify(src) by extensions ['colcon_pkg']
[0.273s] Level 1:colcon.colcon_core.package_identification:_identify(src) by extension 'colcon_pkg'
[0.273s] Level 1:colcon.colcon_core.package_identification:_identify(src) by extensions ['colcon_meta']
[0.273s] Level 1:colcon.colcon_core.package_identification:_identify(src) by extension 'colcon_meta'
[0.273s] Level 1:colcon.colcon_core.package_identification:_identify(src) by extensions ['ros']
[0.273s] Level 1:colcon.colcon_core.package_identification:_identify(src) by extension 'ros'
[0.273s] Level 1:colcon.colcon_core.package_identification:_identify(src) by extensions ['cmake', 'python']
[0.273s] Level 1:colcon.colcon_core.package_identification:_identify(src) by extension 'cmake'
[0.273s] Level 1:colcon.colcon_core.package_identification:_identify(src) by extension 'python'
[0.273s] Level 1:colcon.colcon_core.package_identification:_identify(src) by extensions ['python_setup_py']
[0.273s] Level 1:colcon.colcon_core.package_identification:_identify(src) by extension 'python_setup_py'
[0.273s] Level 1:colcon.colcon_core.package_identification:_identify(src/build) by extensions ['ignore', 'ignore_ament_install']
[0.273s] Level 1:colcon.colcon_core.package_identification:_identify(src/build) by extension 'ignore'
[0.273s] Level 1:colcon.colcon_core.package_identification:_identify(src/build) ignored
[0.273s] Level 1:colcon.colcon_core.package_identification:_identify(src/hogpie_arm_description) by extensions ['ignore', 'ignore_ament_install']
[0.273s] Level 1:colcon.colcon_core.package_identification:_identify(src/hogpie_arm_description) by extension 'ignore'
[0.274s] Level 1:colcon.colcon_core.package_identification:_identify(src/hogpie_arm_description) by extension 'ignore_ament_install'
[0.274s] Level 1:colcon.colcon_core.package_identification:_identify(src/hogpie_arm_description) by extensions ['colcon_pkg']
[0.274s] Level 1:colcon.colcon_core.package_identification:_identify(src/hogpie_arm_description) by extension 'colcon_pkg'
[0.274s] Level 1:colcon.colcon_core.package_identification:_identify(src/hogpie_arm_description) by extensions ['colcon_meta']
[0.274s] Level 1:colcon.colcon_core.package_identification:_identify(src/hogpie_arm_description) by extension 'colcon_meta'
[0.274s] Level 1:colcon.colcon_core.package_identification:_identify(src/hogpie_arm_description) by extensions ['ros']
[0.274s] Level 1:colcon.colcon_core.package_identification:_identify(src/hogpie_arm_description) by extension 'ros'
[0.277s] DEBUG:colcon.colcon_core.package_identification:Package 'src/hogpie_arm_description' with type 'ros.ament_python' and name 'hogpie_arm_description'
[0.277s] Level 1:colcon.colcon_core.package_identification:_identify(src/hogpie_arm_driver) by extensions ['ignore', 'ignore_ament_install']
[0.277s] Level 1:colcon.colcon_core.package_identification:_identify(src/hogpie_arm_driver) by extension 'ignore'
[0.277s] Level 1:colcon.colcon_core.package_identification:_identify(src/hogpie_arm_driver) by extension 'ignore_ament_install'
[0.277s] Level 1:colcon.colcon_core.package_identification:_identify(src/hogpie_arm_driver) by extensions ['colcon_pkg']
[0.278s] Level 1:colcon.colcon_core.package_identification:_identify(src/hogpie_arm_driver) by extension 'colcon_pkg'
[0.278s] Level 1:colcon.colcon_core.package_identification:_identify(src/hogpie_arm_driver) by extensions ['colcon_meta']
[0.278s] Level 1:colcon.colcon_core.package_identification:_identify(src/hogpie_arm_driver) by extension 'colcon_meta'
[0.278s] Level 1:colcon.colcon_core.package_identification:_identify(src/hogpie_arm_driver) by extensions ['ros']
[0.278s] Level 1:colcon.colcon_core.package_identification:_identify(src/hogpie_arm_driver) by extension 'ros'
[0.278s] DEBUG:colcon.colcon_core.package_identification:Package 'src/hogpie_arm_driver' with type 'ros.ament_python' and name 'hogpie_arm_driver'
[0.278s] Level 1:colcon.colcon_core.package_identification:_identify(src/hogpie_arm_moveit_config) by extensions ['ignore', 'ignore_ament_install']
[0.279s] Level 1:colcon.colcon_core.package_identification:_identify(src/hogpie_arm_moveit_config) by extension 'ignore'
[0.279s] Level 1:colcon.colcon_core.package_identification:_identify(src/hogpie_arm_moveit_config) by extension 'ignore_ament_install'
[0.279s] Level 1:colcon.colcon_core.package_identification:_identify(src/hogpie_arm_moveit_config) by extensions ['colcon_pkg']
[0.279s] Level 1:colcon.colcon_core.package_identification:_identify(src/hogpie_arm_moveit_config) by extension 'colcon_pkg'
[0.279s] Level 1:colcon.colcon_core.package_identification:_identify(src/hogpie_arm_moveit_config) by extensions ['colcon_meta']
[0.279s] Level 1:colcon.colcon_core.package_identification:_identify(src/hogpie_arm_moveit_config) by extension 'colcon_meta'
[0.279s] Level 1:colcon.colcon_core.package_identification:_identify(src/hogpie_arm_moveit_config) by extensions ['ros']
[0.279s] Level 1:colcon.colcon_core.package_identification:_identify(src/hogpie_arm_moveit_config) by extension 'ros'
[0.280s] DEBUG:colcon.colcon_core.package_identification:Package 'src/hogpie_arm_moveit_config' with type 'ros.ament_cmake' and name 'hogpie_arm_moveit_config'
[0.280s] Level 1:colcon.colcon_core.package_identification:_identify(src/hogpie_controller_sensors) by extensions ['ignore', 'ignore_ament_install']
[0.280s] Level 1:colcon.colcon_core.package_identification:_identify(src/hogpie_controller_sensors) by extension 'ignore'
[0.280s] Level 1:colcon.colcon_core.package_identification:_identify(src/hogpie_controller_sensors) by extension 'ignore_ament_install'
[0.280s] Level 1:colcon.colcon_core.package_identification:_identify(src/hogpie_controller_sensors) by extensions ['colcon_pkg']
[0.280s] Level 1:colcon.colcon_core.package_identification:_identify(src/hogpie_controller_sensors) by extension 'colcon_pkg'
[0.280s] Level 1:colcon.colcon_core.package_identification:_identify(src/hogpie_controller_sensors) by extensions ['colcon_meta']
[0.280s] Level 1:colcon.colcon_core.package_identification:_identify(src/hogpie_controller_sensors) by extension 'colcon_meta'
[0.280s] Level 1:colcon.colcon_core.package_identification:_identify(src/hogpie_controller_sensors) by extensions ['ros']
[0.280s] Level 1:colcon.colcon_core.package_identification:_identify(src/hogpie_controller_sensors) by extension 'ros'
[0.281s] DEBUG:colcon.colcon_core.package_identification:Package 'src/hogpie_controller_sensors' with type 'ros.ament_python' and name 'hogpie_controller_sensors'
[0.281s] Level 1:colcon.colcon_core.package_identification:_identify(src/install) by extensions ['ignore', 'ignore_ament_install']
[0.281s] Level 1:colcon.colcon_core.package_identification:_identify(src/install) by extension 'ignore'
[0.281s] Level 1:colcon.colcon_core.package_identification:_identify(src/install) ignored
[0.281s] Level 1:colcon.colcon_core.package_identification:_identify(src/log) by extensions ['ignore', 'ignore_ament_install']
[0.281s] Level 1:colcon.colcon_core.package_identification:_identify(src/log) by extension 'ignore'
[0.282s] Level 1:colcon.colcon_core.package_identification:_identify(src/log) ignored
[0.282s] Level 1:colcon.colcon_core.package_identification:_identify(src/my_robot_description) by extensions ['ignore', 'ignore_ament_install']
[0.282s] Level 1:colcon.colcon_core.package_identification:_identify(src/my_robot_description) by extension 'ignore'
[0.282s] Level 1:colcon.colcon_core.package_identification:_identify(src/my_robot_description) by extension 'ignore_ament_install'
[0.282s] Level 1:colcon.colcon_core.package_identification:_identify(src/my_robot_description) by extensions ['colcon_pkg']
[0.282s] Level 1:colcon.colcon_core.package_identification:_identify(src/my_robot_description) by extension 'colcon_pkg'
[0.282s] Level 1:colcon.colcon_core.package_identification:_identify(src/my_robot_description) by extensions ['colcon_meta']
[0.282s] Level 1:colcon.colcon_core.package_identification:_identify(src/my_robot_description) by extension 'colcon_meta'
[0.282s] Level 1:colcon.colcon_core.package_identification:_identify(src/my_robot_description) by extensions ['ros']
[0.282s] Level 1:colcon.colcon_core.package_identification:_identify(src/my_robot_description) by extension 'ros'
[0.282s] DEBUG:colcon.colcon_core.package_identification:Package 'src/my_robot_description' with type 'ros.ament_cmake' and name 'my_robot_description'
[0.283s] Level 1:colcon.colcon_core.package_identification:_identify(src/planar_arm_moveit_config) by extensions ['ignore', 'ignore_ament_install']
[0.283s] Level 1:colcon.colcon_core.package_identification:_identify(src/planar_arm_moveit_config) by extension 'ignore'
[0.283s] Level 1:colcon.colcon_core.package_identification:_identify(src/planar_arm_moveit_config) by extension 'ignore_ament_install'
[0.283s] Level 1:colcon.colcon_core.package_identification:_identify(src/planar_arm_moveit_config) by extensions ['colcon_pkg']
[0.283s] Level 1:colcon.colcon_core.package_identification:_identify(src/planar_arm_moveit_config) by extension 'colcon_pkg'
[0.283s] Level 1:colcon.colcon_core.package_identification:_identify(src/planar_arm_moveit_config) by extensions ['colcon_meta']
[0.283s] Level 1:colcon.colcon_core.package_identification:_identify(src/planar_arm_moveit_config) by extension 'colcon_meta'
[0.283s] Level 1:colcon.colcon_core.package_identification:_identify(src/planar_arm_moveit_config) by extensions ['ros']
[0.283s] Level 1:colcon.colcon_core.package_identification:_identify(src/planar_arm_moveit_config) by extension 'ros'
[0.284s] DEBUG:colcon.colcon_core.package_identification:Package 'src/planar_arm_moveit_config' with type 'ros.ament_cmake' and name 'planar_arm_moveit_config'
[0.284s] Level 1:colcon.colcon_core.package_discovery:discover_packages(recursive) using defaults
[0.284s] Level 1:colcon.colcon_core.package_discovery:discover_packages(ignore) discover
[0.284s] Level 1:colcon.colcon_core.package_discovery:discover_packages(ignore) using defaults
[0.284s] Level 1:colcon.colcon_core.package_discovery:discover_packages(path) discover
[0.284s] Level 1:colcon.colcon_core.package_discovery:discover_packages(path) using defaults
[0.325s] INFO:colcon.colcon_core.package_selection:Skipping not selected package 'hogpie_arm_driver' in 'src/hogpie_arm_driver'
[0.326s] INFO:colcon.colcon_core.package_selection:Skipping not selected package 'hogpie_controller_sensors' in 'src/hogpie_controller_sensors'
[0.326s] INFO:colcon.colcon_core.package_selection:Skipping not selected package 'my_robot_description' in 'src/my_robot_description'
[0.326s] INFO:colcon.colcon_core.package_selection:Skipping not selected package 'hogpie_arm_moveit_config' in 'src/hogpie_arm_moveit_config'
[0.326s] INFO:colcon.colcon_core.package_selection:Skipping not selected package 'planar_arm_moveit_config' in 'src/planar_arm_moveit_config'
[0.327s] Level 1:colcon.colcon_core.package_discovery:discover_packages(prefix_path) check parameters
[0.327s] Level 1:colcon.colcon_core.package_discovery:discover_packages(prefix_path) discover
[0.331s] DEBUG:colcon.colcon_installed_package_information.package_discovery:Found 7 installed packages in /home/groep8/rs2_ws/install
[0.332s] DEBUG:colcon.colcon_installed_package_information.package_discovery:Found 3 installed packages in /home/groep8/dxl_ws/install
[0.335s] DEBUG:colcon.colcon_installed_package_information.package_discovery:Found 386 installed packages in /opt/ros/jazzy
[0.339s] Level 1:colcon.colcon_core.package_discovery:discover_packages(prefix_path) using defaults
[0.423s] WARNING:colcon.colcon_core.package_selection:Some selected packages are already built in one or more underlay workspaces:
	'hogpie_arm_description' is in: /home/groep8/rs2_ws/install/hogpie_arm_description
If a package in a merged underlay workspace is overridden and it installs headers, then all packages in the overlay must sort their include directories by workspace order. Failure to do so may result in build failures or undefined behavior at run time.
If the overridden package is used by another package in any underlay, then the overriding package in the overlay must be API and ABI compatible or undefined behavior at run time may occur.

If you understand the risks and want to override a package anyways, add the following to the command line:
	--allow-overriding hogpie_arm_description

This may be promoted to an error in a future release of colcon-override-check.
[0.426s] Level 5:colcon.colcon_core.verb:set package 'hogpie_arm_description' build argument 'cmake_args' from command line to 'None'
[0.427s] Level 5:colcon.colcon_core.verb:set package 'hogpie_arm_description' build argument 'cmake_target' from command line to 'None'
[0.427s] Level 5:colcon.colcon_core.verb:set package 'hogpie_arm_description' build argument 'cmake_target_skip_unavailable' from command line to 'False'
[0.427s] Level 5:colcon.colcon_core.verb:set package 'hogpie_arm_description' build argument 'cmake_clean_cache' from command line to 'False'
[0.427s] Level 5:colcon.colcon_core.verb:set package 'hogpie_arm_description' build argument 'cmake_clean_first' from command line to 'False'
[0.427s] Level 5:colcon.colcon_core.verb:set package 'hogpie_arm_description' build argument 'cmake_force_configure' from command line to 'False'
[0.427s] Level 5:colcon.colcon_core.verb:set package 'hogpie_arm_description' build argument 'ament_cmake_args' from command line to 'None'
[0.427s] Level 5:colcon.colcon_core.verb:set package 'hogpie_arm_description' build argument 'catkin_cmake_args' from command line to 'None'
[0.427s] Level 5:colcon.colcon_core.verb:set package 'hogpie_arm_description' build argument 'catkin_skip_building_tests' from command line to 'False'
[0.427s] DEBUG:colcon.colcon_core.verb:Building package 'hogpie_arm_description' with the following arguments: {'ament_cmake_args': None, 'build_base': '/home/groep8/rs2_ws/build/hogpie_arm_description', 'catkin_cmake_args': None, 'catkin_skip_building_tests': False, 'cmake_args': None, 'cmake_clean_cache': False, 'cmake_clean_first': False, 'cmake_force_configure': False, 'cmake_target': None, 'cmake_target_skip_unavailable': False, 'install_base': '/home/groep8/rs2_ws/install/hogpie_arm_description', 'merge_install': False, 'path': '/home/groep8/rs2_ws/src/hogpie_arm_description', 'symlink_install': False, 'test_result_base': None}
[0.427s] INFO:colcon.colcon_core.executor:Executing jobs using 'parallel' executor
[0.430s] DEBUG:colcon.colcon_parallel_executor.executor.parallel:run_until_complete
[0.430s] INFO:colcon.colcon_ros.task.ament_python.build:Building ROS package in '/home/groep8/rs2_ws/src/hogpie_arm_description' with build type 'ament_python'
[0.431s] Level 1:colcon.colcon_core.shell:create_environment_hook('hogpie_arm_description', 'ament_prefix_path')
[0.436s] INFO:colcon.colcon_core.plugin_system:Skipping extension 'colcon_core.shell.bat': Not used on non-Windows systems
[0.437s] INFO:colcon.colcon_core.shell:Creating environment hook '/home/groep8/rs2_ws/install/hogpie_arm_description/share/hogpie_arm_description/hook/ament_prefix_path.ps1'
[0.438s] INFO:colcon.colcon_core.shell:Creating environment descriptor '/home/groep8/rs2_ws/install/hogpie_arm_description/share/hogpie_arm_description/hook/ament_prefix_path.dsv'
[0.442s] INFO:colcon.colcon_core.shell:Creating environment hook '/home/groep8/rs2_ws/install/hogpie_arm_description/share/hogpie_arm_description/hook/ament_prefix_path.sh'
[0.444s] INFO:colcon.colcon_core.shell:Skip shell extension 'powershell' for command environment: Not usable outside of PowerShell
[0.444s] DEBUG:colcon.colcon_core.shell:Skip shell extension 'dsv' for command environment
[0.874s] INFO:colcon.colcon_core.task.python.build:Building Python package in '/home/groep8/rs2_ws/src/hogpie_arm_description'
[0.875s] INFO:colcon.colcon_core.shell:Skip shell extension 'powershell' for command environment: Not usable outside of PowerShell
[0.875s] DEBUG:colcon.colcon_core.shell:Skip shell extension 'dsv' for command environment
[2.201s] DEBUG:colcon.colcon_core.event_handler.log_command:Invoking command in '/home/groep8/rs2_ws/build/hogpie_arm_description': DEBUGINFOD_URLS=https://debuginfod.ubuntu.com PYTHONPATH=/home/groep8/rs2_ws/build/hogpie_arm_description/prefix_override:/usr/lib/python3/dist-packages/colcon_core/task/python/colcon_distutils_commands:/home/groep8/rs2_ws/install/hogpie_arm_description/lib/python3.12/site-packages:${PYTHONPATH} /usr/bin/python3 -W ignore:setup.py install is deprecated -W ignore:easy_install command is deprecated setup.py develop --uninstall --editable --build-directory /home/groep8/rs2_ws/build/hogpie_arm_description/build
[3.055s] DEBUG:colcon.colcon_core.event_handler.log_command:Invoked command in '/home/groep8/rs2_ws/build/hogpie_arm_description' returned '0': DEBUGINFOD_URLS=https://debuginfod.ubuntu.com PYTHONPATH=/home/groep8/rs2_ws/build/hogpie_arm_description/prefix_override:/usr/lib/python3/dist-packages/colcon_core/task/python/colcon_distutils_commands:/home/groep8/rs2_ws/install/hogpie_arm_description/lib/python3.12/site-packages:${PYTHONPATH} /usr/bin/python3 -W ignore:setup.py install is deprecated -W ignore:easy_install command is deprecated setup.py develop --uninstall --editable --build-directory /home/groep8/rs2_ws/build/hogpie_arm_description/build
[3.056s] DEBUG:colcon.colcon_core.event_handler.log_command:Invoking command in '/home/groep8/rs2_ws/src/hogpie_arm_description': DEBUGINFOD_URLS=https://debuginfod.ubuntu.com PYTHONPATH=/home/groep8/rs2_ws/build/hogpie_arm_description/prefix_override:/usr/lib/python3/dist-packages/colcon_core/task/python/colcon_distutils_commands:/home/groep8/rs2_ws/install/hogpie_arm_description/lib/python3.12/site-packages:${PYTHONPATH} /usr/bin/python3 -W ignore:setup.py install is deprecated -W ignore:easy_install command is deprecated setup.py egg_info --egg-base ../../build/hogpie_arm_description build --build-base /home/groep8/rs2_ws/build/hogpie_arm_description/build install --record /home/groep8/rs2_ws/build/hogpie_arm_description/install.log --single-version-externally-managed install_data --force
[3.902s] DEBUG:colcon.colcon_core.event_handler.log_command:Invoked command in '/home/groep8/rs2_ws/src/hogpie_arm_description' returned '0': DEBUGINFOD_URLS=https://debuginfod.ubuntu.com PYTHONPATH=/home/groep8/rs2_ws/build/hogpie_arm_description/prefix_override:/usr/lib/python3/dist-packages/colcon_core/task/python/colcon_distutils_commands:/home/groep8/rs2_ws/install/hogpie_arm_description/lib/python3.12/site-packages:${PYTHONPATH} /usr/bin/python3 -W ignore:setup.py install is deprecated -W ignore:easy_install command is deprecated setup.py egg_info --egg-base ../../build/hogpie_arm_description build --build-base /home/groep8/rs2_ws/build/hogpie_arm_description/build install --record /home/groep8/rs2_ws/build/hogpie_arm_description/install.log --single-version-externally-managed install_data --force
[3.910s] Level 1:colcon.colcon_core.environment:checking '/home/groep8/rs2_ws/install/hogpie_arm_description' for CMake module files
[3.911s] Level 1:colcon.colcon_core.environment:checking '/home/groep8/rs2_ws/install/hogpie_arm_description' for CMake config files
[3.912s] Level 1:colcon.colcon_core.environment:checking '/home/groep8/rs2_ws/install/hogpie_arm_description/lib'
[3.912s] Level 1:colcon.colcon_core.environment:checking '/home/groep8/rs2_ws/install/hogpie_arm_description/bin'
[3.912s] Level 1:colcon.colcon_core.environment:checking '/home/groep8/rs2_ws/install/hogpie_arm_description/lib/pkgconfig/hogpie_arm_description.pc'
[3.913s] Level 1:colcon.colcon_core.environment:checking '/home/groep8/rs2_ws/install/hogpie_arm_description/lib/python3.12/site-packages'
[3.913s] Level 1:colcon.colcon_core.shell:create_environment_hook('hogpie_arm_description', 'pythonpath')
[3.913s] INFO:colcon.colcon_core.shell:Creating environment hook '/home/groep8/rs2_ws/install/hogpie_arm_description/share/hogpie_arm_description/hook/pythonpath.ps1'
[3.914s] INFO:colcon.colcon_core.shell:Creating environment descriptor '/home/groep8/rs2_ws/install/hogpie_arm_description/share/hogpie_arm_description/hook/pythonpath.dsv'
[3.915s] INFO:colcon.colcon_core.shell:Creating environment hook '/home/groep8/rs2_ws/install/hogpie_arm_description/share/hogpie_arm_description/hook/pythonpath.sh'
[3.919s] Level 1:colcon.colcon_core.environment:checking '/home/groep8/rs2_ws/install/hogpie_arm_description/bin'
[3.919s] Level 1:colcon.colcon_core.environment:create_environment_scripts_only(hogpie_arm_description)
[3.920s] INFO:colcon.colcon_core.shell:Creating package script '/home/groep8/rs2_ws/install/hogpie_arm_description/share/hogpie_arm_description/package.ps1'
[3.922s] INFO:colcon.colcon_core.shell:Creating package descriptor '/home/groep8/rs2_ws/install/hogpie_arm_description/share/hogpie_arm_description/package.dsv'
[3.923s] INFO:colcon.colcon_core.shell:Creating package script '/home/groep8/rs2_ws/install/hogpie_arm_description/share/hogpie_arm_description/package.sh'
[3.925s] INFO:colcon.colcon_core.shell:Creating package script '/home/groep8/rs2_ws/install/hogpie_arm_description/share/hogpie_arm_description/package.bash'
[3.927s] INFO:colcon.colcon_core.shell:Creating package script '/home/groep8/rs2_ws/install/hogpie_arm_description/share/hogpie_arm_description/package.zsh'
[3.928s] Level 1:colcon.colcon_core.environment:create_file_with_runtime_dependencies(/home/groep8/rs2_ws/install/hogpie_arm_description/share/colcon-core/packages/hogpie_arm_description)
[3.929s] DEBUG:colcon.colcon_parallel_executor.executor.parallel:closing loop
[3.929s] DEBUG:colcon.colcon_parallel_executor.executor.parallel:loop closed
[3.930s] DEBUG:colcon.colcon_parallel_executor.executor.parallel:run_until_complete finished with '0'
[3.930s] DEBUG:colcon.colcon_core.event_reactor:joining thread
[3.948s] INFO:colcon.colcon_core.plugin_system:Skipping extension 'colcon_notification.desktop_notification.terminal_notifier': Not used on non-Darwin systems
[3.948s] INFO:colcon.colcon_core.plugin_system:Skipping extension 'colcon_notification.desktop_notification.win32': Not used on non-Windows systems
[3.948s] INFO:colcon.colcon_notification.desktop_notification:Sending desktop notification using 'notify2'
[3.984s] DEBUG:colcon.colcon_core.event_reactor:joined thread
[3.985s] INFO:colcon.colcon_core.shell:Creating prefix script '/home/groep8/rs2_ws/install/local_setup.ps1'
[3.987s] INFO:colcon.colcon_core.shell:Creating prefix util module '/home/groep8/rs2_ws/install/_local_setup_util_ps1.py'
[3.990s] INFO:colcon.colcon_core.shell:Creating prefix chain script '/home/groep8/rs2_ws/install/setup.ps1'
[3.993s] INFO:colcon.colcon_core.shell:Creating prefix script '/home/groep8/rs2_ws/install/local_setup.sh'
[3.995s] INFO:colcon.colcon_core.shell:Creating prefix util module '/home/groep8/rs2_ws/install/_local_setup_util_sh.py'
[3.996s] INFO:colcon.colcon_core.shell:Creating prefix chain script '/home/groep8/rs2_ws/install/setup.sh'
[4.002s] INFO:colcon.colcon_core.shell:Creating prefix script '/home/groep8/rs2_ws/install/local_setup.bash'
[4.003s] INFO:colcon.colcon_core.shell:Creating prefix chain script '/home/groep8/rs2_ws/install/setup.bash'
[4.006s] INFO:colcon.colcon_core.shell:Creating prefix script '/home/groep8/rs2_ws/install/local_setup.zsh'
[4.008s] INFO:colcon.colcon_core.shell:Creating prefix chain script '/home/groep8/rs2_ws/install/setup.zsh'
