[0.054s] Invoking command in '/home/groep8/rs2_ws/build/my_robot_description': CMAKE_PREFIX_PATH=${CMAKE_PREFIX_PATH}:/home/groep8/rs2_ws/install/test_pkg:/opt/ros/jazzy DEBUGINFOD_URLS=https://debuginfod.ubuntu.com /usr/bin/cmake /home/groep8/rs2_ws/src/my_robot_description -DCMAKE_INSTALL_PREFIX=/home/groep8/rs2_ws/install/my_robot_description
[0.689s] -- The C compiler identification is GNU 13.3.0
[1.124s] -- The CXX compiler identification is GNU 13.3.0
[1.172s] -- Detecting C compiler ABI info
[1.400s] -- Detecting C compiler ABI info - done
[1.424s] -- Check for working C compiler: /usr/bin/cc - skipped
[1.425s] -- Detecting C compile features
[1.426s] -- Detecting C compile features - done
[1.446s] -- Detecting CXX compiler ABI info
[1.660s] -- Detecting CXX compiler ABI info - done
[1.675s] -- Check for working CXX compiler: /usr/bin/c++ - skipped
[1.675s] -- Detecting CXX compile features
[1.676s] -- Detecting CXX compile features - done
[1.683s] -- Found ament_cmake: 2.5.6 (/opt/ros/jazzy/share/ament_cmake/cmake)
[2.020s] -- Found Python3: /usr/bin/python3 (found version "3.12.3") found components: Interpreter 
[2.295s] -- Found ament_lint_auto: 0.17.5 (/opt/ros/jazzy/share/ament_lint_auto/cmake)
[2.606s] -- Added test 'flake8' to check Python code syntax and style conventions
[2.607s] -- Configured 'flake8' exclude dirs and/or files: 
[2.611s] -- Added test 'lint_cmake' to check CMake code style
[2.617s] -- Added test 'pep257' to check Python code against some of the docstring style conventions in PEP 257
[2.618s] -- Added test 'xmllint' to check XML markup files
[2.625s] -- Configuring done (2.4s)
[2.629s] -- Generating done (0.0s)
[2.632s] -- Build files have been written to: /home/groep8/rs2_ws/build/my_robot_description
[2.641s] Invoked command in '/home/groep8/rs2_ws/build/my_robot_description' returned '0': CMAKE_PREFIX_PATH=${CMAKE_PREFIX_PATH}:/home/groep8/rs2_ws/install/test_pkg:/opt/ros/jazzy DEBUGINFOD_URLS=https://debuginfod.ubuntu.com /usr/bin/cmake /home/groep8/rs2_ws/src/my_robot_description -DCMAKE_INSTALL_PREFIX=/home/groep8/rs2_ws/install/my_robot_description
[2.644s] Invoking command in '/home/groep8/rs2_ws/build/my_robot_description': CMAKE_PREFIX_PATH=${CMAKE_PREFIX_PATH}:/home/groep8/rs2_ws/install/test_pkg:/opt/ros/jazzy DEBUGINFOD_URLS=https://debuginfod.ubuntu.com /usr/bin/cmake --build /home/groep8/rs2_ws/build/my_robot_description -- -j4 -l4
[2.728s] Invoked command in '/home/groep8/rs2_ws/build/my_robot_description' returned '0': CMAKE_PREFIX_PATH=${CMAKE_PREFIX_PATH}:/home/groep8/rs2_ws/install/test_pkg:/opt/ros/jazzy DEBUGINFOD_URLS=https://debuginfod.ubuntu.com /usr/bin/cmake --build /home/groep8/rs2_ws/build/my_robot_description -- -j4 -l4
[2.752s] Invoking command in '/home/groep8/rs2_ws/build/my_robot_description': CMAKE_PREFIX_PATH=${CMAKE_PREFIX_PATH}:/home/groep8/rs2_ws/install/test_pkg:/opt/ros/jazzy DEBUGINFOD_URLS=https://debuginfod.ubuntu.com /usr/bin/cmake --install /home/groep8/rs2_ws/build/my_robot_description
[2.768s] -- Install configuration: ""
[2.768s] -- Installing: /home/groep8/rs2_ws/install/my_robot_description/share/my_robot_description/launch
[2.768s] -- Installing: /home/groep8/rs2_ws/install/my_robot_description/share/my_robot_description/launch/display.launch.py
[2.768s] -- Installing: /home/groep8/rs2_ws/install/my_robot_description/share/my_robot_description/urdf
[2.768s] -- Installing: /home/groep8/rs2_ws/install/my_robot_description/share/my_robot_description/urdf/robot.urdf.xacro
[2.769s] -- Installing: /home/groep8/rs2_ws/install/my_robot_description/share/ament_index/resource_index/package_run_dependencies/my_robot_description
[2.769s] -- Installing: /home/groep8/rs2_ws/install/my_robot_description/share/ament_index/resource_index/parent_prefix_path/my_robot_description
[2.769s] -- Installing: /home/groep8/rs2_ws/install/my_robot_description/share/my_robot_description/environment/ament_prefix_path.sh
[2.769s] -- Installing: /home/groep8/rs2_ws/install/my_robot_description/share/my_robot_description/environment/ament_prefix_path.dsv
[2.769s] -- Installing: /home/groep8/rs2_ws/install/my_robot_description/share/my_robot_description/environment/path.sh
[2.770s] -- Installing: /home/groep8/rs2_ws/install/my_robot_description/share/my_robot_description/environment/path.dsv
[2.770s] -- Installing: /home/groep8/rs2_ws/install/my_robot_description/share/my_robot_description/local_setup.bash
[2.770s] -- Installing: /home/groep8/rs2_ws/install/my_robot_description/share/my_robot_description/local_setup.sh
[2.770s] -- Installing: /home/groep8/rs2_ws/install/my_robot_description/share/my_robot_description/local_setup.zsh
[2.770s] -- Installing: /home/groep8/rs2_ws/install/my_robot_description/share/my_robot_description/local_setup.dsv
[2.771s] -- Installing: /home/groep8/rs2_ws/install/my_robot_description/share/my_robot_description/package.dsv
[2.771s] -- Installing: /home/groep8/rs2_ws/install/my_robot_description/share/ament_index/resource_index/packages/my_robot_description
[2.771s] -- Installing: /home/groep8/rs2_ws/install/my_robot_description/share/my_robot_description/cmake/my_robot_descriptionConfig.cmake
[2.771s] -- Installing: /home/groep8/rs2_ws/install/my_robot_description/share/my_robot_description/cmake/my_robot_descriptionConfig-version.cmake
[2.771s] -- Installing: /home/groep8/rs2_ws/install/my_robot_description/share/my_robot_description/package.xml
[2.775s] Invoked command in '/home/groep8/rs2_ws/build/my_robot_description' returned '0': CMAKE_PREFIX_PATH=${CMAKE_PREFIX_PATH}:/home/groep8/rs2_ws/install/test_pkg:/opt/ros/jazzy DEBUGINFOD_URLS=https://debuginfod.ubuntu.com /usr/bin/cmake --install /home/groep8/rs2_ws/build/my_robot_description
