[0.323s] DEBUG:colcon:Command line arguments: ['/usr/bin/colcon', 'build']
[0.323s] DEBUG:colcon:Parsed command line arguments: Namespace(log_base=None, log_level=None, verb_name='build', build_base='build', install_base='install', merge_install=False, symlink_install=False, test_result_base=None, continue_on_error=False, executor='parallel', parallel_workers=4, event_handlers=None, ignore_user_meta=False, metas=['./colcon.meta'], base_paths=['.'], packages_ignore=None, packages_ignore_regex=None, paths=None, packages_up_to=None, packages_up_to_regex=None, packages_above=None, packages_above_and_dependencies=None, packages_above_depth=None, packages_select_by_dep=None, packages_skip_by_dep=None, packages_skip_up_to=None, packages_select_build_failed=False, packages_skip_build_finished=False, packages_select_test_failures=False, packages_skip_test_passed=False, packages_select=None, packages_skip=None, packages_select_regex=None, packages_skip_regex=None, packages_start=None, packages_end=None, allow_overriding=[], cmake_args=None, cmake_target=None, cmake_target_skip_unavailable=False, cmake_clean_cache=False, cmake_clean_first=False, cmake_force_configure=False, ament_cmake_args=None, catkin_cmake_args=None, catkin_skip_building_tests=False, mixin_files=None, mixin=None, verb_parser=<colcon_mixin.mixin.mixin_argument.MixinArgumentDecorator object at 0xffff81408f20>, verb_extension=<colcon_core.verb.build.BuildVerb object at 0xffff815d5580>, main=<bound method BuildVerb.main of <colcon_core.verb.build.BuildVerb object at 0xffff815d5580>>, mixin_verb=('build',))
[0.487s] Level 1:colcon.colcon_core.package_discovery:discover_packages(colcon_meta) check parameters
[0.487s] Level 1:colcon.colcon_core.package_discovery:discover_packages(recursive) check parameters
[0.487s] Level 1:colcon.colcon_core.package_discovery:discover_packages(ignore) check parameters
[0.487s] Level 1:colcon.colcon_core.package_discovery:discover_packages(path) check parameters
[0.487s] Level 1:colcon.colcon_core.package_discovery:discover_packages(colcon_meta) discover
[0.487s] Level 1:colcon.colcon_core.package_discovery:discover_packages(recursive) discover
[0.487s] INFO:colcon.colcon_core.package_discovery:Crawling recursively for packages in '/home/groep8/rs2_ws'
[0.487s] Level 1:colcon.colcon_core.package_identification:_identify(.) by extensions ['ignore', 'ignore_ament_install']
[0.488s] Level 1:colcon.colcon_core.package_identification:_identify(.) by extension 'ignore'
[0.488s] Level 1:colcon.colcon_core.package_identification:_identify(.) by extension 'ignore_ament_install'
[0.488s] Level 1:colcon.colcon_core.package_identification:_identify(.) by extensions ['colcon_pkg']
[0.488s] Level 1:colcon.colcon_core.package_identification:_identify(.) by extension 'colcon_pkg'
[0.488s] Level 1:colcon.colcon_core.package_identification:_identify(.) by extensions ['colcon_meta']
[0.488s] Level 1:colcon.colcon_core.package_identification:_identify(.) by extension 'colcon_meta'
[0.488s] Level 1:colcon.colcon_core.package_identification:_identify(.) by extensions ['ros']
[0.488s] Level 1:colcon.colcon_core.package_identification:_identify(.) by extension 'ros'
[0.566s] Level 1:colcon.colcon_core.package_identification:_identify(.) by extensions ['cmake', 'python']
[0.566s] Level 1:colcon.colcon_core.package_identification:_identify(.) by extension 'cmake'
[0.567s] Level 1:colcon.colcon_core.package_identification:_identify(.) by extension 'python'
[0.567s] Level 1:colcon.colcon_core.package_identification:_identify(.) by extensions ['python_setup_py']
[0.567s] Level 1:colcon.colcon_core.package_identification:_identify(.) by extension 'python_setup_py'
[0.567s] Level 1:colcon.colcon_core.package_identification:_identify(build) by extensions ['ignore', 'ignore_ament_install']
[0.567s] Level 1:colcon.colcon_core.package_identification:_identify(build) by extension 'ignore'
[0.567s] Level 1:colcon.colcon_core.package_identification:_identify(build) ignored
[0.568s] Level 1:colcon.colcon_core.package_identification:_identify(install) by extensions ['ignore', 'ignore_ament_install']
[0.568s] Level 1:colcon.colcon_core.package_identification:_identify(install) by extension 'ignore'
[0.568s] Level 1:colcon.colcon_core.package_identification:_identify(install) ignored
[0.568s] Level 1:colcon.colcon_core.package_identification:_identify(log) by extensions ['ignore', 'ignore_ament_install']
[0.568s] Level 1:colcon.colcon_core.package_identification:_identify(log) by extension 'ignore'
[0.569s] Level 1:colcon.colcon_core.package_identification:_identify(log) ignored
[0.569s] Level 1:colcon.colcon_core.package_identification:_identify(src) by extensions ['ignore', 'ignore_ament_install']
[0.569s] Level 1:colcon.colcon_core.package_identification:_identify(src) by extension 'ignore'
[0.569s] Level 1:colcon.colcon_core.package_identification:_identify(src) by extension 'ignore_ament_install'
[0.569s] Level 1:colcon.colcon_core.package_identification:_identify(src) by extensions ['colcon_pkg']
[0.570s] Level 1:colcon.colcon_core.package_identification:_identify(src) by extension 'colcon_pkg'
[0.570s] Level 1:colcon.colcon_core.package_identification:_identify(src) by extensions ['colcon_meta']
[0.570s] Level 1:colcon.colcon_core.package_identification:_identify(src) by extension 'colcon_meta'
[0.570s] Level 1:colcon.colcon_core.package_identification:_identify(src) by extensions ['ros']
[0.570s] Level 1:colcon.colcon_core.package_identification:_identify(src) by extension 'ros'
[0.570s] Level 1:colcon.colcon_core.package_identification:_identify(src) by extensions ['cmake', 'python']
[0.570s] Level 1:colcon.colcon_core.package_identification:_identify(src) by extension 'cmake'
[0.571s] Level 1:colcon.colcon_core.package_identification:_identify(src) by extension 'python'
[0.571s] Level 1:colcon.colcon_core.package_identification:_identify(src) by extensions ['python_setup_py']
[0.571s] Level 1:colcon.colcon_core.package_identification:_identify(src) by extension 'python_setup_py'
[0.571s] Level 1:colcon.colcon_core.package_identification:_identify(src/aardbeien_detectie) by extensions ['ignore', 'ignore_ament_install']
[0.571s] Level 1:colcon.colcon_core.package_identification:_identify(src/aardbeien_detectie) by extension 'ignore'
[0.571s] Level 1:colcon.colcon_core.package_identification:_identify(src/aardbeien_detectie) by extension 'ignore_ament_install'
[0.571s] Level 1:colcon.colcon_core.package_identification:_identify(src/aardbeien_detectie) by extensions ['colcon_pkg']
[0.571s] Level 1:colcon.colcon_core.package_identification:_identify(src/aardbeien_detectie) by extension 'colcon_pkg'
[0.571s] Level 1:colcon.colcon_core.package_identification:_identify(src/aardbeien_detectie) by extensions ['colcon_meta']
[0.571s] Level 1:colcon.colcon_core.package_identification:_identify(src/aardbeien_detectie) by extension 'colcon_meta'
[0.571s] Level 1:colcon.colcon_core.package_identification:_identify(src/aardbeien_detectie) by extensions ['ros']
[0.571s] Level 1:colcon.colcon_core.package_identification:_identify(src/aardbeien_detectie) by extension 'ros'
[0.576s] DEBUG:colcon.colcon_core.package_identification:Package 'src/aardbeien_detectie' with type 'ros.ament_python' and name 'aardbeien_detectie'
[0.576s] Level 1:colcon.colcon_core.package_identification:_identify(src/build) by extensions ['ignore', 'ignore_ament_install']
[0.576s] Level 1:colcon.colcon_core.package_identification:_identify(src/build) by extension 'ignore'
[0.576s] Level 1:colcon.colcon_core.package_identification:_identify(src/build) ignored
[0.576s] Level 1:colcon.colcon_core.package_identification:_identify(src/hogpie_arm_description) by extensions ['ignore', 'ignore_ament_install']
[0.576s] Level 1:colcon.colcon_core.package_identification:_identify(src/hogpie_arm_description) by extension 'ignore'
[0.577s] Level 1:colcon.colcon_core.package_identification:_identify(src/hogpie_arm_description) by extension 'ignore_ament_install'
[0.577s] Level 1:colcon.colcon_core.package_identification:_identify(src/hogpie_arm_description) by extensions ['colcon_pkg']
[0.577s] Level 1:colcon.colcon_core.package_identification:_identify(src/hogpie_arm_description) by extension 'colcon_pkg'
[0.577s] Level 1:colcon.colcon_core.package_identification:_identify(src/hogpie_arm_description) by extensions ['colcon_meta']
[0.577s] Level 1:colcon.colcon_core.package_identification:_identify(src/hogpie_arm_description) by extension 'colcon_meta'
[0.577s] Level 1:colcon.colcon_core.package_identification:_identify(src/hogpie_arm_description) by extensions ['ros']
[0.577s] Level 1:colcon.colcon_core.package_identification:_identify(src/hogpie_arm_description) by extension 'ros'
[0.578s] DEBUG:colcon.colcon_core.package_identification:Package 'src/hogpie_arm_description' with type 'ros.ament_python' and name 'hogpie_arm_description'
[0.578s] Level 1:colcon.colcon_core.package_identification:_identify(src/hogpie_arm_driver) by extensions ['ignore', 'ignore_ament_install']
[0.578s] Level 1:colcon.colcon_core.package_identification:_identify(src/hogpie_arm_driver) by extension 'ignore'
[0.578s] Level 1:colcon.colcon_core.package_identification:_identify(src/hogpie_arm_driver) by extension 'ignore_ament_install'
[0.579s] Level 1:colcon.colcon_core.package_identification:_identify(src/hogpie_arm_driver) by extensions ['colcon_pkg']
[0.579s] Level 1:colcon.colcon_core.package_identification:_identify(src/hogpie_arm_driver) by extension 'colcon_pkg'
[0.579s] Level 1:colcon.colcon_core.package_identification:_identify(src/hogpie_arm_driver) by extensions ['colcon_meta']
[0.579s] Level 1:colcon.colcon_core.package_identification:_identify(src/hogpie_arm_driver) by extension 'colcon_meta'
[0.579s] Level 1:colcon.colcon_core.package_identification:_identify(src/hogpie_arm_driver) by extensions ['ros']
[0.579s] Level 1:colcon.colcon_core.package_identification:_identify(src/hogpie_arm_driver) by extension 'ros'
[0.581s] DEBUG:colcon.colcon_core.package_identification:Package 'src/hogpie_arm_driver' with type 'ros.ament_python' and name 'hogpie_arm_driver'
[0.581s] Level 1:colcon.colcon_core.package_identification:_identify(src/hogpie_arm_moveit_config) by extensions ['ignore', 'ignore_ament_install']
[0.581s] Level 1:colcon.colcon_core.package_identification:_identify(src/hogpie_arm_moveit_config) by extension 'ignore'
[0.582s] Level 1:colcon.colcon_core.package_identification:_identify(src/hogpie_arm_moveit_config) by extension 'ignore_ament_install'
[0.582s] Level 1:colcon.colcon_core.package_identification:_identify(src/hogpie_arm_moveit_config) by extensions ['colcon_pkg']
[0.582s] Level 1:colcon.colcon_core.package_identification:_identify(src/hogpie_arm_moveit_config) by extension 'colcon_pkg'
[0.582s] Level 1:colcon.colcon_core.package_identification:_identify(src/hogpie_arm_moveit_config) by extensions ['colcon_meta']
[0.582s] Level 1:colcon.colcon_core.package_identification:_identify(src/hogpie_arm_moveit_config) by extension 'colcon_meta'
[0.582s] Level 1:colcon.colcon_core.package_identification:_identify(src/hogpie_arm_moveit_config) by extensions ['ros']
[0.582s] Level 1:colcon.colcon_core.package_identification:_identify(src/hogpie_arm_moveit_config) by extension 'ros'
[0.585s] DEBUG:colcon.colcon_core.package_identification:Package 'src/hogpie_arm_moveit_config' with type 'ros.ament_cmake' and name 'hogpie_arm_moveit_config'
[0.585s] Level 1:colcon.colcon_core.package_identification:_identify(src/hogpie_controller_sensors) by extensions ['ignore', 'ignore_ament_install']
[0.585s] Level 1:colcon.colcon_core.package_identification:_identify(src/hogpie_controller_sensors) by extension 'ignore'
[0.585s] Level 1:colcon.colcon_core.package_identification:_identify(src/hogpie_controller_sensors) by extension 'ignore_ament_install'
[0.586s] Level 1:colcon.colcon_core.package_identification:_identify(src/hogpie_controller_sensors) by extensions ['colcon_pkg']
[0.586s] Level 1:colcon.colcon_core.package_identification:_identify(src/hogpie_controller_sensors) by extension 'colcon_pkg'
[0.586s] Level 1:colcon.colcon_core.package_identification:_identify(src/hogpie_controller_sensors) by extensions ['colcon_meta']
[0.586s] Level 1:colcon.colcon_core.package_identification:_identify(src/hogpie_controller_sensors) by extension 'colcon_meta'
[0.586s] Level 1:colcon.colcon_core.package_identification:_identify(src/hogpie_controller_sensors) by extensions ['ros']
[0.586s] Level 1:colcon.colcon_core.package_identification:_identify(src/hogpie_controller_sensors) by extension 'ros'
[0.589s] DEBUG:colcon.colcon_core.package_identification:Package 'src/hogpie_controller_sensors' with type 'ros.ament_python' and name 'hogpie_controller_sensors'
[0.589s] Level 1:colcon.colcon_core.package_identification:_identify(src/hogpie_servo_control) by extensions ['ignore', 'ignore_ament_install']
[0.590s] Level 1:colcon.colcon_core.package_identification:_identify(src/hogpie_servo_control) by extension 'ignore'
[0.590s] Level 1:colcon.colcon_core.package_identification:_identify(src/hogpie_servo_control) by extension 'ignore_ament_install'
[0.591s] Level 1:colcon.colcon_core.package_identification:_identify(src/hogpie_servo_control) by extensions ['colcon_pkg']
[0.591s] Level 1:colcon.colcon_core.package_identification:_identify(src/hogpie_servo_control) by extension 'colcon_pkg'
[0.591s] Level 1:colcon.colcon_core.package_identification:_identify(src/hogpie_servo_control) by extensions ['colcon_meta']
[0.591s] Level 1:colcon.colcon_core.package_identification:_identify(src/hogpie_servo_control) by extension 'colcon_meta'
[0.591s] Level 1:colcon.colcon_core.package_identification:_identify(src/hogpie_servo_control) by extensions ['ros']
[0.591s] Level 1:colcon.colcon_core.package_identification:_identify(src/hogpie_servo_control) by extension 'ros'
[0.593s] DEBUG:colcon.colcon_core.package_identification:Package 'src/hogpie_servo_control' with type 'ros.ament_python' and name 'hogpie_servo_control'
[0.594s] Level 1:colcon.colcon_core.package_identification:_identify(src/install) by extensions ['ignore', 'ignore_ament_install']
[0.594s] Level 1:colcon.colcon_core.package_identification:_identify(src/install) by extension 'ignore'
[0.594s] Level 1:colcon.colcon_core.package_identification:_identify(src/install) ignored
[0.594s] Level 1:colcon.colcon_core.package_identification:_identify(src/log) by extensions ['ignore', 'ignore_ament_install']
[0.594s] Level 1:colcon.colcon_core.package_identification:_identify(src/log) by extension 'ignore'
[0.594s] Level 1:colcon.colcon_core.package_identification:_identify(src/log) ignored
[0.594s] Level 1:colcon.colcon_core.package_identification:_identify(src/my_robot_description) by extensions ['ignore', 'ignore_ament_install']
[0.595s] Level 1:colcon.colcon_core.package_identification:_identify(src/my_robot_description) by extension 'ignore'
[0.595s] Level 1:colcon.colcon_core.package_identification:_identify(src/my_robot_description) by extension 'ignore_ament_install'
[0.595s] Level 1:colcon.colcon_core.package_identification:_identify(src/my_robot_description) by extensions ['colcon_pkg']
[0.595s] Level 1:colcon.colcon_core.package_identification:_identify(src/my_robot_description) by extension 'colcon_pkg'
[0.595s] Level 1:colcon.colcon_core.package_identification:_identify(src/my_robot_description) by extensions ['colcon_meta']
[0.595s] Level 1:colcon.colcon_core.package_identification:_identify(src/my_robot_description) by extension 'colcon_meta'
[0.595s] Level 1:colcon.colcon_core.package_identification:_identify(src/my_robot_description) by extensions ['ros']
[0.595s] Level 1:colcon.colcon_core.package_identification:_identify(src/my_robot_description) by extension 'ros'
[0.597s] DEBUG:colcon.colcon_core.package_identification:Package 'src/my_robot_description' with type 'ros.ament_cmake' and name 'my_robot_description'
[0.597s] Level 1:colcon.colcon_core.package_identification:_identify(src/planar_arm_moveit_config) by extensions ['ignore', 'ignore_ament_install']
[0.597s] Level 1:colcon.colcon_core.package_identification:_identify(src/planar_arm_moveit_config) by extension 'ignore'
[0.597s] Level 1:colcon.colcon_core.package_identification:_identify(src/planar_arm_moveit_config) by extension 'ignore_ament_install'
[0.597s] Level 1:colcon.colcon_core.package_identification:_identify(src/planar_arm_moveit_config) by extensions ['colcon_pkg']
[0.597s] Level 1:colcon.colcon_core.package_identification:_identify(src/planar_arm_moveit_config) by extension 'colcon_pkg'
[0.597s] Level 1:colcon.colcon_core.package_identification:_identify(src/planar_arm_moveit_config) by extensions ['colcon_meta']
[0.597s] Level 1:colcon.colcon_core.package_identification:_identify(src/planar_arm_moveit_config) by extension 'colcon_meta'
[0.597s] Level 1:colcon.colcon_core.package_identification:_identify(src/planar_arm_moveit_config) by extensions ['ros']
[0.598s] Level 1:colcon.colcon_core.package_identification:_identify(src/planar_arm_moveit_config) by extension 'ros'
[0.600s] DEBUG:colcon.colcon_core.package_identification:Package 'src/planar_arm_moveit_config' with type 'ros.ament_cmake' and name 'planar_arm_moveit_config'
[0.600s] Level 1:colcon.colcon_core.package_discovery:discover_packages(recursive) using defaults
[0.601s] Level 1:colcon.colcon_core.package_discovery:discover_packages(ignore) discover
[0.601s] Level 1:colcon.colcon_core.package_discovery:discover_packages(ignore) using defaults
[0.601s] Level 1:colcon.colcon_core.package_discovery:discover_packages(path) discover
[0.601s] Level 1:colcon.colcon_core.package_discovery:discover_packages(path) using defaults
[0.660s] Level 1:colcon.colcon_core.package_discovery:discover_packages(prefix_path) check parameters
[0.660s] Level 1:colcon.colcon_core.package_discovery:discover_packages(prefix_path) discover
[0.667s] DEBUG:colcon.colcon_installed_package_information.package_discovery:Found 9 installed packages in /home/groep8/rs2_ws/install
[0.667s] DEBUG:colcon.colcon_installed_package_information.package_discovery:Found 3 installed packages in /home/groep8/dxl_ws/install
[0.670s] DEBUG:colcon.colcon_installed_package_information.package_discovery:Found 388 installed packages in /opt/ros/jazzy
[0.674s] Level 1:colcon.colcon_core.package_discovery:discover_packages(prefix_path) using defaults
[0.782s] Level 5:colcon.colcon_core.verb:set package 'aardbeien_detectie' build argument 'cmake_args' from command line to 'None'
[0.783s] Level 5:colcon.colcon_core.verb:set package 'aardbeien_detectie' build argument 'cmake_target' from command line to 'None'
[0.783s] Level 5:colcon.colcon_core.verb:set package 'aardbeien_detectie' build argument 'cmake_target_skip_unavailable' from command line to 'False'
[0.783s] Level 5:colcon.colcon_core.verb:set package 'aardbeien_detectie' build argument 'cmake_clean_cache' from command line to 'False'
[0.783s] Level 5:colcon.colcon_core.verb:set package 'aardbeien_detectie' build argument 'cmake_clean_first' from command line to 'False'
[0.783s] Level 5:colcon.colcon_core.verb:set package 'aardbeien_detectie' build argument 'cmake_force_configure' from command line to 'False'
[0.783s] Level 5:colcon.colcon_core.verb:set package 'aardbeien_detectie' build argument 'ament_cmake_args' from command line to 'None'
[0.783s] Level 5:colcon.colcon_core.verb:set package 'aardbeien_detectie' build argument 'catkin_cmake_args' from command line to 'None'
[0.783s] Level 5:colcon.colcon_core.verb:set package 'aardbeien_detectie' build argument 'catkin_skip_building_tests' from command line to 'False'
[0.783s] DEBUG:colcon.colcon_core.verb:Building package 'aardbeien_detectie' with the following arguments: {'ament_cmake_args': None, 'build_base': '/home/groep8/rs2_ws/build/aardbeien_detectie', 'catkin_cmake_args': None, 'catkin_skip_building_tests': False, 'cmake_args': None, 'cmake_clean_cache': False, 'cmake_clean_first': False, 'cmake_force_configure': False, 'cmake_target': None, 'cmake_target_skip_unavailable': False, 'install_base': '/home/groep8/rs2_ws/install/aardbeien_detectie', 'merge_install': False, 'path': '/home/groep8/rs2_ws/src/aardbeien_detectie', 'symlink_install': False, 'test_result_base': None}
[0.785s] Level 5:colcon.colcon_core.verb:set package 'hogpie_arm_description' build argument 'cmake_args' from command line to 'None'
[0.785s] Level 5:colcon.colcon_core.verb:set package 'hogpie_arm_description' build argument 'cmake_target' from command line to 'None'
[0.785s] Level 5:colcon.colcon_core.verb:set package 'hogpie_arm_description' build argument 'cmake_target_skip_unavailable' from command line to 'False'
[0.785s] Level 5:colcon.colcon_core.verb:set package 'hogpie_arm_description' build argument 'cmake_clean_cache' from command line to 'False'
[0.785s] Level 5:colcon.colcon_core.verb:set package 'hogpie_arm_description' build argument 'cmake_clean_first' from command line to 'False'
[0.785s] Level 5:colcon.colcon_core.verb:set package 'hogpie_arm_description' build argument 'cmake_force_configure' from command line to 'False'
[0.785s] Level 5:colcon.colcon_core.verb:set package 'hogpie_arm_description' build argument 'ament_cmake_args' from command line to 'None'
[0.785s] Level 5:colcon.colcon_core.verb:set package 'hogpie_arm_description' build argument 'catkin_cmake_args' from command line to 'None'
[0.785s] Level 5:colcon.colcon_core.verb:set package 'hogpie_arm_description' build argument 'catkin_skip_building_tests' from command line to 'False'
[0.785s] DEBUG:colcon.colcon_core.verb:Building package 'hogpie_arm_description' with the following arguments: {'ament_cmake_args': None, 'build_base': '/home/groep8/rs2_ws/build/hogpie_arm_description', 'catkin_cmake_args': None, 'catkin_skip_building_tests': False, 'cmake_args': None, 'cmake_clean_cache': False, 'cmake_clean_first': False, 'cmake_force_configure': False, 'cmake_target': None, 'cmake_target_skip_unavailable': False, 'install_base': '/home/groep8/rs2_ws/install/hogpie_arm_description', 'merge_install': False, 'path': '/home/groep8/rs2_ws/src/hogpie_arm_description', 'symlink_install': False, 'test_result_base': None}
[0.786s] Level 5:colcon.colcon_core.verb:set package 'hogpie_arm_driver' build argument 'cmake_args' from command line to 'None'
[0.786s] Level 5:colcon.colcon_core.verb:set package 'hogpie_arm_driver' build argument 'cmake_target' from command line to 'None'
[0.786s] Level 5:colcon.colcon_core.verb:set package 'hogpie_arm_driver' build argument 'cmake_target_skip_unavailable' from command line to 'False'
[0.786s] Level 5:colcon.colcon_core.verb:set package 'hogpie_arm_driver' build argument 'cmake_clean_cache' from command line to 'False'
[0.786s] Level 5:colcon.colcon_core.verb:set package 'hogpie_arm_driver' build argument 'cmake_clean_first' from command line to 'False'
[0.786s] Level 5:colcon.colcon_core.verb:set package 'hogpie_arm_driver' build argument 'cmake_force_configure' from command line to 'False'
[0.786s] Level 5:colcon.colcon_core.verb:set package 'hogpie_arm_driver' build argument 'ament_cmake_args' from command line to 'None'
[0.786s] Level 5:colcon.colcon_core.verb:set package 'hogpie_arm_driver' build argument 'catkin_cmake_args' from command line to 'None'
[0.786s] Level 5:colcon.colcon_core.verb:set package 'hogpie_arm_driver' build argument 'catkin_skip_building_tests' from command line to 'False'
[0.786s] DEBUG:colcon.colcon_core.verb:Building package 'hogpie_arm_driver' with the following arguments: {'ament_cmake_args': None, 'build_base': '/home/groep8/rs2_ws/build/hogpie_arm_driver', 'catkin_cmake_args': None, 'catkin_skip_building_tests': False, 'cmake_args': None, 'cmake_clean_cache': False, 'cmake_clean_first': False, 'cmake_force_configure': False, 'cmake_target': None, 'cmake_target_skip_unavailable': False, 'install_base': '/home/groep8/rs2_ws/install/hogpie_arm_driver', 'merge_install': False, 'path': '/home/groep8/rs2_ws/src/hogpie_arm_driver', 'symlink_install': False, 'test_result_base': None}
[0.787s] Level 5:colcon.colcon_core.verb:set package 'hogpie_controller_sensors' build argument 'cmake_args' from command line to 'None'
[0.787s] Level 5:colcon.colcon_core.verb:set package 'hogpie_controller_sensors' build argument 'cmake_target' from command line to 'None'
[0.787s] Level 5:colcon.colcon_core.verb:set package 'hogpie_controller_sensors' build argument 'cmake_target_skip_unavailable' from command line to 'False'
[0.787s] Level 5:colcon.colcon_core.verb:set package 'hogpie_controller_sensors' build argument 'cmake_clean_cache' from command line to 'False'
[0.787s] Level 5:colcon.colcon_core.verb:set package 'hogpie_controller_sensors' build argument 'cmake_clean_first' from command line to 'False'
[0.787s] Level 5:colcon.colcon_core.verb:set package 'hogpie_controller_sensors' build argument 'cmake_force_configure' from command line to 'False'
[0.787s] Level 5:colcon.colcon_core.verb:set package 'hogpie_controller_sensors' build argument 'ament_cmake_args' from command line to 'None'
[0.787s] Level 5:colcon.colcon_core.verb:set package 'hogpie_controller_sensors' build argument 'catkin_cmake_args' from command line to 'None'
[0.787s] Level 5:colcon.colcon_core.verb:set package 'hogpie_controller_sensors' build argument 'catkin_skip_building_tests' from command line to 'False'
[0.787s] DEBUG:colcon.colcon_core.verb:Building package 'hogpie_controller_sensors' with the following arguments: {'ament_cmake_args': None, 'build_base': '/home/groep8/rs2_ws/build/hogpie_controller_sensors', 'catkin_cmake_args': None, 'catkin_skip_building_tests': False, 'cmake_args': None, 'cmake_clean_cache': False, 'cmake_clean_first': False, 'cmake_force_configure': False, 'cmake_target': None, 'cmake_target_skip_unavailable': False, 'install_base': '/home/groep8/rs2_ws/install/hogpie_controller_sensors', 'merge_install': False, 'path': '/home/groep8/rs2_ws/src/hogpie_controller_sensors', 'symlink_install': False, 'test_result_base': None}
[0.788s] Level 5:colcon.colcon_core.verb:set package 'hogpie_servo_control' build argument 'cmake_args' from command line to 'None'
[0.788s] Level 5:colcon.colcon_core.verb:set package 'hogpie_servo_control' build argument 'cmake_target' from command line to 'None'
[0.788s] Level 5:colcon.colcon_core.verb:set package 'hogpie_servo_control' build argument 'cmake_target_skip_unavailable' from command line to 'False'
[0.788s] Level 5:colcon.colcon_core.verb:set package 'hogpie_servo_control' build argument 'cmake_clean_cache' from command line to 'False'
[0.788s] Level 5:colcon.colcon_core.verb:set package 'hogpie_servo_control' build argument 'cmake_clean_first' from command line to 'False'
[0.788s] Level 5:colcon.colcon_core.verb:set package 'hogpie_servo_control' build argument 'cmake_force_configure' from command line to 'False'
[0.788s] Level 5:colcon.colcon_core.verb:set package 'hogpie_servo_control' build argument 'ament_cmake_args' from command line to 'None'
[0.788s] Level 5:colcon.colcon_core.verb:set package 'hogpie_servo_control' build argument 'catkin_cmake_args' from command line to 'None'
[0.788s] Level 5:colcon.colcon_core.verb:set package 'hogpie_servo_control' build argument 'catkin_skip_building_tests' from command line to 'False'
[0.788s] DEBUG:colcon.colcon_core.verb:Building package 'hogpie_servo_control' with the following arguments: {'ament_cmake_args': None, 'build_base': '/home/groep8/rs2_ws/build/hogpie_servo_control', 'catkin_cmake_args': None, 'catkin_skip_building_tests': False, 'cmake_args': None, 'cmake_clean_cache': False, 'cmake_clean_first': False, 'cmake_force_configure': False, 'cmake_target': None, 'cmake_target_skip_unavailable': False, 'install_base': '/home/groep8/rs2_ws/install/hogpie_servo_control', 'merge_install': False, 'path': '/home/groep8/rs2_ws/src/hogpie_servo_control', 'symlink_install': False, 'test_result_base': None}
[0.789s] Level 5:colcon.colcon_core.verb:set package 'my_robot_description' build argument 'cmake_args' from command line to 'None'
[0.789s] Level 5:colcon.colcon_core.verb:set package 'my_robot_description' build argument 'cmake_target' from command line to 'None'
[0.789s] Level 5:colcon.colcon_core.verb:set package 'my_robot_description' build argument 'cmake_target_skip_unavailable' from command line to 'False'
[0.789s] Level 5:colcon.colcon_core.verb:set package 'my_robot_description' build argument 'cmake_clean_cache' from command line to 'False'
[0.789s] Level 5:colcon.colcon_core.verb:set package 'my_robot_description' build argument 'cmake_clean_first' from command line to 'False'
[0.789s] Level 5:colcon.colcon_core.verb:set package 'my_robot_description' build argument 'cmake_force_configure' from command line to 'False'
[0.789s] Level 5:colcon.colcon_core.verb:set package 'my_robot_description' build argument 'ament_cmake_args' from command line to 'None'
[0.789s] Level 5:colcon.colcon_core.verb:set package 'my_robot_description' build argument 'catkin_cmake_args' from command line to 'None'
[0.789s] Level 5:colcon.colcon_core.verb:set package 'my_robot_description' build argument 'catkin_skip_building_tests' from command line to 'False'
[0.789s] DEBUG:colcon.colcon_core.verb:Building package 'my_robot_description' with the following arguments: {'ament_cmake_args': None, 'build_base': '/home/groep8/rs2_ws/build/my_robot_description', 'catkin_cmake_args': None, 'catkin_skip_building_tests': False, 'cmake_args': None, 'cmake_clean_cache': False, 'cmake_clean_first': False, 'cmake_force_configure': False, 'cmake_target': None, 'cmake_target_skip_unavailable': False, 'install_base': '/home/groep8/rs2_ws/install/my_robot_description', 'merge_install': False, 'path': '/home/groep8/rs2_ws/src/my_robot_description', 'symlink_install': False, 'test_result_base': None}
[0.790s] Level 5:colcon.colcon_core.verb:set package 'hogpie_arm_moveit_config' build argument 'cmake_args' from command line to 'None'
[0.790s] Level 5:colcon.colcon_core.verb:set package 'hogpie_arm_moveit_config' build argument 'cmake_target' from command line to 'None'
[0.790s] Level 5:colcon.colcon_core.verb:set package 'hogpie_arm_moveit_config' build argument 'cmake_target_skip_unavailable' from command line to 'False'
[0.790s] Level 5:colcon.colcon_core.verb:set package 'hogpie_arm_moveit_config' build argument 'cmake_clean_cache' from command line to 'False'
[0.790s] Level 5:colcon.colcon_core.verb:set package 'hogpie_arm_moveit_config' build argument 'cmake_clean_first' from command line to 'False'
[0.790s] Level 5:colcon.colcon_core.verb:set package 'hogpie_arm_moveit_config' build argument 'cmake_force_configure' from command line to 'False'
[0.790s] Level 5:colcon.colcon_core.verb:set package 'hogpie_arm_moveit_config' build argument 'ament_cmake_args' from command line to 'None'
[0.790s] Level 5:colcon.colcon_core.verb:set package 'hogpie_arm_moveit_config' build argument 'catkin_cmake_args' from command line to 'None'
[0.790s] Level 5:colcon.colcon_core.verb:set package 'hogpie_arm_moveit_config' build argument 'catkin_skip_building_tests' from command line to 'False'
[0.790s] DEBUG:colcon.colcon_core.verb:Building package 'hogpie_arm_moveit_config' with the following arguments: {'ament_cmake_args': None, 'build_base': '/home/groep8/rs2_ws/build/hogpie_arm_moveit_config', 'catkin_cmake_args': None, 'catkin_skip_building_tests': False, 'cmake_args': None, 'cmake_clean_cache': False, 'cmake_clean_first': False, 'cmake_force_configure': False, 'cmake_target': None, 'cmake_target_skip_unavailable': False, 'install_base': '/home/groep8/rs2_ws/install/hogpie_arm_moveit_config', 'merge_install': False, 'path': '/home/groep8/rs2_ws/src/hogpie_arm_moveit_config', 'symlink_install': False, 'test_result_base': None}
[0.791s] Level 5:colcon.colcon_core.verb:set package 'planar_arm_moveit_config' build argument 'cmake_args' from command line to 'None'
[0.791s] Level 5:colcon.colcon_core.verb:set package 'planar_arm_moveit_config' build argument 'cmake_target' from command line to 'None'
[0.791s] Level 5:colcon.colcon_core.verb:set package 'planar_arm_moveit_config' build argument 'cmake_target_skip_unavailable' from command line to 'False'
[0.791s] Level 5:colcon.colcon_core.verb:set package 'planar_arm_moveit_config' build argument 'cmake_clean_cache' from command line to 'False'
[0.791s] Level 5:colcon.colcon_core.verb:set package 'planar_arm_moveit_config' build argument 'cmake_clean_first' from command line to 'False'
[0.791s] Level 5:colcon.colcon_core.verb:set package 'planar_arm_moveit_config' build argument 'cmake_force_configure' from command line to 'False'
[0.791s] Level 5:colcon.colcon_core.verb:set package 'planar_arm_moveit_config' build argument 'ament_cmake_args' from command line to 'None'
[0.791s] Level 5:colcon.colcon_core.verb:set package 'planar_arm_moveit_config' build argument 'catkin_cmake_args' from command line to 'None'
[0.791s] Level 5:colcon.colcon_core.verb:set package 'planar_arm_moveit_config' build argument 'catkin_skip_building_tests' from command line to 'False'
[0.791s] DEBUG:colcon.colcon_core.verb:Building package 'planar_arm_moveit_config' with the following arguments: {'ament_cmake_args': None, 'build_base': '/home/groep8/rs2_ws/build/planar_arm_moveit_config', 'catkin_cmake_args': None, 'catkin_skip_building_tests': False, 'cmake_args': None, 'cmake_clean_cache': False, 'cmake_clean_first': False, 'cmake_force_configure': False, 'cmake_target': None, 'cmake_target_skip_unavailable': False, 'install_base': '/home/groep8/rs2_ws/install/planar_arm_moveit_config', 'merge_install': False, 'path': '/home/groep8/rs2_ws/src/planar_arm_moveit_config', 'symlink_install': False, 'test_result_base': None}
[0.791s] INFO:colcon.colcon_core.executor:Executing jobs using 'parallel' executor
[0.793s] DEBUG:colcon.colcon_parallel_executor.executor.parallel:run_until_complete
[0.794s] INFO:colcon.colcon_ros.task.ament_python.build:Building ROS package in '/home/groep8/rs2_ws/src/hogpie_arm_description' with build type 'ament_python'
[0.795s] Level 1:colcon.colcon_core.shell:create_environment_hook('hogpie_arm_description', 'ament_prefix_path')
[0.809s] INFO:colcon.colcon_core.plugin_system:Skipping extension 'colcon_core.shell.bat': Not used on non-Windows systems
[0.810s] INFO:colcon.colcon_core.shell:Creating environment hook '/home/groep8/rs2_ws/install/hogpie_arm_description/share/hogpie_arm_description/hook/ament_prefix_path.ps1'
[0.813s] INFO:colcon.colcon_core.shell:Creating environment descriptor '/home/groep8/rs2_ws/install/hogpie_arm_description/share/hogpie_arm_description/hook/ament_prefix_path.dsv'
[0.815s] INFO:colcon.colcon_core.shell:Creating environment hook '/home/groep8/rs2_ws/install/hogpie_arm_description/share/hogpie_arm_description/hook/ament_prefix_path.sh'
[0.817s] INFO:colcon.colcon_core.shell:Skip shell extension 'powershell' for command environment: Not usable outside of PowerShell
[0.818s] DEBUG:colcon.colcon_core.shell:Skip shell extension 'dsv' for command environment
[0.828s] INFO:colcon.colcon_ros.task.ament_cmake.build:Building ROS package in '/home/groep8/rs2_ws/src/my_robot_description' with build type 'ament_cmake'
[0.829s] INFO:colcon.colcon_cmake.task.cmake.build:Building CMake package in '/home/groep8/rs2_ws/src/my_robot_description'
[0.829s] INFO:colcon.colcon_core.shell:Skip shell extension 'powershell' for command environment: Not usable outside of PowerShell
[0.830s] DEBUG:colcon.colcon_core.shell:Skip shell extension 'dsv' for command environment
[0.841s] INFO:colcon.colcon_ros.task.ament_python.build:Building ROS package in '/home/groep8/rs2_ws/src/aardbeien_detectie' with build type 'ament_python'
[0.842s] Level 1:colcon.colcon_core.shell:create_environment_hook('aardbeien_detectie', 'ament_prefix_path')
[0.843s] INFO:colcon.colcon_core.shell:Creating environment hook '/home/groep8/rs2_ws/install/aardbeien_detectie/share/aardbeien_detectie/hook/ament_prefix_path.ps1'
[0.846s] INFO:colcon.colcon_core.shell:Creating environment descriptor '/home/groep8/rs2_ws/install/aardbeien_detectie/share/aardbeien_detectie/hook/ament_prefix_path.dsv'
[0.848s] INFO:colcon.colcon_core.shell:Creating environment hook '/home/groep8/rs2_ws/install/aardbeien_detectie/share/aardbeien_detectie/hook/ament_prefix_path.sh'
[0.850s] INFO:colcon.colcon_core.shell:Skip shell extension 'powershell' for command environment: Not usable outside of PowerShell
[0.851s] DEBUG:colcon.colcon_core.shell:Skip shell extension 'dsv' for command environment
[0.862s] INFO:colcon.colcon_ros.task.ament_python.build:Building ROS package in '/home/groep8/rs2_ws/src/hogpie_arm_driver' with build type 'ament_python'
[0.862s] Level 1:colcon.colcon_core.shell:create_environment_hook('hogpie_arm_driver', 'ament_prefix_path')
[0.863s] INFO:colcon.colcon_core.shell:Creating environment hook '/home/groep8/rs2_ws/install/hogpie_arm_driver/share/hogpie_arm_driver/hook/ament_prefix_path.ps1'
[0.865s] INFO:colcon.colcon_core.shell:Creating environment descriptor '/home/groep8/rs2_ws/install/hogpie_arm_driver/share/hogpie_arm_driver/hook/ament_prefix_path.dsv'
[0.866s] INFO:colcon.colcon_core.shell:Creating environment hook '/home/groep8/rs2_ws/install/hogpie_arm_driver/share/hogpie_arm_driver/hook/ament_prefix_path.sh'
[0.868s] INFO:colcon.colcon_core.shell:Skip shell extension 'powershell' for command environment: Not usable outside of PowerShell
[0.869s] DEBUG:colcon.colcon_core.shell:Skip shell extension 'dsv' for command environment
[1.588s] INFO:colcon.colcon_core.task.python.build:Building Python package in '/home/groep8/rs2_ws/src/hogpie_arm_description'
[1.589s] INFO:colcon.colcon_core.shell:Skip shell extension 'powershell' for command environment: Not usable outside of PowerShell
[1.589s] DEBUG:colcon.colcon_core.shell:Skip shell extension 'dsv' for command environment
[1.626s] DEBUG:colcon.colcon_core.event_handler.log_command:Invoking command in '/home/groep8/rs2_ws/build/my_robot_description': CMAKE_PREFIX_PATH=${CMAKE_PREFIX_PATH}:/home/groep8/rs2_ws/install/test_pkg:/home/groep8/rs2_ws/install/hogpie_servo_control:/home/groep8/rs2_ws/install/hogpie_controller_sensors:/home/groep8/rs2_ws/install/hogpie_arm_driver:/home/groep8/rs2_ws/install/hogpie_arm_description:/home/groep8/rs2_ws/install/aardbeien_detectie:/opt/ros/jazzy DEBUGINFOD_URLS=https://debuginfod.ubuntu.com /usr/bin/cmake --build /home/groep8/rs2_ws/build/my_robot_description -- -j4 -l4
[2.443s] INFO:colcon.colcon_core.task.python.build:Building Python package in '/home/groep8/rs2_ws/src/aardbeien_detectie'
[2.444s] INFO:colcon.colcon_core.shell:Skip shell extension 'powershell' for command environment: Not usable outside of PowerShell
[2.444s] DEBUG:colcon.colcon_core.shell:Skip shell extension 'dsv' for command environment
[3.094s] INFO:colcon.colcon_core.task.python.build:Building Python package in '/home/groep8/rs2_ws/src/hogpie_arm_driver'
[3.095s] INFO:colcon.colcon_core.shell:Skip shell extension 'powershell' for command environment: Not usable outside of PowerShell
[3.095s] DEBUG:colcon.colcon_core.shell:Skip shell extension 'dsv' for command environment
[3.107s] DEBUG:colcon.colcon_core.event_handler.log_command:Invoked command in '/home/groep8/rs2_ws/build/my_robot_description' returned '0': CMAKE_PREFIX_PATH=${CMAKE_PREFIX_PATH}:/home/groep8/rs2_ws/install/test_pkg:/home/groep8/rs2_ws/install/hogpie_servo_control:/home/groep8/rs2_ws/install/hogpie_controller_sensors:/home/groep8/rs2_ws/install/hogpie_arm_driver:/home/groep8/rs2_ws/install/hogpie_arm_description:/home/groep8/rs2_ws/install/aardbeien_detectie:/opt/ros/jazzy DEBUGINFOD_URLS=https://debuginfod.ubuntu.com /usr/bin/cmake --build /home/groep8/rs2_ws/build/my_robot_description -- -j4 -l4
[3.143s] DEBUG:colcon.colcon_core.event_handler.log_command:Invoking command in '/home/groep8/rs2_ws/build/my_robot_description': CMAKE_PREFIX_PATH=${CMAKE_PREFIX_PATH}:/home/groep8/rs2_ws/install/test_pkg:/home/groep8/rs2_ws/install/hogpie_servo_control:/home/groep8/rs2_ws/install/hogpie_controller_sensors:/home/groep8/rs2_ws/install/hogpie_arm_driver:/home/groep8/rs2_ws/install/hogpie_arm_description:/home/groep8/rs2_ws/install/aardbeien_detectie:/opt/ros/jazzy DEBUGINFOD_URLS=https://debuginfod.ubuntu.com /usr/bin/cmake --install /home/groep8/rs2_ws/build/my_robot_description
[3.292s] Level 1:colcon.colcon_core.environment:create_environment_scripts_only(my_robot_description)
[3.298s] DEBUG:colcon.colcon_core.event_handler.log_command:Invoked command in '/home/groep8/rs2_ws/build/my_robot_description' returned '0': CMAKE_PREFIX_PATH=${CMAKE_PREFIX_PATH}:/home/groep8/rs2_ws/install/test_pkg:/home/groep8/rs2_ws/install/hogpie_servo_control:/home/groep8/rs2_ws/install/hogpie_controller_sensors:/home/groep8/rs2_ws/install/hogpie_arm_driver:/home/groep8/rs2_ws/install/hogpie_arm_description:/home/groep8/rs2_ws/install/aardbeien_detectie:/opt/ros/jazzy DEBUGINFOD_URLS=https://debuginfod.ubuntu.com /usr/bin/cmake --install /home/groep8/rs2_ws/build/my_robot_description
[3.323s] Level 1:colcon.colcon_core.environment:checking '/home/groep8/rs2_ws/install/my_robot_description' for CMake module files
[3.325s] Level 1:colcon.colcon_core.environment:checking '/home/groep8/rs2_ws/install/my_robot_description' for CMake config files
[3.327s] Level 1:colcon.colcon_core.shell:create_environment_hook('my_robot_description', 'cmake_prefix_path')
[3.328s] INFO:colcon.colcon_core.shell:Creating environment hook '/home/groep8/rs2_ws/install/my_robot_description/share/my_robot_description/hook/cmake_prefix_path.ps1'
[3.330s] INFO:colcon.colcon_core.shell:Creating environment descriptor '/home/groep8/rs2_ws/install/my_robot_description/share/my_robot_description/hook/cmake_prefix_path.dsv'
[3.332s] INFO:colcon.colcon_core.shell:Creating environment hook '/home/groep8/rs2_ws/install/my_robot_description/share/my_robot_description/hook/cmake_prefix_path.sh'
[3.335s] Level 1:colcon.colcon_core.environment:checking '/home/groep8/rs2_ws/install/my_robot_description/bin'
[3.336s] Level 1:colcon.colcon_core.environment:checking '/home/groep8/rs2_ws/install/my_robot_description/lib/pkgconfig/my_robot_description.pc'
[3.337s] Level 1:colcon.colcon_core.environment:checking '/home/groep8/rs2_ws/install/my_robot_description/lib/python3.12/site-packages'
[3.339s] Level 1:colcon.colcon_core.environment:checking '/home/groep8/rs2_ws/install/my_robot_description/bin'
[3.340s] INFO:colcon.colcon_core.shell:Creating package script '/home/groep8/rs2_ws/install/my_robot_description/share/my_robot_description/package.ps1'
[3.350s] INFO:colcon.colcon_core.shell:Creating package descriptor '/home/groep8/rs2_ws/install/my_robot_description/share/my_robot_description/package.dsv'
[3.353s] INFO:colcon.colcon_core.shell:Creating package script '/home/groep8/rs2_ws/install/my_robot_description/share/my_robot_description/package.sh'
[3.361s] INFO:colcon.colcon_core.shell:Creating package script '/home/groep8/rs2_ws/install/my_robot_description/share/my_robot_description/package.bash'
[3.367s] INFO:colcon.colcon_core.shell:Creating package script '/home/groep8/rs2_ws/install/my_robot_description/share/my_robot_description/package.zsh'
[3.369s] Level 1:colcon.colcon_core.environment:create_file_with_runtime_dependencies(/home/groep8/rs2_ws/install/my_robot_description/share/colcon-core/packages/my_robot_description)
[3.373s] Level 1:colcon.colcon_core.environment:create_environment_scripts_only(my_robot_description)
[3.374s] Level 1:colcon.colcon_core.environment:checking '/home/groep8/rs2_ws/install/my_robot_description' for CMake module files
[3.377s] Level 1:colcon.colcon_core.environment:checking '/home/groep8/rs2_ws/install/my_robot_description' for CMake config files
[3.379s] Level 1:colcon.colcon_core.shell:create_environment_hook('my_robot_description', 'cmake_prefix_path')
[3.380s] INFO:colcon.colcon_core.shell:Creating environment hook '/home/groep8/rs2_ws/install/my_robot_description/share/my_robot_description/hook/cmake_prefix_path.ps1'
[3.383s] INFO:colcon.colcon_core.shell:Creating environment descriptor '/home/groep8/rs2_ws/install/my_robot_description/share/my_robot_description/hook/cmake_prefix_path.dsv'
[3.390s] INFO:colcon.colcon_core.shell:Creating environment hook '/home/groep8/rs2_ws/install/my_robot_description/share/my_robot_description/hook/cmake_prefix_path.sh'
[3.395s] Level 1:colcon.colcon_core.environment:checking '/home/groep8/rs2_ws/install/my_robot_description/bin'
[3.395s] Level 1:colcon.colcon_core.environment:checking '/home/groep8/rs2_ws/install/my_robot_description/lib/pkgconfig/my_robot_description.pc'
[3.396s] Level 1:colcon.colcon_core.environment:checking '/home/groep8/rs2_ws/install/my_robot_description/lib/python3.12/site-packages'
[3.398s] Level 1:colcon.colcon_core.environment:checking '/home/groep8/rs2_ws/install/my_robot_description/bin'
[3.399s] INFO:colcon.colcon_core.shell:Creating package script '/home/groep8/rs2_ws/install/my_robot_description/share/my_robot_description/package.ps1'
[3.406s] INFO:colcon.colcon_core.shell:Creating package descriptor '/home/groep8/rs2_ws/install/my_robot_description/share/my_robot_description/package.dsv'
[3.409s] INFO:colcon.colcon_core.shell:Creating package script '/home/groep8/rs2_ws/install/my_robot_description/share/my_robot_description/package.sh'
[3.415s] INFO:colcon.colcon_core.shell:Creating package script '/home/groep8/rs2_ws/install/my_robot_description/share/my_robot_description/package.bash'
[3.419s] INFO:colcon.colcon_core.shell:Creating package script '/home/groep8/rs2_ws/install/my_robot_description/share/my_robot_description/package.zsh'
[3.421s] Level 1:colcon.colcon_core.environment:create_file_with_runtime_dependencies(/home/groep8/rs2_ws/install/my_robot_description/share/colcon-core/packages/my_robot_description)
[3.429s] INFO:colcon.colcon_ros.task.ament_python.build:Building ROS package in '/home/groep8/rs2_ws/src/hogpie_controller_sensors' with build type 'ament_python'
[3.429s] Level 1:colcon.colcon_core.shell:create_environment_hook('hogpie_controller_sensors', 'ament_prefix_path')
[3.430s] INFO:colcon.colcon_core.shell:Creating environment hook '/home/groep8/rs2_ws/install/hogpie_controller_sensors/share/hogpie_controller_sensors/hook/ament_prefix_path.ps1'
[3.431s] INFO:colcon.colcon_core.shell:Creating environment descriptor '/home/groep8/rs2_ws/install/hogpie_controller_sensors/share/hogpie_controller_sensors/hook/ament_prefix_path.dsv'
[3.433s] INFO:colcon.colcon_core.shell:Creating environment hook '/home/groep8/rs2_ws/install/hogpie_controller_sensors/share/hogpie_controller_sensors/hook/ament_prefix_path.sh'
[3.436s] INFO:colcon.colcon_core.shell:Skip shell extension 'powershell' for command environment: Not usable outside of PowerShell
[3.436s] DEBUG:colcon.colcon_core.shell:Skip shell extension 'dsv' for command environment
[4.641s] INFO:colcon.colcon_core.task.python.build:Building Python package in '/home/groep8/rs2_ws/src/hogpie_controller_sensors'
[4.642s] INFO:colcon.colcon_core.shell:Skip shell extension 'powershell' for command environment: Not usable outside of PowerShell
[4.642s] DEBUG:colcon.colcon_core.shell:Skip shell extension 'dsv' for command environment
[6.643s] DEBUG:colcon.colcon_core.event_handler.log_command:Invoking command in '/home/groep8/rs2_ws/src/hogpie_arm_driver': DEBUGINFOD_URLS=https://debuginfod.ubuntu.com PYTHONPATH=/home/groep8/rs2_ws/build/hogpie_arm_driver/prefix_override:/usr/lib/python3/dist-packages/colcon_core/task/python/colcon_distutils_commands:/home/groep8/rs2_ws/install/hogpie_arm_driver/lib/python3.12/site-packages:${PYTHONPATH} /usr/bin/python3 -W ignore:setup.py install is deprecated -W ignore:easy_install command is deprecated setup.py egg_info --egg-base ../../build/hogpie_arm_driver build --build-base /home/groep8/rs2_ws/build/hogpie_arm_driver/build install --record /home/groep8/rs2_ws/build/hogpie_arm_driver/install.log --single-version-externally-managed install_data
[6.686s] DEBUG:colcon.colcon_core.event_handler.log_command:Invoking command in '/home/groep8/rs2_ws/src/aardbeien_detectie': DEBUGINFOD_URLS=https://debuginfod.ubuntu.com PYTHONPATH=/home/groep8/rs2_ws/build/aardbeien_detectie/prefix_override:/usr/lib/python3/dist-packages/colcon_core/task/python/colcon_distutils_commands:/home/groep8/rs2_ws/install/aardbeien_detectie/lib/python3.12/site-packages:${PYTHONPATH} /usr/bin/python3 -W ignore:setup.py install is deprecated -W ignore:easy_install command is deprecated setup.py egg_info --egg-base ../../build/aardbeien_detectie build --build-base /home/groep8/rs2_ws/build/aardbeien_detectie/build install --record /home/groep8/rs2_ws/build/aardbeien_detectie/install.log --single-version-externally-managed install_data
[6.852s] DEBUG:colcon.colcon_core.event_handler.log_command:Invoking command in '/home/groep8/rs2_ws/src/hogpie_arm_description': DEBUGINFOD_URLS=https://debuginfod.ubuntu.com PYTHONPATH=/home/groep8/rs2_ws/build/hogpie_arm_description/prefix_override:/usr/lib/python3/dist-packages/colcon_core/task/python/colcon_distutils_commands:/home/groep8/rs2_ws/install/hogpie_arm_description/lib/python3.12/site-packages:${PYTHONPATH} /usr/bin/python3 -W ignore:setup.py install is deprecated -W ignore:easy_install command is deprecated setup.py egg_info --egg-base ../../build/hogpie_arm_description build --build-base /home/groep8/rs2_ws/build/hogpie_arm_description/build install --record /home/groep8/rs2_ws/build/hogpie_arm_description/install.log --single-version-externally-managed install_data
[7.708s] DEBUG:colcon.colcon_core.event_handler.log_command:Invoking command in '/home/groep8/rs2_ws/src/hogpie_controller_sensors': DEBUGINFOD_URLS=https://debuginfod.ubuntu.com PYTHONPATH=/home/groep8/rs2_ws/build/hogpie_controller_sensors/prefix_override:/usr/lib/python3/dist-packages/colcon_core/task/python/colcon_distutils_commands:/home/groep8/rs2_ws/install/hogpie_controller_sensors/lib/python3.12/site-packages:${PYTHONPATH} /usr/bin/python3 -W ignore:setup.py install is deprecated -W ignore:easy_install command is deprecated setup.py egg_info --egg-base ../../build/hogpie_controller_sensors build --build-base /home/groep8/rs2_ws/build/hogpie_controller_sensors/build install --record /home/groep8/rs2_ws/build/hogpie_controller_sensors/install.log --single-version-externally-managed install_data
[9.836s] Level 1:colcon.colcon_core.environment:checking '/home/groep8/rs2_ws/install/hogpie_arm_description' for CMake module files
[9.838s] DEBUG:colcon.colcon_core.event_handler.log_command:Invoked command in '/home/groep8/rs2_ws/src/hogpie_arm_description' returned '0': DEBUGINFOD_URLS=https://debuginfod.ubuntu.com PYTHONPATH=/home/groep8/rs2_ws/build/hogpie_arm_description/prefix_override:/usr/lib/python3/dist-packages/colcon_core/task/python/colcon_distutils_commands:/home/groep8/rs2_ws/install/hogpie_arm_description/lib/python3.12/site-packages:${PYTHONPATH} /usr/bin/python3 -W ignore:setup.py install is deprecated -W ignore:easy_install command is deprecated setup.py egg_info --egg-base ../../build/hogpie_arm_description build --build-base /home/groep8/rs2_ws/build/hogpie_arm_description/build install --record /home/groep8/rs2_ws/build/hogpie_arm_description/install.log --single-version-externally-managed install_data
[9.840s] Level 1:colcon.colcon_core.environment:checking '/home/groep8/rs2_ws/install/hogpie_arm_description' for CMake config files
[9.843s] Level 1:colcon.colcon_core.environment:checking '/home/groep8/rs2_ws/install/hogpie_arm_description/lib'
[9.844s] Level 1:colcon.colcon_core.environment:checking '/home/groep8/rs2_ws/install/hogpie_arm_description/bin'
[9.844s] Level 1:colcon.colcon_core.environment:checking '/home/groep8/rs2_ws/install/hogpie_arm_description/lib/pkgconfig/hogpie_arm_description.pc'
[9.845s] Level 1:colcon.colcon_core.environment:checking '/home/groep8/rs2_ws/install/hogpie_arm_description/lib/python3.12/site-packages'
[9.846s] Level 1:colcon.colcon_core.shell:create_environment_hook('hogpie_arm_description', 'pythonpath')
[9.847s] INFO:colcon.colcon_core.shell:Creating environment hook '/home/groep8/rs2_ws/install/hogpie_arm_description/share/hogpie_arm_description/hook/pythonpath.ps1'
[9.851s] INFO:colcon.colcon_core.shell:Creating environment descriptor '/home/groep8/rs2_ws/install/hogpie_arm_description/share/hogpie_arm_description/hook/pythonpath.dsv'
[9.857s] INFO:colcon.colcon_core.shell:Creating environment hook '/home/groep8/rs2_ws/install/hogpie_arm_description/share/hogpie_arm_description/hook/pythonpath.sh'
[9.860s] Level 1:colcon.colcon_core.environment:checking '/home/groep8/rs2_ws/install/hogpie_arm_description/bin'
[9.862s] Level 1:colcon.colcon_core.environment:create_environment_scripts_only(hogpie_arm_description)
[9.863s] INFO:colcon.colcon_core.shell:Creating package script '/home/groep8/rs2_ws/install/hogpie_arm_description/share/hogpie_arm_description/package.ps1'
[9.869s] INFO:colcon.colcon_core.shell:Creating package descriptor '/home/groep8/rs2_ws/install/hogpie_arm_description/share/hogpie_arm_description/package.dsv'
[9.872s] INFO:colcon.colcon_core.shell:Creating package script '/home/groep8/rs2_ws/install/hogpie_arm_description/share/hogpie_arm_description/package.sh'
[9.873s] INFO:colcon.colcon_core.shell:Creating package script '/home/groep8/rs2_ws/install/hogpie_arm_description/share/hogpie_arm_description/package.bash'
[9.875s] INFO:colcon.colcon_core.shell:Creating package script '/home/groep8/rs2_ws/install/hogpie_arm_description/share/hogpie_arm_description/package.zsh'
[9.879s] Level 1:colcon.colcon_core.environment:create_file_with_runtime_dependencies(/home/groep8/rs2_ws/install/hogpie_arm_description/share/colcon-core/packages/hogpie_arm_description)
[9.884s] INFO:colcon.colcon_ros.task.ament_python.build:Building ROS package in '/home/groep8/rs2_ws/src/hogpie_servo_control' with build type 'ament_python'
[9.885s] Level 1:colcon.colcon_core.shell:create_environment_hook('hogpie_servo_control', 'ament_prefix_path')
[9.886s] INFO:colcon.colcon_core.shell:Creating environment hook '/home/groep8/rs2_ws/install/hogpie_servo_control/share/hogpie_servo_control/hook/ament_prefix_path.ps1'
[9.894s] INFO:colcon.colcon_core.shell:Creating environment descriptor '/home/groep8/rs2_ws/install/hogpie_servo_control/share/hogpie_servo_control/hook/ament_prefix_path.dsv'
[9.897s] INFO:colcon.colcon_core.shell:Creating environment hook '/home/groep8/rs2_ws/install/hogpie_servo_control/share/hogpie_servo_control/hook/ament_prefix_path.sh'
[9.901s] INFO:colcon.colcon_core.shell:Skip shell extension 'powershell' for command environment: Not usable outside of PowerShell
[9.901s] DEBUG:colcon.colcon_core.shell:Skip shell extension 'dsv' for command environment
[9.946s] Level 1:colcon.colcon_core.environment:checking '/home/groep8/rs2_ws/install/hogpie_arm_driver' for CMake module files
[9.951s] DEBUG:colcon.colcon_core.event_handler.log_command:Invoked command in '/home/groep8/rs2_ws/src/hogpie_arm_driver' returned '0': DEBUGINFOD_URLS=https://debuginfod.ubuntu.com PYTHONPATH=/home/groep8/rs2_ws/build/hogpie_arm_driver/prefix_override:/usr/lib/python3/dist-packages/colcon_core/task/python/colcon_distutils_commands:/home/groep8/rs2_ws/install/hogpie_arm_driver/lib/python3.12/site-packages:${PYTHONPATH} /usr/bin/python3 -W ignore:setup.py install is deprecated -W ignore:easy_install command is deprecated setup.py egg_info --egg-base ../../build/hogpie_arm_driver build --build-base /home/groep8/rs2_ws/build/hogpie_arm_driver/build install --record /home/groep8/rs2_ws/build/hogpie_arm_driver/install.log --single-version-externally-managed install_data
[9.952s] Level 1:colcon.colcon_core.environment:checking '/home/groep8/rs2_ws/install/hogpie_arm_driver' for CMake config files
[9.956s] Level 1:colcon.colcon_core.environment:checking '/home/groep8/rs2_ws/install/hogpie_arm_driver/lib'
[9.956s] Level 1:colcon.colcon_core.environment:checking '/home/groep8/rs2_ws/install/hogpie_arm_driver/bin'
[9.957s] Level 1:colcon.colcon_core.environment:checking '/home/groep8/rs2_ws/install/hogpie_arm_driver/lib/pkgconfig/hogpie_arm_driver.pc'
[9.958s] Level 1:colcon.colcon_core.environment:checking '/home/groep8/rs2_ws/install/hogpie_arm_driver/lib/python3.12/site-packages'
[9.958s] Level 1:colcon.colcon_core.shell:create_environment_hook('hogpie_arm_driver', 'pythonpath')
[9.959s] INFO:colcon.colcon_core.shell:Creating environment hook '/home/groep8/rs2_ws/install/hogpie_arm_driver/share/hogpie_arm_driver/hook/pythonpath.ps1'
[9.961s] INFO:colcon.colcon_core.shell:Creating environment descriptor '/home/groep8/rs2_ws/install/hogpie_arm_driver/share/hogpie_arm_driver/hook/pythonpath.dsv'
[9.963s] INFO:colcon.colcon_core.shell:Creating environment hook '/home/groep8/rs2_ws/install/hogpie_arm_driver/share/hogpie_arm_driver/hook/pythonpath.sh'
[9.966s] Level 1:colcon.colcon_core.environment:checking '/home/groep8/rs2_ws/install/hogpie_arm_driver/bin'
[9.966s] Level 1:colcon.colcon_core.environment:create_environment_scripts_only(hogpie_arm_driver)
[9.967s] INFO:colcon.colcon_core.shell:Creating package script '/home/groep8/rs2_ws/install/hogpie_arm_driver/share/hogpie_arm_driver/package.ps1'
[9.970s] INFO:colcon.colcon_core.shell:Creating package descriptor '/home/groep8/rs2_ws/install/hogpie_arm_driver/share/hogpie_arm_driver/package.dsv'
[9.971s] INFO:colcon.colcon_core.shell:Creating package script '/home/groep8/rs2_ws/install/hogpie_arm_driver/share/hogpie_arm_driver/package.sh'
[9.973s] INFO:colcon.colcon_core.shell:Creating package script '/home/groep8/rs2_ws/install/hogpie_arm_driver/share/hogpie_arm_driver/package.bash'
[9.974s] INFO:colcon.colcon_core.shell:Creating package script '/home/groep8/rs2_ws/install/hogpie_arm_driver/share/hogpie_arm_driver/package.zsh'
[9.975s] Level 1:colcon.colcon_core.environment:create_file_with_runtime_dependencies(/home/groep8/rs2_ws/install/hogpie_arm_driver/share/colcon-core/packages/hogpie_arm_driver)
[9.983s] INFO:colcon.colcon_ros.task.ament_cmake.build:Building ROS package in '/home/groep8/rs2_ws/src/hogpie_arm_moveit_config' with build type 'ament_cmake'
[9.984s] INFO:colcon.colcon_cmake.task.cmake.build:Building CMake package in '/home/groep8/rs2_ws/src/hogpie_arm_moveit_config'
[9.985s] INFO:colcon.colcon_core.shell:Skip shell extension 'powershell' for command environment: Not usable outside of PowerShell
[9.989s] DEBUG:colcon.colcon_core.shell:Skip shell extension 'dsv' for command environment
[11.012s] INFO:colcon.colcon_core.task.python.build:Building Python package in '/home/groep8/rs2_ws/src/hogpie_servo_control'
[11.013s] INFO:colcon.colcon_core.shell:Skip shell extension 'powershell' for command environment: Not usable outside of PowerShell
[11.013s] DEBUG:colcon.colcon_core.shell:Skip shell extension 'dsv' for command environment
[11.027s] Level 1:colcon.colcon_core.environment:checking '/home/groep8/rs2_ws/install/aardbeien_detectie' for CMake module files
[11.029s] Level 1:colcon.colcon_core.environment:checking '/home/groep8/rs2_ws/install/aardbeien_detectie' for CMake config files
[11.028s] DEBUG:colcon.colcon_core.event_handler.log_command:Invoked command in '/home/groep8/rs2_ws/src/aardbeien_detectie' returned '0': DEBUGINFOD_URLS=https://debuginfod.ubuntu.com PYTHONPATH=/home/groep8/rs2_ws/build/aardbeien_detectie/prefix_override:/usr/lib/python3/dist-packages/colcon_core/task/python/colcon_distutils_commands:/home/groep8/rs2_ws/install/aardbeien_detectie/lib/python3.12/site-packages:${PYTHONPATH} /usr/bin/python3 -W ignore:setup.py install is deprecated -W ignore:easy_install command is deprecated setup.py egg_info --egg-base ../../build/aardbeien_detectie build --build-base /home/groep8/rs2_ws/build/aardbeien_detectie/build install --record /home/groep8/rs2_ws/build/aardbeien_detectie/install.log --single-version-externally-managed install_data
[11.032s] Level 1:colcon.colcon_core.environment:checking '/home/groep8/rs2_ws/install/aardbeien_detectie/lib'
[11.033s] Level 1:colcon.colcon_core.environment:checking '/home/groep8/rs2_ws/install/aardbeien_detectie/bin'
[11.033s] Level 1:colcon.colcon_core.environment:checking '/home/groep8/rs2_ws/install/aardbeien_detectie/lib/pkgconfig/aardbeien_detectie.pc'
[11.033s] Level 1:colcon.colcon_core.environment:checking '/home/groep8/rs2_ws/install/aardbeien_detectie/lib/python3.12/site-packages'
[11.034s] Level 1:colcon.colcon_core.shell:create_environment_hook('aardbeien_detectie', 'pythonpath')
[11.035s] INFO:colcon.colcon_core.shell:Creating environment hook '/home/groep8/rs2_ws/install/aardbeien_detectie/share/aardbeien_detectie/hook/pythonpath.ps1'
[11.037s] INFO:colcon.colcon_core.shell:Creating environment descriptor '/home/groep8/rs2_ws/install/aardbeien_detectie/share/aardbeien_detectie/hook/pythonpath.dsv'
[11.039s] INFO:colcon.colcon_core.shell:Creating environment hook '/home/groep8/rs2_ws/install/aardbeien_detectie/share/aardbeien_detectie/hook/pythonpath.sh'
[11.043s] Level 1:colcon.colcon_core.environment:checking '/home/groep8/rs2_ws/install/aardbeien_detectie/bin'
[11.043s] Level 1:colcon.colcon_core.environment:create_environment_scripts_only(aardbeien_detectie)
[11.044s] INFO:colcon.colcon_core.shell:Creating package script '/home/groep8/rs2_ws/install/aardbeien_detectie/share/aardbeien_detectie/package.ps1'
[11.046s] INFO:colcon.colcon_core.shell:Creating package descriptor '/home/groep8/rs2_ws/install/aardbeien_detectie/share/aardbeien_detectie/package.dsv'
[11.048s] INFO:colcon.colcon_core.shell:Creating package script '/home/groep8/rs2_ws/install/aardbeien_detectie/share/aardbeien_detectie/package.sh'
[11.049s] INFO:colcon.colcon_core.shell:Creating package script '/home/groep8/rs2_ws/install/aardbeien_detectie/share/aardbeien_detectie/package.bash'
[11.050s] INFO:colcon.colcon_core.shell:Creating package script '/home/groep8/rs2_ws/install/aardbeien_detectie/share/aardbeien_detectie/package.zsh'
[11.051s] Level 1:colcon.colcon_core.environment:create_file_with_runtime_dependencies(/home/groep8/rs2_ws/install/aardbeien_detectie/share/colcon-core/packages/aardbeien_detectie)
[11.055s] INFO:colcon.colcon_ros.task.ament_cmake.build:Building ROS package in '/home/groep8/rs2_ws/src/planar_arm_moveit_config' with build type 'ament_cmake'
[11.055s] INFO:colcon.colcon_cmake.task.cmake.build:Building CMake package in '/home/groep8/rs2_ws/src/planar_arm_moveit_config'
[11.056s] INFO:colcon.colcon_core.shell:Skip shell extension 'powershell' for command environment: Not usable outside of PowerShell
[11.056s] DEBUG:colcon.colcon_core.shell:Skip shell extension 'dsv' for command environment
[11.090s] Level 1:colcon.colcon_core.environment:checking '/home/groep8/rs2_ws/install/hogpie_controller_sensors' for CMake module files
[11.091s] DEBUG:colcon.colcon_core.event_handler.log_command:Invoking command in '/home/groep8/rs2_ws/build/hogpie_arm_moveit_config': AMENT_PREFIX_PATH=/home/groep8/rs2_ws/install/hogpie_arm_description:/home/groep8/rs2_ws/install/test_pkg:/home/groep8/rs2_ws/install/planar_arm_moveit_config:/home/groep8/rs2_ws/install/my_robot_description:/home/groep8/rs2_ws/install/hogpie_servo_control:/home/groep8/rs2_ws/install/hogpie_controller_sensors:/home/groep8/rs2_ws/install/hogpie_arm_moveit_config:/home/groep8/rs2_ws/install/hogpie_arm_driver:/home/groep8/rs2_ws/install/aardbeien_detectie:/home/groep8/dxl_ws/install/dynamixel_sdk_examples:/home/groep8/dxl_ws/install/dynamixel_sdk_custom_interfaces:/home/groep8/dxl_ws/install/dynamixel_sdk:/opt/ros/jazzy CMAKE_PREFIX_PATH=${CMAKE_PREFIX_PATH}:/home/groep8/rs2_ws/install/test_pkg:/home/groep8/rs2_ws/install/hogpie_servo_control:/home/groep8/rs2_ws/install/hogpie_controller_sensors:/home/groep8/rs2_ws/install/hogpie_arm_driver:/home/groep8/rs2_ws/install/hogpie_arm_description:/home/groep8/rs2_ws/install/aardbeien_detectie:/opt/ros/jazzy DEBUGINFOD_URLS=https://debuginfod.ubuntu.com PYTHONPATH=/home/groep8/rs2_ws/install/hogpie_arm_description/lib/python3.12/site-packages:/home/groep8/rs2_ws/install/test_pkg/lib/python3.12/site-packages:/home/groep8/rs2_ws/install/hogpie_servo_control/lib/python3.12/site-packages:/home/groep8/rs2_ws/install/hogpie_controller_sensors/lib/python3.12/site-packages:/home/groep8/rs2_ws/install/hogpie_arm_driver/lib/python3.12/site-packages:/home/groep8/rs2_ws/install/aardbeien_detectie/lib/python3.12/site-packages:/home/groep8/dxl_ws/install/dynamixel_sdk_custom_interfaces/lib/python3.12/site-packages:/home/groep8/dxl_ws/install/dynamixel_sdk/lib/python3.12/site-packages:/opt/ros/jazzy/lib/python3.12/site-packages /usr/bin/cmake --build /home/groep8/rs2_ws/build/hogpie_arm_moveit_config -- -j4 -l4
[11.093s] DEBUG:colcon.colcon_core.event_handler.log_command:Invoked command in '/home/groep8/rs2_ws/src/hogpie_controller_sensors' returned '0': DEBUGINFOD_URLS=https://debuginfod.ubuntu.com PYTHONPATH=/home/groep8/rs2_ws/build/hogpie_controller_sensors/prefix_override:/usr/lib/python3/dist-packages/colcon_core/task/python/colcon_distutils_commands:/home/groep8/rs2_ws/install/hogpie_controller_sensors/lib/python3.12/site-packages:${PYTHONPATH} /usr/bin/python3 -W ignore:setup.py install is deprecated -W ignore:easy_install command is deprecated setup.py egg_info --egg-base ../../build/hogpie_controller_sensors build --build-base /home/groep8/rs2_ws/build/hogpie_controller_sensors/build install --record /home/groep8/rs2_ws/build/hogpie_controller_sensors/install.log --single-version-externally-managed install_data
[11.095s] Level 1:colcon.colcon_core.environment:checking '/home/groep8/rs2_ws/install/hogpie_controller_sensors' for CMake config files
[11.098s] Level 1:colcon.colcon_core.environment:checking '/home/groep8/rs2_ws/install/hogpie_controller_sensors/lib'
[11.098s] Level 1:colcon.colcon_core.environment:checking '/home/groep8/rs2_ws/install/hogpie_controller_sensors/bin'
[11.098s] Level 1:colcon.colcon_core.environment:checking '/home/groep8/rs2_ws/install/hogpie_controller_sensors/lib/pkgconfig/hogpie_controller_sensors.pc'
[11.099s] Level 1:colcon.colcon_core.environment:checking '/home/groep8/rs2_ws/install/hogpie_controller_sensors/lib/python3.12/site-packages'
[11.099s] Level 1:colcon.colcon_core.shell:create_environment_hook('hogpie_controller_sensors', 'pythonpath')
[11.100s] INFO:colcon.colcon_core.shell:Creating environment hook '/home/groep8/rs2_ws/install/hogpie_controller_sensors/share/hogpie_controller_sensors/hook/pythonpath.ps1'
[11.103s] INFO:colcon.colcon_core.shell:Creating environment descriptor '/home/groep8/rs2_ws/install/hogpie_controller_sensors/share/hogpie_controller_sensors/hook/pythonpath.dsv'
[11.106s] INFO:colcon.colcon_core.shell:Creating environment hook '/home/groep8/rs2_ws/install/hogpie_controller_sensors/share/hogpie_controller_sensors/hook/pythonpath.sh'
[11.110s] Level 1:colcon.colcon_core.environment:checking '/home/groep8/rs2_ws/install/hogpie_controller_sensors/bin'
[11.111s] Level 1:colcon.colcon_core.environment:create_environment_scripts_only(hogpie_controller_sensors)
[11.111s] INFO:colcon.colcon_core.shell:Creating package script '/home/groep8/rs2_ws/install/hogpie_controller_sensors/share/hogpie_controller_sensors/package.ps1'
[11.115s] INFO:colcon.colcon_core.shell:Creating package descriptor '/home/groep8/rs2_ws/install/hogpie_controller_sensors/share/hogpie_controller_sensors/package.dsv'
[11.118s] INFO:colcon.colcon_core.shell:Creating package script '/home/groep8/rs2_ws/install/hogpie_controller_sensors/share/hogpie_controller_sensors/package.sh'
[11.122s] INFO:colcon.colcon_core.shell:Creating package script '/home/groep8/rs2_ws/install/hogpie_controller_sensors/share/hogpie_controller_sensors/package.bash'
[11.123s] INFO:colcon.colcon_core.shell:Creating package script '/home/groep8/rs2_ws/install/hogpie_controller_sensors/share/hogpie_controller_sensors/package.zsh'
[11.125s] Level 1:colcon.colcon_core.environment:create_file_with_runtime_dependencies(/home/groep8/rs2_ws/install/hogpie_controller_sensors/share/colcon-core/packages/hogpie_controller_sensors)
[11.174s] DEBUG:colcon.colcon_core.event_handler.log_command:Invoking command in '/home/groep8/rs2_ws/build/planar_arm_moveit_config': CMAKE_PREFIX_PATH=/home/groep8/rs2_ws/install/my_robot_description:/home/groep8/rs2_ws/install/planar_arm_moveit_config:/home/groep8/rs2_ws/install/hogpie_arm_moveit_config:/home/groep8/dxl_ws/install/dynamixel_sdk_examples:/home/groep8/dxl_ws/install/dynamixel_sdk_custom_interfaces:/home/groep8/dxl_ws/install/dynamixel_sdk:/opt/ros/jazzy/opt/sdformat_vendor:/opt/ros/jazzy/opt/gz_math_vendor:/opt/ros/jazzy/opt/gz_utils_vendor:/opt/ros/jazzy/opt/gz_tools_vendor:/opt/ros/jazzy/opt/gz_cmake_vendor:/home/groep8/rs2_ws/install/test_pkg:/home/groep8/rs2_ws/install/hogpie_servo_control:/home/groep8/rs2_ws/install/hogpie_controller_sensors:/home/groep8/rs2_ws/install/hogpie_arm_driver:/home/groep8/rs2_ws/install/hogpie_arm_description:/home/groep8/rs2_ws/install/aardbeien_detectie:/opt/ros/jazzy DEBUGINFOD_URLS=https://debuginfod.ubuntu.com /usr/bin/cmake --build /home/groep8/rs2_ws/build/planar_arm_moveit_config -- -j4 -l4
[11.294s] DEBUG:colcon.colcon_core.event_handler.log_command:Invoked command in '/home/groep8/rs2_ws/build/hogpie_arm_moveit_config' returned '0': AMENT_PREFIX_PATH=/home/groep8/rs2_ws/install/hogpie_arm_description:/home/groep8/rs2_ws/install/test_pkg:/home/groep8/rs2_ws/install/planar_arm_moveit_config:/home/groep8/rs2_ws/install/my_robot_description:/home/groep8/rs2_ws/install/hogpie_servo_control:/home/groep8/rs2_ws/install/hogpie_controller_sensors:/home/groep8/rs2_ws/install/hogpie_arm_moveit_config:/home/groep8/rs2_ws/install/hogpie_arm_driver:/home/groep8/rs2_ws/install/aardbeien_detectie:/home/groep8/dxl_ws/install/dynamixel_sdk_examples:/home/groep8/dxl_ws/install/dynamixel_sdk_custom_interfaces:/home/groep8/dxl_ws/install/dynamixel_sdk:/opt/ros/jazzy CMAKE_PREFIX_PATH=${CMAKE_PREFIX_PATH}:/home/groep8/rs2_ws/install/test_pkg:/home/groep8/rs2_ws/install/hogpie_servo_control:/home/groep8/rs2_ws/install/hogpie_controller_sensors:/home/groep8/rs2_ws/install/hogpie_arm_driver:/home/groep8/rs2_ws/install/hogpie_arm_description:/home/groep8/rs2_ws/install/aardbeien_detectie:/opt/ros/jazzy DEBUGINFOD_URLS=https://debuginfod.ubuntu.com PYTHONPATH=/home/groep8/rs2_ws/install/hogpie_arm_description/lib/python3.12/site-packages:/home/groep8/rs2_ws/install/test_pkg/lib/python3.12/site-packages:/home/groep8/rs2_ws/install/hogpie_servo_control/lib/python3.12/site-packages:/home/groep8/rs2_ws/install/hogpie_controller_sensors/lib/python3.12/site-packages:/home/groep8/rs2_ws/install/hogpie_arm_driver/lib/python3.12/site-packages:/home/groep8/rs2_ws/install/aardbeien_detectie/lib/python3.12/site-packages:/home/groep8/dxl_ws/install/dynamixel_sdk_custom_interfaces/lib/python3.12/site-packages:/home/groep8/dxl_ws/install/dynamixel_sdk/lib/python3.12/site-packages:/opt/ros/jazzy/lib/python3.12/site-packages /usr/bin/cmake --build /home/groep8/rs2_ws/build/hogpie_arm_moveit_config -- -j4 -l4
[11.307s] DEBUG:colcon.colcon_core.event_handler.log_command:Invoking command in '/home/groep8/rs2_ws/build/hogpie_arm_moveit_config': AMENT_PREFIX_PATH=/home/groep8/rs2_ws/install/hogpie_arm_description:/home/groep8/rs2_ws/install/test_pkg:/home/groep8/rs2_ws/install/planar_arm_moveit_config:/home/groep8/rs2_ws/install/my_robot_description:/home/groep8/rs2_ws/install/hogpie_servo_control:/home/groep8/rs2_ws/install/hogpie_controller_sensors:/home/groep8/rs2_ws/install/hogpie_arm_moveit_config:/home/groep8/rs2_ws/install/hogpie_arm_driver:/home/groep8/rs2_ws/install/aardbeien_detectie:/home/groep8/dxl_ws/install/dynamixel_sdk_examples:/home/groep8/dxl_ws/install/dynamixel_sdk_custom_interfaces:/home/groep8/dxl_ws/install/dynamixel_sdk:/opt/ros/jazzy CMAKE_PREFIX_PATH=${CMAKE_PREFIX_PATH}:/home/groep8/rs2_ws/install/test_pkg:/home/groep8/rs2_ws/install/hogpie_servo_control:/home/groep8/rs2_ws/install/hogpie_controller_sensors:/home/groep8/rs2_ws/install/hogpie_arm_driver:/home/groep8/rs2_ws/install/hogpie_arm_description:/home/groep8/rs2_ws/install/aardbeien_detectie:/opt/ros/jazzy DEBUGINFOD_URLS=https://debuginfod.ubuntu.com PYTHONPATH=/home/groep8/rs2_ws/install/hogpie_arm_description/lib/python3.12/site-packages:/home/groep8/rs2_ws/install/test_pkg/lib/python3.12/site-packages:/home/groep8/rs2_ws/install/hogpie_servo_control/lib/python3.12/site-packages:/home/groep8/rs2_ws/install/hogpie_controller_sensors/lib/python3.12/site-packages:/home/groep8/rs2_ws/install/hogpie_arm_driver/lib/python3.12/site-packages:/home/groep8/rs2_ws/install/aardbeien_detectie/lib/python3.12/site-packages:/home/groep8/dxl_ws/install/dynamixel_sdk_custom_interfaces/lib/python3.12/site-packages:/home/groep8/dxl_ws/install/dynamixel_sdk/lib/python3.12/site-packages:/opt/ros/jazzy/lib/python3.12/site-packages /usr/bin/cmake --install /home/groep8/rs2_ws/build/hogpie_arm_moveit_config
[11.384s] DEBUG:colcon.colcon_core.event_handler.log_command:Invoked command in '/home/groep8/rs2_ws/build/planar_arm_moveit_config' returned '0': CMAKE_PREFIX_PATH=/home/groep8/rs2_ws/install/my_robot_description:/home/groep8/rs2_ws/install/planar_arm_moveit_config:/home/groep8/rs2_ws/install/hogpie_arm_moveit_config:/home/groep8/dxl_ws/install/dynamixel_sdk_examples:/home/groep8/dxl_ws/install/dynamixel_sdk_custom_interfaces:/home/groep8/dxl_ws/install/dynamixel_sdk:/opt/ros/jazzy/opt/sdformat_vendor:/opt/ros/jazzy/opt/gz_math_vendor:/opt/ros/jazzy/opt/gz_utils_vendor:/opt/ros/jazzy/opt/gz_tools_vendor:/opt/ros/jazzy/opt/gz_cmake_vendor:/home/groep8/rs2_ws/install/test_pkg:/home/groep8/rs2_ws/install/hogpie_servo_control:/home/groep8/rs2_ws/install/hogpie_controller_sensors:/home/groep8/rs2_ws/install/hogpie_arm_driver:/home/groep8/rs2_ws/install/hogpie_arm_description:/home/groep8/rs2_ws/install/aardbeien_detectie:/opt/ros/jazzy DEBUGINFOD_URLS=https://debuginfod.ubuntu.com /usr/bin/cmake --build /home/groep8/rs2_ws/build/planar_arm_moveit_config -- -j4 -l4
[11.425s] DEBUG:colcon.colcon_core.event_handler.log_command:Invoking command in '/home/groep8/rs2_ws/build/planar_arm_moveit_config': CMAKE_PREFIX_PATH=/home/groep8/rs2_ws/install/my_robot_description:/home/groep8/rs2_ws/install/planar_arm_moveit_config:/home/groep8/rs2_ws/install/hogpie_arm_moveit_config:/home/groep8/dxl_ws/install/dynamixel_sdk_examples:/home/groep8/dxl_ws/install/dynamixel_sdk_custom_interfaces:/home/groep8/dxl_ws/install/dynamixel_sdk:/opt/ros/jazzy/opt/sdformat_vendor:/opt/ros/jazzy/opt/gz_math_vendor:/opt/ros/jazzy/opt/gz_utils_vendor:/opt/ros/jazzy/opt/gz_tools_vendor:/opt/ros/jazzy/opt/gz_cmake_vendor:/home/groep8/rs2_ws/install/test_pkg:/home/groep8/rs2_ws/install/hogpie_servo_control:/home/groep8/rs2_ws/install/hogpie_controller_sensors:/home/groep8/rs2_ws/install/hogpie_arm_driver:/home/groep8/rs2_ws/install/hogpie_arm_description:/home/groep8/rs2_ws/install/aardbeien_detectie:/opt/ros/jazzy DEBUGINFOD_URLS=https://debuginfod.ubuntu.com /usr/bin/cmake --install /home/groep8/rs2_ws/build/planar_arm_moveit_config
[11.505s] Level 1:colcon.colcon_core.environment:create_environment_scripts_only(hogpie_arm_moveit_config)
[11.507s] Level 1:colcon.colcon_core.environment:checking '/home/groep8/rs2_ws/install/hogpie_arm_moveit_config' for CMake module files
[11.506s] DEBUG:colcon.colcon_core.event_handler.log_command:Invoked command in '/home/groep8/rs2_ws/build/hogpie_arm_moveit_config' returned '0': AMENT_PREFIX_PATH=/home/groep8/rs2_ws/install/hogpie_arm_description:/home/groep8/rs2_ws/install/test_pkg:/home/groep8/rs2_ws/install/planar_arm_moveit_config:/home/groep8/rs2_ws/install/my_robot_description:/home/groep8/rs2_ws/install/hogpie_servo_control:/home/groep8/rs2_ws/install/hogpie_controller_sensors:/home/groep8/rs2_ws/install/hogpie_arm_moveit_config:/home/groep8/rs2_ws/install/hogpie_arm_driver:/home/groep8/rs2_ws/install/aardbeien_detectie:/home/groep8/dxl_ws/install/dynamixel_sdk_examples:/home/groep8/dxl_ws/install/dynamixel_sdk_custom_interfaces:/home/groep8/dxl_ws/install/dynamixel_sdk:/opt/ros/jazzy CMAKE_PREFIX_PATH=${CMAKE_PREFIX_PATH}:/home/groep8/rs2_ws/install/test_pkg:/home/groep8/rs2_ws/install/hogpie_servo_control:/home/groep8/rs2_ws/install/hogpie_controller_sensors:/home/groep8/rs2_ws/install/hogpie_arm_driver:/home/groep8/rs2_ws/install/hogpie_arm_description:/home/groep8/rs2_ws/install/aardbeien_detectie:/opt/ros/jazzy DEBUGINFOD_URLS=https://debuginfod.ubuntu.com PYTHONPATH=/home/groep8/rs2_ws/install/hogpie_arm_description/lib/python3.12/site-packages:/home/groep8/rs2_ws/install/test_pkg/lib/python3.12/site-packages:/home/groep8/rs2_ws/install/hogpie_servo_control/lib/python3.12/site-packages:/home/groep8/rs2_ws/install/hogpie_controller_sensors/lib/python3.12/site-packages:/home/groep8/rs2_ws/install/hogpie_arm_driver/lib/python3.12/site-packages:/home/groep8/rs2_ws/install/aardbeien_detectie/lib/python3.12/site-packages:/home/groep8/dxl_ws/install/dynamixel_sdk_custom_interfaces/lib/python3.12/site-packages:/home/groep8/dxl_ws/install/dynamixel_sdk/lib/python3.12/site-packages:/opt/ros/jazzy/lib/python3.12/site-packages /usr/bin/cmake --install /home/groep8/rs2_ws/build/hogpie_arm_moveit_config
[11.509s] Level 1:colcon.colcon_core.environment:checking '/home/groep8/rs2_ws/install/hogpie_arm_moveit_config' for CMake config files
[11.511s] Level 1:colcon.colcon_core.shell:create_environment_hook('hogpie_arm_moveit_config', 'cmake_prefix_path')
[11.511s] INFO:colcon.colcon_core.shell:Creating environment hook '/home/groep8/rs2_ws/install/hogpie_arm_moveit_config/share/hogpie_arm_moveit_config/hook/cmake_prefix_path.ps1'
[11.514s] INFO:colcon.colcon_core.shell:Creating environment descriptor '/home/groep8/rs2_ws/install/hogpie_arm_moveit_config/share/hogpie_arm_moveit_config/hook/cmake_prefix_path.dsv'
[11.518s] INFO:colcon.colcon_core.shell:Creating environment hook '/home/groep8/rs2_ws/install/hogpie_arm_moveit_config/share/hogpie_arm_moveit_config/hook/cmake_prefix_path.sh'
[11.522s] Level 1:colcon.colcon_core.environment:checking '/home/groep8/rs2_ws/install/hogpie_arm_moveit_config/bin'
[11.523s] Level 1:colcon.colcon_core.environment:checking '/home/groep8/rs2_ws/install/hogpie_arm_moveit_config/lib/pkgconfig/hogpie_arm_moveit_config.pc'
[11.524s] Level 1:colcon.colcon_core.environment:checking '/home/groep8/rs2_ws/install/hogpie_arm_moveit_config/lib/python3.12/site-packages'
[11.526s] Level 1:colcon.colcon_core.environment:checking '/home/groep8/rs2_ws/install/hogpie_arm_moveit_config/bin'
[11.529s] INFO:colcon.colcon_core.shell:Creating package script '/home/groep8/rs2_ws/install/hogpie_arm_moveit_config/share/hogpie_arm_moveit_config/package.ps1'
[11.532s] INFO:colcon.colcon_core.shell:Creating package descriptor '/home/groep8/rs2_ws/install/hogpie_arm_moveit_config/share/hogpie_arm_moveit_config/package.dsv'
[11.539s] INFO:colcon.colcon_core.shell:Creating package script '/home/groep8/rs2_ws/install/hogpie_arm_moveit_config/share/hogpie_arm_moveit_config/package.sh'
[11.546s] INFO:colcon.colcon_core.shell:Creating package script '/home/groep8/rs2_ws/install/hogpie_arm_moveit_config/share/hogpie_arm_moveit_config/package.bash'
[11.550s] INFO:colcon.colcon_core.shell:Creating package script '/home/groep8/rs2_ws/install/hogpie_arm_moveit_config/share/hogpie_arm_moveit_config/package.zsh'
[11.552s] Level 1:colcon.colcon_core.environment:create_file_with_runtime_dependencies(/home/groep8/rs2_ws/install/hogpie_arm_moveit_config/share/colcon-core/packages/hogpie_arm_moveit_config)
[11.556s] Level 1:colcon.colcon_core.environment:create_environment_scripts_only(hogpie_arm_moveit_config)
[11.557s] Level 1:colcon.colcon_core.environment:checking '/home/groep8/rs2_ws/install/hogpie_arm_moveit_config' for CMake module files
[11.562s] Level 1:colcon.colcon_core.environment:checking '/home/groep8/rs2_ws/install/hogpie_arm_moveit_config' for CMake config files
[11.564s] Level 1:colcon.colcon_core.shell:create_environment_hook('hogpie_arm_moveit_config', 'cmake_prefix_path')
[11.566s] INFO:colcon.colcon_core.shell:Creating environment hook '/home/groep8/rs2_ws/install/hogpie_arm_moveit_config/share/hogpie_arm_moveit_config/hook/cmake_prefix_path.ps1'
[11.568s] INFO:colcon.colcon_core.shell:Creating environment descriptor '/home/groep8/rs2_ws/install/hogpie_arm_moveit_config/share/hogpie_arm_moveit_config/hook/cmake_prefix_path.dsv'
[11.569s] INFO:colcon.colcon_core.shell:Creating environment hook '/home/groep8/rs2_ws/install/hogpie_arm_moveit_config/share/hogpie_arm_moveit_config/hook/cmake_prefix_path.sh'
[11.572s] Level 1:colcon.colcon_core.environment:checking '/home/groep8/rs2_ws/install/hogpie_arm_moveit_config/bin'
[11.572s] Level 1:colcon.colcon_core.environment:checking '/home/groep8/rs2_ws/install/hogpie_arm_moveit_config/lib/pkgconfig/hogpie_arm_moveit_config.pc'
[11.573s] Level 1:colcon.colcon_core.environment:checking '/home/groep8/rs2_ws/install/hogpie_arm_moveit_config/lib/python3.12/site-packages'
[11.574s] Level 1:colcon.colcon_core.environment:checking '/home/groep8/rs2_ws/install/hogpie_arm_moveit_config/bin'
[11.575s] INFO:colcon.colcon_core.shell:Creating package script '/home/groep8/rs2_ws/install/hogpie_arm_moveit_config/share/hogpie_arm_moveit_config/package.ps1'
[11.578s] INFO:colcon.colcon_core.shell:Creating package descriptor '/home/groep8/rs2_ws/install/hogpie_arm_moveit_config/share/hogpie_arm_moveit_config/package.dsv'
[11.582s] INFO:colcon.colcon_core.shell:Creating package script '/home/groep8/rs2_ws/install/hogpie_arm_moveit_config/share/hogpie_arm_moveit_config/package.sh'
[11.586s] INFO:colcon.colcon_core.shell:Creating package script '/home/groep8/rs2_ws/install/hogpie_arm_moveit_config/share/hogpie_arm_moveit_config/package.bash'
[11.588s] INFO:colcon.colcon_core.shell:Creating package script '/home/groep8/rs2_ws/install/hogpie_arm_moveit_config/share/hogpie_arm_moveit_config/package.zsh'
[11.590s] Level 1:colcon.colcon_core.environment:create_file_with_runtime_dependencies(/home/groep8/rs2_ws/install/hogpie_arm_moveit_config/share/colcon-core/packages/hogpie_arm_moveit_config)
[11.599s] Level 1:colcon.colcon_core.environment:create_environment_scripts_only(planar_arm_moveit_config)
[11.602s] Level 1:colcon.colcon_core.environment:checking '/home/groep8/rs2_ws/install/planar_arm_moveit_config' for CMake module files
[11.611s] DEBUG:colcon.colcon_core.event_handler.log_command:Invoked command in '/home/groep8/rs2_ws/build/planar_arm_moveit_config' returned '0': CMAKE_PREFIX_PATH=/home/groep8/rs2_ws/install/my_robot_description:/home/groep8/rs2_ws/install/planar_arm_moveit_config:/home/groep8/rs2_ws/install/hogpie_arm_moveit_config:/home/groep8/dxl_ws/install/dynamixel_sdk_examples:/home/groep8/dxl_ws/install/dynamixel_sdk_custom_interfaces:/home/groep8/dxl_ws/install/dynamixel_sdk:/opt/ros/jazzy/opt/sdformat_vendor:/opt/ros/jazzy/opt/gz_math_vendor:/opt/ros/jazzy/opt/gz_utils_vendor:/opt/ros/jazzy/opt/gz_tools_vendor:/opt/ros/jazzy/opt/gz_cmake_vendor:/home/groep8/rs2_ws/install/test_pkg:/home/groep8/rs2_ws/install/hogpie_servo_control:/home/groep8/rs2_ws/install/hogpie_controller_sensors:/home/groep8/rs2_ws/install/hogpie_arm_driver:/home/groep8/rs2_ws/install/hogpie_arm_description:/home/groep8/rs2_ws/install/aardbeien_detectie:/opt/ros/jazzy DEBUGINFOD_URLS=https://debuginfod.ubuntu.com /usr/bin/cmake --install /home/groep8/rs2_ws/build/planar_arm_moveit_config
[11.612s] Level 1:colcon.colcon_core.environment:checking '/home/groep8/rs2_ws/install/planar_arm_moveit_config' for CMake config files
[11.614s] Level 1:colcon.colcon_core.shell:create_environment_hook('planar_arm_moveit_config', 'cmake_prefix_path')
[11.615s] INFO:colcon.colcon_core.shell:Creating environment hook '/home/groep8/rs2_ws/install/planar_arm_moveit_config/share/planar_arm_moveit_config/hook/cmake_prefix_path.ps1'
[11.617s] INFO:colcon.colcon_core.shell:Creating environment descriptor '/home/groep8/rs2_ws/install/planar_arm_moveit_config/share/planar_arm_moveit_config/hook/cmake_prefix_path.dsv'
[11.619s] INFO:colcon.colcon_core.shell:Creating environment hook '/home/groep8/rs2_ws/install/planar_arm_moveit_config/share/planar_arm_moveit_config/hook/cmake_prefix_path.sh'
[11.622s] Level 1:colcon.colcon_core.environment:checking '/home/groep8/rs2_ws/install/planar_arm_moveit_config/bin'
[11.623s] Level 1:colcon.colcon_core.environment:checking '/home/groep8/rs2_ws/install/planar_arm_moveit_config/lib/pkgconfig/planar_arm_moveit_config.pc'
[11.624s] Level 1:colcon.colcon_core.environment:checking '/home/groep8/rs2_ws/install/planar_arm_moveit_config/lib/python3.12/site-packages'
[11.625s] Level 1:colcon.colcon_core.environment:checking '/home/groep8/rs2_ws/install/planar_arm_moveit_config/bin'
[11.628s] INFO:colcon.colcon_core.shell:Creating package script '/home/groep8/rs2_ws/install/planar_arm_moveit_config/share/planar_arm_moveit_config/package.ps1'
[11.630s] INFO:colcon.colcon_core.shell:Creating package descriptor '/home/groep8/rs2_ws/install/planar_arm_moveit_config/share/planar_arm_moveit_config/package.dsv'
[11.632s] INFO:colcon.colcon_core.shell:Creating package script '/home/groep8/rs2_ws/install/planar_arm_moveit_config/share/planar_arm_moveit_config/package.sh'
[11.633s] INFO:colcon.colcon_core.shell:Creating package script '/home/groep8/rs2_ws/install/planar_arm_moveit_config/share/planar_arm_moveit_config/package.bash'
[11.634s] INFO:colcon.colcon_core.shell:Creating package script '/home/groep8/rs2_ws/install/planar_arm_moveit_config/share/planar_arm_moveit_config/package.zsh'
[11.637s] Level 1:colcon.colcon_core.environment:create_file_with_runtime_dependencies(/home/groep8/rs2_ws/install/planar_arm_moveit_config/share/colcon-core/packages/planar_arm_moveit_config)
[11.640s] Level 1:colcon.colcon_core.environment:create_environment_scripts_only(planar_arm_moveit_config)
[11.641s] Level 1:colcon.colcon_core.environment:checking '/home/groep8/rs2_ws/install/planar_arm_moveit_config' for CMake module files
[11.642s] Level 1:colcon.colcon_core.environment:checking '/home/groep8/rs2_ws/install/planar_arm_moveit_config' for CMake config files
[11.643s] Level 1:colcon.colcon_core.shell:create_environment_hook('planar_arm_moveit_config', 'cmake_prefix_path')
[11.643s] INFO:colcon.colcon_core.shell:Creating environment hook '/home/groep8/rs2_ws/install/planar_arm_moveit_config/share/planar_arm_moveit_config/hook/cmake_prefix_path.ps1'
[11.644s] INFO:colcon.colcon_core.shell:Creating environment descriptor '/home/groep8/rs2_ws/install/planar_arm_moveit_config/share/planar_arm_moveit_config/hook/cmake_prefix_path.dsv'
[11.645s] INFO:colcon.colcon_core.shell:Creating environment hook '/home/groep8/rs2_ws/install/planar_arm_moveit_config/share/planar_arm_moveit_config/hook/cmake_prefix_path.sh'
[11.646s] Level 1:colcon.colcon_core.environment:checking '/home/groep8/rs2_ws/install/planar_arm_moveit_config/bin'
[11.647s] Level 1:colcon.colcon_core.environment:checking '/home/groep8/rs2_ws/install/planar_arm_moveit_config/lib/pkgconfig/planar_arm_moveit_config.pc'
[11.647s] Level 1:colcon.colcon_core.environment:checking '/home/groep8/rs2_ws/install/planar_arm_moveit_config/lib/python3.12/site-packages'
[11.648s] Level 1:colcon.colcon_core.environment:checking '/home/groep8/rs2_ws/install/planar_arm_moveit_config/bin'
[11.648s] INFO:colcon.colcon_core.shell:Creating package script '/home/groep8/rs2_ws/install/planar_arm_moveit_config/share/planar_arm_moveit_config/package.ps1'
[11.650s] INFO:colcon.colcon_core.shell:Creating package descriptor '/home/groep8/rs2_ws/install/planar_arm_moveit_config/share/planar_arm_moveit_config/package.dsv'
[11.651s] INFO:colcon.colcon_core.shell:Creating package script '/home/groep8/rs2_ws/install/planar_arm_moveit_config/share/planar_arm_moveit_config/package.sh'
[11.651s] INFO:colcon.colcon_core.shell:Creating package script '/home/groep8/rs2_ws/install/planar_arm_moveit_config/share/planar_arm_moveit_config/package.bash'
[11.652s] INFO:colcon.colcon_core.shell:Creating package script '/home/groep8/rs2_ws/install/planar_arm_moveit_config/share/planar_arm_moveit_config/package.zsh'
[11.653s] Level 1:colcon.colcon_core.environment:create_file_with_runtime_dependencies(/home/groep8/rs2_ws/install/planar_arm_moveit_config/share/colcon-core/packages/planar_arm_moveit_config)
[13.017s] DEBUG:colcon.colcon_core.event_handler.log_command:Invoking command in '/home/groep8/rs2_ws/src/hogpie_servo_control': DEBUGINFOD_URLS=https://debuginfod.ubuntu.com PYTHONPATH=/home/groep8/rs2_ws/build/hogpie_servo_control/prefix_override:/usr/lib/python3/dist-packages/colcon_core/task/python/colcon_distutils_commands:/home/groep8/rs2_ws/install/hogpie_servo_control/lib/python3.12/site-packages:${PYTHONPATH} /usr/bin/python3 -W ignore:setup.py install is deprecated -W ignore:easy_install command is deprecated setup.py egg_info --egg-base ../../build/hogpie_servo_control build --build-base /home/groep8/rs2_ws/build/hogpie_servo_control/build install --record /home/groep8/rs2_ws/build/hogpie_servo_control/install.log --single-version-externally-managed install_data
[14.509s] Level 1:colcon.colcon_core.environment:checking '/home/groep8/rs2_ws/install/hogpie_servo_control' for CMake module files
[14.510s] DEBUG:colcon.colcon_core.event_handler.log_command:Invoked command in '/home/groep8/rs2_ws/src/hogpie_servo_control' returned '0': DEBUGINFOD_URLS=https://debuginfod.ubuntu.com PYTHONPATH=/home/groep8/rs2_ws/build/hogpie_servo_control/prefix_override:/usr/lib/python3/dist-packages/colcon_core/task/python/colcon_distutils_commands:/home/groep8/rs2_ws/install/hogpie_servo_control/lib/python3.12/site-packages:${PYTHONPATH} /usr/bin/python3 -W ignore:setup.py install is deprecated -W ignore:easy_install command is deprecated setup.py egg_info --egg-base ../../build/hogpie_servo_control build --build-base /home/groep8/rs2_ws/build/hogpie_servo_control/build install --record /home/groep8/rs2_ws/build/hogpie_servo_control/install.log --single-version-externally-managed install_data
[14.510s] Level 1:colcon.colcon_core.environment:checking '/home/groep8/rs2_ws/install/hogpie_servo_control' for CMake config files
[14.511s] Level 1:colcon.colcon_core.environment:checking '/home/groep8/rs2_ws/install/hogpie_servo_control/lib'
[14.511s] Level 1:colcon.colcon_core.environment:checking '/home/groep8/rs2_ws/install/hogpie_servo_control/bin'
[14.511s] Level 1:colcon.colcon_core.environment:checking '/home/groep8/rs2_ws/install/hogpie_servo_control/lib/pkgconfig/hogpie_servo_control.pc'
[14.512s] Level 1:colcon.colcon_core.environment:checking '/home/groep8/rs2_ws/install/hogpie_servo_control/lib/python3.12/site-packages'
[14.512s] Level 1:colcon.colcon_core.shell:create_environment_hook('hogpie_servo_control', 'pythonpath')
[14.512s] INFO:colcon.colcon_core.shell:Creating environment hook '/home/groep8/rs2_ws/install/hogpie_servo_control/share/hogpie_servo_control/hook/pythonpath.ps1'
[14.513s] INFO:colcon.colcon_core.shell:Creating environment descriptor '/home/groep8/rs2_ws/install/hogpie_servo_control/share/hogpie_servo_control/hook/pythonpath.dsv'
[14.517s] INFO:colcon.colcon_core.shell:Creating environment hook '/home/groep8/rs2_ws/install/hogpie_servo_control/share/hogpie_servo_control/hook/pythonpath.sh'
[14.518s] Level 1:colcon.colcon_core.environment:checking '/home/groep8/rs2_ws/install/hogpie_servo_control/bin'
[14.518s] Level 1:colcon.colcon_core.environment:create_environment_scripts_only(hogpie_servo_control)
[14.519s] INFO:colcon.colcon_core.shell:Creating package script '/home/groep8/rs2_ws/install/hogpie_servo_control/share/hogpie_servo_control/package.ps1'
[14.521s] INFO:colcon.colcon_core.shell:Creating package descriptor '/home/groep8/rs2_ws/install/hogpie_servo_control/share/hogpie_servo_control/package.dsv'
[14.521s] INFO:colcon.colcon_core.shell:Creating package script '/home/groep8/rs2_ws/install/hogpie_servo_control/share/hogpie_servo_control/package.sh'
[14.525s] INFO:colcon.colcon_core.shell:Creating package script '/home/groep8/rs2_ws/install/hogpie_servo_control/share/hogpie_servo_control/package.bash'
[14.526s] INFO:colcon.colcon_core.shell:Creating package script '/home/groep8/rs2_ws/install/hogpie_servo_control/share/hogpie_servo_control/package.zsh'
[14.526s] Level 1:colcon.colcon_core.environment:create_file_with_runtime_dependencies(/home/groep8/rs2_ws/install/hogpie_servo_control/share/colcon-core/packages/hogpie_servo_control)
[14.527s] DEBUG:colcon.colcon_parallel_executor.executor.parallel:closing loop
[14.528s] DEBUG:colcon.colcon_parallel_executor.executor.parallel:loop closed
[14.529s] DEBUG:colcon.colcon_parallel_executor.executor.parallel:run_until_complete finished with '0'
[14.529s] DEBUG:colcon.colcon_core.event_reactor:joining thread
[14.618s] INFO:colcon.colcon_core.plugin_system:Skipping extension 'colcon_notification.desktop_notification.terminal_notifier': Not used on non-Darwin systems
[14.619s] INFO:colcon.colcon_core.plugin_system:Skipping extension 'colcon_notification.desktop_notification.win32': Not used on non-Windows systems
[14.620s] INFO:colcon.colcon_notification.desktop_notification:Sending desktop notification using 'notify2'
[14.654s] DEBUG:colcon.colcon_core.event_reactor:joined thread
[14.655s] INFO:colcon.colcon_core.shell:Creating prefix script '/home/groep8/rs2_ws/install/local_setup.ps1'
[14.658s] INFO:colcon.colcon_core.shell:Creating prefix util module '/home/groep8/rs2_ws/install/_local_setup_util_ps1.py'
[14.661s] INFO:colcon.colcon_core.shell:Creating prefix chain script '/home/groep8/rs2_ws/install/setup.ps1'
[14.684s] INFO:colcon.colcon_core.shell:Creating prefix script '/home/groep8/rs2_ws/install/local_setup.sh'
[14.692s] INFO:colcon.colcon_core.shell:Creating prefix util module '/home/groep8/rs2_ws/install/_local_setup_util_sh.py'
[14.695s] INFO:colcon.colcon_core.shell:Creating prefix chain script '/home/groep8/rs2_ws/install/setup.sh'
[14.702s] INFO:colcon.colcon_core.shell:Creating prefix script '/home/groep8/rs2_ws/install/local_setup.bash'
[14.707s] INFO:colcon.colcon_core.shell:Creating prefix chain script '/home/groep8/rs2_ws/install/setup.bash'
[14.712s] INFO:colcon.colcon_core.shell:Creating prefix script '/home/groep8/rs2_ws/install/local_setup.zsh'
[14.714s] INFO:colcon.colcon_core.shell:Creating prefix chain script '/home/groep8/rs2_ws/install/setup.zsh'
