[0.024s] Invoking command in '/home/groep8/rs2_ws/build/planar_arm_moveit_config': CMAKE_PREFIX_PATH=/home/groep8/rs2_ws/install/my_robot_description:/home/groep8/rs2_ws/install/planar_arm_moveit_config:/home/groep8/rs2_ws/install/hogpie_arm_moveit_config:/home/groep8/dxl_ws/install/dynamixel_sdk_examples:/home/groep8/dxl_ws/install/dynamixel_sdk_custom_interfaces:/home/groep8/dxl_ws/install/dynamixel_sdk:/opt/ros/jazzy/opt/sdformat_vendor:/opt/ros/jazzy/opt/gz_math_vendor:/opt/ros/jazzy/opt/gz_utils_vendor:/opt/ros/jazzy/opt/gz_tools_vendor:/opt/ros/jazzy/opt/gz_cmake_vendor:/home/groep8/rs2_ws/install/test_pkg:/home/groep8/rs2_ws/install/hogpie_controller_sensors:/home/groep8/rs2_ws/install/hogpie_arm_description:/opt/ros/jazzy DEBUGINFOD_URLS=https://debuginfod.ubuntu.com /usr/bin/cmake /home/groep8/rs2_ws/src/planar_arm_moveit_config -DAMENT_CMAKE_SYMLINK_INSTALL=1 -DCMAKE_INSTALL_PREFIX=/home/groep8/rs2_ws/install/planar_arm_moveit_config
[0.066s] -- Found ament_cmake: 2.5.6 (/opt/ros/jazzy/share/ament_cmake/cmake)
[0.626s] -- Override CMake install command with custom implementation using symlinks instead of copying resources
[1.035s] -- Configuring done (1.0s)
[1.059s] -- Generating done (0.0s)
[1.068s] -- Build files have been written to: /home/groep8/rs2_ws/build/planar_arm_moveit_config
[1.076s] Invoked command in '/home/groep8/rs2_ws/build/planar_arm_moveit_config' returned '0': CMAKE_PREFIX_PATH=/home/groep8/rs2_ws/install/my_robot_description:/home/groep8/rs2_ws/install/planar_arm_moveit_config:/home/groep8/rs2_ws/install/hogpie_arm_moveit_config:/home/groep8/dxl_ws/install/dynamixel_sdk_examples:/home/groep8/dxl_ws/install/dynamixel_sdk_custom_interfaces:/home/groep8/dxl_ws/install/dynamixel_sdk:/opt/ros/jazzy/opt/sdformat_vendor:/opt/ros/jazzy/opt/gz_math_vendor:/opt/ros/jazzy/opt/gz_utils_vendor:/opt/ros/jazzy/opt/gz_tools_vendor:/opt/ros/jazzy/opt/gz_cmake_vendor:/home/groep8/rs2_ws/install/test_pkg:/home/groep8/rs2_ws/install/hogpie_controller_sensors:/home/groep8/rs2_ws/install/hogpie_arm_description:/opt/ros/jazzy DEBUGINFOD_URLS=https://debuginfod.ubuntu.com /usr/bin/cmake /home/groep8/rs2_ws/src/planar_arm_moveit_config -DAMENT_CMAKE_SYMLINK_INSTALL=1 -DCMAKE_INSTALL_PREFIX=/home/groep8/rs2_ws/install/planar_arm_moveit_config
[1.082s] Invoking command in '/home/groep8/rs2_ws/build/planar_arm_moveit_config': CMAKE_PREFIX_PATH=/home/groep8/rs2_ws/install/my_robot_description:/home/groep8/rs2_ws/install/planar_arm_moveit_config:/home/groep8/rs2_ws/install/hogpie_arm_moveit_config:/home/groep8/dxl_ws/install/dynamixel_sdk_examples:/home/groep8/dxl_ws/install/dynamixel_sdk_custom_interfaces:/home/groep8/dxl_ws/install/dynamixel_sdk:/opt/ros/jazzy/opt/sdformat_vendor:/opt/ros/jazzy/opt/gz_math_vendor:/opt/ros/jazzy/opt/gz_utils_vendor:/opt/ros/jazzy/opt/gz_tools_vendor:/opt/ros/jazzy/opt/gz_cmake_vendor:/home/groep8/rs2_ws/install/test_pkg:/home/groep8/rs2_ws/install/hogpie_controller_sensors:/home/groep8/rs2_ws/install/hogpie_arm_description:/opt/ros/jazzy DEBUGINFOD_URLS=https://debuginfod.ubuntu.com /usr/bin/cmake --build /home/groep8/rs2_ws/build/planar_arm_moveit_config -- -j4 -l4
[1.184s] Invoked command in '/home/groep8/rs2_ws/build/planar_arm_moveit_config' returned '0': CMAKE_PREFIX_PATH=/home/groep8/rs2_ws/install/my_robot_description:/home/groep8/rs2_ws/install/planar_arm_moveit_config:/home/groep8/rs2_ws/install/hogpie_arm_moveit_config:/home/groep8/dxl_ws/install/dynamixel_sdk_examples:/home/groep8/dxl_ws/install/dynamixel_sdk_custom_interfaces:/home/groep8/dxl_ws/install/dynamixel_sdk:/opt/ros/jazzy/opt/sdformat_vendor:/opt/ros/jazzy/opt/gz_math_vendor:/opt/ros/jazzy/opt/gz_utils_vendor:/opt/ros/jazzy/opt/gz_tools_vendor:/opt/ros/jazzy/opt/gz_cmake_vendor:/home/groep8/rs2_ws/install/test_pkg:/home/groep8/rs2_ws/install/hogpie_controller_sensors:/home/groep8/rs2_ws/install/hogpie_arm_description:/opt/ros/jazzy DEBUGINFOD_URLS=https://debuginfod.ubuntu.com /usr/bin/cmake --build /home/groep8/rs2_ws/build/planar_arm_moveit_config -- -j4 -l4
[1.186s] Invoking command in '/home/groep8/rs2_ws/build/planar_arm_moveit_config': CMAKE_PREFIX_PATH=/home/groep8/rs2_ws/install/my_robot_description:/home/groep8/rs2_ws/install/planar_arm_moveit_config:/home/groep8/rs2_ws/install/hogpie_arm_moveit_config:/home/groep8/dxl_ws/install/dynamixel_sdk_examples:/home/groep8/dxl_ws/install/dynamixel_sdk_custom_interfaces:/home/groep8/dxl_ws/install/dynamixel_sdk:/opt/ros/jazzy/opt/sdformat_vendor:/opt/ros/jazzy/opt/gz_math_vendor:/opt/ros/jazzy/opt/gz_utils_vendor:/opt/ros/jazzy/opt/gz_tools_vendor:/opt/ros/jazzy/opt/gz_cmake_vendor:/home/groep8/rs2_ws/install/test_pkg:/home/groep8/rs2_ws/install/hogpie_controller_sensors:/home/groep8/rs2_ws/install/hogpie_arm_description:/opt/ros/jazzy DEBUGINFOD_URLS=https://debuginfod.ubuntu.com /usr/bin/cmake --install /home/groep8/rs2_ws/build/planar_arm_moveit_config
[1.202s] -- Install configuration: ""
[1.202s] -- Execute custom install script
[1.203s] -- Up-to-date symlink: /home/groep8/rs2_ws/install/planar_arm_moveit_config/share/ament_index/resource_index/package_run_dependencies/planar_arm_moveit_config
[1.203s] -- Up-to-date symlink: /home/groep8/rs2_ws/install/planar_arm_moveit_config/share/ament_index/resource_index/parent_prefix_path/planar_arm_moveit_config
[1.203s] -- Up-to-date symlink: /home/groep8/rs2_ws/install/planar_arm_moveit_config/share/planar_arm_moveit_config/environment/ament_prefix_path.sh
[1.203s] -- Up-to-date symlink: /home/groep8/rs2_ws/install/planar_arm_moveit_config/share/planar_arm_moveit_config/environment/ament_prefix_path.dsv
[1.204s] -- Up-to-date symlink: /home/groep8/rs2_ws/install/planar_arm_moveit_config/share/planar_arm_moveit_config/environment/path.sh
[1.206s] -- Up-to-date symlink: /home/groep8/rs2_ws/install/planar_arm_moveit_config/share/planar_arm_moveit_config/environment/path.dsv
[1.206s] -- Up-to-date symlink: /home/groep8/rs2_ws/install/planar_arm_moveit_config/share/planar_arm_moveit_config/local_setup.bash
[1.207s] -- Up-to-date symlink: /home/groep8/rs2_ws/install/planar_arm_moveit_config/share/planar_arm_moveit_config/local_setup.sh
[1.207s] -- Up-to-date symlink: /home/groep8/rs2_ws/install/planar_arm_moveit_config/share/planar_arm_moveit_config/local_setup.zsh
[1.207s] -- Up-to-date symlink: /home/groep8/rs2_ws/install/planar_arm_moveit_config/share/planar_arm_moveit_config/local_setup.dsv
[1.207s] -- Symlinking: /home/groep8/rs2_ws/install/planar_arm_moveit_config/share/planar_arm_moveit_config/package.dsv
[1.234s] -- Up-to-date symlink: /home/groep8/rs2_ws/install/planar_arm_moveit_config/share/ament_index/resource_index/packages/planar_arm_moveit_config
[1.234s] -- Up-to-date symlink: /home/groep8/rs2_ws/install/planar_arm_moveit_config/share/planar_arm_moveit_config/cmake/planar_arm_moveit_configConfig.cmake
[1.234s] -- Up-to-date symlink: /home/groep8/rs2_ws/install/planar_arm_moveit_config/share/planar_arm_moveit_config/cmake/planar_arm_moveit_configConfig-version.cmake
[1.234s] -- Up-to-date symlink: /home/groep8/rs2_ws/install/planar_arm_moveit_config/share/planar_arm_moveit_config/package.xml
[1.235s] -- Up-to-date symlink: /home/groep8/rs2_ws/install/planar_arm_moveit_config/share/planar_arm_moveit_config/launch/demo.launch.py
[1.236s] -- Up-to-date symlink: /home/groep8/rs2_ws/install/planar_arm_moveit_config/share/planar_arm_moveit_config/launch/move_group.launch.py
[1.236s] -- Up-to-date symlink: /home/groep8/rs2_ws/install/planar_arm_moveit_config/share/planar_arm_moveit_config/launch/moveit_rviz.launch.py
[1.236s] -- Up-to-date symlink: /home/groep8/rs2_ws/install/planar_arm_moveit_config/share/planar_arm_moveit_config/launch/rsp.launch.py
[1.237s] -- Up-to-date symlink: /home/groep8/rs2_ws/install/planar_arm_moveit_config/share/planar_arm_moveit_config/launch/setup_assistant.launch.py
[1.237s] -- Up-to-date symlink: /home/groep8/rs2_ws/install/planar_arm_moveit_config/share/planar_arm_moveit_config/launch/spawn_controllers.launch.py
[1.237s] -- Up-to-date symlink: /home/groep8/rs2_ws/install/planar_arm_moveit_config/share/planar_arm_moveit_config/launch/static_virtual_joint_tfs.launch.py
[1.237s] -- Up-to-date symlink: /home/groep8/rs2_ws/install/planar_arm_moveit_config/share/planar_arm_moveit_config/launch/warehouse_db.launch.py
[1.238s] -- Up-to-date symlink: /home/groep8/rs2_ws/install/planar_arm_moveit_config/share/planar_arm_moveit_config/config/initial_positions.yaml
[1.238s] -- Up-to-date symlink: /home/groep8/rs2_ws/install/planar_arm_moveit_config/share/planar_arm_moveit_config/config/joint_limits.yaml
[1.239s] -- Up-to-date symlink: /home/groep8/rs2_ws/install/planar_arm_moveit_config/share/planar_arm_moveit_config/config/kinematics.yaml
[1.239s] -- Up-to-date symlink: /home/groep8/rs2_ws/install/planar_arm_moveit_config/share/planar_arm_moveit_config/config/moveit.rviz
[1.240s] -- Up-to-date symlink: /home/groep8/rs2_ws/install/planar_arm_moveit_config/share/planar_arm_moveit_config/config/moveit_controllers.yaml
[1.240s] -- Up-to-date symlink: /home/groep8/rs2_ws/install/planar_arm_moveit_config/share/planar_arm_moveit_config/config/pilz_cartesian_limits.yaml
[1.240s] -- Up-to-date symlink: /home/groep8/rs2_ws/install/planar_arm_moveit_config/share/planar_arm_moveit_config/config/planar_arm.ros2_control.xacro
[1.241s] -- Up-to-date symlink: /home/groep8/rs2_ws/install/planar_arm_moveit_config/share/planar_arm_moveit_config/config/planar_arm.srdf
[1.241s] -- Up-to-date symlink: /home/groep8/rs2_ws/install/planar_arm_moveit_config/share/planar_arm_moveit_config/config/planar_arm.urdf.xacro
[1.241s] -- Up-to-date symlink: /home/groep8/rs2_ws/install/planar_arm_moveit_config/share/planar_arm_moveit_config/.setup_assistant
[1.244s] Invoked command in '/home/groep8/rs2_ws/build/planar_arm_moveit_config' returned '0': CMAKE_PREFIX_PATH=/home/groep8/rs2_ws/install/my_robot_description:/home/groep8/rs2_ws/install/planar_arm_moveit_config:/home/groep8/rs2_ws/install/hogpie_arm_moveit_config:/home/groep8/dxl_ws/install/dynamixel_sdk_examples:/home/groep8/dxl_ws/install/dynamixel_sdk_custom_interfaces:/home/groep8/dxl_ws/install/dynamixel_sdk:/opt/ros/jazzy/opt/sdformat_vendor:/opt/ros/jazzy/opt/gz_math_vendor:/opt/ros/jazzy/opt/gz_utils_vendor:/opt/ros/jazzy/opt/gz_tools_vendor:/opt/ros/jazzy/opt/gz_cmake_vendor:/home/groep8/rs2_ws/install/test_pkg:/home/groep8/rs2_ws/install/hogpie_controller_sensors:/home/groep8/rs2_ws/install/hogpie_arm_description:/opt/ros/jazzy DEBUGINFOD_URLS=https://debuginfod.ubuntu.com /usr/bin/cmake --install /home/groep8/rs2_ws/build/planar_arm_moveit_config
